[2023-03-21T08:56:45.293+0000] {processor.py:153} INFO - Started process (PID=178) to work on /home/airflow/.local/lib/python3.7/site-packages/airflow/example_dags/example_params_ui_tutorial.py
[2023-03-21T08:56:45.294+0000] {processor.py:743} INFO - Processing file /home/airflow/.local/lib/python3.7/site-packages/airflow/example_dags/example_params_ui_tutorial.py for tasks to queue
[2023-03-21T08:56:45.295+0000] {logging_mixin.py:137} INFO - [2023-03-21T08:56:45.295+0000] {dagbag.py:532} INFO - Filling up the DagBag from /home/airflow/.local/lib/python3.7/site-packages/airflow/example_dags/example_params_ui_tutorial.py
[2023-03-21T08:56:45.395+0000] {processor.py:753} INFO - DAG(s) dict_keys(['example_params_ui_tutorial']) retrieved from /home/airflow/.local/lib/python3.7/site-packages/airflow/example_dags/example_params_ui_tutorial.py
[2023-03-21T08:56:45.539+0000] {logging_mixin.py:137} INFO - [2023-03-21T08:56:45.538+0000] {dag.py:2693} INFO - Sync 1 DAGs
[2023-03-21T08:56:45.576+0000] {logging_mixin.py:137} INFO - [2023-03-21T08:56:45.575+0000] {dag.py:3444} INFO - Setting next_dagrun for example_params_ui_tutorial to None, run_after=None
[2023-03-21T08:56:45.608+0000] {processor.py:175} INFO - Processing /home/airflow/.local/lib/python3.7/site-packages/airflow/example_dags/example_params_ui_tutorial.py took 0.318 seconds
[2023-03-21T08:57:16.394+0000] {processor.py:153} INFO - Started process (PID=396) to work on /home/airflow/.local/lib/python3.7/site-packages/airflow/example_dags/example_params_ui_tutorial.py
[2023-03-21T08:57:16.396+0000] {processor.py:743} INFO - Processing file /home/airflow/.local/lib/python3.7/site-packages/airflow/example_dags/example_params_ui_tutorial.py for tasks to queue
[2023-03-21T08:57:16.398+0000] {logging_mixin.py:137} INFO - [2023-03-21T08:57:16.398+0000] {dagbag.py:532} INFO - Filling up the DagBag from /home/airflow/.local/lib/python3.7/site-packages/airflow/example_dags/example_params_ui_tutorial.py
[2023-03-21T08:57:16.607+0000] {processor.py:753} INFO - DAG(s) dict_keys(['example_params_ui_tutorial']) retrieved from /home/airflow/.local/lib/python3.7/site-packages/airflow/example_dags/example_params_ui_tutorial.py
[2023-03-21T08:57:16.726+0000] {logging_mixin.py:137} INFO - [2023-03-21T08:57:16.726+0000] {dag.py:2693} INFO - Sync 1 DAGs
[2023-03-21T08:57:16.755+0000] {logging_mixin.py:137} INFO - [2023-03-21T08:57:16.755+0000] {dag.py:3444} INFO - Setting next_dagrun for example_params_ui_tutorial to None, run_after=None
[2023-03-21T08:57:16.781+0000] {processor.py:175} INFO - Processing /home/airflow/.local/lib/python3.7/site-packages/airflow/example_dags/example_params_ui_tutorial.py took 0.414 seconds
[2023-03-21T08:57:47.656+0000] {processor.py:153} INFO - Started process (PID=613) to work on /home/airflow/.local/lib/python3.7/site-packages/airflow/example_dags/example_params_ui_tutorial.py
[2023-03-21T08:57:47.661+0000] {processor.py:743} INFO - Processing file /home/airflow/.local/lib/python3.7/site-packages/airflow/example_dags/example_params_ui_tutorial.py for tasks to queue
[2023-03-21T08:57:47.663+0000] {logging_mixin.py:137} INFO - [2023-03-21T08:57:47.663+0000] {dagbag.py:532} INFO - Filling up the DagBag from /home/airflow/.local/lib/python3.7/site-packages/airflow/example_dags/example_params_ui_tutorial.py
[2023-03-21T08:57:47.829+0000] {processor.py:753} INFO - DAG(s) dict_keys(['example_params_ui_tutorial']) retrieved from /home/airflow/.local/lib/python3.7/site-packages/airflow/example_dags/example_params_ui_tutorial.py
[2023-03-21T08:57:47.904+0000] {logging_mixin.py:137} INFO - [2023-03-21T08:57:47.904+0000] {dag.py:2693} INFO - Sync 1 DAGs
[2023-03-21T08:57:47.932+0000] {logging_mixin.py:137} INFO - [2023-03-21T08:57:47.932+0000] {dag.py:3444} INFO - Setting next_dagrun for example_params_ui_tutorial to None, run_after=None
[2023-03-21T08:57:47.955+0000] {processor.py:175} INFO - Processing /home/airflow/.local/lib/python3.7/site-packages/airflow/example_dags/example_params_ui_tutorial.py took 0.316 seconds
[2023-03-21T08:58:18.779+0000] {processor.py:153} INFO - Started process (PID=830) to work on /home/airflow/.local/lib/python3.7/site-packages/airflow/example_dags/example_params_ui_tutorial.py
[2023-03-21T08:58:18.782+0000] {processor.py:743} INFO - Processing file /home/airflow/.local/lib/python3.7/site-packages/airflow/example_dags/example_params_ui_tutorial.py for tasks to queue
[2023-03-21T08:58:18.783+0000] {logging_mixin.py:137} INFO - [2023-03-21T08:58:18.783+0000] {dagbag.py:532} INFO - Filling up the DagBag from /home/airflow/.local/lib/python3.7/site-packages/airflow/example_dags/example_params_ui_tutorial.py
[2023-03-21T08:58:18.935+0000] {processor.py:753} INFO - DAG(s) dict_keys(['example_params_ui_tutorial']) retrieved from /home/airflow/.local/lib/python3.7/site-packages/airflow/example_dags/example_params_ui_tutorial.py
[2023-03-21T08:58:19.010+0000] {logging_mixin.py:137} INFO - [2023-03-21T08:58:19.010+0000] {dag.py:2693} INFO - Sync 1 DAGs
[2023-03-21T08:58:19.041+0000] {logging_mixin.py:137} INFO - [2023-03-21T08:58:19.040+0000] {dag.py:3444} INFO - Setting next_dagrun for example_params_ui_tutorial to None, run_after=None
[2023-03-21T08:58:19.071+0000] {processor.py:175} INFO - Processing /home/airflow/.local/lib/python3.7/site-packages/airflow/example_dags/example_params_ui_tutorial.py took 0.305 seconds
[2023-03-21T08:58:49.930+0000] {processor.py:153} INFO - Started process (PID=1047) to work on /home/airflow/.local/lib/python3.7/site-packages/airflow/example_dags/example_params_ui_tutorial.py
[2023-03-21T08:58:49.931+0000] {processor.py:743} INFO - Processing file /home/airflow/.local/lib/python3.7/site-packages/airflow/example_dags/example_params_ui_tutorial.py for tasks to queue
[2023-03-21T08:58:49.932+0000] {logging_mixin.py:137} INFO - [2023-03-21T08:58:49.932+0000] {dagbag.py:532} INFO - Filling up the DagBag from /home/airflow/.local/lib/python3.7/site-packages/airflow/example_dags/example_params_ui_tutorial.py
[2023-03-21T08:58:49.993+0000] {processor.py:753} INFO - DAG(s) dict_keys(['example_params_ui_tutorial']) retrieved from /home/airflow/.local/lib/python3.7/site-packages/airflow/example_dags/example_params_ui_tutorial.py
[2023-03-21T08:58:50.077+0000] {logging_mixin.py:137} INFO - [2023-03-21T08:58:50.077+0000] {dag.py:2693} INFO - Sync 1 DAGs
[2023-03-21T08:58:50.106+0000] {logging_mixin.py:137} INFO - [2023-03-21T08:58:50.105+0000] {dag.py:3444} INFO - Setting next_dagrun for example_params_ui_tutorial to None, run_after=None
[2023-03-21T08:58:50.132+0000] {processor.py:175} INFO - Processing /home/airflow/.local/lib/python3.7/site-packages/airflow/example_dags/example_params_ui_tutorial.py took 0.207 seconds
[2023-03-21T08:59:21.000+0000] {processor.py:153} INFO - Started process (PID=1264) to work on /home/airflow/.local/lib/python3.7/site-packages/airflow/example_dags/example_params_ui_tutorial.py
[2023-03-21T08:59:21.001+0000] {processor.py:743} INFO - Processing file /home/airflow/.local/lib/python3.7/site-packages/airflow/example_dags/example_params_ui_tutorial.py for tasks to queue
[2023-03-21T08:59:21.001+0000] {logging_mixin.py:137} INFO - [2023-03-21T08:59:21.001+0000] {dagbag.py:532} INFO - Filling up the DagBag from /home/airflow/.local/lib/python3.7/site-packages/airflow/example_dags/example_params_ui_tutorial.py
[2023-03-21T08:59:21.064+0000] {processor.py:753} INFO - DAG(s) dict_keys(['example_params_ui_tutorial']) retrieved from /home/airflow/.local/lib/python3.7/site-packages/airflow/example_dags/example_params_ui_tutorial.py
[2023-03-21T08:59:21.133+0000] {logging_mixin.py:137} INFO - [2023-03-21T08:59:21.133+0000] {dag.py:2693} INFO - Sync 1 DAGs
[2023-03-21T08:59:21.168+0000] {logging_mixin.py:137} INFO - [2023-03-21T08:59:21.168+0000] {dag.py:3444} INFO - Setting next_dagrun for example_params_ui_tutorial to None, run_after=None
[2023-03-21T08:59:21.197+0000] {processor.py:175} INFO - Processing /home/airflow/.local/lib/python3.7/site-packages/airflow/example_dags/example_params_ui_tutorial.py took 0.199 seconds
[2023-03-21T08:59:51.991+0000] {processor.py:153} INFO - Started process (PID=1480) to work on /home/airflow/.local/lib/python3.7/site-packages/airflow/example_dags/example_params_ui_tutorial.py
[2023-03-21T08:59:51.994+0000] {processor.py:743} INFO - Processing file /home/airflow/.local/lib/python3.7/site-packages/airflow/example_dags/example_params_ui_tutorial.py for tasks to queue
[2023-03-21T08:59:51.996+0000] {logging_mixin.py:137} INFO - [2023-03-21T08:59:51.996+0000] {dagbag.py:532} INFO - Filling up the DagBag from /home/airflow/.local/lib/python3.7/site-packages/airflow/example_dags/example_params_ui_tutorial.py
[2023-03-21T08:59:52.076+0000] {processor.py:753} INFO - DAG(s) dict_keys(['example_params_ui_tutorial']) retrieved from /home/airflow/.local/lib/python3.7/site-packages/airflow/example_dags/example_params_ui_tutorial.py
[2023-03-21T08:59:52.145+0000] {logging_mixin.py:137} INFO - [2023-03-21T08:59:52.145+0000] {dag.py:2693} INFO - Sync 1 DAGs
[2023-03-21T08:59:52.173+0000] {logging_mixin.py:137} INFO - [2023-03-21T08:59:52.173+0000] {dag.py:3444} INFO - Setting next_dagrun for example_params_ui_tutorial to None, run_after=None
[2023-03-21T08:59:52.195+0000] {processor.py:175} INFO - Processing /home/airflow/.local/lib/python3.7/site-packages/airflow/example_dags/example_params_ui_tutorial.py took 0.221 seconds
[2023-03-21T09:00:22.249+0000] {processor.py:153} INFO - Started process (PID=1697) to work on /home/airflow/.local/lib/python3.7/site-packages/airflow/example_dags/example_params_ui_tutorial.py
[2023-03-21T09:00:22.251+0000] {processor.py:743} INFO - Processing file /home/airflow/.local/lib/python3.7/site-packages/airflow/example_dags/example_params_ui_tutorial.py for tasks to queue
[2023-03-21T09:00:22.252+0000] {logging_mixin.py:137} INFO - [2023-03-21T09:00:22.252+0000] {dagbag.py:532} INFO - Filling up the DagBag from /home/airflow/.local/lib/python3.7/site-packages/airflow/example_dags/example_params_ui_tutorial.py
[2023-03-21T09:00:22.382+0000] {processor.py:753} INFO - DAG(s) dict_keys(['example_params_ui_tutorial']) retrieved from /home/airflow/.local/lib/python3.7/site-packages/airflow/example_dags/example_params_ui_tutorial.py
[2023-03-21T09:00:22.487+0000] {logging_mixin.py:137} INFO - [2023-03-21T09:00:22.487+0000] {dag.py:2693} INFO - Sync 1 DAGs
[2023-03-21T09:00:22.529+0000] {logging_mixin.py:137} INFO - [2023-03-21T09:00:22.528+0000] {dag.py:3444} INFO - Setting next_dagrun for example_params_ui_tutorial to None, run_after=None
[2023-03-21T09:00:22.553+0000] {processor.py:175} INFO - Processing /home/airflow/.local/lib/python3.7/site-packages/airflow/example_dags/example_params_ui_tutorial.py took 0.317 seconds
[2023-03-21T09:01:44.418+0000] {processor.py:153} INFO - Started process (PID=178) to work on /home/airflow/.local/lib/python3.7/site-packages/airflow/example_dags/example_params_ui_tutorial.py
[2023-03-21T09:01:44.421+0000] {processor.py:743} INFO - Processing file /home/airflow/.local/lib/python3.7/site-packages/airflow/example_dags/example_params_ui_tutorial.py for tasks to queue
[2023-03-21T09:01:44.423+0000] {logging_mixin.py:137} INFO - [2023-03-21T09:01:44.422+0000] {dagbag.py:532} INFO - Filling up the DagBag from /home/airflow/.local/lib/python3.7/site-packages/airflow/example_dags/example_params_ui_tutorial.py
[2023-03-21T09:01:44.568+0000] {processor.py:753} INFO - DAG(s) dict_keys(['example_params_ui_tutorial']) retrieved from /home/airflow/.local/lib/python3.7/site-packages/airflow/example_dags/example_params_ui_tutorial.py
[2023-03-21T09:01:44.707+0000] {logging_mixin.py:137} INFO - [2023-03-21T09:01:44.707+0000] {dag.py:2693} INFO - Sync 1 DAGs
[2023-03-21T09:01:44.758+0000] {logging_mixin.py:137} INFO - [2023-03-21T09:01:44.757+0000] {dag.py:3444} INFO - Setting next_dagrun for example_params_ui_tutorial to None, run_after=None
[2023-03-21T09:01:44.783+0000] {processor.py:175} INFO - Processing /home/airflow/.local/lib/python3.7/site-packages/airflow/example_dags/example_params_ui_tutorial.py took 0.380 seconds
[2023-03-21T09:02:15.552+0000] {processor.py:153} INFO - Started process (PID=396) to work on /home/airflow/.local/lib/python3.7/site-packages/airflow/example_dags/example_params_ui_tutorial.py
[2023-03-21T09:02:15.553+0000] {processor.py:743} INFO - Processing file /home/airflow/.local/lib/python3.7/site-packages/airflow/example_dags/example_params_ui_tutorial.py for tasks to queue
[2023-03-21T09:02:15.555+0000] {logging_mixin.py:137} INFO - [2023-03-21T09:02:15.555+0000] {dagbag.py:532} INFO - Filling up the DagBag from /home/airflow/.local/lib/python3.7/site-packages/airflow/example_dags/example_params_ui_tutorial.py
[2023-03-21T09:02:15.684+0000] {processor.py:753} INFO - DAG(s) dict_keys(['example_params_ui_tutorial']) retrieved from /home/airflow/.local/lib/python3.7/site-packages/airflow/example_dags/example_params_ui_tutorial.py
[2023-03-21T09:02:15.784+0000] {logging_mixin.py:137} INFO - [2023-03-21T09:02:15.784+0000] {dag.py:2693} INFO - Sync 1 DAGs
[2023-03-21T09:02:15.812+0000] {logging_mixin.py:137} INFO - [2023-03-21T09:02:15.812+0000] {dag.py:3444} INFO - Setting next_dagrun for example_params_ui_tutorial to None, run_after=None
[2023-03-21T09:02:15.836+0000] {processor.py:175} INFO - Processing /home/airflow/.local/lib/python3.7/site-packages/airflow/example_dags/example_params_ui_tutorial.py took 0.299 seconds
[2023-03-21T09:02:46.348+0000] {processor.py:153} INFO - Started process (PID=613) to work on /home/airflow/.local/lib/python3.7/site-packages/airflow/example_dags/example_params_ui_tutorial.py
[2023-03-21T09:02:46.351+0000] {processor.py:743} INFO - Processing file /home/airflow/.local/lib/python3.7/site-packages/airflow/example_dags/example_params_ui_tutorial.py for tasks to queue
[2023-03-21T09:02:46.353+0000] {logging_mixin.py:137} INFO - [2023-03-21T09:02:46.353+0000] {dagbag.py:532} INFO - Filling up the DagBag from /home/airflow/.local/lib/python3.7/site-packages/airflow/example_dags/example_params_ui_tutorial.py
[2023-03-21T09:02:46.471+0000] {processor.py:753} INFO - DAG(s) dict_keys(['example_params_ui_tutorial']) retrieved from /home/airflow/.local/lib/python3.7/site-packages/airflow/example_dags/example_params_ui_tutorial.py
[2023-03-21T09:02:46.594+0000] {logging_mixin.py:137} INFO - [2023-03-21T09:02:46.594+0000] {dag.py:2693} INFO - Sync 1 DAGs
[2023-03-21T09:02:46.627+0000] {logging_mixin.py:137} INFO - [2023-03-21T09:02:46.627+0000] {dag.py:3444} INFO - Setting next_dagrun for example_params_ui_tutorial to None, run_after=None
[2023-03-21T09:02:46.651+0000] {processor.py:175} INFO - Processing /home/airflow/.local/lib/python3.7/site-packages/airflow/example_dags/example_params_ui_tutorial.py took 0.306 seconds
[2023-03-21T09:03:17.190+0000] {processor.py:153} INFO - Started process (PID=830) to work on /home/airflow/.local/lib/python3.7/site-packages/airflow/example_dags/example_params_ui_tutorial.py
[2023-03-21T09:03:17.190+0000] {processor.py:743} INFO - Processing file /home/airflow/.local/lib/python3.7/site-packages/airflow/example_dags/example_params_ui_tutorial.py for tasks to queue
[2023-03-21T09:03:17.191+0000] {logging_mixin.py:137} INFO - [2023-03-21T09:03:17.191+0000] {dagbag.py:532} INFO - Filling up the DagBag from /home/airflow/.local/lib/python3.7/site-packages/airflow/example_dags/example_params_ui_tutorial.py
[2023-03-21T09:03:17.283+0000] {processor.py:753} INFO - DAG(s) dict_keys(['example_params_ui_tutorial']) retrieved from /home/airflow/.local/lib/python3.7/site-packages/airflow/example_dags/example_params_ui_tutorial.py
[2023-03-21T09:03:17.395+0000] {logging_mixin.py:137} INFO - [2023-03-21T09:03:17.394+0000] {dag.py:2693} INFO - Sync 1 DAGs
[2023-03-21T09:03:17.421+0000] {logging_mixin.py:137} INFO - [2023-03-21T09:03:17.421+0000] {dag.py:3444} INFO - Setting next_dagrun for example_params_ui_tutorial to None, run_after=None
[2023-03-21T09:03:17.443+0000] {processor.py:175} INFO - Processing /home/airflow/.local/lib/python3.7/site-packages/airflow/example_dags/example_params_ui_tutorial.py took 0.256 seconds
[2023-03-21T09:03:47.993+0000] {processor.py:153} INFO - Started process (PID=1046) to work on /home/airflow/.local/lib/python3.7/site-packages/airflow/example_dags/example_params_ui_tutorial.py
[2023-03-21T09:03:47.996+0000] {processor.py:743} INFO - Processing file /home/airflow/.local/lib/python3.7/site-packages/airflow/example_dags/example_params_ui_tutorial.py for tasks to queue
[2023-03-21T09:03:47.996+0000] {logging_mixin.py:137} INFO - [2023-03-21T09:03:47.996+0000] {dagbag.py:532} INFO - Filling up the DagBag from /home/airflow/.local/lib/python3.7/site-packages/airflow/example_dags/example_params_ui_tutorial.py
[2023-03-21T09:03:48.057+0000] {processor.py:753} INFO - DAG(s) dict_keys(['example_params_ui_tutorial']) retrieved from /home/airflow/.local/lib/python3.7/site-packages/airflow/example_dags/example_params_ui_tutorial.py
[2023-03-21T09:03:48.136+0000] {logging_mixin.py:137} INFO - [2023-03-21T09:03:48.136+0000] {dag.py:2693} INFO - Sync 1 DAGs
[2023-03-21T09:03:48.163+0000] {logging_mixin.py:137} INFO - [2023-03-21T09:03:48.162+0000] {dag.py:3444} INFO - Setting next_dagrun for example_params_ui_tutorial to None, run_after=None
[2023-03-21T09:03:48.184+0000] {processor.py:175} INFO - Processing /home/airflow/.local/lib/python3.7/site-packages/airflow/example_dags/example_params_ui_tutorial.py took 0.198 seconds
[2023-03-21T09:04:18.697+0000] {processor.py:153} INFO - Started process (PID=1264) to work on /home/airflow/.local/lib/python3.7/site-packages/airflow/example_dags/example_params_ui_tutorial.py
[2023-03-21T09:04:18.698+0000] {processor.py:743} INFO - Processing file /home/airflow/.local/lib/python3.7/site-packages/airflow/example_dags/example_params_ui_tutorial.py for tasks to queue
[2023-03-21T09:04:18.698+0000] {logging_mixin.py:137} INFO - [2023-03-21T09:04:18.698+0000] {dagbag.py:532} INFO - Filling up the DagBag from /home/airflow/.local/lib/python3.7/site-packages/airflow/example_dags/example_params_ui_tutorial.py
[2023-03-21T09:04:18.757+0000] {processor.py:753} INFO - DAG(s) dict_keys(['example_params_ui_tutorial']) retrieved from /home/airflow/.local/lib/python3.7/site-packages/airflow/example_dags/example_params_ui_tutorial.py
[2023-03-21T09:04:18.827+0000] {logging_mixin.py:137} INFO - [2023-03-21T09:04:18.827+0000] {dag.py:2693} INFO - Sync 1 DAGs
[2023-03-21T09:04:18.853+0000] {logging_mixin.py:137} INFO - [2023-03-21T09:04:18.853+0000] {dag.py:3444} INFO - Setting next_dagrun for example_params_ui_tutorial to None, run_after=None
[2023-03-21T09:04:18.876+0000] {processor.py:175} INFO - Processing /home/airflow/.local/lib/python3.7/site-packages/airflow/example_dags/example_params_ui_tutorial.py took 0.181 seconds
[2023-03-21T09:04:49.352+0000] {processor.py:153} INFO - Started process (PID=1481) to work on /home/airflow/.local/lib/python3.7/site-packages/airflow/example_dags/example_params_ui_tutorial.py
[2023-03-21T09:04:49.354+0000] {processor.py:743} INFO - Processing file /home/airflow/.local/lib/python3.7/site-packages/airflow/example_dags/example_params_ui_tutorial.py for tasks to queue
[2023-03-21T09:04:49.355+0000] {logging_mixin.py:137} INFO - [2023-03-21T09:04:49.355+0000] {dagbag.py:532} INFO - Filling up the DagBag from /home/airflow/.local/lib/python3.7/site-packages/airflow/example_dags/example_params_ui_tutorial.py
[2023-03-21T09:04:49.484+0000] {processor.py:753} INFO - DAG(s) dict_keys(['example_params_ui_tutorial']) retrieved from /home/airflow/.local/lib/python3.7/site-packages/airflow/example_dags/example_params_ui_tutorial.py
[2023-03-21T09:04:49.589+0000] {logging_mixin.py:137} INFO - [2023-03-21T09:04:49.589+0000] {dag.py:2693} INFO - Sync 1 DAGs
[2023-03-21T09:04:49.624+0000] {logging_mixin.py:137} INFO - [2023-03-21T09:04:49.624+0000] {dag.py:3444} INFO - Setting next_dagrun for example_params_ui_tutorial to None, run_after=None
[2023-03-21T09:04:49.649+0000] {processor.py:175} INFO - Processing /home/airflow/.local/lib/python3.7/site-packages/airflow/example_dags/example_params_ui_tutorial.py took 0.315 seconds
