[2023-03-21T08:56:45.637+0000] {processor.py:153} INFO - Started process (PID=189) to work on /home/airflow/.local/lib/python3.7/site-packages/airflow/example_dags/example_xcom.py
[2023-03-21T08:56:45.637+0000] {processor.py:743} INFO - Processing file /home/airflow/.local/lib/python3.7/site-packages/airflow/example_dags/example_xcom.py for tasks to queue
[2023-03-21T08:56:45.638+0000] {logging_mixin.py:137} INFO - [2023-03-21T08:56:45.638+0000] {dagbag.py:532} INFO - Filling up the DagBag from /home/airflow/.local/lib/python3.7/site-packages/airflow/example_dags/example_xcom.py
[2023-03-21T08:56:45.661+0000] {processor.py:753} INFO - DAG(s) dict_keys(['example_xcom']) retrieved from /home/airflow/.local/lib/python3.7/site-packages/airflow/example_dags/example_xcom.py
[2023-03-21T08:56:45.689+0000] {logging_mixin.py:137} INFO - [2023-03-21T08:56:45.688+0000] {dag.py:2693} INFO - Sync 1 DAGs
[2023-03-21T08:56:45.716+0000] {logging_mixin.py:137} INFO - [2023-03-21T08:56:45.715+0000] {dag.py:3444} INFO - Setting next_dagrun for example_xcom to 2021-01-01T00:00:00+00:00, run_after=2021-01-01T00:00:00+00:00
[2023-03-21T08:56:45.739+0000] {processor.py:175} INFO - Processing /home/airflow/.local/lib/python3.7/site-packages/airflow/example_dags/example_xcom.py took 0.104 seconds
[2023-03-21T08:57:16.806+0000] {processor.py:153} INFO - Started process (PID=406) to work on /home/airflow/.local/lib/python3.7/site-packages/airflow/example_dags/example_xcom.py
[2023-03-21T08:57:16.807+0000] {processor.py:743} INFO - Processing file /home/airflow/.local/lib/python3.7/site-packages/airflow/example_dags/example_xcom.py for tasks to queue
[2023-03-21T08:57:16.808+0000] {logging_mixin.py:137} INFO - [2023-03-21T08:57:16.808+0000] {dagbag.py:532} INFO - Filling up the DagBag from /home/airflow/.local/lib/python3.7/site-packages/airflow/example_dags/example_xcom.py
[2023-03-21T08:57:16.836+0000] {processor.py:753} INFO - DAG(s) dict_keys(['example_xcom']) retrieved from /home/airflow/.local/lib/python3.7/site-packages/airflow/example_dags/example_xcom.py
[2023-03-21T08:57:16.874+0000] {logging_mixin.py:137} INFO - [2023-03-21T08:57:16.874+0000] {dag.py:2693} INFO - Sync 1 DAGs
[2023-03-21T08:57:16.901+0000] {logging_mixin.py:137} INFO - [2023-03-21T08:57:16.901+0000] {dag.py:3444} INFO - Setting next_dagrun for example_xcom to 2021-01-01T00:00:00+00:00, run_after=2021-01-01T00:00:00+00:00
[2023-03-21T08:57:16.932+0000] {processor.py:175} INFO - Processing /home/airflow/.local/lib/python3.7/site-packages/airflow/example_dags/example_xcom.py took 0.128 seconds
[2023-03-21T08:57:47.980+0000] {processor.py:153} INFO - Started process (PID=623) to work on /home/airflow/.local/lib/python3.7/site-packages/airflow/example_dags/example_xcom.py
[2023-03-21T08:57:47.981+0000] {processor.py:743} INFO - Processing file /home/airflow/.local/lib/python3.7/site-packages/airflow/example_dags/example_xcom.py for tasks to queue
[2023-03-21T08:57:47.981+0000] {logging_mixin.py:137} INFO - [2023-03-21T08:57:47.981+0000] {dagbag.py:532} INFO - Filling up the DagBag from /home/airflow/.local/lib/python3.7/site-packages/airflow/example_dags/example_xcom.py
[2023-03-21T08:57:48.006+0000] {processor.py:753} INFO - DAG(s) dict_keys(['example_xcom']) retrieved from /home/airflow/.local/lib/python3.7/site-packages/airflow/example_dags/example_xcom.py
[2023-03-21T08:57:48.032+0000] {logging_mixin.py:137} INFO - [2023-03-21T08:57:48.032+0000] {dag.py:2693} INFO - Sync 1 DAGs
[2023-03-21T08:57:48.058+0000] {logging_mixin.py:137} INFO - [2023-03-21T08:57:48.058+0000] {dag.py:3444} INFO - Setting next_dagrun for example_xcom to 2021-01-01T00:00:00+00:00, run_after=2021-01-01T00:00:00+00:00
[2023-03-21T08:57:48.081+0000] {processor.py:175} INFO - Processing /home/airflow/.local/lib/python3.7/site-packages/airflow/example_dags/example_xcom.py took 0.104 seconds
[2023-03-21T08:58:19.101+0000] {processor.py:153} INFO - Started process (PID=840) to work on /home/airflow/.local/lib/python3.7/site-packages/airflow/example_dags/example_xcom.py
[2023-03-21T08:58:19.102+0000] {processor.py:743} INFO - Processing file /home/airflow/.local/lib/python3.7/site-packages/airflow/example_dags/example_xcom.py for tasks to queue
[2023-03-21T08:58:19.102+0000] {logging_mixin.py:137} INFO - [2023-03-21T08:58:19.102+0000] {dagbag.py:532} INFO - Filling up the DagBag from /home/airflow/.local/lib/python3.7/site-packages/airflow/example_dags/example_xcom.py
[2023-03-21T08:58:19.127+0000] {processor.py:753} INFO - DAG(s) dict_keys(['example_xcom']) retrieved from /home/airflow/.local/lib/python3.7/site-packages/airflow/example_dags/example_xcom.py
[2023-03-21T08:58:19.156+0000] {logging_mixin.py:137} INFO - [2023-03-21T08:58:19.155+0000] {dag.py:2693} INFO - Sync 1 DAGs
[2023-03-21T08:58:19.189+0000] {logging_mixin.py:137} INFO - [2023-03-21T08:58:19.189+0000] {dag.py:3444} INFO - Setting next_dagrun for example_xcom to 2021-01-01T00:00:00+00:00, run_after=2021-01-01T00:00:00+00:00
[2023-03-21T08:58:19.221+0000] {processor.py:175} INFO - Processing /home/airflow/.local/lib/python3.7/site-packages/airflow/example_dags/example_xcom.py took 0.122 seconds
[2023-03-21T08:58:50.159+0000] {processor.py:153} INFO - Started process (PID=1057) to work on /home/airflow/.local/lib/python3.7/site-packages/airflow/example_dags/example_xcom.py
[2023-03-21T08:58:50.160+0000] {processor.py:743} INFO - Processing file /home/airflow/.local/lib/python3.7/site-packages/airflow/example_dags/example_xcom.py for tasks to queue
[2023-03-21T08:58:50.161+0000] {logging_mixin.py:137} INFO - [2023-03-21T08:58:50.161+0000] {dagbag.py:532} INFO - Filling up the DagBag from /home/airflow/.local/lib/python3.7/site-packages/airflow/example_dags/example_xcom.py
[2023-03-21T08:58:50.188+0000] {processor.py:753} INFO - DAG(s) dict_keys(['example_xcom']) retrieved from /home/airflow/.local/lib/python3.7/site-packages/airflow/example_dags/example_xcom.py
[2023-03-21T08:58:50.222+0000] {logging_mixin.py:137} INFO - [2023-03-21T08:58:50.222+0000] {dag.py:2693} INFO - Sync 1 DAGs
[2023-03-21T08:58:50.249+0000] {logging_mixin.py:137} INFO - [2023-03-21T08:58:50.249+0000] {dag.py:3444} INFO - Setting next_dagrun for example_xcom to 2021-01-01T00:00:00+00:00, run_after=2021-01-01T00:00:00+00:00
[2023-03-21T08:58:50.272+0000] {processor.py:175} INFO - Processing /home/airflow/.local/lib/python3.7/site-packages/airflow/example_dags/example_xcom.py took 0.116 seconds
[2023-03-21T08:59:21.223+0000] {processor.py:153} INFO - Started process (PID=1274) to work on /home/airflow/.local/lib/python3.7/site-packages/airflow/example_dags/example_xcom.py
[2023-03-21T08:59:21.225+0000] {processor.py:743} INFO - Processing file /home/airflow/.local/lib/python3.7/site-packages/airflow/example_dags/example_xcom.py for tasks to queue
[2023-03-21T08:59:21.226+0000] {logging_mixin.py:137} INFO - [2023-03-21T08:59:21.225+0000] {dagbag.py:532} INFO - Filling up the DagBag from /home/airflow/.local/lib/python3.7/site-packages/airflow/example_dags/example_xcom.py
[2023-03-21T08:59:21.255+0000] {processor.py:753} INFO - DAG(s) dict_keys(['example_xcom']) retrieved from /home/airflow/.local/lib/python3.7/site-packages/airflow/example_dags/example_xcom.py
[2023-03-21T08:59:21.289+0000] {logging_mixin.py:137} INFO - [2023-03-21T08:59:21.289+0000] {dag.py:2693} INFO - Sync 1 DAGs
[2023-03-21T08:59:21.321+0000] {logging_mixin.py:137} INFO - [2023-03-21T08:59:21.320+0000] {dag.py:3444} INFO - Setting next_dagrun for example_xcom to 2021-01-01T00:00:00+00:00, run_after=2021-01-01T00:00:00+00:00
[2023-03-21T08:59:21.348+0000] {processor.py:175} INFO - Processing /home/airflow/.local/lib/python3.7/site-packages/airflow/example_dags/example_xcom.py took 0.128 seconds
[2023-03-21T08:59:52.220+0000] {processor.py:153} INFO - Started process (PID=1491) to work on /home/airflow/.local/lib/python3.7/site-packages/airflow/example_dags/example_xcom.py
[2023-03-21T08:59:52.221+0000] {processor.py:743} INFO - Processing file /home/airflow/.local/lib/python3.7/site-packages/airflow/example_dags/example_xcom.py for tasks to queue
[2023-03-21T08:59:52.221+0000] {logging_mixin.py:137} INFO - [2023-03-21T08:59:52.221+0000] {dagbag.py:532} INFO - Filling up the DagBag from /home/airflow/.local/lib/python3.7/site-packages/airflow/example_dags/example_xcom.py
[2023-03-21T08:59:52.244+0000] {processor.py:753} INFO - DAG(s) dict_keys(['example_xcom']) retrieved from /home/airflow/.local/lib/python3.7/site-packages/airflow/example_dags/example_xcom.py
[2023-03-21T08:59:52.270+0000] {logging_mixin.py:137} INFO - [2023-03-21T08:59:52.270+0000] {dag.py:2693} INFO - Sync 1 DAGs
[2023-03-21T08:59:52.297+0000] {logging_mixin.py:137} INFO - [2023-03-21T08:59:52.297+0000] {dag.py:3444} INFO - Setting next_dagrun for example_xcom to 2021-01-01T00:00:00+00:00, run_after=2021-01-01T00:00:00+00:00
[2023-03-21T08:59:52.324+0000] {processor.py:175} INFO - Processing /home/airflow/.local/lib/python3.7/site-packages/airflow/example_dags/example_xcom.py took 0.107 seconds
[2023-03-21T09:00:22.577+0000] {processor.py:153} INFO - Started process (PID=1708) to work on /home/airflow/.local/lib/python3.7/site-packages/airflow/example_dags/example_xcom.py
[2023-03-21T09:00:22.578+0000] {processor.py:743} INFO - Processing file /home/airflow/.local/lib/python3.7/site-packages/airflow/example_dags/example_xcom.py for tasks to queue
[2023-03-21T09:00:22.579+0000] {logging_mixin.py:137} INFO - [2023-03-21T09:00:22.579+0000] {dagbag.py:532} INFO - Filling up the DagBag from /home/airflow/.local/lib/python3.7/site-packages/airflow/example_dags/example_xcom.py
[2023-03-21T09:00:22.602+0000] {processor.py:753} INFO - DAG(s) dict_keys(['example_xcom']) retrieved from /home/airflow/.local/lib/python3.7/site-packages/airflow/example_dags/example_xcom.py
[2023-03-21T09:00:22.630+0000] {logging_mixin.py:137} INFO - [2023-03-21T09:00:22.630+0000] {dag.py:2693} INFO - Sync 1 DAGs
[2023-03-21T09:00:22.655+0000] {logging_mixin.py:137} INFO - [2023-03-21T09:00:22.655+0000] {dag.py:3444} INFO - Setting next_dagrun for example_xcom to 2021-01-01T00:00:00+00:00, run_after=2021-01-01T00:00:00+00:00
[2023-03-21T09:00:22.684+0000] {processor.py:175} INFO - Processing /home/airflow/.local/lib/python3.7/site-packages/airflow/example_dags/example_xcom.py took 0.109 seconds
[2023-03-21T09:01:44.807+0000] {processor.py:153} INFO - Started process (PID=189) to work on /home/airflow/.local/lib/python3.7/site-packages/airflow/example_dags/example_xcom.py
[2023-03-21T09:01:44.809+0000] {processor.py:743} INFO - Processing file /home/airflow/.local/lib/python3.7/site-packages/airflow/example_dags/example_xcom.py for tasks to queue
[2023-03-21T09:01:44.809+0000] {logging_mixin.py:137} INFO - [2023-03-21T09:01:44.809+0000] {dagbag.py:532} INFO - Filling up the DagBag from /home/airflow/.local/lib/python3.7/site-packages/airflow/example_dags/example_xcom.py
[2023-03-21T09:01:44.830+0000] {processor.py:753} INFO - DAG(s) dict_keys(['example_xcom']) retrieved from /home/airflow/.local/lib/python3.7/site-packages/airflow/example_dags/example_xcom.py
[2023-03-21T09:01:44.858+0000] {logging_mixin.py:137} INFO - [2023-03-21T09:01:44.857+0000] {dag.py:2693} INFO - Sync 1 DAGs
[2023-03-21T09:01:44.885+0000] {logging_mixin.py:137} INFO - [2023-03-21T09:01:44.885+0000] {dag.py:3444} INFO - Setting next_dagrun for example_xcom to 2021-01-01T00:00:00+00:00, run_after=2021-01-01T00:00:00+00:00
[2023-03-21T09:01:44.910+0000] {processor.py:175} INFO - Processing /home/airflow/.local/lib/python3.7/site-packages/airflow/example_dags/example_xcom.py took 0.105 seconds
[2023-03-21T09:02:15.860+0000] {processor.py:153} INFO - Started process (PID=406) to work on /home/airflow/.local/lib/python3.7/site-packages/airflow/example_dags/example_xcom.py
[2023-03-21T09:02:15.861+0000] {processor.py:743} INFO - Processing file /home/airflow/.local/lib/python3.7/site-packages/airflow/example_dags/example_xcom.py for tasks to queue
[2023-03-21T09:02:15.862+0000] {logging_mixin.py:137} INFO - [2023-03-21T09:02:15.862+0000] {dagbag.py:532} INFO - Filling up the DagBag from /home/airflow/.local/lib/python3.7/site-packages/airflow/example_dags/example_xcom.py
[2023-03-21T09:02:15.881+0000] {processor.py:753} INFO - DAG(s) dict_keys(['example_xcom']) retrieved from /home/airflow/.local/lib/python3.7/site-packages/airflow/example_dags/example_xcom.py
[2023-03-21T09:02:15.906+0000] {logging_mixin.py:137} INFO - [2023-03-21T09:02:15.905+0000] {dag.py:2693} INFO - Sync 1 DAGs
[2023-03-21T09:02:15.931+0000] {logging_mixin.py:137} INFO - [2023-03-21T09:02:15.931+0000] {dag.py:3444} INFO - Setting next_dagrun for example_xcom to 2021-01-01T00:00:00+00:00, run_after=2021-01-01T00:00:00+00:00
[2023-03-21T09:02:15.955+0000] {processor.py:175} INFO - Processing /home/airflow/.local/lib/python3.7/site-packages/airflow/example_dags/example_xcom.py took 0.097 seconds
[2023-03-21T09:02:46.675+0000] {processor.py:153} INFO - Started process (PID=623) to work on /home/airflow/.local/lib/python3.7/site-packages/airflow/example_dags/example_xcom.py
[2023-03-21T09:02:46.676+0000] {processor.py:743} INFO - Processing file /home/airflow/.local/lib/python3.7/site-packages/airflow/example_dags/example_xcom.py for tasks to queue
[2023-03-21T09:02:46.677+0000] {logging_mixin.py:137} INFO - [2023-03-21T09:02:46.677+0000] {dagbag.py:532} INFO - Filling up the DagBag from /home/airflow/.local/lib/python3.7/site-packages/airflow/example_dags/example_xcom.py
[2023-03-21T09:02:46.698+0000] {processor.py:753} INFO - DAG(s) dict_keys(['example_xcom']) retrieved from /home/airflow/.local/lib/python3.7/site-packages/airflow/example_dags/example_xcom.py
[2023-03-21T09:02:46.722+0000] {logging_mixin.py:137} INFO - [2023-03-21T09:02:46.722+0000] {dag.py:2693} INFO - Sync 1 DAGs
[2023-03-21T09:02:46.749+0000] {logging_mixin.py:137} INFO - [2023-03-21T09:02:46.749+0000] {dag.py:3444} INFO - Setting next_dagrun for example_xcom to 2021-01-01T00:00:00+00:00, run_after=2021-01-01T00:00:00+00:00
[2023-03-21T09:02:46.775+0000] {processor.py:175} INFO - Processing /home/airflow/.local/lib/python3.7/site-packages/airflow/example_dags/example_xcom.py took 0.102 seconds
[2023-03-21T09:03:17.470+0000] {processor.py:153} INFO - Started process (PID=840) to work on /home/airflow/.local/lib/python3.7/site-packages/airflow/example_dags/example_xcom.py
[2023-03-21T09:03:17.470+0000] {processor.py:743} INFO - Processing file /home/airflow/.local/lib/python3.7/site-packages/airflow/example_dags/example_xcom.py for tasks to queue
[2023-03-21T09:03:17.471+0000] {logging_mixin.py:137} INFO - [2023-03-21T09:03:17.471+0000] {dagbag.py:532} INFO - Filling up the DagBag from /home/airflow/.local/lib/python3.7/site-packages/airflow/example_dags/example_xcom.py
[2023-03-21T09:03:17.493+0000] {processor.py:753} INFO - DAG(s) dict_keys(['example_xcom']) retrieved from /home/airflow/.local/lib/python3.7/site-packages/airflow/example_dags/example_xcom.py
[2023-03-21T09:03:17.523+0000] {logging_mixin.py:137} INFO - [2023-03-21T09:03:17.523+0000] {dag.py:2693} INFO - Sync 1 DAGs
[2023-03-21T09:03:17.552+0000] {logging_mixin.py:137} INFO - [2023-03-21T09:03:17.551+0000] {dag.py:3444} INFO - Setting next_dagrun for example_xcom to 2021-01-01T00:00:00+00:00, run_after=2021-01-01T00:00:00+00:00
[2023-03-21T09:03:17.573+0000] {processor.py:175} INFO - Processing /home/airflow/.local/lib/python3.7/site-packages/airflow/example_dags/example_xcom.py took 0.106 seconds
[2023-03-21T09:03:48.208+0000] {processor.py:153} INFO - Started process (PID=1057) to work on /home/airflow/.local/lib/python3.7/site-packages/airflow/example_dags/example_xcom.py
[2023-03-21T09:03:48.209+0000] {processor.py:743} INFO - Processing file /home/airflow/.local/lib/python3.7/site-packages/airflow/example_dags/example_xcom.py for tasks to queue
[2023-03-21T09:03:48.209+0000] {logging_mixin.py:137} INFO - [2023-03-21T09:03:48.209+0000] {dagbag.py:532} INFO - Filling up the DagBag from /home/airflow/.local/lib/python3.7/site-packages/airflow/example_dags/example_xcom.py
[2023-03-21T09:03:48.239+0000] {processor.py:753} INFO - DAG(s) dict_keys(['example_xcom']) retrieved from /home/airflow/.local/lib/python3.7/site-packages/airflow/example_dags/example_xcom.py
[2023-03-21T09:03:48.284+0000] {logging_mixin.py:137} INFO - [2023-03-21T09:03:48.284+0000] {dag.py:2693} INFO - Sync 1 DAGs
[2023-03-21T09:03:48.313+0000] {logging_mixin.py:137} INFO - [2023-03-21T09:03:48.313+0000] {dag.py:3444} INFO - Setting next_dagrun for example_xcom to 2021-01-01T00:00:00+00:00, run_after=2021-01-01T00:00:00+00:00
[2023-03-21T09:03:48.337+0000] {processor.py:175} INFO - Processing /home/airflow/.local/lib/python3.7/site-packages/airflow/example_dags/example_xcom.py took 0.132 seconds
[2023-03-21T09:04:18.904+0000] {processor.py:153} INFO - Started process (PID=1274) to work on /home/airflow/.local/lib/python3.7/site-packages/airflow/example_dags/example_xcom.py
[2023-03-21T09:04:18.905+0000] {processor.py:743} INFO - Processing file /home/airflow/.local/lib/python3.7/site-packages/airflow/example_dags/example_xcom.py for tasks to queue
[2023-03-21T09:04:18.906+0000] {logging_mixin.py:137} INFO - [2023-03-21T09:04:18.906+0000] {dagbag.py:532} INFO - Filling up the DagBag from /home/airflow/.local/lib/python3.7/site-packages/airflow/example_dags/example_xcom.py
[2023-03-21T09:04:18.927+0000] {processor.py:753} INFO - DAG(s) dict_keys(['example_xcom']) retrieved from /home/airflow/.local/lib/python3.7/site-packages/airflow/example_dags/example_xcom.py
[2023-03-21T09:04:18.953+0000] {logging_mixin.py:137} INFO - [2023-03-21T09:04:18.952+0000] {dag.py:2693} INFO - Sync 1 DAGs
[2023-03-21T09:04:18.984+0000] {logging_mixin.py:137} INFO - [2023-03-21T09:04:18.983+0000] {dag.py:3444} INFO - Setting next_dagrun for example_xcom to 2021-01-01T00:00:00+00:00, run_after=2021-01-01T00:00:00+00:00
[2023-03-21T09:04:19.009+0000] {processor.py:175} INFO - Processing /home/airflow/.local/lib/python3.7/site-packages/airflow/example_dags/example_xcom.py took 0.107 seconds
[2023-03-21T09:04:49.676+0000] {processor.py:153} INFO - Started process (PID=1491) to work on /home/airflow/.local/lib/python3.7/site-packages/airflow/example_dags/example_xcom.py
[2023-03-21T09:04:49.677+0000] {processor.py:743} INFO - Processing file /home/airflow/.local/lib/python3.7/site-packages/airflow/example_dags/example_xcom.py for tasks to queue
[2023-03-21T09:04:49.677+0000] {logging_mixin.py:137} INFO - [2023-03-21T09:04:49.677+0000] {dagbag.py:532} INFO - Filling up the DagBag from /home/airflow/.local/lib/python3.7/site-packages/airflow/example_dags/example_xcom.py
[2023-03-21T09:04:49.698+0000] {processor.py:753} INFO - DAG(s) dict_keys(['example_xcom']) retrieved from /home/airflow/.local/lib/python3.7/site-packages/airflow/example_dags/example_xcom.py
[2023-03-21T09:04:49.724+0000] {logging_mixin.py:137} INFO - [2023-03-21T09:04:49.723+0000] {dag.py:2693} INFO - Sync 1 DAGs
[2023-03-21T09:04:49.751+0000] {logging_mixin.py:137} INFO - [2023-03-21T09:04:49.751+0000] {dag.py:3444} INFO - Setting next_dagrun for example_xcom to 2021-01-01T00:00:00+00:00, run_after=2021-01-01T00:00:00+00:00
[2023-03-21T09:04:49.777+0000] {processor.py:175} INFO - Processing /home/airflow/.local/lib/python3.7/site-packages/airflow/example_dags/example_xcom.py took 0.104 seconds
