[2023-03-21T08:56:45.558+0000] {processor.py:153} INFO - Started process (PID=184) to work on /home/airflow/.local/lib/python3.7/site-packages/airflow/example_dags/example_short_circuit_operator.py
[2023-03-21T08:56:45.559+0000] {processor.py:743} INFO - Processing file /home/airflow/.local/lib/python3.7/site-packages/airflow/example_dags/example_short_circuit_operator.py for tasks to queue
[2023-03-21T08:56:45.559+0000] {logging_mixin.py:137} INFO - [2023-03-21T08:56:45.559+0000] {dagbag.py:532} INFO - Filling up the DagBag from /home/airflow/.local/lib/python3.7/site-packages/airflow/example_dags/example_short_circuit_operator.py
[2023-03-21T08:56:45.583+0000] {processor.py:753} INFO - DAG(s) dict_keys(['example_short_circuit_operator']) retrieved from /home/airflow/.local/lib/python3.7/site-packages/airflow/example_dags/example_short_circuit_operator.py
[2023-03-21T08:56:45.622+0000] {logging_mixin.py:137} INFO - [2023-03-21T08:56:45.622+0000] {dag.py:2693} INFO - Sync 1 DAGs
[2023-03-21T08:56:45.652+0000] {logging_mixin.py:137} INFO - [2023-03-21T08:56:45.652+0000] {dag.py:3444} INFO - Setting next_dagrun for example_short_circuit_operator to 2023-03-20T08:56:45.651774+00:00, run_after=2023-03-21T08:56:45.651774+00:00
[2023-03-21T08:56:45.677+0000] {processor.py:175} INFO - Processing /home/airflow/.local/lib/python3.7/site-packages/airflow/example_dags/example_short_circuit_operator.py took 0.122 seconds
[2023-03-21T08:57:16.742+0000] {processor.py:153} INFO - Started process (PID=401) to work on /home/airflow/.local/lib/python3.7/site-packages/airflow/example_dags/example_short_circuit_operator.py
[2023-03-21T08:57:16.743+0000] {processor.py:743} INFO - Processing file /home/airflow/.local/lib/python3.7/site-packages/airflow/example_dags/example_short_circuit_operator.py for tasks to queue
[2023-03-21T08:57:16.744+0000] {logging_mixin.py:137} INFO - [2023-03-21T08:57:16.744+0000] {dagbag.py:532} INFO - Filling up the DagBag from /home/airflow/.local/lib/python3.7/site-packages/airflow/example_dags/example_short_circuit_operator.py
[2023-03-21T08:57:16.758+0000] {processor.py:753} INFO - DAG(s) dict_keys(['example_short_circuit_operator']) retrieved from /home/airflow/.local/lib/python3.7/site-packages/airflow/example_dags/example_short_circuit_operator.py
[2023-03-21T08:57:16.788+0000] {logging_mixin.py:137} INFO - [2023-03-21T08:57:16.788+0000] {dag.py:2693} INFO - Sync 1 DAGs
[2023-03-21T08:57:16.819+0000] {logging_mixin.py:137} INFO - [2023-03-21T08:57:16.819+0000] {dag.py:3444} INFO - Setting next_dagrun for example_short_circuit_operator to 2023-03-20T08:57:16.818586+00:00, run_after=2023-03-21T08:57:16.818586+00:00
[2023-03-21T08:57:16.847+0000] {processor.py:175} INFO - Processing /home/airflow/.local/lib/python3.7/site-packages/airflow/example_dags/example_short_circuit_operator.py took 0.108 seconds
[2023-03-21T08:57:47.912+0000] {processor.py:153} INFO - Started process (PID=618) to work on /home/airflow/.local/lib/python3.7/site-packages/airflow/example_dags/example_short_circuit_operator.py
[2023-03-21T08:57:47.913+0000] {processor.py:743} INFO - Processing file /home/airflow/.local/lib/python3.7/site-packages/airflow/example_dags/example_short_circuit_operator.py for tasks to queue
[2023-03-21T08:57:47.914+0000] {logging_mixin.py:137} INFO - [2023-03-21T08:57:47.914+0000] {dagbag.py:532} INFO - Filling up the DagBag from /home/airflow/.local/lib/python3.7/site-packages/airflow/example_dags/example_short_circuit_operator.py
[2023-03-21T08:57:47.929+0000] {processor.py:753} INFO - DAG(s) dict_keys(['example_short_circuit_operator']) retrieved from /home/airflow/.local/lib/python3.7/site-packages/airflow/example_dags/example_short_circuit_operator.py
[2023-03-21T08:57:47.957+0000] {logging_mixin.py:137} INFO - [2023-03-21T08:57:47.957+0000] {dag.py:2693} INFO - Sync 1 DAGs
[2023-03-21T08:57:47.983+0000] {logging_mixin.py:137} INFO - [2023-03-21T08:57:47.983+0000] {dag.py:3444} INFO - Setting next_dagrun for example_short_circuit_operator to 2023-03-20T08:57:47.983061+00:00, run_after=2023-03-21T08:57:47.983061+00:00
[2023-03-21T08:57:48.007+0000] {processor.py:175} INFO - Processing /home/airflow/.local/lib/python3.7/site-packages/airflow/example_dags/example_short_circuit_operator.py took 0.098 seconds
[2023-03-21T08:58:19.034+0000] {processor.py:153} INFO - Started process (PID=835) to work on /home/airflow/.local/lib/python3.7/site-packages/airflow/example_dags/example_short_circuit_operator.py
[2023-03-21T08:58:19.035+0000] {processor.py:743} INFO - Processing file /home/airflow/.local/lib/python3.7/site-packages/airflow/example_dags/example_short_circuit_operator.py for tasks to queue
[2023-03-21T08:58:19.036+0000] {logging_mixin.py:137} INFO - [2023-03-21T08:58:19.036+0000] {dagbag.py:532} INFO - Filling up the DagBag from /home/airflow/.local/lib/python3.7/site-packages/airflow/example_dags/example_short_circuit_operator.py
[2023-03-21T08:58:19.052+0000] {processor.py:753} INFO - DAG(s) dict_keys(['example_short_circuit_operator']) retrieved from /home/airflow/.local/lib/python3.7/site-packages/airflow/example_dags/example_short_circuit_operator.py
[2023-03-21T08:58:19.094+0000] {logging_mixin.py:137} INFO - [2023-03-21T08:58:19.094+0000] {dag.py:2693} INFO - Sync 1 DAGs
[2023-03-21T08:58:19.125+0000] {logging_mixin.py:137} INFO - [2023-03-21T08:58:19.124+0000] {dag.py:3444} INFO - Setting next_dagrun for example_short_circuit_operator to 2023-03-20T08:58:19.124710+00:00, run_after=2023-03-21T08:58:19.124710+00:00
[2023-03-21T08:58:19.152+0000] {processor.py:175} INFO - Processing /home/airflow/.local/lib/python3.7/site-packages/airflow/example_dags/example_short_circuit_operator.py took 0.121 seconds
[2023-03-21T08:58:50.087+0000] {processor.py:153} INFO - Started process (PID=1052) to work on /home/airflow/.local/lib/python3.7/site-packages/airflow/example_dags/example_short_circuit_operator.py
[2023-03-21T08:58:50.088+0000] {processor.py:743} INFO - Processing file /home/airflow/.local/lib/python3.7/site-packages/airflow/example_dags/example_short_circuit_operator.py for tasks to queue
[2023-03-21T08:58:50.088+0000] {logging_mixin.py:137} INFO - [2023-03-21T08:58:50.088+0000] {dagbag.py:532} INFO - Filling up the DagBag from /home/airflow/.local/lib/python3.7/site-packages/airflow/example_dags/example_short_circuit_operator.py
[2023-03-21T08:58:50.102+0000] {processor.py:753} INFO - DAG(s) dict_keys(['example_short_circuit_operator']) retrieved from /home/airflow/.local/lib/python3.7/site-packages/airflow/example_dags/example_short_circuit_operator.py
[2023-03-21T08:58:50.132+0000] {logging_mixin.py:137} INFO - [2023-03-21T08:58:50.131+0000] {dag.py:2693} INFO - Sync 1 DAGs
[2023-03-21T08:58:50.165+0000] {logging_mixin.py:137} INFO - [2023-03-21T08:58:50.165+0000] {dag.py:3444} INFO - Setting next_dagrun for example_short_circuit_operator to 2023-03-20T08:58:50.164784+00:00, run_after=2023-03-21T08:58:50.164784+00:00
[2023-03-21T08:58:50.195+0000] {processor.py:175} INFO - Processing /home/airflow/.local/lib/python3.7/site-packages/airflow/example_dags/example_short_circuit_operator.py took 0.111 seconds
[2023-03-21T08:59:21.139+0000] {processor.py:153} INFO - Started process (PID=1269) to work on /home/airflow/.local/lib/python3.7/site-packages/airflow/example_dags/example_short_circuit_operator.py
[2023-03-21T08:59:21.139+0000] {processor.py:743} INFO - Processing file /home/airflow/.local/lib/python3.7/site-packages/airflow/example_dags/example_short_circuit_operator.py for tasks to queue
[2023-03-21T08:59:21.140+0000] {logging_mixin.py:137} INFO - [2023-03-21T08:59:21.140+0000] {dagbag.py:532} INFO - Filling up the DagBag from /home/airflow/.local/lib/python3.7/site-packages/airflow/example_dags/example_short_circuit_operator.py
[2023-03-21T08:59:21.155+0000] {processor.py:753} INFO - DAG(s) dict_keys(['example_short_circuit_operator']) retrieved from /home/airflow/.local/lib/python3.7/site-packages/airflow/example_dags/example_short_circuit_operator.py
[2023-03-21T08:59:21.186+0000] {logging_mixin.py:137} INFO - [2023-03-21T08:59:21.186+0000] {dag.py:2693} INFO - Sync 1 DAGs
[2023-03-21T08:59:21.222+0000] {logging_mixin.py:137} INFO - [2023-03-21T08:59:21.222+0000] {dag.py:3444} INFO - Setting next_dagrun for example_short_circuit_operator to 2023-03-20T08:59:21.222237+00:00, run_after=2023-03-21T08:59:21.222237+00:00
[2023-03-21T08:59:21.252+0000] {processor.py:175} INFO - Processing /home/airflow/.local/lib/python3.7/site-packages/airflow/example_dags/example_short_circuit_operator.py took 0.115 seconds
[2023-03-21T08:59:52.157+0000] {processor.py:153} INFO - Started process (PID=1486) to work on /home/airflow/.local/lib/python3.7/site-packages/airflow/example_dags/example_short_circuit_operator.py
[2023-03-21T08:59:52.158+0000] {processor.py:743} INFO - Processing file /home/airflow/.local/lib/python3.7/site-packages/airflow/example_dags/example_short_circuit_operator.py for tasks to queue
[2023-03-21T08:59:52.158+0000] {logging_mixin.py:137} INFO - [2023-03-21T08:59:52.158+0000] {dagbag.py:532} INFO - Filling up the DagBag from /home/airflow/.local/lib/python3.7/site-packages/airflow/example_dags/example_short_circuit_operator.py
[2023-03-21T08:59:52.172+0000] {processor.py:753} INFO - DAG(s) dict_keys(['example_short_circuit_operator']) retrieved from /home/airflow/.local/lib/python3.7/site-packages/airflow/example_dags/example_short_circuit_operator.py
[2023-03-21T08:59:52.202+0000] {logging_mixin.py:137} INFO - [2023-03-21T08:59:52.201+0000] {dag.py:2693} INFO - Sync 1 DAGs
[2023-03-21T08:59:52.230+0000] {logging_mixin.py:137} INFO - [2023-03-21T08:59:52.230+0000] {dag.py:3444} INFO - Setting next_dagrun for example_short_circuit_operator to 2023-03-20T08:59:52.229932+00:00, run_after=2023-03-21T08:59:52.229932+00:00
[2023-03-21T08:59:52.255+0000] {processor.py:175} INFO - Processing /home/airflow/.local/lib/python3.7/site-packages/airflow/example_dags/example_short_circuit_operator.py took 0.101 seconds
[2023-03-21T09:00:22.530+0000] {processor.py:153} INFO - Started process (PID=1703) to work on /home/airflow/.local/lib/python3.7/site-packages/airflow/example_dags/example_short_circuit_operator.py
[2023-03-21T09:00:22.530+0000] {processor.py:743} INFO - Processing file /home/airflow/.local/lib/python3.7/site-packages/airflow/example_dags/example_short_circuit_operator.py for tasks to queue
[2023-03-21T09:00:22.531+0000] {logging_mixin.py:137} INFO - [2023-03-21T09:00:22.531+0000] {dagbag.py:532} INFO - Filling up the DagBag from /home/airflow/.local/lib/python3.7/site-packages/airflow/example_dags/example_short_circuit_operator.py
[2023-03-21T09:00:22.545+0000] {processor.py:753} INFO - DAG(s) dict_keys(['example_short_circuit_operator']) retrieved from /home/airflow/.local/lib/python3.7/site-packages/airflow/example_dags/example_short_circuit_operator.py
[2023-03-21T09:00:22.572+0000] {logging_mixin.py:137} INFO - [2023-03-21T09:00:22.572+0000] {dag.py:2693} INFO - Sync 1 DAGs
[2023-03-21T09:00:22.599+0000] {logging_mixin.py:137} INFO - [2023-03-21T09:00:22.599+0000] {dag.py:3444} INFO - Setting next_dagrun for example_short_circuit_operator to 2023-03-20T09:00:22.599270+00:00, run_after=2023-03-21T09:00:22.599270+00:00
[2023-03-21T09:00:22.621+0000] {processor.py:175} INFO - Processing /home/airflow/.local/lib/python3.7/site-packages/airflow/example_dags/example_short_circuit_operator.py took 0.094 seconds
[2023-03-21T09:01:44.767+0000] {processor.py:153} INFO - Started process (PID=184) to work on /home/airflow/.local/lib/python3.7/site-packages/airflow/example_dags/example_short_circuit_operator.py
[2023-03-21T09:01:44.768+0000] {processor.py:743} INFO - Processing file /home/airflow/.local/lib/python3.7/site-packages/airflow/example_dags/example_short_circuit_operator.py for tasks to queue
[2023-03-21T09:01:44.768+0000] {logging_mixin.py:137} INFO - [2023-03-21T09:01:44.768+0000] {dagbag.py:532} INFO - Filling up the DagBag from /home/airflow/.local/lib/python3.7/site-packages/airflow/example_dags/example_short_circuit_operator.py
[2023-03-21T09:01:44.783+0000] {processor.py:753} INFO - DAG(s) dict_keys(['example_short_circuit_operator']) retrieved from /home/airflow/.local/lib/python3.7/site-packages/airflow/example_dags/example_short_circuit_operator.py
[2023-03-21T09:01:44.812+0000] {logging_mixin.py:137} INFO - [2023-03-21T09:01:44.812+0000] {dag.py:2693} INFO - Sync 1 DAGs
[2023-03-21T09:01:44.845+0000] {logging_mixin.py:137} INFO - [2023-03-21T09:01:44.845+0000] {dag.py:3444} INFO - Setting next_dagrun for example_short_circuit_operator to 2023-03-20T09:01:44.844869+00:00, run_after=2023-03-21T09:01:44.844869+00:00
[2023-03-21T09:01:44.873+0000] {processor.py:175} INFO - Processing /home/airflow/.local/lib/python3.7/site-packages/airflow/example_dags/example_short_circuit_operator.py took 0.109 seconds
[2023-03-21T09:02:15.807+0000] {processor.py:153} INFO - Started process (PID=401) to work on /home/airflow/.local/lib/python3.7/site-packages/airflow/example_dags/example_short_circuit_operator.py
[2023-03-21T09:02:15.808+0000] {processor.py:743} INFO - Processing file /home/airflow/.local/lib/python3.7/site-packages/airflow/example_dags/example_short_circuit_operator.py for tasks to queue
[2023-03-21T09:02:15.808+0000] {logging_mixin.py:137} INFO - [2023-03-21T09:02:15.808+0000] {dagbag.py:532} INFO - Filling up the DagBag from /home/airflow/.local/lib/python3.7/site-packages/airflow/example_dags/example_short_circuit_operator.py
[2023-03-21T09:02:15.821+0000] {processor.py:753} INFO - DAG(s) dict_keys(['example_short_circuit_operator']) retrieved from /home/airflow/.local/lib/python3.7/site-packages/airflow/example_dags/example_short_circuit_operator.py
[2023-03-21T09:02:15.847+0000] {logging_mixin.py:137} INFO - [2023-03-21T09:02:15.847+0000] {dag.py:2693} INFO - Sync 1 DAGs
[2023-03-21T09:02:15.874+0000] {logging_mixin.py:137} INFO - [2023-03-21T09:02:15.874+0000] {dag.py:3444} INFO - Setting next_dagrun for example_short_circuit_operator to 2023-03-20T09:02:15.874472+00:00, run_after=2023-03-21T09:02:15.874472+00:00
[2023-03-21T09:02:15.896+0000] {processor.py:175} INFO - Processing /home/airflow/.local/lib/python3.7/site-packages/airflow/example_dags/example_short_circuit_operator.py took 0.091 seconds
[2023-03-21T09:02:46.614+0000] {processor.py:153} INFO - Started process (PID=618) to work on /home/airflow/.local/lib/python3.7/site-packages/airflow/example_dags/example_short_circuit_operator.py
[2023-03-21T09:02:46.615+0000] {processor.py:743} INFO - Processing file /home/airflow/.local/lib/python3.7/site-packages/airflow/example_dags/example_short_circuit_operator.py for tasks to queue
[2023-03-21T09:02:46.615+0000] {logging_mixin.py:137} INFO - [2023-03-21T09:02:46.615+0000] {dagbag.py:532} INFO - Filling up the DagBag from /home/airflow/.local/lib/python3.7/site-packages/airflow/example_dags/example_short_circuit_operator.py
[2023-03-21T09:02:46.630+0000] {processor.py:753} INFO - DAG(s) dict_keys(['example_short_circuit_operator']) retrieved from /home/airflow/.local/lib/python3.7/site-packages/airflow/example_dags/example_short_circuit_operator.py
[2023-03-21T09:02:46.660+0000] {logging_mixin.py:137} INFO - [2023-03-21T09:02:46.660+0000] {dag.py:2693} INFO - Sync 1 DAGs
[2023-03-21T09:02:46.687+0000] {logging_mixin.py:137} INFO - [2023-03-21T09:02:46.687+0000] {dag.py:3444} INFO - Setting next_dagrun for example_short_circuit_operator to 2023-03-20T09:02:46.687512+00:00, run_after=2023-03-21T09:02:46.687512+00:00
[2023-03-21T09:02:46.710+0000] {processor.py:175} INFO - Processing /home/airflow/.local/lib/python3.7/site-packages/airflow/example_dags/example_short_circuit_operator.py took 0.098 seconds
[2023-03-21T09:03:17.407+0000] {processor.py:153} INFO - Started process (PID=835) to work on /home/airflow/.local/lib/python3.7/site-packages/airflow/example_dags/example_short_circuit_operator.py
[2023-03-21T09:03:17.408+0000] {processor.py:743} INFO - Processing file /home/airflow/.local/lib/python3.7/site-packages/airflow/example_dags/example_short_circuit_operator.py for tasks to queue
[2023-03-21T09:03:17.408+0000] {logging_mixin.py:137} INFO - [2023-03-21T09:03:17.408+0000] {dagbag.py:532} INFO - Filling up the DagBag from /home/airflow/.local/lib/python3.7/site-packages/airflow/example_dags/example_short_circuit_operator.py
[2023-03-21T09:03:17.421+0000] {processor.py:753} INFO - DAG(s) dict_keys(['example_short_circuit_operator']) retrieved from /home/airflow/.local/lib/python3.7/site-packages/airflow/example_dags/example_short_circuit_operator.py
[2023-03-21T09:03:17.448+0000] {logging_mixin.py:137} INFO - [2023-03-21T09:03:17.447+0000] {dag.py:2693} INFO - Sync 1 DAGs
[2023-03-21T09:03:17.475+0000] {logging_mixin.py:137} INFO - [2023-03-21T09:03:17.475+0000] {dag.py:3444} INFO - Setting next_dagrun for example_short_circuit_operator to 2023-03-20T09:03:17.474797+00:00, run_after=2023-03-21T09:03:17.474797+00:00
[2023-03-21T09:03:17.500+0000] {processor.py:175} INFO - Processing /home/airflow/.local/lib/python3.7/site-packages/airflow/example_dags/example_short_circuit_operator.py took 0.095 seconds
[2023-03-21T09:03:48.145+0000] {processor.py:153} INFO - Started process (PID=1052) to work on /home/airflow/.local/lib/python3.7/site-packages/airflow/example_dags/example_short_circuit_operator.py
[2023-03-21T09:03:48.146+0000] {processor.py:743} INFO - Processing file /home/airflow/.local/lib/python3.7/site-packages/airflow/example_dags/example_short_circuit_operator.py for tasks to queue
[2023-03-21T09:03:48.147+0000] {logging_mixin.py:137} INFO - [2023-03-21T09:03:48.147+0000] {dagbag.py:532} INFO - Filling up the DagBag from /home/airflow/.local/lib/python3.7/site-packages/airflow/example_dags/example_short_circuit_operator.py
[2023-03-21T09:03:48.160+0000] {processor.py:753} INFO - DAG(s) dict_keys(['example_short_circuit_operator']) retrieved from /home/airflow/.local/lib/python3.7/site-packages/airflow/example_dags/example_short_circuit_operator.py
[2023-03-21T09:03:48.195+0000] {logging_mixin.py:137} INFO - [2023-03-21T09:03:48.194+0000] {dag.py:2693} INFO - Sync 1 DAGs
[2023-03-21T09:03:48.222+0000] {logging_mixin.py:137} INFO - [2023-03-21T09:03:48.222+0000] {dag.py:3444} INFO - Setting next_dagrun for example_short_circuit_operator to 2023-03-20T09:03:48.222325+00:00, run_after=2023-03-21T09:03:48.222325+00:00
[2023-03-21T09:03:48.245+0000] {processor.py:175} INFO - Processing /home/airflow/.local/lib/python3.7/site-packages/airflow/example_dags/example_short_circuit_operator.py took 0.103 seconds
[2023-03-21T09:04:18.841+0000] {processor.py:153} INFO - Started process (PID=1269) to work on /home/airflow/.local/lib/python3.7/site-packages/airflow/example_dags/example_short_circuit_operator.py
[2023-03-21T09:04:18.841+0000] {processor.py:743} INFO - Processing file /home/airflow/.local/lib/python3.7/site-packages/airflow/example_dags/example_short_circuit_operator.py for tasks to queue
[2023-03-21T09:04:18.842+0000] {logging_mixin.py:137} INFO - [2023-03-21T09:04:18.842+0000] {dagbag.py:532} INFO - Filling up the DagBag from /home/airflow/.local/lib/python3.7/site-packages/airflow/example_dags/example_short_circuit_operator.py
[2023-03-21T09:04:18.854+0000] {processor.py:753} INFO - DAG(s) dict_keys(['example_short_circuit_operator']) retrieved from /home/airflow/.local/lib/python3.7/site-packages/airflow/example_dags/example_short_circuit_operator.py
[2023-03-21T09:04:18.879+0000] {logging_mixin.py:137} INFO - [2023-03-21T09:04:18.879+0000] {dag.py:2693} INFO - Sync 1 DAGs
[2023-03-21T09:04:18.904+0000] {logging_mixin.py:137} INFO - [2023-03-21T09:04:18.904+0000] {dag.py:3444} INFO - Setting next_dagrun for example_short_circuit_operator to 2023-03-20T09:04:18.903924+00:00, run_after=2023-03-21T09:04:18.903924+00:00
[2023-03-21T09:04:18.926+0000] {processor.py:175} INFO - Processing /home/airflow/.local/lib/python3.7/site-packages/airflow/example_dags/example_short_circuit_operator.py took 0.087 seconds
[2023-03-21T09:04:49.627+0000] {processor.py:153} INFO - Started process (PID=1486) to work on /home/airflow/.local/lib/python3.7/site-packages/airflow/example_dags/example_short_circuit_operator.py
[2023-03-21T09:04:49.628+0000] {processor.py:743} INFO - Processing file /home/airflow/.local/lib/python3.7/site-packages/airflow/example_dags/example_short_circuit_operator.py for tasks to queue
[2023-03-21T09:04:49.628+0000] {logging_mixin.py:137} INFO - [2023-03-21T09:04:49.628+0000] {dagbag.py:532} INFO - Filling up the DagBag from /home/airflow/.local/lib/python3.7/site-packages/airflow/example_dags/example_short_circuit_operator.py
[2023-03-21T09:04:49.642+0000] {processor.py:753} INFO - DAG(s) dict_keys(['example_short_circuit_operator']) retrieved from /home/airflow/.local/lib/python3.7/site-packages/airflow/example_dags/example_short_circuit_operator.py
[2023-03-21T09:04:49.671+0000] {logging_mixin.py:137} INFO - [2023-03-21T09:04:49.671+0000] {dag.py:2693} INFO - Sync 1 DAGs
[2023-03-21T09:04:49.702+0000] {logging_mixin.py:137} INFO - [2023-03-21T09:04:49.702+0000] {dag.py:3444} INFO - Setting next_dagrun for example_short_circuit_operator to 2023-03-20T09:04:49.702449+00:00, run_after=2023-03-21T09:04:49.702449+00:00
[2023-03-21T09:04:49.725+0000] {processor.py:175} INFO - Processing /home/airflow/.local/lib/python3.7/site-packages/airflow/example_dags/example_short_circuit_operator.py took 0.101 seconds
