[2023-03-21T08:56:47.331+0000] {processor.py:153} INFO - Started process (PID=309) to work on /home/airflow/.local/lib/python3.7/site-packages/airflow/example_dags/example_branch_datetime_operator.py
[2023-03-21T08:56:47.331+0000] {processor.py:743} INFO - Processing file /home/airflow/.local/lib/python3.7/site-packages/airflow/example_dags/example_branch_datetime_operator.py for tasks to queue
[2023-03-21T08:56:47.332+0000] {logging_mixin.py:137} INFO - [2023-03-21T08:56:47.332+0000] {dagbag.py:532} INFO - Filling up the DagBag from /home/airflow/.local/lib/python3.7/site-packages/airflow/example_dags/example_branch_datetime_operator.py
[2023-03-21T08:56:47.351+0000] {processor.py:753} INFO - DAG(s) dict_keys(['example_branch_datetime_operator', 'example_branch_datetime_operator_2', 'example_branch_datetime_operator_3']) retrieved from /home/airflow/.local/lib/python3.7/site-packages/airflow/example_dags/example_branch_datetime_operator.py
[2023-03-21T08:56:47.386+0000] {logging_mixin.py:137} INFO - [2023-03-21T08:56:47.386+0000] {dag.py:2693} INFO - Sync 3 DAGs
[2023-03-21T08:56:47.414+0000] {logging_mixin.py:137} INFO - [2023-03-21T08:56:47.414+0000] {dag.py:3444} INFO - Setting next_dagrun for example_branch_datetime_operator to 2023-03-20T00:00:00+00:00, run_after=2023-03-21T00:00:00+00:00
[2023-03-21T08:56:47.420+0000] {logging_mixin.py:137} INFO - [2023-03-21T08:56:47.419+0000] {dag.py:3444} INFO - Setting next_dagrun for example_branch_datetime_operator_2 to 2023-03-20T00:00:00+00:00, run_after=2023-03-21T00:00:00+00:00
[2023-03-21T08:56:47.423+0000] {logging_mixin.py:137} INFO - [2023-03-21T08:56:47.423+0000] {dag.py:3444} INFO - Setting next_dagrun for example_branch_datetime_operator_3 to 2023-03-20T00:00:00+00:00, run_after=2023-03-21T00:00:00+00:00
[2023-03-21T08:56:47.446+0000] {processor.py:175} INFO - Processing /home/airflow/.local/lib/python3.7/site-packages/airflow/example_dags/example_branch_datetime_operator.py took 0.118 seconds
[2023-03-21T08:57:18.517+0000] {processor.py:153} INFO - Started process (PID=526) to work on /home/airflow/.local/lib/python3.7/site-packages/airflow/example_dags/example_branch_datetime_operator.py
[2023-03-21T08:57:18.518+0000] {processor.py:743} INFO - Processing file /home/airflow/.local/lib/python3.7/site-packages/airflow/example_dags/example_branch_datetime_operator.py for tasks to queue
[2023-03-21T08:57:18.519+0000] {logging_mixin.py:137} INFO - [2023-03-21T08:57:18.519+0000] {dagbag.py:532} INFO - Filling up the DagBag from /home/airflow/.local/lib/python3.7/site-packages/airflow/example_dags/example_branch_datetime_operator.py
[2023-03-21T08:57:18.552+0000] {processor.py:753} INFO - DAG(s) dict_keys(['example_branch_datetime_operator_3', 'example_branch_datetime_operator_2', 'example_branch_datetime_operator']) retrieved from /home/airflow/.local/lib/python3.7/site-packages/airflow/example_dags/example_branch_datetime_operator.py
[2023-03-21T08:57:18.590+0000] {logging_mixin.py:137} INFO - [2023-03-21T08:57:18.590+0000] {dag.py:2693} INFO - Sync 3 DAGs
[2023-03-21T08:57:18.623+0000] {logging_mixin.py:137} INFO - [2023-03-21T08:57:18.622+0000] {dag.py:3444} INFO - Setting next_dagrun for example_branch_datetime_operator to 2023-03-20T00:00:00+00:00, run_after=2023-03-21T00:00:00+00:00
[2023-03-21T08:57:18.629+0000] {logging_mixin.py:137} INFO - [2023-03-21T08:57:18.629+0000] {dag.py:3444} INFO - Setting next_dagrun for example_branch_datetime_operator_2 to 2023-03-20T00:00:00+00:00, run_after=2023-03-21T00:00:00+00:00
[2023-03-21T08:57:18.632+0000] {logging_mixin.py:137} INFO - [2023-03-21T08:57:18.632+0000] {dag.py:3444} INFO - Setting next_dagrun for example_branch_datetime_operator_3 to 2023-03-20T00:00:00+00:00, run_after=2023-03-21T00:00:00+00:00
[2023-03-21T08:57:18.657+0000] {processor.py:175} INFO - Processing /home/airflow/.local/lib/python3.7/site-packages/airflow/example_dags/example_branch_datetime_operator.py took 0.143 seconds
[2023-03-21T08:57:49.673+0000] {processor.py:153} INFO - Started process (PID=743) to work on /home/airflow/.local/lib/python3.7/site-packages/airflow/example_dags/example_branch_datetime_operator.py
[2023-03-21T08:57:49.675+0000] {processor.py:743} INFO - Processing file /home/airflow/.local/lib/python3.7/site-packages/airflow/example_dags/example_branch_datetime_operator.py for tasks to queue
[2023-03-21T08:57:49.676+0000] {logging_mixin.py:137} INFO - [2023-03-21T08:57:49.675+0000] {dagbag.py:532} INFO - Filling up the DagBag from /home/airflow/.local/lib/python3.7/site-packages/airflow/example_dags/example_branch_datetime_operator.py
[2023-03-21T08:57:49.692+0000] {processor.py:753} INFO - DAG(s) dict_keys(['example_branch_datetime_operator_3', 'example_branch_datetime_operator', 'example_branch_datetime_operator_2']) retrieved from /home/airflow/.local/lib/python3.7/site-packages/airflow/example_dags/example_branch_datetime_operator.py
[2023-03-21T08:57:49.729+0000] {logging_mixin.py:137} INFO - [2023-03-21T08:57:49.729+0000] {dag.py:2693} INFO - Sync 3 DAGs
[2023-03-21T08:57:49.759+0000] {logging_mixin.py:137} INFO - [2023-03-21T08:57:49.759+0000] {dag.py:3444} INFO - Setting next_dagrun for example_branch_datetime_operator to 2023-03-20T00:00:00+00:00, run_after=2023-03-21T00:00:00+00:00
[2023-03-21T08:57:49.764+0000] {logging_mixin.py:137} INFO - [2023-03-21T08:57:49.764+0000] {dag.py:3444} INFO - Setting next_dagrun for example_branch_datetime_operator_2 to 2023-03-20T00:00:00+00:00, run_after=2023-03-21T00:00:00+00:00
[2023-03-21T08:57:49.767+0000] {logging_mixin.py:137} INFO - [2023-03-21T08:57:49.767+0000] {dag.py:3444} INFO - Setting next_dagrun for example_branch_datetime_operator_3 to 2023-03-20T00:00:00+00:00, run_after=2023-03-21T00:00:00+00:00
[2023-03-21T08:57:49.790+0000] {processor.py:175} INFO - Processing /home/airflow/.local/lib/python3.7/site-packages/airflow/example_dags/example_branch_datetime_operator.py took 0.120 seconds
[2023-03-21T08:58:20.900+0000] {processor.py:153} INFO - Started process (PID=960) to work on /home/airflow/.local/lib/python3.7/site-packages/airflow/example_dags/example_branch_datetime_operator.py
[2023-03-21T08:58:20.900+0000] {processor.py:743} INFO - Processing file /home/airflow/.local/lib/python3.7/site-packages/airflow/example_dags/example_branch_datetime_operator.py for tasks to queue
[2023-03-21T08:58:20.901+0000] {logging_mixin.py:137} INFO - [2023-03-21T08:58:20.901+0000] {dagbag.py:532} INFO - Filling up the DagBag from /home/airflow/.local/lib/python3.7/site-packages/airflow/example_dags/example_branch_datetime_operator.py
[2023-03-21T08:58:20.923+0000] {processor.py:753} INFO - DAG(s) dict_keys(['example_branch_datetime_operator_2', 'example_branch_datetime_operator', 'example_branch_datetime_operator_3']) retrieved from /home/airflow/.local/lib/python3.7/site-packages/airflow/example_dags/example_branch_datetime_operator.py
[2023-03-21T08:58:20.964+0000] {logging_mixin.py:137} INFO - [2023-03-21T08:58:20.963+0000] {dag.py:2693} INFO - Sync 3 DAGs
[2023-03-21T08:58:21.002+0000] {logging_mixin.py:137} INFO - [2023-03-21T08:58:21.002+0000] {dag.py:3444} INFO - Setting next_dagrun for example_branch_datetime_operator to 2023-03-20T00:00:00+00:00, run_after=2023-03-21T00:00:00+00:00
[2023-03-21T08:58:21.008+0000] {logging_mixin.py:137} INFO - [2023-03-21T08:58:21.007+0000] {dag.py:3444} INFO - Setting next_dagrun for example_branch_datetime_operator_2 to 2023-03-20T00:00:00+00:00, run_after=2023-03-21T00:00:00+00:00
[2023-03-21T08:58:21.012+0000] {logging_mixin.py:137} INFO - [2023-03-21T08:58:21.012+0000] {dag.py:3444} INFO - Setting next_dagrun for example_branch_datetime_operator_3 to 2023-03-20T00:00:00+00:00, run_after=2023-03-21T00:00:00+00:00
[2023-03-21T08:58:21.037+0000] {processor.py:175} INFO - Processing /home/airflow/.local/lib/python3.7/site-packages/airflow/example_dags/example_branch_datetime_operator.py took 0.140 seconds
[2023-03-21T08:58:51.976+0000] {processor.py:153} INFO - Started process (PID=1177) to work on /home/airflow/.local/lib/python3.7/site-packages/airflow/example_dags/example_branch_datetime_operator.py
[2023-03-21T08:58:51.977+0000] {processor.py:743} INFO - Processing file /home/airflow/.local/lib/python3.7/site-packages/airflow/example_dags/example_branch_datetime_operator.py for tasks to queue
[2023-03-21T08:58:51.978+0000] {logging_mixin.py:137} INFO - [2023-03-21T08:58:51.978+0000] {dagbag.py:532} INFO - Filling up the DagBag from /home/airflow/.local/lib/python3.7/site-packages/airflow/example_dags/example_branch_datetime_operator.py
[2023-03-21T08:58:51.995+0000] {processor.py:753} INFO - DAG(s) dict_keys(['example_branch_datetime_operator', 'example_branch_datetime_operator_3', 'example_branch_datetime_operator_2']) retrieved from /home/airflow/.local/lib/python3.7/site-packages/airflow/example_dags/example_branch_datetime_operator.py
[2023-03-21T08:58:52.028+0000] {logging_mixin.py:137} INFO - [2023-03-21T08:58:52.028+0000] {dag.py:2693} INFO - Sync 3 DAGs
[2023-03-21T08:58:52.058+0000] {logging_mixin.py:137} INFO - [2023-03-21T08:58:52.058+0000] {dag.py:3444} INFO - Setting next_dagrun for example_branch_datetime_operator to 2023-03-20T00:00:00+00:00, run_after=2023-03-21T00:00:00+00:00
[2023-03-21T08:58:52.064+0000] {logging_mixin.py:137} INFO - [2023-03-21T08:58:52.063+0000] {dag.py:3444} INFO - Setting next_dagrun for example_branch_datetime_operator_2 to 2023-03-20T00:00:00+00:00, run_after=2023-03-21T00:00:00+00:00
[2023-03-21T08:58:52.068+0000] {logging_mixin.py:137} INFO - [2023-03-21T08:58:52.067+0000] {dag.py:3444} INFO - Setting next_dagrun for example_branch_datetime_operator_3 to 2023-03-20T00:00:00+00:00, run_after=2023-03-21T00:00:00+00:00
[2023-03-21T08:58:52.090+0000] {processor.py:175} INFO - Processing /home/airflow/.local/lib/python3.7/site-packages/airflow/example_dags/example_branch_datetime_operator.py took 0.116 seconds
[2023-03-21T08:59:23.007+0000] {processor.py:153} INFO - Started process (PID=1396) to work on /home/airflow/.local/lib/python3.7/site-packages/airflow/example_dags/example_branch_datetime_operator.py
[2023-03-21T08:59:23.007+0000] {processor.py:743} INFO - Processing file /home/airflow/.local/lib/python3.7/site-packages/airflow/example_dags/example_branch_datetime_operator.py for tasks to queue
[2023-03-21T08:59:23.008+0000] {logging_mixin.py:137} INFO - [2023-03-21T08:59:23.008+0000] {dagbag.py:532} INFO - Filling up the DagBag from /home/airflow/.local/lib/python3.7/site-packages/airflow/example_dags/example_branch_datetime_operator.py
[2023-03-21T08:59:23.024+0000] {processor.py:753} INFO - DAG(s) dict_keys(['example_branch_datetime_operator', 'example_branch_datetime_operator_2', 'example_branch_datetime_operator_3']) retrieved from /home/airflow/.local/lib/python3.7/site-packages/airflow/example_dags/example_branch_datetime_operator.py
[2023-03-21T08:59:23.058+0000] {logging_mixin.py:137} INFO - [2023-03-21T08:59:23.058+0000] {dag.py:2693} INFO - Sync 3 DAGs
[2023-03-21T08:59:23.086+0000] {logging_mixin.py:137} INFO - [2023-03-21T08:59:23.086+0000] {dag.py:3444} INFO - Setting next_dagrun for example_branch_datetime_operator to 2023-03-20T00:00:00+00:00, run_after=2023-03-21T00:00:00+00:00
[2023-03-21T08:59:23.091+0000] {logging_mixin.py:137} INFO - [2023-03-21T08:59:23.091+0000] {dag.py:3444} INFO - Setting next_dagrun for example_branch_datetime_operator_2 to 2023-03-20T00:00:00+00:00, run_after=2023-03-21T00:00:00+00:00
[2023-03-21T08:59:23.095+0000] {logging_mixin.py:137} INFO - [2023-03-21T08:59:23.095+0000] {dag.py:3444} INFO - Setting next_dagrun for example_branch_datetime_operator_3 to 2023-03-20T00:00:00+00:00, run_after=2023-03-21T00:00:00+00:00
[2023-03-21T08:59:23.118+0000] {processor.py:175} INFO - Processing /home/airflow/.local/lib/python3.7/site-packages/airflow/example_dags/example_branch_datetime_operator.py took 0.113 seconds
[2023-03-21T08:59:54.213+0000] {processor.py:153} INFO - Started process (PID=1611) to work on /home/airflow/.local/lib/python3.7/site-packages/airflow/example_dags/example_branch_datetime_operator.py
[2023-03-21T08:59:54.214+0000] {processor.py:743} INFO - Processing file /home/airflow/.local/lib/python3.7/site-packages/airflow/example_dags/example_branch_datetime_operator.py for tasks to queue
[2023-03-21T08:59:54.215+0000] {logging_mixin.py:137} INFO - [2023-03-21T08:59:54.215+0000] {dagbag.py:532} INFO - Filling up the DagBag from /home/airflow/.local/lib/python3.7/site-packages/airflow/example_dags/example_branch_datetime_operator.py
[2023-03-21T08:59:54.232+0000] {processor.py:753} INFO - DAG(s) dict_keys(['example_branch_datetime_operator_2', 'example_branch_datetime_operator', 'example_branch_datetime_operator_3']) retrieved from /home/airflow/.local/lib/python3.7/site-packages/airflow/example_dags/example_branch_datetime_operator.py
[2023-03-21T08:59:54.267+0000] {logging_mixin.py:137} INFO - [2023-03-21T08:59:54.267+0000] {dag.py:2693} INFO - Sync 3 DAGs
[2023-03-21T08:59:54.295+0000] {logging_mixin.py:137} INFO - [2023-03-21T08:59:54.295+0000] {dag.py:3444} INFO - Setting next_dagrun for example_branch_datetime_operator to 2023-03-20T00:00:00+00:00, run_after=2023-03-21T00:00:00+00:00
[2023-03-21T08:59:54.301+0000] {logging_mixin.py:137} INFO - [2023-03-21T08:59:54.300+0000] {dag.py:3444} INFO - Setting next_dagrun for example_branch_datetime_operator_2 to 2023-03-20T00:00:00+00:00, run_after=2023-03-21T00:00:00+00:00
[2023-03-21T08:59:54.304+0000] {logging_mixin.py:137} INFO - [2023-03-21T08:59:54.303+0000] {dag.py:3444} INFO - Setting next_dagrun for example_branch_datetime_operator_3 to 2023-03-20T00:00:00+00:00, run_after=2023-03-21T00:00:00+00:00
[2023-03-21T08:59:54.324+0000] {processor.py:175} INFO - Processing /home/airflow/.local/lib/python3.7/site-packages/airflow/example_dags/example_branch_datetime_operator.py took 0.114 seconds
[2023-03-21T09:00:24.449+0000] {processor.py:153} INFO - Started process (PID=1828) to work on /home/airflow/.local/lib/python3.7/site-packages/airflow/example_dags/example_branch_datetime_operator.py
[2023-03-21T09:00:24.450+0000] {processor.py:743} INFO - Processing file /home/airflow/.local/lib/python3.7/site-packages/airflow/example_dags/example_branch_datetime_operator.py for tasks to queue
[2023-03-21T09:00:24.450+0000] {logging_mixin.py:137} INFO - [2023-03-21T09:00:24.450+0000] {dagbag.py:532} INFO - Filling up the DagBag from /home/airflow/.local/lib/python3.7/site-packages/airflow/example_dags/example_branch_datetime_operator.py
[2023-03-21T09:00:24.468+0000] {processor.py:753} INFO - DAG(s) dict_keys(['example_branch_datetime_operator_2', 'example_branch_datetime_operator_3', 'example_branch_datetime_operator']) retrieved from /home/airflow/.local/lib/python3.7/site-packages/airflow/example_dags/example_branch_datetime_operator.py
[2023-03-21T09:00:24.505+0000] {logging_mixin.py:137} INFO - [2023-03-21T09:00:24.504+0000] {dag.py:2693} INFO - Sync 3 DAGs
[2023-03-21T09:00:24.536+0000] {logging_mixin.py:137} INFO - [2023-03-21T09:00:24.536+0000] {dag.py:3444} INFO - Setting next_dagrun for example_branch_datetime_operator to 2023-03-20T00:00:00+00:00, run_after=2023-03-21T00:00:00+00:00
[2023-03-21T09:00:24.541+0000] {logging_mixin.py:137} INFO - [2023-03-21T09:00:24.541+0000] {dag.py:3444} INFO - Setting next_dagrun for example_branch_datetime_operator_2 to 2023-03-20T00:00:00+00:00, run_after=2023-03-21T00:00:00+00:00
[2023-03-21T09:00:24.545+0000] {logging_mixin.py:137} INFO - [2023-03-21T09:00:24.544+0000] {dag.py:3444} INFO - Setting next_dagrun for example_branch_datetime_operator_3 to 2023-03-20T00:00:00+00:00, run_after=2023-03-21T00:00:00+00:00
[2023-03-21T09:00:24.573+0000] {processor.py:175} INFO - Processing /home/airflow/.local/lib/python3.7/site-packages/airflow/example_dags/example_branch_datetime_operator.py took 0.126 seconds
[2023-03-21T09:01:46.491+0000] {processor.py:153} INFO - Started process (PID=309) to work on /home/airflow/.local/lib/python3.7/site-packages/airflow/example_dags/example_branch_datetime_operator.py
[2023-03-21T09:01:46.493+0000] {processor.py:743} INFO - Processing file /home/airflow/.local/lib/python3.7/site-packages/airflow/example_dags/example_branch_datetime_operator.py for tasks to queue
[2023-03-21T09:01:46.493+0000] {logging_mixin.py:137} INFO - [2023-03-21T09:01:46.493+0000] {dagbag.py:532} INFO - Filling up the DagBag from /home/airflow/.local/lib/python3.7/site-packages/airflow/example_dags/example_branch_datetime_operator.py
[2023-03-21T09:01:46.517+0000] {processor.py:753} INFO - DAG(s) dict_keys(['example_branch_datetime_operator', 'example_branch_datetime_operator_2', 'example_branch_datetime_operator_3']) retrieved from /home/airflow/.local/lib/python3.7/site-packages/airflow/example_dags/example_branch_datetime_operator.py
[2023-03-21T09:01:46.559+0000] {logging_mixin.py:137} INFO - [2023-03-21T09:01:46.559+0000] {dag.py:2693} INFO - Sync 3 DAGs
[2023-03-21T09:01:46.591+0000] {logging_mixin.py:137} INFO - [2023-03-21T09:01:46.590+0000] {dag.py:3444} INFO - Setting next_dagrun for example_branch_datetime_operator to 2023-03-20T00:00:00+00:00, run_after=2023-03-21T00:00:00+00:00
[2023-03-21T09:01:46.596+0000] {logging_mixin.py:137} INFO - [2023-03-21T09:01:46.596+0000] {dag.py:3444} INFO - Setting next_dagrun for example_branch_datetime_operator_2 to 2023-03-20T00:00:00+00:00, run_after=2023-03-21T00:00:00+00:00
[2023-03-21T09:01:46.600+0000] {logging_mixin.py:137} INFO - [2023-03-21T09:01:46.599+0000] {dag.py:3444} INFO - Setting next_dagrun for example_branch_datetime_operator_3 to 2023-03-20T00:00:00+00:00, run_after=2023-03-21T00:00:00+00:00
[2023-03-21T09:01:46.625+0000] {processor.py:175} INFO - Processing /home/airflow/.local/lib/python3.7/site-packages/airflow/example_dags/example_branch_datetime_operator.py took 0.137 seconds
[2023-03-21T09:02:17.372+0000] {processor.py:153} INFO - Started process (PID=526) to work on /home/airflow/.local/lib/python3.7/site-packages/airflow/example_dags/example_branch_datetime_operator.py
[2023-03-21T09:02:17.372+0000] {processor.py:743} INFO - Processing file /home/airflow/.local/lib/python3.7/site-packages/airflow/example_dags/example_branch_datetime_operator.py for tasks to queue
[2023-03-21T09:02:17.372+0000] {logging_mixin.py:137} INFO - [2023-03-21T09:02:17.372+0000] {dagbag.py:532} INFO - Filling up the DagBag from /home/airflow/.local/lib/python3.7/site-packages/airflow/example_dags/example_branch_datetime_operator.py
[2023-03-21T09:02:17.388+0000] {processor.py:753} INFO - DAG(s) dict_keys(['example_branch_datetime_operator_2', 'example_branch_datetime_operator_3', 'example_branch_datetime_operator']) retrieved from /home/airflow/.local/lib/python3.7/site-packages/airflow/example_dags/example_branch_datetime_operator.py
[2023-03-21T09:02:17.420+0000] {logging_mixin.py:137} INFO - [2023-03-21T09:02:17.420+0000] {dag.py:2693} INFO - Sync 3 DAGs
[2023-03-21T09:02:17.447+0000] {logging_mixin.py:137} INFO - [2023-03-21T09:02:17.447+0000] {dag.py:3444} INFO - Setting next_dagrun for example_branch_datetime_operator to 2023-03-20T00:00:00+00:00, run_after=2023-03-21T00:00:00+00:00
[2023-03-21T09:02:17.452+0000] {logging_mixin.py:137} INFO - [2023-03-21T09:02:17.452+0000] {dag.py:3444} INFO - Setting next_dagrun for example_branch_datetime_operator_2 to 2023-03-20T00:00:00+00:00, run_after=2023-03-21T00:00:00+00:00
[2023-03-21T09:02:17.455+0000] {logging_mixin.py:137} INFO - [2023-03-21T09:02:17.455+0000] {dag.py:3444} INFO - Setting next_dagrun for example_branch_datetime_operator_3 to 2023-03-20T00:00:00+00:00, run_after=2023-03-21T00:00:00+00:00
[2023-03-21T09:02:17.474+0000] {processor.py:175} INFO - Processing /home/airflow/.local/lib/python3.7/site-packages/airflow/example_dags/example_branch_datetime_operator.py took 0.105 seconds
[2023-03-21T09:02:48.179+0000] {processor.py:153} INFO - Started process (PID=743) to work on /home/airflow/.local/lib/python3.7/site-packages/airflow/example_dags/example_branch_datetime_operator.py
[2023-03-21T09:02:48.180+0000] {processor.py:743} INFO - Processing file /home/airflow/.local/lib/python3.7/site-packages/airflow/example_dags/example_branch_datetime_operator.py for tasks to queue
[2023-03-21T09:02:48.181+0000] {logging_mixin.py:137} INFO - [2023-03-21T09:02:48.181+0000] {dagbag.py:532} INFO - Filling up the DagBag from /home/airflow/.local/lib/python3.7/site-packages/airflow/example_dags/example_branch_datetime_operator.py
[2023-03-21T09:02:48.199+0000] {processor.py:753} INFO - DAG(s) dict_keys(['example_branch_datetime_operator', 'example_branch_datetime_operator_3', 'example_branch_datetime_operator_2']) retrieved from /home/airflow/.local/lib/python3.7/site-packages/airflow/example_dags/example_branch_datetime_operator.py
[2023-03-21T09:02:48.236+0000] {logging_mixin.py:137} INFO - [2023-03-21T09:02:48.236+0000] {dag.py:2693} INFO - Sync 3 DAGs
[2023-03-21T09:02:48.266+0000] {logging_mixin.py:137} INFO - [2023-03-21T09:02:48.266+0000] {dag.py:3444} INFO - Setting next_dagrun for example_branch_datetime_operator to 2023-03-20T00:00:00+00:00, run_after=2023-03-21T00:00:00+00:00
[2023-03-21T09:02:48.272+0000] {logging_mixin.py:137} INFO - [2023-03-21T09:02:48.272+0000] {dag.py:3444} INFO - Setting next_dagrun for example_branch_datetime_operator_2 to 2023-03-20T00:00:00+00:00, run_after=2023-03-21T00:00:00+00:00
[2023-03-21T09:02:48.274+0000] {logging_mixin.py:137} INFO - [2023-03-21T09:02:48.274+0000] {dag.py:3444} INFO - Setting next_dagrun for example_branch_datetime_operator_3 to 2023-03-20T00:00:00+00:00, run_after=2023-03-21T00:00:00+00:00
[2023-03-21T09:02:48.296+0000] {processor.py:175} INFO - Processing /home/airflow/.local/lib/python3.7/site-packages/airflow/example_dags/example_branch_datetime_operator.py took 0.119 seconds
[2023-03-21T09:03:18.991+0000] {processor.py:153} INFO - Started process (PID=960) to work on /home/airflow/.local/lib/python3.7/site-packages/airflow/example_dags/example_branch_datetime_operator.py
[2023-03-21T09:03:18.992+0000] {processor.py:743} INFO - Processing file /home/airflow/.local/lib/python3.7/site-packages/airflow/example_dags/example_branch_datetime_operator.py for tasks to queue
[2023-03-21T09:03:18.992+0000] {logging_mixin.py:137} INFO - [2023-03-21T09:03:18.992+0000] {dagbag.py:532} INFO - Filling up the DagBag from /home/airflow/.local/lib/python3.7/site-packages/airflow/example_dags/example_branch_datetime_operator.py
[2023-03-21T09:03:19.011+0000] {processor.py:753} INFO - DAG(s) dict_keys(['example_branch_datetime_operator', 'example_branch_datetime_operator_3', 'example_branch_datetime_operator_2']) retrieved from /home/airflow/.local/lib/python3.7/site-packages/airflow/example_dags/example_branch_datetime_operator.py
[2023-03-21T09:03:19.047+0000] {logging_mixin.py:137} INFO - [2023-03-21T09:03:19.046+0000] {dag.py:2693} INFO - Sync 3 DAGs
[2023-03-21T09:03:19.074+0000] {logging_mixin.py:137} INFO - [2023-03-21T09:03:19.073+0000] {dag.py:3444} INFO - Setting next_dagrun for example_branch_datetime_operator to 2023-03-20T00:00:00+00:00, run_after=2023-03-21T00:00:00+00:00
[2023-03-21T09:03:19.079+0000] {logging_mixin.py:137} INFO - [2023-03-21T09:03:19.078+0000] {dag.py:3444} INFO - Setting next_dagrun for example_branch_datetime_operator_2 to 2023-03-20T00:00:00+00:00, run_after=2023-03-21T00:00:00+00:00
[2023-03-21T09:03:19.081+0000] {logging_mixin.py:137} INFO - [2023-03-21T09:03:19.081+0000] {dag.py:3444} INFO - Setting next_dagrun for example_branch_datetime_operator_3 to 2023-03-20T00:00:00+00:00, run_after=2023-03-21T00:00:00+00:00
[2023-03-21T09:03:19.102+0000] {processor.py:175} INFO - Processing /home/airflow/.local/lib/python3.7/site-packages/airflow/example_dags/example_branch_datetime_operator.py took 0.113 seconds
[2023-03-21T09:03:49.728+0000] {processor.py:153} INFO - Started process (PID=1177) to work on /home/airflow/.local/lib/python3.7/site-packages/airflow/example_dags/example_branch_datetime_operator.py
[2023-03-21T09:03:49.728+0000] {processor.py:743} INFO - Processing file /home/airflow/.local/lib/python3.7/site-packages/airflow/example_dags/example_branch_datetime_operator.py for tasks to queue
[2023-03-21T09:03:49.729+0000] {logging_mixin.py:137} INFO - [2023-03-21T09:03:49.729+0000] {dagbag.py:532} INFO - Filling up the DagBag from /home/airflow/.local/lib/python3.7/site-packages/airflow/example_dags/example_branch_datetime_operator.py
[2023-03-21T09:03:49.747+0000] {processor.py:753} INFO - DAG(s) dict_keys(['example_branch_datetime_operator_2', 'example_branch_datetime_operator_3', 'example_branch_datetime_operator']) retrieved from /home/airflow/.local/lib/python3.7/site-packages/airflow/example_dags/example_branch_datetime_operator.py
[2023-03-21T09:03:49.780+0000] {logging_mixin.py:137} INFO - [2023-03-21T09:03:49.780+0000] {dag.py:2693} INFO - Sync 3 DAGs
[2023-03-21T09:03:49.809+0000] {logging_mixin.py:137} INFO - [2023-03-21T09:03:49.809+0000] {dag.py:3444} INFO - Setting next_dagrun for example_branch_datetime_operator to 2023-03-20T00:00:00+00:00, run_after=2023-03-21T00:00:00+00:00
[2023-03-21T09:03:49.814+0000] {logging_mixin.py:137} INFO - [2023-03-21T09:03:49.814+0000] {dag.py:3444} INFO - Setting next_dagrun for example_branch_datetime_operator_2 to 2023-03-20T00:00:00+00:00, run_after=2023-03-21T00:00:00+00:00
[2023-03-21T09:03:49.817+0000] {logging_mixin.py:137} INFO - [2023-03-21T09:03:49.817+0000] {dag.py:3444} INFO - Setting next_dagrun for example_branch_datetime_operator_3 to 2023-03-20T00:00:00+00:00, run_after=2023-03-21T00:00:00+00:00
[2023-03-21T09:03:49.838+0000] {processor.py:175} INFO - Processing /home/airflow/.local/lib/python3.7/site-packages/airflow/example_dags/example_branch_datetime_operator.py took 0.112 seconds
[2023-03-21T09:04:20.386+0000] {processor.py:153} INFO - Started process (PID=1394) to work on /home/airflow/.local/lib/python3.7/site-packages/airflow/example_dags/example_branch_datetime_operator.py
[2023-03-21T09:04:20.387+0000] {processor.py:743} INFO - Processing file /home/airflow/.local/lib/python3.7/site-packages/airflow/example_dags/example_branch_datetime_operator.py for tasks to queue
[2023-03-21T09:04:20.388+0000] {logging_mixin.py:137} INFO - [2023-03-21T09:04:20.388+0000] {dagbag.py:532} INFO - Filling up the DagBag from /home/airflow/.local/lib/python3.7/site-packages/airflow/example_dags/example_branch_datetime_operator.py
[2023-03-21T09:04:20.404+0000] {processor.py:753} INFO - DAG(s) dict_keys(['example_branch_datetime_operator_2', 'example_branch_datetime_operator', 'example_branch_datetime_operator_3']) retrieved from /home/airflow/.local/lib/python3.7/site-packages/airflow/example_dags/example_branch_datetime_operator.py
[2023-03-21T09:04:20.439+0000] {logging_mixin.py:137} INFO - [2023-03-21T09:04:20.438+0000] {dag.py:2693} INFO - Sync 3 DAGs
[2023-03-21T09:04:20.467+0000] {logging_mixin.py:137} INFO - [2023-03-21T09:04:20.467+0000] {dag.py:3444} INFO - Setting next_dagrun for example_branch_datetime_operator to 2023-03-20T00:00:00+00:00, run_after=2023-03-21T00:00:00+00:00
[2023-03-21T09:04:20.472+0000] {logging_mixin.py:137} INFO - [2023-03-21T09:04:20.472+0000] {dag.py:3444} INFO - Setting next_dagrun for example_branch_datetime_operator_2 to 2023-03-20T00:00:00+00:00, run_after=2023-03-21T00:00:00+00:00
[2023-03-21T09:04:20.475+0000] {logging_mixin.py:137} INFO - [2023-03-21T09:04:20.475+0000] {dag.py:3444} INFO - Setting next_dagrun for example_branch_datetime_operator_3 to 2023-03-20T00:00:00+00:00, run_after=2023-03-21T00:00:00+00:00
[2023-03-21T09:04:20.496+0000] {processor.py:175} INFO - Processing /home/airflow/.local/lib/python3.7/site-packages/airflow/example_dags/example_branch_datetime_operator.py took 0.112 seconds
[2023-03-21T09:04:51.202+0000] {processor.py:153} INFO - Started process (PID=1611) to work on /home/airflow/.local/lib/python3.7/site-packages/airflow/example_dags/example_branch_datetime_operator.py
[2023-03-21T09:04:51.203+0000] {processor.py:743} INFO - Processing file /home/airflow/.local/lib/python3.7/site-packages/airflow/example_dags/example_branch_datetime_operator.py for tasks to queue
[2023-03-21T09:04:51.204+0000] {logging_mixin.py:137} INFO - [2023-03-21T09:04:51.204+0000] {dagbag.py:532} INFO - Filling up the DagBag from /home/airflow/.local/lib/python3.7/site-packages/airflow/example_dags/example_branch_datetime_operator.py
[2023-03-21T09:04:51.220+0000] {processor.py:753} INFO - DAG(s) dict_keys(['example_branch_datetime_operator', 'example_branch_datetime_operator_2', 'example_branch_datetime_operator_3']) retrieved from /home/airflow/.local/lib/python3.7/site-packages/airflow/example_dags/example_branch_datetime_operator.py
[2023-03-21T09:04:51.255+0000] {logging_mixin.py:137} INFO - [2023-03-21T09:04:51.255+0000] {dag.py:2693} INFO - Sync 3 DAGs
[2023-03-21T09:04:51.283+0000] {logging_mixin.py:137} INFO - [2023-03-21T09:04:51.283+0000] {dag.py:3444} INFO - Setting next_dagrun for example_branch_datetime_operator to 2023-03-20T00:00:00+00:00, run_after=2023-03-21T00:00:00+00:00
[2023-03-21T09:04:51.288+0000] {logging_mixin.py:137} INFO - [2023-03-21T09:04:51.288+0000] {dag.py:3444} INFO - Setting next_dagrun for example_branch_datetime_operator_2 to 2023-03-20T00:00:00+00:00, run_after=2023-03-21T00:00:00+00:00
[2023-03-21T09:04:51.291+0000] {logging_mixin.py:137} INFO - [2023-03-21T09:04:51.291+0000] {dag.py:3444} INFO - Setting next_dagrun for example_branch_datetime_operator_3 to 2023-03-20T00:00:00+00:00, run_after=2023-03-21T00:00:00+00:00
[2023-03-21T09:04:51.313+0000] {processor.py:175} INFO - Processing /home/airflow/.local/lib/python3.7/site-packages/airflow/example_dags/example_branch_datetime_operator.py took 0.113 seconds
