[2023-03-21T08:56:46.994+0000] {processor.py:153} INFO - Started process (PID=284) to work on /home/airflow/.local/lib/python3.7/site-packages/airflow/example_dags/example_sla_dag.py
[2023-03-21T08:56:46.994+0000] {processor.py:743} INFO - Processing file /home/airflow/.local/lib/python3.7/site-packages/airflow/example_dags/example_sla_dag.py for tasks to queue
[2023-03-21T08:56:46.995+0000] {logging_mixin.py:137} INFO - [2023-03-21T08:56:46.995+0000] {dagbag.py:532} INFO - Filling up the DagBag from /home/airflow/.local/lib/python3.7/site-packages/airflow/example_dags/example_sla_dag.py
[2023-03-21T08:56:47.015+0000] {processor.py:753} INFO - DAG(s) dict_keys(['example_sla_dag']) retrieved from /home/airflow/.local/lib/python3.7/site-packages/airflow/example_dags/example_sla_dag.py
[2023-03-21T08:56:47.038+0000] {logging_mixin.py:137} INFO - [2023-03-21T08:56:47.038+0000] {dag.py:2693} INFO - Sync 1 DAGs
[2023-03-21T08:56:47.067+0000] {logging_mixin.py:137} INFO - [2023-03-21T08:56:47.067+0000] {dag.py:3444} INFO - Setting next_dagrun for example_sla_dag to 2023-03-21T08:54:00+00:00, run_after=2023-03-21T08:56:00+00:00
[2023-03-21T08:56:47.089+0000] {processor.py:175} INFO - Processing /home/airflow/.local/lib/python3.7/site-packages/airflow/example_dags/example_sla_dag.py took 0.098 seconds
[2023-03-21T08:57:18.171+0000] {processor.py:153} INFO - Started process (PID=501) to work on /home/airflow/.local/lib/python3.7/site-packages/airflow/example_dags/example_sla_dag.py
[2023-03-21T08:57:18.172+0000] {processor.py:743} INFO - Processing file /home/airflow/.local/lib/python3.7/site-packages/airflow/example_dags/example_sla_dag.py for tasks to queue
[2023-03-21T08:57:18.173+0000] {logging_mixin.py:137} INFO - [2023-03-21T08:57:18.173+0000] {dagbag.py:532} INFO - Filling up the DagBag from /home/airflow/.local/lib/python3.7/site-packages/airflow/example_dags/example_sla_dag.py
[2023-03-21T08:57:18.194+0000] {processor.py:753} INFO - DAG(s) dict_keys(['example_sla_dag']) retrieved from /home/airflow/.local/lib/python3.7/site-packages/airflow/example_dags/example_sla_dag.py
[2023-03-21T08:57:18.218+0000] {logging_mixin.py:137} INFO - [2023-03-21T08:57:18.218+0000] {dag.py:2693} INFO - Sync 1 DAGs
[2023-03-21T08:57:18.249+0000] {logging_mixin.py:137} INFO - [2023-03-21T08:57:18.248+0000] {dag.py:3444} INFO - Setting next_dagrun for example_sla_dag to 2023-03-21T08:54:00+00:00, run_after=2023-03-21T08:56:00+00:00
[2023-03-21T08:57:18.271+0000] {processor.py:175} INFO - Processing /home/airflow/.local/lib/python3.7/site-packages/airflow/example_dags/example_sla_dag.py took 0.102 seconds
[2023-03-21T08:57:49.332+0000] {processor.py:153} INFO - Started process (PID=718) to work on /home/airflow/.local/lib/python3.7/site-packages/airflow/example_dags/example_sla_dag.py
[2023-03-21T08:57:49.333+0000] {processor.py:743} INFO - Processing file /home/airflow/.local/lib/python3.7/site-packages/airflow/example_dags/example_sla_dag.py for tasks to queue
[2023-03-21T08:57:49.334+0000] {logging_mixin.py:137} INFO - [2023-03-21T08:57:49.334+0000] {dagbag.py:532} INFO - Filling up the DagBag from /home/airflow/.local/lib/python3.7/site-packages/airflow/example_dags/example_sla_dag.py
[2023-03-21T08:57:49.356+0000] {processor.py:753} INFO - DAG(s) dict_keys(['example_sla_dag']) retrieved from /home/airflow/.local/lib/python3.7/site-packages/airflow/example_dags/example_sla_dag.py
[2023-03-21T08:57:49.381+0000] {logging_mixin.py:137} INFO - [2023-03-21T08:57:49.381+0000] {dag.py:2693} INFO - Sync 1 DAGs
[2023-03-21T08:57:49.411+0000] {logging_mixin.py:137} INFO - [2023-03-21T08:57:49.411+0000] {dag.py:3444} INFO - Setting next_dagrun for example_sla_dag to 2023-03-21T08:54:00+00:00, run_after=2023-03-21T08:56:00+00:00
[2023-03-21T08:57:49.434+0000] {processor.py:175} INFO - Processing /home/airflow/.local/lib/python3.7/site-packages/airflow/example_dags/example_sla_dag.py took 0.104 seconds
[2023-03-21T08:58:20.377+0000] {processor.py:153} INFO - Started process (PID=935) to work on /home/airflow/.local/lib/python3.7/site-packages/airflow/example_dags/example_sla_dag.py
[2023-03-21T08:58:20.377+0000] {processor.py:743} INFO - Processing file /home/airflow/.local/lib/python3.7/site-packages/airflow/example_dags/example_sla_dag.py for tasks to queue
[2023-03-21T08:58:20.378+0000] {logging_mixin.py:137} INFO - [2023-03-21T08:58:20.378+0000] {dagbag.py:532} INFO - Filling up the DagBag from /home/airflow/.local/lib/python3.7/site-packages/airflow/example_dags/example_sla_dag.py
[2023-03-21T08:58:20.401+0000] {processor.py:753} INFO - DAG(s) dict_keys(['example_sla_dag']) retrieved from /home/airflow/.local/lib/python3.7/site-packages/airflow/example_dags/example_sla_dag.py
[2023-03-21T08:58:20.436+0000] {logging_mixin.py:137} INFO - [2023-03-21T08:58:20.435+0000] {dag.py:2693} INFO - Sync 1 DAGs
[2023-03-21T08:58:20.516+0000] {logging_mixin.py:137} INFO - [2023-03-21T08:58:20.515+0000] {dag.py:3444} INFO - Setting next_dagrun for example_sla_dag to 2023-03-21T08:56:00+00:00, run_after=2023-03-21T08:58:00+00:00
[2023-03-21T08:58:20.561+0000] {processor.py:175} INFO - Processing /home/airflow/.local/lib/python3.7/site-packages/airflow/example_dags/example_sla_dag.py took 0.187 seconds
[2023-03-21T08:58:51.652+0000] {processor.py:153} INFO - Started process (PID=1152) to work on /home/airflow/.local/lib/python3.7/site-packages/airflow/example_dags/example_sla_dag.py
[2023-03-21T08:58:51.653+0000] {processor.py:743} INFO - Processing file /home/airflow/.local/lib/python3.7/site-packages/airflow/example_dags/example_sla_dag.py for tasks to queue
[2023-03-21T08:58:51.654+0000] {logging_mixin.py:137} INFO - [2023-03-21T08:58:51.654+0000] {dagbag.py:532} INFO - Filling up the DagBag from /home/airflow/.local/lib/python3.7/site-packages/airflow/example_dags/example_sla_dag.py
[2023-03-21T08:58:51.685+0000] {processor.py:753} INFO - DAG(s) dict_keys(['example_sla_dag']) retrieved from /home/airflow/.local/lib/python3.7/site-packages/airflow/example_dags/example_sla_dag.py
[2023-03-21T08:58:51.722+0000] {logging_mixin.py:137} INFO - [2023-03-21T08:58:51.722+0000] {dag.py:2693} INFO - Sync 1 DAGs
[2023-03-21T08:58:51.755+0000] {logging_mixin.py:137} INFO - [2023-03-21T08:58:51.755+0000] {dag.py:3444} INFO - Setting next_dagrun for example_sla_dag to 2023-03-21T08:56:00+00:00, run_after=2023-03-21T08:58:00+00:00
[2023-03-21T08:58:51.779+0000] {processor.py:175} INFO - Processing /home/airflow/.local/lib/python3.7/site-packages/airflow/example_dags/example_sla_dag.py took 0.130 seconds
[2023-03-21T08:59:22.569+0000] {processor.py:153} INFO - Started process (PID=1371) to work on /home/airflow/.local/lib/python3.7/site-packages/airflow/example_dags/example_sla_dag.py
[2023-03-21T08:59:22.569+0000] {processor.py:743} INFO - Processing file /home/airflow/.local/lib/python3.7/site-packages/airflow/example_dags/example_sla_dag.py for tasks to queue
[2023-03-21T08:59:22.569+0000] {logging_mixin.py:137} INFO - [2023-03-21T08:59:22.569+0000] {dagbag.py:532} INFO - Filling up the DagBag from /home/airflow/.local/lib/python3.7/site-packages/airflow/example_dags/example_sla_dag.py
[2023-03-21T08:59:22.590+0000] {processor.py:753} INFO - DAG(s) dict_keys(['example_sla_dag']) retrieved from /home/airflow/.local/lib/python3.7/site-packages/airflow/example_dags/example_sla_dag.py
[2023-03-21T08:59:22.618+0000] {logging_mixin.py:137} INFO - [2023-03-21T08:59:22.617+0000] {dag.py:2693} INFO - Sync 1 DAGs
[2023-03-21T08:59:22.657+0000] {logging_mixin.py:137} INFO - [2023-03-21T08:59:22.656+0000] {dag.py:3444} INFO - Setting next_dagrun for example_sla_dag to 2023-03-21T08:56:00+00:00, run_after=2023-03-21T08:58:00+00:00
[2023-03-21T08:59:22.688+0000] {processor.py:175} INFO - Processing /home/airflow/.local/lib/python3.7/site-packages/airflow/example_dags/example_sla_dag.py took 0.122 seconds
[2023-03-21T08:59:53.837+0000] {processor.py:153} INFO - Started process (PID=1586) to work on /home/airflow/.local/lib/python3.7/site-packages/airflow/example_dags/example_sla_dag.py
[2023-03-21T08:59:53.838+0000] {processor.py:743} INFO - Processing file /home/airflow/.local/lib/python3.7/site-packages/airflow/example_dags/example_sla_dag.py for tasks to queue
[2023-03-21T08:59:53.839+0000] {logging_mixin.py:137} INFO - [2023-03-21T08:59:53.839+0000] {dagbag.py:532} INFO - Filling up the DagBag from /home/airflow/.local/lib/python3.7/site-packages/airflow/example_dags/example_sla_dag.py
[2023-03-21T08:59:53.867+0000] {processor.py:753} INFO - DAG(s) dict_keys(['example_sla_dag']) retrieved from /home/airflow/.local/lib/python3.7/site-packages/airflow/example_dags/example_sla_dag.py
[2023-03-21T08:59:53.894+0000] {logging_mixin.py:137} INFO - [2023-03-21T08:59:53.893+0000] {dag.py:2693} INFO - Sync 1 DAGs
[2023-03-21T08:59:53.929+0000] {logging_mixin.py:137} INFO - [2023-03-21T08:59:53.929+0000] {dag.py:3444} INFO - Setting next_dagrun for example_sla_dag to 2023-03-21T08:56:00+00:00, run_after=2023-03-21T08:58:00+00:00
[2023-03-21T08:59:53.957+0000] {processor.py:175} INFO - Processing /home/airflow/.local/lib/python3.7/site-packages/airflow/example_dags/example_sla_dag.py took 0.123 seconds
[2023-03-21T09:00:24.066+0000] {processor.py:153} INFO - Started process (PID=1803) to work on /home/airflow/.local/lib/python3.7/site-packages/airflow/example_dags/example_sla_dag.py
[2023-03-21T09:00:24.067+0000] {processor.py:743} INFO - Processing file /home/airflow/.local/lib/python3.7/site-packages/airflow/example_dags/example_sla_dag.py for tasks to queue
[2023-03-21T09:00:24.068+0000] {logging_mixin.py:137} INFO - [2023-03-21T09:00:24.068+0000] {dagbag.py:532} INFO - Filling up the DagBag from /home/airflow/.local/lib/python3.7/site-packages/airflow/example_dags/example_sla_dag.py
[2023-03-21T09:00:24.097+0000] {processor.py:753} INFO - DAG(s) dict_keys(['example_sla_dag']) retrieved from /home/airflow/.local/lib/python3.7/site-packages/airflow/example_dags/example_sla_dag.py
[2023-03-21T09:00:24.121+0000] {logging_mixin.py:137} INFO - [2023-03-21T09:00:24.121+0000] {dag.py:2693} INFO - Sync 1 DAGs
[2023-03-21T09:00:24.159+0000] {logging_mixin.py:137} INFO - [2023-03-21T09:00:24.159+0000] {dag.py:3444} INFO - Setting next_dagrun for example_sla_dag to 2023-03-21T08:58:00+00:00, run_after=2023-03-21T09:00:00+00:00
[2023-03-21T09:00:24.195+0000] {processor.py:175} INFO - Processing /home/airflow/.local/lib/python3.7/site-packages/airflow/example_dags/example_sla_dag.py took 0.131 seconds
[2023-03-21T09:01:46.117+0000] {processor.py:153} INFO - Started process (PID=284) to work on /home/airflow/.local/lib/python3.7/site-packages/airflow/example_dags/example_sla_dag.py
[2023-03-21T09:01:46.118+0000] {processor.py:743} INFO - Processing file /home/airflow/.local/lib/python3.7/site-packages/airflow/example_dags/example_sla_dag.py for tasks to queue
[2023-03-21T09:01:46.118+0000] {logging_mixin.py:137} INFO - [2023-03-21T09:01:46.118+0000] {dagbag.py:532} INFO - Filling up the DagBag from /home/airflow/.local/lib/python3.7/site-packages/airflow/example_dags/example_sla_dag.py
[2023-03-21T09:01:46.139+0000] {processor.py:753} INFO - DAG(s) dict_keys(['example_sla_dag']) retrieved from /home/airflow/.local/lib/python3.7/site-packages/airflow/example_dags/example_sla_dag.py
[2023-03-21T09:01:46.165+0000] {logging_mixin.py:137} INFO - [2023-03-21T09:01:46.165+0000] {dag.py:2693} INFO - Sync 1 DAGs
[2023-03-21T09:01:46.209+0000] {logging_mixin.py:137} INFO - [2023-03-21T09:01:46.209+0000] {dag.py:3444} INFO - Setting next_dagrun for example_sla_dag to 2023-03-21T08:58:00+00:00, run_after=2023-03-21T09:00:00+00:00
[2023-03-21T09:01:46.242+0000] {processor.py:175} INFO - Processing /home/airflow/.local/lib/python3.7/site-packages/airflow/example_dags/example_sla_dag.py took 0.128 seconds
[2023-03-21T09:02:17.066+0000] {processor.py:153} INFO - Started process (PID=501) to work on /home/airflow/.local/lib/python3.7/site-packages/airflow/example_dags/example_sla_dag.py
[2023-03-21T09:02:17.067+0000] {processor.py:743} INFO - Processing file /home/airflow/.local/lib/python3.7/site-packages/airflow/example_dags/example_sla_dag.py for tasks to queue
[2023-03-21T09:02:17.067+0000] {logging_mixin.py:137} INFO - [2023-03-21T09:02:17.067+0000] {dagbag.py:532} INFO - Filling up the DagBag from /home/airflow/.local/lib/python3.7/site-packages/airflow/example_dags/example_sla_dag.py
[2023-03-21T09:02:17.087+0000] {processor.py:753} INFO - DAG(s) dict_keys(['example_sla_dag']) retrieved from /home/airflow/.local/lib/python3.7/site-packages/airflow/example_dags/example_sla_dag.py
[2023-03-21T09:02:17.111+0000] {logging_mixin.py:137} INFO - [2023-03-21T09:02:17.111+0000] {dag.py:2693} INFO - Sync 1 DAGs
[2023-03-21T09:02:17.147+0000] {logging_mixin.py:137} INFO - [2023-03-21T09:02:17.147+0000] {dag.py:3444} INFO - Setting next_dagrun for example_sla_dag to 2023-03-21T09:00:00+00:00, run_after=2023-03-21T09:02:00+00:00
[2023-03-21T09:02:17.171+0000] {processor.py:175} INFO - Processing /home/airflow/.local/lib/python3.7/site-packages/airflow/example_dags/example_sla_dag.py took 0.108 seconds
[2023-03-21T09:02:47.897+0000] {processor.py:153} INFO - Started process (PID=718) to work on /home/airflow/.local/lib/python3.7/site-packages/airflow/example_dags/example_sla_dag.py
[2023-03-21T09:02:47.898+0000] {processor.py:743} INFO - Processing file /home/airflow/.local/lib/python3.7/site-packages/airflow/example_dags/example_sla_dag.py for tasks to queue
[2023-03-21T09:02:47.899+0000] {logging_mixin.py:137} INFO - [2023-03-21T09:02:47.899+0000] {dagbag.py:532} INFO - Filling up the DagBag from /home/airflow/.local/lib/python3.7/site-packages/airflow/example_dags/example_sla_dag.py
[2023-03-21T09:02:47.920+0000] {processor.py:753} INFO - DAG(s) dict_keys(['example_sla_dag']) retrieved from /home/airflow/.local/lib/python3.7/site-packages/airflow/example_dags/example_sla_dag.py
[2023-03-21T09:02:47.943+0000] {logging_mixin.py:137} INFO - [2023-03-21T09:02:47.943+0000] {dag.py:2693} INFO - Sync 1 DAGs
[2023-03-21T09:02:47.970+0000] {logging_mixin.py:137} INFO - [2023-03-21T09:02:47.970+0000] {dag.py:3444} INFO - Setting next_dagrun for example_sla_dag to 2023-03-21T09:00:00+00:00, run_after=2023-03-21T09:02:00+00:00
[2023-03-21T09:02:47.993+0000] {processor.py:175} INFO - Processing /home/airflow/.local/lib/python3.7/site-packages/airflow/example_dags/example_sla_dag.py took 0.098 seconds
[2023-03-21T09:03:18.705+0000] {processor.py:153} INFO - Started process (PID=935) to work on /home/airflow/.local/lib/python3.7/site-packages/airflow/example_dags/example_sla_dag.py
[2023-03-21T09:03:18.706+0000] {processor.py:743} INFO - Processing file /home/airflow/.local/lib/python3.7/site-packages/airflow/example_dags/example_sla_dag.py for tasks to queue
[2023-03-21T09:03:18.706+0000] {logging_mixin.py:137} INFO - [2023-03-21T09:03:18.706+0000] {dagbag.py:532} INFO - Filling up the DagBag from /home/airflow/.local/lib/python3.7/site-packages/airflow/example_dags/example_sla_dag.py
[2023-03-21T09:03:18.726+0000] {processor.py:753} INFO - DAG(s) dict_keys(['example_sla_dag']) retrieved from /home/airflow/.local/lib/python3.7/site-packages/airflow/example_dags/example_sla_dag.py
[2023-03-21T09:03:18.754+0000] {logging_mixin.py:137} INFO - [2023-03-21T09:03:18.754+0000] {dag.py:2693} INFO - Sync 1 DAGs
[2023-03-21T09:03:18.786+0000] {logging_mixin.py:137} INFO - [2023-03-21T09:03:18.786+0000] {dag.py:3444} INFO - Setting next_dagrun for example_sla_dag to 2023-03-21T09:00:00+00:00, run_after=2023-03-21T09:02:00+00:00
[2023-03-21T09:03:18.809+0000] {processor.py:175} INFO - Processing /home/airflow/.local/lib/python3.7/site-packages/airflow/example_dags/example_sla_dag.py took 0.106 seconds
[2023-03-21T09:03:49.438+0000] {processor.py:153} INFO - Started process (PID=1152) to work on /home/airflow/.local/lib/python3.7/site-packages/airflow/example_dags/example_sla_dag.py
[2023-03-21T09:03:49.439+0000] {processor.py:743} INFO - Processing file /home/airflow/.local/lib/python3.7/site-packages/airflow/example_dags/example_sla_dag.py for tasks to queue
[2023-03-21T09:03:49.440+0000] {logging_mixin.py:137} INFO - [2023-03-21T09:03:49.440+0000] {dagbag.py:532} INFO - Filling up the DagBag from /home/airflow/.local/lib/python3.7/site-packages/airflow/example_dags/example_sla_dag.py
[2023-03-21T09:03:49.459+0000] {processor.py:753} INFO - DAG(s) dict_keys(['example_sla_dag']) retrieved from /home/airflow/.local/lib/python3.7/site-packages/airflow/example_dags/example_sla_dag.py
[2023-03-21T09:03:49.488+0000] {logging_mixin.py:137} INFO - [2023-03-21T09:03:49.488+0000] {dag.py:2693} INFO - Sync 1 DAGs
[2023-03-21T09:03:49.517+0000] {logging_mixin.py:137} INFO - [2023-03-21T09:03:49.517+0000] {dag.py:3444} INFO - Setting next_dagrun for example_sla_dag to 2023-03-21T09:00:00+00:00, run_after=2023-03-21T09:02:00+00:00
[2023-03-21T09:03:49.540+0000] {processor.py:175} INFO - Processing /home/airflow/.local/lib/python3.7/site-packages/airflow/example_dags/example_sla_dag.py took 0.105 seconds
[2023-03-21T09:04:20.074+0000] {processor.py:153} INFO - Started process (PID=1369) to work on /home/airflow/.local/lib/python3.7/site-packages/airflow/example_dags/example_sla_dag.py
[2023-03-21T09:04:20.074+0000] {processor.py:743} INFO - Processing file /home/airflow/.local/lib/python3.7/site-packages/airflow/example_dags/example_sla_dag.py for tasks to queue
[2023-03-21T09:04:20.074+0000] {logging_mixin.py:137} INFO - [2023-03-21T09:04:20.074+0000] {dagbag.py:532} INFO - Filling up the DagBag from /home/airflow/.local/lib/python3.7/site-packages/airflow/example_dags/example_sla_dag.py
[2023-03-21T09:04:20.094+0000] {processor.py:753} INFO - DAG(s) dict_keys(['example_sla_dag']) retrieved from /home/airflow/.local/lib/python3.7/site-packages/airflow/example_dags/example_sla_dag.py
[2023-03-21T09:04:20.120+0000] {logging_mixin.py:137} INFO - [2023-03-21T09:04:20.120+0000] {dag.py:2693} INFO - Sync 1 DAGs
[2023-03-21T09:04:20.150+0000] {logging_mixin.py:137} INFO - [2023-03-21T09:04:20.150+0000] {dag.py:3444} INFO - Setting next_dagrun for example_sla_dag to 2023-03-21T09:02:00+00:00, run_after=2023-03-21T09:04:00+00:00
[2023-03-21T09:04:20.172+0000] {processor.py:175} INFO - Processing /home/airflow/.local/lib/python3.7/site-packages/airflow/example_dags/example_sla_dag.py took 0.101 seconds
[2023-03-21T09:04:50.899+0000] {processor.py:153} INFO - Started process (PID=1586) to work on /home/airflow/.local/lib/python3.7/site-packages/airflow/example_dags/example_sla_dag.py
[2023-03-21T09:04:50.900+0000] {processor.py:743} INFO - Processing file /home/airflow/.local/lib/python3.7/site-packages/airflow/example_dags/example_sla_dag.py for tasks to queue
[2023-03-21T09:04:50.901+0000] {logging_mixin.py:137} INFO - [2023-03-21T09:04:50.901+0000] {dagbag.py:532} INFO - Filling up the DagBag from /home/airflow/.local/lib/python3.7/site-packages/airflow/example_dags/example_sla_dag.py
[2023-03-21T09:04:50.920+0000] {processor.py:753} INFO - DAG(s) dict_keys(['example_sla_dag']) retrieved from /home/airflow/.local/lib/python3.7/site-packages/airflow/example_dags/example_sla_dag.py
[2023-03-21T09:04:50.945+0000] {logging_mixin.py:137} INFO - [2023-03-21T09:04:50.945+0000] {dag.py:2693} INFO - Sync 1 DAGs
[2023-03-21T09:04:50.976+0000] {logging_mixin.py:137} INFO - [2023-03-21T09:04:50.976+0000] {dag.py:3444} INFO - Setting next_dagrun for example_sla_dag to 2023-03-21T09:02:00+00:00, run_after=2023-03-21T09:04:00+00:00
[2023-03-21T09:04:51.000+0000] {processor.py:175} INFO - Processing /home/airflow/.local/lib/python3.7/site-packages/airflow/example_dags/example_sla_dag.py took 0.103 seconds
