[2023-03-21T08:56:46.698+0000] {processor.py:153} INFO - Started process (PID=259) to work on /home/airflow/.local/lib/python3.7/site-packages/airflow/example_dags/example_short_circuit_decorator.py
[2023-03-21T08:56:46.699+0000] {processor.py:743} INFO - Processing file /home/airflow/.local/lib/python3.7/site-packages/airflow/example_dags/example_short_circuit_decorator.py for tasks to queue
[2023-03-21T08:56:46.700+0000] {logging_mixin.py:137} INFO - [2023-03-21T08:56:46.700+0000] {dagbag.py:532} INFO - Filling up the DagBag from /home/airflow/.local/lib/python3.7/site-packages/airflow/example_dags/example_short_circuit_decorator.py
[2023-03-21T08:56:46.733+0000] {processor.py:753} INFO - DAG(s) dict_keys(['example_short_circuit_decorator']) retrieved from /home/airflow/.local/lib/python3.7/site-packages/airflow/example_dags/example_short_circuit_decorator.py
[2023-03-21T08:56:46.763+0000] {logging_mixin.py:137} INFO - [2023-03-21T08:56:46.763+0000] {dag.py:2693} INFO - Sync 1 DAGs
[2023-03-21T08:56:46.793+0000] {logging_mixin.py:137} INFO - [2023-03-21T08:56:46.793+0000] {dag.py:3444} INFO - Setting next_dagrun for example_short_circuit_decorator to 2023-03-20T08:56:46.792842+00:00, run_after=2023-03-21T08:56:46.792842+00:00
[2023-03-21T08:56:46.824+0000] {processor.py:175} INFO - Processing /home/airflow/.local/lib/python3.7/site-packages/airflow/example_dags/example_short_circuit_decorator.py took 0.129 seconds
[2023-03-21T08:57:17.869+0000] {processor.py:153} INFO - Started process (PID=476) to work on /home/airflow/.local/lib/python3.7/site-packages/airflow/example_dags/example_short_circuit_decorator.py
[2023-03-21T08:57:17.870+0000] {processor.py:743} INFO - Processing file /home/airflow/.local/lib/python3.7/site-packages/airflow/example_dags/example_short_circuit_decorator.py for tasks to queue
[2023-03-21T08:57:17.870+0000] {logging_mixin.py:137} INFO - [2023-03-21T08:57:17.870+0000] {dagbag.py:532} INFO - Filling up the DagBag from /home/airflow/.local/lib/python3.7/site-packages/airflow/example_dags/example_short_circuit_decorator.py
[2023-03-21T08:57:17.898+0000] {processor.py:753} INFO - DAG(s) dict_keys(['example_short_circuit_decorator']) retrieved from /home/airflow/.local/lib/python3.7/site-packages/airflow/example_dags/example_short_circuit_decorator.py
[2023-03-21T08:57:17.932+0000] {logging_mixin.py:137} INFO - [2023-03-21T08:57:17.932+0000] {dag.py:2693} INFO - Sync 1 DAGs
[2023-03-21T08:57:17.960+0000] {logging_mixin.py:137} INFO - [2023-03-21T08:57:17.960+0000] {dag.py:3444} INFO - Setting next_dagrun for example_short_circuit_decorator to 2023-03-20T08:57:17.959825+00:00, run_after=2023-03-21T08:57:17.959825+00:00
[2023-03-21T08:57:17.986+0000] {processor.py:175} INFO - Processing /home/airflow/.local/lib/python3.7/site-packages/airflow/example_dags/example_short_circuit_decorator.py took 0.120 seconds
[2023-03-21T08:57:48.934+0000] {processor.py:153} INFO - Started process (PID=693) to work on /home/airflow/.local/lib/python3.7/site-packages/airflow/example_dags/example_short_circuit_decorator.py
[2023-03-21T08:57:48.935+0000] {processor.py:743} INFO - Processing file /home/airflow/.local/lib/python3.7/site-packages/airflow/example_dags/example_short_circuit_decorator.py for tasks to queue
[2023-03-21T08:57:48.937+0000] {logging_mixin.py:137} INFO - [2023-03-21T08:57:48.936+0000] {dagbag.py:532} INFO - Filling up the DagBag from /home/airflow/.local/lib/python3.7/site-packages/airflow/example_dags/example_short_circuit_decorator.py
[2023-03-21T08:57:48.973+0000] {processor.py:753} INFO - DAG(s) dict_keys(['example_short_circuit_decorator']) retrieved from /home/airflow/.local/lib/python3.7/site-packages/airflow/example_dags/example_short_circuit_decorator.py
[2023-03-21T08:57:49.018+0000] {logging_mixin.py:137} INFO - [2023-03-21T08:57:49.017+0000] {dag.py:2693} INFO - Sync 1 DAGs
[2023-03-21T08:57:49.067+0000] {logging_mixin.py:137} INFO - [2023-03-21T08:57:49.066+0000] {dag.py:3444} INFO - Setting next_dagrun for example_short_circuit_decorator to 2023-03-20T08:57:49.066531+00:00, run_after=2023-03-21T08:57:49.066531+00:00
[2023-03-21T08:57:49.099+0000] {processor.py:175} INFO - Processing /home/airflow/.local/lib/python3.7/site-packages/airflow/example_dags/example_short_circuit_decorator.py took 0.171 seconds
[2023-03-21T08:58:20.071+0000] {processor.py:153} INFO - Started process (PID=910) to work on /home/airflow/.local/lib/python3.7/site-packages/airflow/example_dags/example_short_circuit_decorator.py
[2023-03-21T08:58:20.071+0000] {processor.py:743} INFO - Processing file /home/airflow/.local/lib/python3.7/site-packages/airflow/example_dags/example_short_circuit_decorator.py for tasks to queue
[2023-03-21T08:58:20.072+0000] {logging_mixin.py:137} INFO - [2023-03-21T08:58:20.071+0000] {dagbag.py:532} INFO - Filling up the DagBag from /home/airflow/.local/lib/python3.7/site-packages/airflow/example_dags/example_short_circuit_decorator.py
[2023-03-21T08:58:20.093+0000] {processor.py:753} INFO - DAG(s) dict_keys(['example_short_circuit_decorator']) retrieved from /home/airflow/.local/lib/python3.7/site-packages/airflow/example_dags/example_short_circuit_decorator.py
[2023-03-21T08:58:20.122+0000] {logging_mixin.py:137} INFO - [2023-03-21T08:58:20.121+0000] {dag.py:2693} INFO - Sync 1 DAGs
[2023-03-21T08:58:20.148+0000] {logging_mixin.py:137} INFO - [2023-03-21T08:58:20.148+0000] {dag.py:3444} INFO - Setting next_dagrun for example_short_circuit_decorator to 2023-03-20T08:58:20.148433+00:00, run_after=2023-03-21T08:58:20.148433+00:00
[2023-03-21T08:58:20.171+0000] {processor.py:175} INFO - Processing /home/airflow/.local/lib/python3.7/site-packages/airflow/example_dags/example_short_circuit_decorator.py took 0.102 seconds
[2023-03-21T08:58:51.282+0000] {processor.py:153} INFO - Started process (PID=1127) to work on /home/airflow/.local/lib/python3.7/site-packages/airflow/example_dags/example_short_circuit_decorator.py
[2023-03-21T08:58:51.282+0000] {processor.py:743} INFO - Processing file /home/airflow/.local/lib/python3.7/site-packages/airflow/example_dags/example_short_circuit_decorator.py for tasks to queue
[2023-03-21T08:58:51.283+0000] {logging_mixin.py:137} INFO - [2023-03-21T08:58:51.283+0000] {dagbag.py:532} INFO - Filling up the DagBag from /home/airflow/.local/lib/python3.7/site-packages/airflow/example_dags/example_short_circuit_decorator.py
[2023-03-21T08:58:51.304+0000] {processor.py:753} INFO - DAG(s) dict_keys(['example_short_circuit_decorator']) retrieved from /home/airflow/.local/lib/python3.7/site-packages/airflow/example_dags/example_short_circuit_decorator.py
[2023-03-21T08:58:51.335+0000] {logging_mixin.py:137} INFO - [2023-03-21T08:58:51.335+0000] {dag.py:2693} INFO - Sync 1 DAGs
[2023-03-21T08:58:51.368+0000] {logging_mixin.py:137} INFO - [2023-03-21T08:58:51.368+0000] {dag.py:3444} INFO - Setting next_dagrun for example_short_circuit_decorator to 2023-03-20T08:58:51.367828+00:00, run_after=2023-03-21T08:58:51.367828+00:00
[2023-03-21T08:58:51.393+0000] {processor.py:175} INFO - Processing /home/airflow/.local/lib/python3.7/site-packages/airflow/example_dags/example_short_circuit_decorator.py took 0.114 seconds
[2023-03-21T08:59:22.205+0000] {processor.py:153} INFO - Started process (PID=1346) to work on /home/airflow/.local/lib/python3.7/site-packages/airflow/example_dags/example_short_circuit_decorator.py
[2023-03-21T08:59:22.205+0000] {processor.py:743} INFO - Processing file /home/airflow/.local/lib/python3.7/site-packages/airflow/example_dags/example_short_circuit_decorator.py for tasks to queue
[2023-03-21T08:59:22.206+0000] {logging_mixin.py:137} INFO - [2023-03-21T08:59:22.206+0000] {dagbag.py:532} INFO - Filling up the DagBag from /home/airflow/.local/lib/python3.7/site-packages/airflow/example_dags/example_short_circuit_decorator.py
[2023-03-21T08:59:22.227+0000] {processor.py:753} INFO - DAG(s) dict_keys(['example_short_circuit_decorator']) retrieved from /home/airflow/.local/lib/python3.7/site-packages/airflow/example_dags/example_short_circuit_decorator.py
[2023-03-21T08:59:22.254+0000] {logging_mixin.py:137} INFO - [2023-03-21T08:59:22.253+0000] {dag.py:2693} INFO - Sync 1 DAGs
[2023-03-21T08:59:22.278+0000] {logging_mixin.py:137} INFO - [2023-03-21T08:59:22.278+0000] {dag.py:3444} INFO - Setting next_dagrun for example_short_circuit_decorator to 2023-03-20T08:59:22.278036+00:00, run_after=2023-03-21T08:59:22.278036+00:00
[2023-03-21T08:59:22.302+0000] {processor.py:175} INFO - Processing /home/airflow/.local/lib/python3.7/site-packages/airflow/example_dags/example_short_circuit_decorator.py took 0.099 seconds
[2023-03-21T08:59:53.374+0000] {processor.py:153} INFO - Started process (PID=1561) to work on /home/airflow/.local/lib/python3.7/site-packages/airflow/example_dags/example_short_circuit_decorator.py
[2023-03-21T08:59:53.375+0000] {processor.py:743} INFO - Processing file /home/airflow/.local/lib/python3.7/site-packages/airflow/example_dags/example_short_circuit_decorator.py for tasks to queue
[2023-03-21T08:59:53.376+0000] {logging_mixin.py:137} INFO - [2023-03-21T08:59:53.376+0000] {dagbag.py:532} INFO - Filling up the DagBag from /home/airflow/.local/lib/python3.7/site-packages/airflow/example_dags/example_short_circuit_decorator.py
[2023-03-21T08:59:53.436+0000] {processor.py:753} INFO - DAG(s) dict_keys(['example_short_circuit_decorator']) retrieved from /home/airflow/.local/lib/python3.7/site-packages/airflow/example_dags/example_short_circuit_decorator.py
[2023-03-21T08:59:53.489+0000] {logging_mixin.py:137} INFO - [2023-03-21T08:59:53.488+0000] {dag.py:2693} INFO - Sync 1 DAGs
[2023-03-21T08:59:53.522+0000] {logging_mixin.py:137} INFO - [2023-03-21T08:59:53.521+0000] {dag.py:3444} INFO - Setting next_dagrun for example_short_circuit_decorator to 2023-03-20T08:59:53.521623+00:00, run_after=2023-03-21T08:59:53.521623+00:00
[2023-03-21T08:59:53.562+0000] {processor.py:175} INFO - Processing /home/airflow/.local/lib/python3.7/site-packages/airflow/example_dags/example_short_circuit_decorator.py took 0.192 seconds
[2023-03-21T09:00:23.591+0000] {processor.py:153} INFO - Started process (PID=1780) to work on /home/airflow/.local/lib/python3.7/site-packages/airflow/example_dags/example_short_circuit_decorator.py
[2023-03-21T09:00:23.592+0000] {processor.py:743} INFO - Processing file /home/airflow/.local/lib/python3.7/site-packages/airflow/example_dags/example_short_circuit_decorator.py for tasks to queue
[2023-03-21T09:00:23.592+0000] {logging_mixin.py:137} INFO - [2023-03-21T09:00:23.592+0000] {dagbag.py:532} INFO - Filling up the DagBag from /home/airflow/.local/lib/python3.7/site-packages/airflow/example_dags/example_short_circuit_decorator.py
[2023-03-21T09:00:23.614+0000] {processor.py:753} INFO - DAG(s) dict_keys(['example_short_circuit_decorator']) retrieved from /home/airflow/.local/lib/python3.7/site-packages/airflow/example_dags/example_short_circuit_decorator.py
[2023-03-21T09:00:23.640+0000] {logging_mixin.py:137} INFO - [2023-03-21T09:00:23.639+0000] {dag.py:2693} INFO - Sync 1 DAGs
[2023-03-21T09:00:23.668+0000] {logging_mixin.py:137} INFO - [2023-03-21T09:00:23.668+0000] {dag.py:3444} INFO - Setting next_dagrun for example_short_circuit_decorator to 2023-03-20T09:00:23.667950+00:00, run_after=2023-03-21T09:00:23.667950+00:00
[2023-03-21T09:00:23.696+0000] {processor.py:175} INFO - Processing /home/airflow/.local/lib/python3.7/site-packages/airflow/example_dags/example_short_circuit_decorator.py took 0.107 seconds
[2023-03-21T09:01:45.797+0000] {processor.py:153} INFO - Started process (PID=259) to work on /home/airflow/.local/lib/python3.7/site-packages/airflow/example_dags/example_short_circuit_decorator.py
[2023-03-21T09:01:45.798+0000] {processor.py:743} INFO - Processing file /home/airflow/.local/lib/python3.7/site-packages/airflow/example_dags/example_short_circuit_decorator.py for tasks to queue
[2023-03-21T09:01:45.799+0000] {logging_mixin.py:137} INFO - [2023-03-21T09:01:45.799+0000] {dagbag.py:532} INFO - Filling up the DagBag from /home/airflow/.local/lib/python3.7/site-packages/airflow/example_dags/example_short_circuit_decorator.py
[2023-03-21T09:01:45.824+0000] {processor.py:753} INFO - DAG(s) dict_keys(['example_short_circuit_decorator']) retrieved from /home/airflow/.local/lib/python3.7/site-packages/airflow/example_dags/example_short_circuit_decorator.py
[2023-03-21T09:01:45.852+0000] {logging_mixin.py:137} INFO - [2023-03-21T09:01:45.852+0000] {dag.py:2693} INFO - Sync 1 DAGs
[2023-03-21T09:01:45.878+0000] {logging_mixin.py:137} INFO - [2023-03-21T09:01:45.878+0000] {dag.py:3444} INFO - Setting next_dagrun for example_short_circuit_decorator to 2023-03-20T09:01:45.878415+00:00, run_after=2023-03-21T09:01:45.878415+00:00
[2023-03-21T09:01:45.912+0000] {processor.py:175} INFO - Processing /home/airflow/.local/lib/python3.7/site-packages/airflow/example_dags/example_short_circuit_decorator.py took 0.118 seconds
[2023-03-21T09:02:16.778+0000] {processor.py:153} INFO - Started process (PID=476) to work on /home/airflow/.local/lib/python3.7/site-packages/airflow/example_dags/example_short_circuit_decorator.py
[2023-03-21T09:02:16.779+0000] {processor.py:743} INFO - Processing file /home/airflow/.local/lib/python3.7/site-packages/airflow/example_dags/example_short_circuit_decorator.py for tasks to queue
[2023-03-21T09:02:16.779+0000] {logging_mixin.py:137} INFO - [2023-03-21T09:02:16.779+0000] {dagbag.py:532} INFO - Filling up the DagBag from /home/airflow/.local/lib/python3.7/site-packages/airflow/example_dags/example_short_circuit_decorator.py
[2023-03-21T09:02:16.801+0000] {processor.py:753} INFO - DAG(s) dict_keys(['example_short_circuit_decorator']) retrieved from /home/airflow/.local/lib/python3.7/site-packages/airflow/example_dags/example_short_circuit_decorator.py
[2023-03-21T09:02:16.827+0000] {logging_mixin.py:137} INFO - [2023-03-21T09:02:16.827+0000] {dag.py:2693} INFO - Sync 1 DAGs
[2023-03-21T09:02:16.852+0000] {logging_mixin.py:137} INFO - [2023-03-21T09:02:16.852+0000] {dag.py:3444} INFO - Setting next_dagrun for example_short_circuit_decorator to 2023-03-20T09:02:16.852234+00:00, run_after=2023-03-21T09:02:16.852234+00:00
[2023-03-21T09:02:16.878+0000] {processor.py:175} INFO - Processing /home/airflow/.local/lib/python3.7/site-packages/airflow/example_dags/example_short_circuit_decorator.py took 0.102 seconds
[2023-03-21T09:02:47.558+0000] {processor.py:153} INFO - Started process (PID=693) to work on /home/airflow/.local/lib/python3.7/site-packages/airflow/example_dags/example_short_circuit_decorator.py
[2023-03-21T09:02:47.559+0000] {processor.py:743} INFO - Processing file /home/airflow/.local/lib/python3.7/site-packages/airflow/example_dags/example_short_circuit_decorator.py for tasks to queue
[2023-03-21T09:02:47.560+0000] {logging_mixin.py:137} INFO - [2023-03-21T09:02:47.560+0000] {dagbag.py:532} INFO - Filling up the DagBag from /home/airflow/.local/lib/python3.7/site-packages/airflow/example_dags/example_short_circuit_decorator.py
[2023-03-21T09:02:47.582+0000] {processor.py:753} INFO - DAG(s) dict_keys(['example_short_circuit_decorator']) retrieved from /home/airflow/.local/lib/python3.7/site-packages/airflow/example_dags/example_short_circuit_decorator.py
[2023-03-21T09:02:47.609+0000] {logging_mixin.py:137} INFO - [2023-03-21T09:02:47.609+0000] {dag.py:2693} INFO - Sync 1 DAGs
[2023-03-21T09:02:47.635+0000] {logging_mixin.py:137} INFO - [2023-03-21T09:02:47.634+0000] {dag.py:3444} INFO - Setting next_dagrun for example_short_circuit_decorator to 2023-03-20T09:02:47.634784+00:00, run_after=2023-03-21T09:02:47.634784+00:00
[2023-03-21T09:02:47.657+0000] {processor.py:175} INFO - Processing /home/airflow/.local/lib/python3.7/site-packages/airflow/example_dags/example_short_circuit_decorator.py took 0.101 seconds
[2023-03-21T09:03:18.387+0000] {processor.py:153} INFO - Started process (PID=910) to work on /home/airflow/.local/lib/python3.7/site-packages/airflow/example_dags/example_short_circuit_decorator.py
[2023-03-21T09:03:18.387+0000] {processor.py:743} INFO - Processing file /home/airflow/.local/lib/python3.7/site-packages/airflow/example_dags/example_short_circuit_decorator.py for tasks to queue
[2023-03-21T09:03:18.388+0000] {logging_mixin.py:137} INFO - [2023-03-21T09:03:18.388+0000] {dagbag.py:532} INFO - Filling up the DagBag from /home/airflow/.local/lib/python3.7/site-packages/airflow/example_dags/example_short_circuit_decorator.py
[2023-03-21T09:03:18.409+0000] {processor.py:753} INFO - DAG(s) dict_keys(['example_short_circuit_decorator']) retrieved from /home/airflow/.local/lib/python3.7/site-packages/airflow/example_dags/example_short_circuit_decorator.py
[2023-03-21T09:03:18.435+0000] {logging_mixin.py:137} INFO - [2023-03-21T09:03:18.435+0000] {dag.py:2693} INFO - Sync 1 DAGs
[2023-03-21T09:03:18.464+0000] {logging_mixin.py:137} INFO - [2023-03-21T09:03:18.463+0000] {dag.py:3444} INFO - Setting next_dagrun for example_short_circuit_decorator to 2023-03-20T09:03:18.463712+00:00, run_after=2023-03-21T09:03:18.463712+00:00
[2023-03-21T09:03:18.489+0000] {processor.py:175} INFO - Processing /home/airflow/.local/lib/python3.7/site-packages/airflow/example_dags/example_short_circuit_decorator.py took 0.105 seconds
[2023-03-21T09:03:49.128+0000] {processor.py:153} INFO - Started process (PID=1127) to work on /home/airflow/.local/lib/python3.7/site-packages/airflow/example_dags/example_short_circuit_decorator.py
[2023-03-21T09:03:49.129+0000] {processor.py:743} INFO - Processing file /home/airflow/.local/lib/python3.7/site-packages/airflow/example_dags/example_short_circuit_decorator.py for tasks to queue
[2023-03-21T09:03:49.130+0000] {logging_mixin.py:137} INFO - [2023-03-21T09:03:49.130+0000] {dagbag.py:532} INFO - Filling up the DagBag from /home/airflow/.local/lib/python3.7/site-packages/airflow/example_dags/example_short_circuit_decorator.py
[2023-03-21T09:03:49.153+0000] {processor.py:753} INFO - DAG(s) dict_keys(['example_short_circuit_decorator']) retrieved from /home/airflow/.local/lib/python3.7/site-packages/airflow/example_dags/example_short_circuit_decorator.py
[2023-03-21T09:03:49.184+0000] {logging_mixin.py:137} INFO - [2023-03-21T09:03:49.184+0000] {dag.py:2693} INFO - Sync 1 DAGs
[2023-03-21T09:03:49.212+0000] {logging_mixin.py:137} INFO - [2023-03-21T09:03:49.212+0000] {dag.py:3444} INFO - Setting next_dagrun for example_short_circuit_decorator to 2023-03-20T09:03:49.211788+00:00, run_after=2023-03-21T09:03:49.211788+00:00
[2023-03-21T09:03:49.237+0000] {processor.py:175} INFO - Processing /home/airflow/.local/lib/python3.7/site-packages/airflow/example_dags/example_short_circuit_decorator.py took 0.112 seconds
[2023-03-21T09:04:19.773+0000] {processor.py:153} INFO - Started process (PID=1344) to work on /home/airflow/.local/lib/python3.7/site-packages/airflow/example_dags/example_short_circuit_decorator.py
[2023-03-21T09:04:19.774+0000] {processor.py:743} INFO - Processing file /home/airflow/.local/lib/python3.7/site-packages/airflow/example_dags/example_short_circuit_decorator.py for tasks to queue
[2023-03-21T09:04:19.774+0000] {logging_mixin.py:137} INFO - [2023-03-21T09:04:19.774+0000] {dagbag.py:532} INFO - Filling up the DagBag from /home/airflow/.local/lib/python3.7/site-packages/airflow/example_dags/example_short_circuit_decorator.py
[2023-03-21T09:04:19.801+0000] {processor.py:753} INFO - DAG(s) dict_keys(['example_short_circuit_decorator']) retrieved from /home/airflow/.local/lib/python3.7/site-packages/airflow/example_dags/example_short_circuit_decorator.py
[2023-03-21T09:04:19.829+0000] {logging_mixin.py:137} INFO - [2023-03-21T09:04:19.828+0000] {dag.py:2693} INFO - Sync 1 DAGs
[2023-03-21T09:04:19.858+0000] {logging_mixin.py:137} INFO - [2023-03-21T09:04:19.857+0000] {dag.py:3444} INFO - Setting next_dagrun for example_short_circuit_decorator to 2023-03-20T09:04:19.857591+00:00, run_after=2023-03-21T09:04:19.857591+00:00
[2023-03-21T09:04:19.882+0000] {processor.py:175} INFO - Processing /home/airflow/.local/lib/python3.7/site-packages/airflow/example_dags/example_short_circuit_decorator.py took 0.111 seconds
[2023-03-21T09:04:50.576+0000] {processor.py:153} INFO - Started process (PID=1561) to work on /home/airflow/.local/lib/python3.7/site-packages/airflow/example_dags/example_short_circuit_decorator.py
[2023-03-21T09:04:50.577+0000] {processor.py:743} INFO - Processing file /home/airflow/.local/lib/python3.7/site-packages/airflow/example_dags/example_short_circuit_decorator.py for tasks to queue
[2023-03-21T09:04:50.578+0000] {logging_mixin.py:137} INFO - [2023-03-21T09:04:50.578+0000] {dagbag.py:532} INFO - Filling up the DagBag from /home/airflow/.local/lib/python3.7/site-packages/airflow/example_dags/example_short_circuit_decorator.py
[2023-03-21T09:04:50.601+0000] {processor.py:753} INFO - DAG(s) dict_keys(['example_short_circuit_decorator']) retrieved from /home/airflow/.local/lib/python3.7/site-packages/airflow/example_dags/example_short_circuit_decorator.py
[2023-03-21T09:04:50.629+0000] {logging_mixin.py:137} INFO - [2023-03-21T09:04:50.629+0000] {dag.py:2693} INFO - Sync 1 DAGs
[2023-03-21T09:04:50.655+0000] {logging_mixin.py:137} INFO - [2023-03-21T09:04:50.655+0000] {dag.py:3444} INFO - Setting next_dagrun for example_short_circuit_decorator to 2023-03-20T09:04:50.655503+00:00, run_after=2023-03-21T09:04:50.655503+00:00
[2023-03-21T09:04:50.679+0000] {processor.py:175} INFO - Processing /home/airflow/.local/lib/python3.7/site-packages/airflow/example_dags/example_short_circuit_decorator.py took 0.105 seconds
