[2023-03-21T08:56:45.841+0000] {processor.py:153} INFO - Started process (PID=204) to work on /home/airflow/.local/lib/python3.7/site-packages/airflow/example_dags/example_branch_labels.py
[2023-03-21T08:56:45.842+0000] {processor.py:743} INFO - Processing file /home/airflow/.local/lib/python3.7/site-packages/airflow/example_dags/example_branch_labels.py for tasks to queue
[2023-03-21T08:56:45.842+0000] {logging_mixin.py:137} INFO - [2023-03-21T08:56:45.842+0000] {dagbag.py:532} INFO - Filling up the DagBag from /home/airflow/.local/lib/python3.7/site-packages/airflow/example_dags/example_branch_labels.py
[2023-03-21T08:56:45.855+0000] {processor.py:753} INFO - DAG(s) dict_keys(['example_branch_labels']) retrieved from /home/airflow/.local/lib/python3.7/site-packages/airflow/example_dags/example_branch_labels.py
[2023-03-21T08:56:45.884+0000] {logging_mixin.py:137} INFO - [2023-03-21T08:56:45.884+0000] {dag.py:2693} INFO - Sync 1 DAGs
[2023-03-21T08:56:45.913+0000] {logging_mixin.py:137} INFO - [2023-03-21T08:56:45.913+0000] {dag.py:3444} INFO - Setting next_dagrun for example_branch_labels to 2023-03-20T00:00:00+00:00, run_after=2023-03-21T00:00:00+00:00
[2023-03-21T08:56:45.936+0000] {processor.py:175} INFO - Processing /home/airflow/.local/lib/python3.7/site-packages/airflow/example_dags/example_branch_labels.py took 0.097 seconds
[2023-03-21T08:57:17.044+0000] {processor.py:153} INFO - Started process (PID=421) to work on /home/airflow/.local/lib/python3.7/site-packages/airflow/example_dags/example_branch_labels.py
[2023-03-21T08:57:17.045+0000] {processor.py:743} INFO - Processing file /home/airflow/.local/lib/python3.7/site-packages/airflow/example_dags/example_branch_labels.py for tasks to queue
[2023-03-21T08:57:17.045+0000] {logging_mixin.py:137} INFO - [2023-03-21T08:57:17.045+0000] {dagbag.py:532} INFO - Filling up the DagBag from /home/airflow/.local/lib/python3.7/site-packages/airflow/example_dags/example_branch_labels.py
[2023-03-21T08:57:17.063+0000] {processor.py:753} INFO - DAG(s) dict_keys(['example_branch_labels']) retrieved from /home/airflow/.local/lib/python3.7/site-packages/airflow/example_dags/example_branch_labels.py
[2023-03-21T08:57:17.090+0000] {logging_mixin.py:137} INFO - [2023-03-21T08:57:17.089+0000] {dag.py:2693} INFO - Sync 1 DAGs
[2023-03-21T08:57:17.144+0000] {logging_mixin.py:137} INFO - [2023-03-21T08:57:17.144+0000] {dag.py:3444} INFO - Setting next_dagrun for example_branch_labels to 2023-03-20T00:00:00+00:00, run_after=2023-03-21T00:00:00+00:00
[2023-03-21T08:57:17.171+0000] {processor.py:175} INFO - Processing /home/airflow/.local/lib/python3.7/site-packages/airflow/example_dags/example_branch_labels.py took 0.130 seconds
[2023-03-21T08:57:48.162+0000] {processor.py:153} INFO - Started process (PID=638) to work on /home/airflow/.local/lib/python3.7/site-packages/airflow/example_dags/example_branch_labels.py
[2023-03-21T08:57:48.163+0000] {processor.py:743} INFO - Processing file /home/airflow/.local/lib/python3.7/site-packages/airflow/example_dags/example_branch_labels.py for tasks to queue
[2023-03-21T08:57:48.164+0000] {logging_mixin.py:137} INFO - [2023-03-21T08:57:48.163+0000] {dagbag.py:532} INFO - Filling up the DagBag from /home/airflow/.local/lib/python3.7/site-packages/airflow/example_dags/example_branch_labels.py
[2023-03-21T08:57:48.176+0000] {processor.py:753} INFO - DAG(s) dict_keys(['example_branch_labels']) retrieved from /home/airflow/.local/lib/python3.7/site-packages/airflow/example_dags/example_branch_labels.py
[2023-03-21T08:57:48.203+0000] {logging_mixin.py:137} INFO - [2023-03-21T08:57:48.203+0000] {dag.py:2693} INFO - Sync 1 DAGs
[2023-03-21T08:57:48.233+0000] {logging_mixin.py:137} INFO - [2023-03-21T08:57:48.233+0000] {dag.py:3444} INFO - Setting next_dagrun for example_branch_labels to 2023-03-20T00:00:00+00:00, run_after=2023-03-21T00:00:00+00:00
[2023-03-21T08:57:48.259+0000] {processor.py:175} INFO - Processing /home/airflow/.local/lib/python3.7/site-packages/airflow/example_dags/example_branch_labels.py took 0.099 seconds
[2023-03-21T08:58:19.345+0000] {processor.py:153} INFO - Started process (PID=855) to work on /home/airflow/.local/lib/python3.7/site-packages/airflow/example_dags/example_branch_labels.py
[2023-03-21T08:58:19.347+0000] {processor.py:743} INFO - Processing file /home/airflow/.local/lib/python3.7/site-packages/airflow/example_dags/example_branch_labels.py for tasks to queue
[2023-03-21T08:58:19.348+0000] {logging_mixin.py:137} INFO - [2023-03-21T08:58:19.348+0000] {dagbag.py:532} INFO - Filling up the DagBag from /home/airflow/.local/lib/python3.7/site-packages/airflow/example_dags/example_branch_labels.py
[2023-03-21T08:58:19.361+0000] {processor.py:753} INFO - DAG(s) dict_keys(['example_branch_labels']) retrieved from /home/airflow/.local/lib/python3.7/site-packages/airflow/example_dags/example_branch_labels.py
[2023-03-21T08:58:19.389+0000] {logging_mixin.py:137} INFO - [2023-03-21T08:58:19.389+0000] {dag.py:2693} INFO - Sync 1 DAGs
[2023-03-21T08:58:19.425+0000] {logging_mixin.py:137} INFO - [2023-03-21T08:58:19.425+0000] {dag.py:3444} INFO - Setting next_dagrun for example_branch_labels to 2023-03-20T00:00:00+00:00, run_after=2023-03-21T00:00:00+00:00
[2023-03-21T08:58:19.451+0000] {processor.py:175} INFO - Processing /home/airflow/.local/lib/python3.7/site-packages/airflow/example_dags/example_branch_labels.py took 0.108 seconds
[2023-03-21T08:58:50.388+0000] {processor.py:153} INFO - Started process (PID=1072) to work on /home/airflow/.local/lib/python3.7/site-packages/airflow/example_dags/example_branch_labels.py
[2023-03-21T08:58:50.389+0000] {processor.py:743} INFO - Processing file /home/airflow/.local/lib/python3.7/site-packages/airflow/example_dags/example_branch_labels.py for tasks to queue
[2023-03-21T08:58:50.389+0000] {logging_mixin.py:137} INFO - [2023-03-21T08:58:50.389+0000] {dagbag.py:532} INFO - Filling up the DagBag from /home/airflow/.local/lib/python3.7/site-packages/airflow/example_dags/example_branch_labels.py
[2023-03-21T08:58:50.407+0000] {processor.py:753} INFO - DAG(s) dict_keys(['example_branch_labels']) retrieved from /home/airflow/.local/lib/python3.7/site-packages/airflow/example_dags/example_branch_labels.py
[2023-03-21T08:58:50.447+0000] {logging_mixin.py:137} INFO - [2023-03-21T08:58:50.447+0000] {dag.py:2693} INFO - Sync 1 DAGs
[2023-03-21T08:58:50.487+0000] {logging_mixin.py:137} INFO - [2023-03-21T08:58:50.487+0000] {dag.py:3444} INFO - Setting next_dagrun for example_branch_labels to 2023-03-20T00:00:00+00:00, run_after=2023-03-21T00:00:00+00:00
[2023-03-21T08:58:50.516+0000] {processor.py:175} INFO - Processing /home/airflow/.local/lib/python3.7/site-packages/airflow/example_dags/example_branch_labels.py took 0.131 seconds
[2023-03-21T08:59:21.425+0000] {processor.py:153} INFO - Started process (PID=1289) to work on /home/airflow/.local/lib/python3.7/site-packages/airflow/example_dags/example_branch_labels.py
[2023-03-21T08:59:21.426+0000] {processor.py:743} INFO - Processing file /home/airflow/.local/lib/python3.7/site-packages/airflow/example_dags/example_branch_labels.py for tasks to queue
[2023-03-21T08:59:21.427+0000] {logging_mixin.py:137} INFO - [2023-03-21T08:59:21.427+0000] {dagbag.py:532} INFO - Filling up the DagBag from /home/airflow/.local/lib/python3.7/site-packages/airflow/example_dags/example_branch_labels.py
[2023-03-21T08:59:21.443+0000] {processor.py:753} INFO - DAG(s) dict_keys(['example_branch_labels']) retrieved from /home/airflow/.local/lib/python3.7/site-packages/airflow/example_dags/example_branch_labels.py
[2023-03-21T08:59:21.472+0000] {logging_mixin.py:137} INFO - [2023-03-21T08:59:21.472+0000] {dag.py:2693} INFO - Sync 1 DAGs
[2023-03-21T08:59:21.504+0000] {logging_mixin.py:137} INFO - [2023-03-21T08:59:21.504+0000] {dag.py:3444} INFO - Setting next_dagrun for example_branch_labels to 2023-03-20T00:00:00+00:00, run_after=2023-03-21T00:00:00+00:00
[2023-03-21T08:59:21.531+0000] {processor.py:175} INFO - Processing /home/airflow/.local/lib/python3.7/site-packages/airflow/example_dags/example_branch_labels.py took 0.109 seconds
[2023-03-21T08:59:52.432+0000] {processor.py:153} INFO - Started process (PID=1506) to work on /home/airflow/.local/lib/python3.7/site-packages/airflow/example_dags/example_branch_labels.py
[2023-03-21T08:59:52.433+0000] {processor.py:743} INFO - Processing file /home/airflow/.local/lib/python3.7/site-packages/airflow/example_dags/example_branch_labels.py for tasks to queue
[2023-03-21T08:59:52.433+0000] {logging_mixin.py:137} INFO - [2023-03-21T08:59:52.433+0000] {dagbag.py:532} INFO - Filling up the DagBag from /home/airflow/.local/lib/python3.7/site-packages/airflow/example_dags/example_branch_labels.py
[2023-03-21T08:59:52.447+0000] {processor.py:753} INFO - DAG(s) dict_keys(['example_branch_labels']) retrieved from /home/airflow/.local/lib/python3.7/site-packages/airflow/example_dags/example_branch_labels.py
[2023-03-21T08:59:52.478+0000] {logging_mixin.py:137} INFO - [2023-03-21T08:59:52.477+0000] {dag.py:2693} INFO - Sync 1 DAGs
[2023-03-21T08:59:52.523+0000] {logging_mixin.py:137} INFO - [2023-03-21T08:59:52.523+0000] {dag.py:3444} INFO - Setting next_dagrun for example_branch_labels to 2023-03-20T00:00:00+00:00, run_after=2023-03-21T00:00:00+00:00
[2023-03-21T08:59:52.559+0000] {processor.py:175} INFO - Processing /home/airflow/.local/lib/python3.7/site-packages/airflow/example_dags/example_branch_labels.py took 0.129 seconds
[2023-03-21T09:00:22.797+0000] {processor.py:153} INFO - Started process (PID=1723) to work on /home/airflow/.local/lib/python3.7/site-packages/airflow/example_dags/example_branch_labels.py
[2023-03-21T09:00:22.798+0000] {processor.py:743} INFO - Processing file /home/airflow/.local/lib/python3.7/site-packages/airflow/example_dags/example_branch_labels.py for tasks to queue
[2023-03-21T09:00:22.799+0000] {logging_mixin.py:137} INFO - [2023-03-21T09:00:22.799+0000] {dagbag.py:532} INFO - Filling up the DagBag from /home/airflow/.local/lib/python3.7/site-packages/airflow/example_dags/example_branch_labels.py
[2023-03-21T09:00:22.812+0000] {processor.py:753} INFO - DAG(s) dict_keys(['example_branch_labels']) retrieved from /home/airflow/.local/lib/python3.7/site-packages/airflow/example_dags/example_branch_labels.py
[2023-03-21T09:00:22.843+0000] {logging_mixin.py:137} INFO - [2023-03-21T09:00:22.843+0000] {dag.py:2693} INFO - Sync 1 DAGs
[2023-03-21T09:00:22.873+0000] {logging_mixin.py:137} INFO - [2023-03-21T09:00:22.872+0000] {dag.py:3444} INFO - Setting next_dagrun for example_branch_labels to 2023-03-20T00:00:00+00:00, run_after=2023-03-21T00:00:00+00:00
[2023-03-21T09:00:22.898+0000] {processor.py:175} INFO - Processing /home/airflow/.local/lib/python3.7/site-packages/airflow/example_dags/example_branch_labels.py took 0.103 seconds
[2023-03-21T09:01:45.046+0000] {processor.py:153} INFO - Started process (PID=204) to work on /home/airflow/.local/lib/python3.7/site-packages/airflow/example_dags/example_branch_labels.py
[2023-03-21T09:01:45.047+0000] {processor.py:743} INFO - Processing file /home/airflow/.local/lib/python3.7/site-packages/airflow/example_dags/example_branch_labels.py for tasks to queue
[2023-03-21T09:01:45.048+0000] {logging_mixin.py:137} INFO - [2023-03-21T09:01:45.048+0000] {dagbag.py:532} INFO - Filling up the DagBag from /home/airflow/.local/lib/python3.7/site-packages/airflow/example_dags/example_branch_labels.py
[2023-03-21T09:01:45.060+0000] {processor.py:753} INFO - DAG(s) dict_keys(['example_branch_labels']) retrieved from /home/airflow/.local/lib/python3.7/site-packages/airflow/example_dags/example_branch_labels.py
[2023-03-21T09:01:45.086+0000] {logging_mixin.py:137} INFO - [2023-03-21T09:01:45.086+0000] {dag.py:2693} INFO - Sync 1 DAGs
[2023-03-21T09:01:45.114+0000] {logging_mixin.py:137} INFO - [2023-03-21T09:01:45.114+0000] {dag.py:3444} INFO - Setting next_dagrun for example_branch_labels to 2023-03-20T00:00:00+00:00, run_after=2023-03-21T00:00:00+00:00
[2023-03-21T09:01:45.138+0000] {processor.py:175} INFO - Processing /home/airflow/.local/lib/python3.7/site-packages/airflow/example_dags/example_branch_labels.py took 0.095 seconds
[2023-03-21T09:02:16.043+0000] {processor.py:153} INFO - Started process (PID=421) to work on /home/airflow/.local/lib/python3.7/site-packages/airflow/example_dags/example_branch_labels.py
[2023-03-21T09:02:16.044+0000] {processor.py:743} INFO - Processing file /home/airflow/.local/lib/python3.7/site-packages/airflow/example_dags/example_branch_labels.py for tasks to queue
[2023-03-21T09:02:16.045+0000] {logging_mixin.py:137} INFO - [2023-03-21T09:02:16.045+0000] {dagbag.py:532} INFO - Filling up the DagBag from /home/airflow/.local/lib/python3.7/site-packages/airflow/example_dags/example_branch_labels.py
[2023-03-21T09:02:16.056+0000] {processor.py:753} INFO - DAG(s) dict_keys(['example_branch_labels']) retrieved from /home/airflow/.local/lib/python3.7/site-packages/airflow/example_dags/example_branch_labels.py
[2023-03-21T09:02:16.081+0000] {logging_mixin.py:137} INFO - [2023-03-21T09:02:16.081+0000] {dag.py:2693} INFO - Sync 1 DAGs
[2023-03-21T09:02:16.108+0000] {logging_mixin.py:137} INFO - [2023-03-21T09:02:16.108+0000] {dag.py:3444} INFO - Setting next_dagrun for example_branch_labels to 2023-03-20T00:00:00+00:00, run_after=2023-03-21T00:00:00+00:00
[2023-03-21T09:02:16.131+0000] {processor.py:175} INFO - Processing /home/airflow/.local/lib/python3.7/site-packages/airflow/example_dags/example_branch_labels.py took 0.090 seconds
[2023-03-21T09:02:46.864+0000] {processor.py:153} INFO - Started process (PID=638) to work on /home/airflow/.local/lib/python3.7/site-packages/airflow/example_dags/example_branch_labels.py
[2023-03-21T09:02:46.864+0000] {processor.py:743} INFO - Processing file /home/airflow/.local/lib/python3.7/site-packages/airflow/example_dags/example_branch_labels.py for tasks to queue
[2023-03-21T09:02:46.865+0000] {logging_mixin.py:137} INFO - [2023-03-21T09:02:46.864+0000] {dagbag.py:532} INFO - Filling up the DagBag from /home/airflow/.local/lib/python3.7/site-packages/airflow/example_dags/example_branch_labels.py
[2023-03-21T09:02:46.876+0000] {processor.py:753} INFO - DAG(s) dict_keys(['example_branch_labels']) retrieved from /home/airflow/.local/lib/python3.7/site-packages/airflow/example_dags/example_branch_labels.py
[2023-03-21T09:02:46.903+0000] {logging_mixin.py:137} INFO - [2023-03-21T09:02:46.902+0000] {dag.py:2693} INFO - Sync 1 DAGs
[2023-03-21T09:02:46.929+0000] {logging_mixin.py:137} INFO - [2023-03-21T09:02:46.929+0000] {dag.py:3444} INFO - Setting next_dagrun for example_branch_labels to 2023-03-20T00:00:00+00:00, run_after=2023-03-21T00:00:00+00:00
[2023-03-21T09:02:46.952+0000] {processor.py:175} INFO - Processing /home/airflow/.local/lib/python3.7/site-packages/airflow/example_dags/example_branch_labels.py took 0.091 seconds
[2023-03-21T09:03:17.662+0000] {processor.py:153} INFO - Started process (PID=855) to work on /home/airflow/.local/lib/python3.7/site-packages/airflow/example_dags/example_branch_labels.py
[2023-03-21T09:03:17.663+0000] {processor.py:743} INFO - Processing file /home/airflow/.local/lib/python3.7/site-packages/airflow/example_dags/example_branch_labels.py for tasks to queue
[2023-03-21T09:03:17.664+0000] {logging_mixin.py:137} INFO - [2023-03-21T09:03:17.664+0000] {dagbag.py:532} INFO - Filling up the DagBag from /home/airflow/.local/lib/python3.7/site-packages/airflow/example_dags/example_branch_labels.py
[2023-03-21T09:03:17.677+0000] {processor.py:753} INFO - DAG(s) dict_keys(['example_branch_labels']) retrieved from /home/airflow/.local/lib/python3.7/site-packages/airflow/example_dags/example_branch_labels.py
[2023-03-21T09:03:17.706+0000] {logging_mixin.py:137} INFO - [2023-03-21T09:03:17.706+0000] {dag.py:2693} INFO - Sync 1 DAGs
[2023-03-21T09:03:17.736+0000] {logging_mixin.py:137} INFO - [2023-03-21T09:03:17.736+0000] {dag.py:3444} INFO - Setting next_dagrun for example_branch_labels to 2023-03-20T00:00:00+00:00, run_after=2023-03-21T00:00:00+00:00
[2023-03-21T09:03:17.759+0000] {processor.py:175} INFO - Processing /home/airflow/.local/lib/python3.7/site-packages/airflow/example_dags/example_branch_labels.py took 0.098 seconds
[2023-03-21T09:03:48.407+0000] {processor.py:153} INFO - Started process (PID=1072) to work on /home/airflow/.local/lib/python3.7/site-packages/airflow/example_dags/example_branch_labels.py
[2023-03-21T09:03:48.407+0000] {processor.py:743} INFO - Processing file /home/airflow/.local/lib/python3.7/site-packages/airflow/example_dags/example_branch_labels.py for tasks to queue
[2023-03-21T09:03:48.408+0000] {logging_mixin.py:137} INFO - [2023-03-21T09:03:48.408+0000] {dagbag.py:532} INFO - Filling up the DagBag from /home/airflow/.local/lib/python3.7/site-packages/airflow/example_dags/example_branch_labels.py
[2023-03-21T09:03:48.419+0000] {processor.py:753} INFO - DAG(s) dict_keys(['example_branch_labels']) retrieved from /home/airflow/.local/lib/python3.7/site-packages/airflow/example_dags/example_branch_labels.py
[2023-03-21T09:03:48.444+0000] {logging_mixin.py:137} INFO - [2023-03-21T09:03:48.444+0000] {dag.py:2693} INFO - Sync 1 DAGs
[2023-03-21T09:03:48.479+0000] {logging_mixin.py:137} INFO - [2023-03-21T09:03:48.479+0000] {dag.py:3444} INFO - Setting next_dagrun for example_branch_labels to 2023-03-20T00:00:00+00:00, run_after=2023-03-21T00:00:00+00:00
[2023-03-21T09:03:48.505+0000] {processor.py:175} INFO - Processing /home/airflow/.local/lib/python3.7/site-packages/airflow/example_dags/example_branch_labels.py took 0.100 seconds
[2023-03-21T09:04:19.082+0000] {processor.py:153} INFO - Started process (PID=1289) to work on /home/airflow/.local/lib/python3.7/site-packages/airflow/example_dags/example_branch_labels.py
[2023-03-21T09:04:19.082+0000] {processor.py:743} INFO - Processing file /home/airflow/.local/lib/python3.7/site-packages/airflow/example_dags/example_branch_labels.py for tasks to queue
[2023-03-21T09:04:19.083+0000] {logging_mixin.py:137} INFO - [2023-03-21T09:04:19.083+0000] {dagbag.py:532} INFO - Filling up the DagBag from /home/airflow/.local/lib/python3.7/site-packages/airflow/example_dags/example_branch_labels.py
[2023-03-21T09:04:19.095+0000] {processor.py:753} INFO - DAG(s) dict_keys(['example_branch_labels']) retrieved from /home/airflow/.local/lib/python3.7/site-packages/airflow/example_dags/example_branch_labels.py
[2023-03-21T09:04:19.120+0000] {logging_mixin.py:137} INFO - [2023-03-21T09:04:19.120+0000] {dag.py:2693} INFO - Sync 1 DAGs
[2023-03-21T09:04:19.148+0000] {logging_mixin.py:137} INFO - [2023-03-21T09:04:19.148+0000] {dag.py:3444} INFO - Setting next_dagrun for example_branch_labels to 2023-03-20T00:00:00+00:00, run_after=2023-03-21T00:00:00+00:00
[2023-03-21T09:04:19.170+0000] {processor.py:175} INFO - Processing /home/airflow/.local/lib/python3.7/site-packages/airflow/example_dags/example_branch_labels.py took 0.090 seconds
[2023-03-21T09:04:49.892+0000] {processor.py:153} INFO - Started process (PID=1506) to work on /home/airflow/.local/lib/python3.7/site-packages/airflow/example_dags/example_branch_labels.py
[2023-03-21T09:04:49.892+0000] {processor.py:743} INFO - Processing file /home/airflow/.local/lib/python3.7/site-packages/airflow/example_dags/example_branch_labels.py for tasks to queue
[2023-03-21T09:04:49.893+0000] {logging_mixin.py:137} INFO - [2023-03-21T09:04:49.893+0000] {dagbag.py:532} INFO - Filling up the DagBag from /home/airflow/.local/lib/python3.7/site-packages/airflow/example_dags/example_branch_labels.py
[2023-03-21T09:04:49.909+0000] {processor.py:753} INFO - DAG(s) dict_keys(['example_branch_labels']) retrieved from /home/airflow/.local/lib/python3.7/site-packages/airflow/example_dags/example_branch_labels.py
[2023-03-21T09:04:49.944+0000] {logging_mixin.py:137} INFO - [2023-03-21T09:04:49.943+0000] {dag.py:2693} INFO - Sync 1 DAGs
[2023-03-21T09:04:49.971+0000] {logging_mixin.py:137} INFO - [2023-03-21T09:04:49.971+0000] {dag.py:3444} INFO - Setting next_dagrun for example_branch_labels to 2023-03-20T00:00:00+00:00, run_after=2023-03-21T00:00:00+00:00
[2023-03-21T09:04:49.992+0000] {processor.py:175} INFO - Processing /home/airflow/.local/lib/python3.7/site-packages/airflow/example_dags/example_branch_labels.py took 0.104 seconds
