[2023-03-21T08:56:47.701+0000] {processor.py:153} INFO - Started process (PID=339) to work on /home/airflow/.local/lib/python3.7/site-packages/airflow/example_dags/example_latest_only_with_trigger.py
[2023-03-21T08:56:47.702+0000] {processor.py:743} INFO - Processing file /home/airflow/.local/lib/python3.7/site-packages/airflow/example_dags/example_latest_only_with_trigger.py for tasks to queue
[2023-03-21T08:56:47.702+0000] {logging_mixin.py:137} INFO - [2023-03-21T08:56:47.702+0000] {dagbag.py:532} INFO - Filling up the DagBag from /home/airflow/.local/lib/python3.7/site-packages/airflow/example_dags/example_latest_only_with_trigger.py
[2023-03-21T08:56:47.714+0000] {processor.py:753} INFO - DAG(s) dict_keys(['latest_only_with_trigger']) retrieved from /home/airflow/.local/lib/python3.7/site-packages/airflow/example_dags/example_latest_only_with_trigger.py
[2023-03-21T08:56:47.740+0000] {logging_mixin.py:137} INFO - [2023-03-21T08:56:47.740+0000] {dag.py:2693} INFO - Sync 1 DAGs
[2023-03-21T08:56:47.770+0000] {logging_mixin.py:137} INFO - [2023-03-21T08:56:47.770+0000] {dag.py:3444} INFO - Setting next_dagrun for latest_only_with_trigger to 2023-03-21T04:56:47.770211+00:00, run_after=2023-03-21T08:56:47.770211+00:00
[2023-03-21T08:56:47.795+0000] {processor.py:175} INFO - Processing /home/airflow/.local/lib/python3.7/site-packages/airflow/example_dags/example_latest_only_with_trigger.py took 0.096 seconds
[2023-03-21T08:57:18.980+0000] {processor.py:153} INFO - Started process (PID=556) to work on /home/airflow/.local/lib/python3.7/site-packages/airflow/example_dags/example_latest_only_with_trigger.py
[2023-03-21T08:57:18.980+0000] {processor.py:743} INFO - Processing file /home/airflow/.local/lib/python3.7/site-packages/airflow/example_dags/example_latest_only_with_trigger.py for tasks to queue
[2023-03-21T08:57:18.981+0000] {logging_mixin.py:137} INFO - [2023-03-21T08:57:18.981+0000] {dagbag.py:532} INFO - Filling up the DagBag from /home/airflow/.local/lib/python3.7/site-packages/airflow/example_dags/example_latest_only_with_trigger.py
[2023-03-21T08:57:18.992+0000] {processor.py:753} INFO - DAG(s) dict_keys(['latest_only_with_trigger']) retrieved from /home/airflow/.local/lib/python3.7/site-packages/airflow/example_dags/example_latest_only_with_trigger.py
[2023-03-21T08:57:19.018+0000] {logging_mixin.py:137} INFO - [2023-03-21T08:57:19.018+0000] {dag.py:2693} INFO - Sync 1 DAGs
[2023-03-21T08:57:19.048+0000] {logging_mixin.py:137} INFO - [2023-03-21T08:57:19.048+0000] {dag.py:3444} INFO - Setting next_dagrun for latest_only_with_trigger to 2023-03-21T04:57:19.048125+00:00, run_after=2023-03-21T08:57:19.048125+00:00
[2023-03-21T08:57:19.072+0000] {processor.py:175} INFO - Processing /home/airflow/.local/lib/python3.7/site-packages/airflow/example_dags/example_latest_only_with_trigger.py took 0.095 seconds
[2023-03-21T08:57:50.090+0000] {processor.py:153} INFO - Started process (PID=773) to work on /home/airflow/.local/lib/python3.7/site-packages/airflow/example_dags/example_latest_only_with_trigger.py
[2023-03-21T08:57:50.091+0000] {processor.py:743} INFO - Processing file /home/airflow/.local/lib/python3.7/site-packages/airflow/example_dags/example_latest_only_with_trigger.py for tasks to queue
[2023-03-21T08:57:50.092+0000] {logging_mixin.py:137} INFO - [2023-03-21T08:57:50.092+0000] {dagbag.py:532} INFO - Filling up the DagBag from /home/airflow/.local/lib/python3.7/site-packages/airflow/example_dags/example_latest_only_with_trigger.py
[2023-03-21T08:57:50.105+0000] {processor.py:753} INFO - DAG(s) dict_keys(['latest_only_with_trigger']) retrieved from /home/airflow/.local/lib/python3.7/site-packages/airflow/example_dags/example_latest_only_with_trigger.py
[2023-03-21T08:57:50.132+0000] {logging_mixin.py:137} INFO - [2023-03-21T08:57:50.132+0000] {dag.py:2693} INFO - Sync 1 DAGs
[2023-03-21T08:57:50.159+0000] {logging_mixin.py:137} INFO - [2023-03-21T08:57:50.159+0000] {dag.py:3444} INFO - Setting next_dagrun for latest_only_with_trigger to 2023-03-21T04:57:50.159479+00:00, run_after=2023-03-21T08:57:50.159479+00:00
[2023-03-21T08:57:50.183+0000] {processor.py:175} INFO - Processing /home/airflow/.local/lib/python3.7/site-packages/airflow/example_dags/example_latest_only_with_trigger.py took 0.095 seconds
[2023-03-21T08:58:21.297+0000] {processor.py:153} INFO - Started process (PID=990) to work on /home/airflow/.local/lib/python3.7/site-packages/airflow/example_dags/example_latest_only_with_trigger.py
[2023-03-21T08:58:21.297+0000] {processor.py:743} INFO - Processing file /home/airflow/.local/lib/python3.7/site-packages/airflow/example_dags/example_latest_only_with_trigger.py for tasks to queue
[2023-03-21T08:58:21.298+0000] {logging_mixin.py:137} INFO - [2023-03-21T08:58:21.297+0000] {dagbag.py:532} INFO - Filling up the DagBag from /home/airflow/.local/lib/python3.7/site-packages/airflow/example_dags/example_latest_only_with_trigger.py
[2023-03-21T08:58:21.308+0000] {processor.py:753} INFO - DAG(s) dict_keys(['latest_only_with_trigger']) retrieved from /home/airflow/.local/lib/python3.7/site-packages/airflow/example_dags/example_latest_only_with_trigger.py
[2023-03-21T08:58:21.334+0000] {logging_mixin.py:137} INFO - [2023-03-21T08:58:21.334+0000] {dag.py:2693} INFO - Sync 1 DAGs
[2023-03-21T08:58:21.365+0000] {logging_mixin.py:137} INFO - [2023-03-21T08:58:21.365+0000] {dag.py:3444} INFO - Setting next_dagrun for latest_only_with_trigger to 2023-03-21T04:58:21.365277+00:00, run_after=2023-03-21T08:58:21.365277+00:00
[2023-03-21T08:58:21.392+0000] {processor.py:175} INFO - Processing /home/airflow/.local/lib/python3.7/site-packages/airflow/example_dags/example_latest_only_with_trigger.py took 0.098 seconds
[2023-03-21T08:58:52.373+0000] {processor.py:153} INFO - Started process (PID=1207) to work on /home/airflow/.local/lib/python3.7/site-packages/airflow/example_dags/example_latest_only_with_trigger.py
[2023-03-21T08:58:52.374+0000] {processor.py:743} INFO - Processing file /home/airflow/.local/lib/python3.7/site-packages/airflow/example_dags/example_latest_only_with_trigger.py for tasks to queue
[2023-03-21T08:58:52.374+0000] {logging_mixin.py:137} INFO - [2023-03-21T08:58:52.374+0000] {dagbag.py:532} INFO - Filling up the DagBag from /home/airflow/.local/lib/python3.7/site-packages/airflow/example_dags/example_latest_only_with_trigger.py
[2023-03-21T08:58:52.389+0000] {processor.py:753} INFO - DAG(s) dict_keys(['latest_only_with_trigger']) retrieved from /home/airflow/.local/lib/python3.7/site-packages/airflow/example_dags/example_latest_only_with_trigger.py
[2023-03-21T08:58:52.416+0000] {logging_mixin.py:137} INFO - [2023-03-21T08:58:52.416+0000] {dag.py:2693} INFO - Sync 1 DAGs
[2023-03-21T08:58:52.444+0000] {logging_mixin.py:137} INFO - [2023-03-21T08:58:52.444+0000] {dag.py:3444} INFO - Setting next_dagrun for latest_only_with_trigger to 2023-03-21T04:58:52.444503+00:00, run_after=2023-03-21T08:58:52.444503+00:00
[2023-03-21T08:58:52.468+0000] {processor.py:175} INFO - Processing /home/airflow/.local/lib/python3.7/site-packages/airflow/example_dags/example_latest_only_with_trigger.py took 0.098 seconds
[2023-03-21T08:59:23.396+0000] {processor.py:153} INFO - Started process (PID=1424) to work on /home/airflow/.local/lib/python3.7/site-packages/airflow/example_dags/example_latest_only_with_trigger.py
[2023-03-21T08:59:23.397+0000] {processor.py:743} INFO - Processing file /home/airflow/.local/lib/python3.7/site-packages/airflow/example_dags/example_latest_only_with_trigger.py for tasks to queue
[2023-03-21T08:59:23.397+0000] {logging_mixin.py:137} INFO - [2023-03-21T08:59:23.397+0000] {dagbag.py:532} INFO - Filling up the DagBag from /home/airflow/.local/lib/python3.7/site-packages/airflow/example_dags/example_latest_only_with_trigger.py
[2023-03-21T08:59:23.408+0000] {processor.py:753} INFO - DAG(s) dict_keys(['latest_only_with_trigger']) retrieved from /home/airflow/.local/lib/python3.7/site-packages/airflow/example_dags/example_latest_only_with_trigger.py
[2023-03-21T08:59:23.434+0000] {logging_mixin.py:137} INFO - [2023-03-21T08:59:23.434+0000] {dag.py:2693} INFO - Sync 1 DAGs
[2023-03-21T08:59:23.464+0000] {logging_mixin.py:137} INFO - [2023-03-21T08:59:23.463+0000] {dag.py:3444} INFO - Setting next_dagrun for latest_only_with_trigger to 2023-03-21T04:59:23.463716+00:00, run_after=2023-03-21T08:59:23.463716+00:00
[2023-03-21T08:59:23.490+0000] {processor.py:175} INFO - Processing /home/airflow/.local/lib/python3.7/site-packages/airflow/example_dags/example_latest_only_with_trigger.py took 0.097 seconds
[2023-03-21T08:59:54.635+0000] {processor.py:153} INFO - Started process (PID=1641) to work on /home/airflow/.local/lib/python3.7/site-packages/airflow/example_dags/example_latest_only_with_trigger.py
[2023-03-21T08:59:54.636+0000] {processor.py:743} INFO - Processing file /home/airflow/.local/lib/python3.7/site-packages/airflow/example_dags/example_latest_only_with_trigger.py for tasks to queue
[2023-03-21T08:59:54.636+0000] {logging_mixin.py:137} INFO - [2023-03-21T08:59:54.636+0000] {dagbag.py:532} INFO - Filling up the DagBag from /home/airflow/.local/lib/python3.7/site-packages/airflow/example_dags/example_latest_only_with_trigger.py
[2023-03-21T08:59:54.649+0000] {processor.py:753} INFO - DAG(s) dict_keys(['latest_only_with_trigger']) retrieved from /home/airflow/.local/lib/python3.7/site-packages/airflow/example_dags/example_latest_only_with_trigger.py
[2023-03-21T08:59:54.675+0000] {logging_mixin.py:137} INFO - [2023-03-21T08:59:54.675+0000] {dag.py:2693} INFO - Sync 1 DAGs
[2023-03-21T08:59:54.708+0000] {logging_mixin.py:137} INFO - [2023-03-21T08:59:54.707+0000] {dag.py:3444} INFO - Setting next_dagrun for latest_only_with_trigger to 2023-03-21T04:59:54.707546+00:00, run_after=2023-03-21T08:59:54.707546+00:00
[2023-03-21T08:59:54.733+0000] {processor.py:175} INFO - Processing /home/airflow/.local/lib/python3.7/site-packages/airflow/example_dags/example_latest_only_with_trigger.py took 0.101 seconds
[2023-03-21T09:00:24.865+0000] {processor.py:153} INFO - Started process (PID=1858) to work on /home/airflow/.local/lib/python3.7/site-packages/airflow/example_dags/example_latest_only_with_trigger.py
[2023-03-21T09:00:24.866+0000] {processor.py:743} INFO - Processing file /home/airflow/.local/lib/python3.7/site-packages/airflow/example_dags/example_latest_only_with_trigger.py for tasks to queue
[2023-03-21T09:00:24.867+0000] {logging_mixin.py:137} INFO - [2023-03-21T09:00:24.866+0000] {dagbag.py:532} INFO - Filling up the DagBag from /home/airflow/.local/lib/python3.7/site-packages/airflow/example_dags/example_latest_only_with_trigger.py
[2023-03-21T09:00:24.877+0000] {processor.py:753} INFO - DAG(s) dict_keys(['latest_only_with_trigger']) retrieved from /home/airflow/.local/lib/python3.7/site-packages/airflow/example_dags/example_latest_only_with_trigger.py
[2023-03-21T09:00:24.915+0000] {logging_mixin.py:137} INFO - [2023-03-21T09:00:24.915+0000] {dag.py:2693} INFO - Sync 1 DAGs
[2023-03-21T09:00:24.941+0000] {logging_mixin.py:137} INFO - [2023-03-21T09:00:24.941+0000] {dag.py:3444} INFO - Setting next_dagrun for latest_only_with_trigger to 2023-03-21T05:00:24.941278+00:00, run_after=2023-03-21T09:00:24.941278+00:00
[2023-03-21T09:00:24.970+0000] {processor.py:175} INFO - Processing /home/airflow/.local/lib/python3.7/site-packages/airflow/example_dags/example_latest_only_with_trigger.py took 0.108 seconds
[2023-03-21T09:01:46.902+0000] {processor.py:153} INFO - Started process (PID=339) to work on /home/airflow/.local/lib/python3.7/site-packages/airflow/example_dags/example_latest_only_with_trigger.py
[2023-03-21T09:01:46.903+0000] {processor.py:743} INFO - Processing file /home/airflow/.local/lib/python3.7/site-packages/airflow/example_dags/example_latest_only_with_trigger.py for tasks to queue
[2023-03-21T09:01:46.904+0000] {logging_mixin.py:137} INFO - [2023-03-21T09:01:46.904+0000] {dagbag.py:532} INFO - Filling up the DagBag from /home/airflow/.local/lib/python3.7/site-packages/airflow/example_dags/example_latest_only_with_trigger.py
[2023-03-21T09:01:46.916+0000] {processor.py:753} INFO - DAG(s) dict_keys(['latest_only_with_trigger']) retrieved from /home/airflow/.local/lib/python3.7/site-packages/airflow/example_dags/example_latest_only_with_trigger.py
[2023-03-21T09:01:46.952+0000] {logging_mixin.py:137} INFO - [2023-03-21T09:01:46.952+0000] {dag.py:2693} INFO - Sync 1 DAGs
[2023-03-21T09:01:46.981+0000] {logging_mixin.py:137} INFO - [2023-03-21T09:01:46.981+0000] {dag.py:3444} INFO - Setting next_dagrun for latest_only_with_trigger to 2023-03-21T05:01:46.980738+00:00, run_after=2023-03-21T09:01:46.980738+00:00
[2023-03-21T09:01:47.004+0000] {processor.py:175} INFO - Processing /home/airflow/.local/lib/python3.7/site-packages/airflow/example_dags/example_latest_only_with_trigger.py took 0.105 seconds
[2023-03-21T09:02:17.749+0000] {processor.py:153} INFO - Started process (PID=556) to work on /home/airflow/.local/lib/python3.7/site-packages/airflow/example_dags/example_latest_only_with_trigger.py
[2023-03-21T09:02:17.750+0000] {processor.py:743} INFO - Processing file /home/airflow/.local/lib/python3.7/site-packages/airflow/example_dags/example_latest_only_with_trigger.py for tasks to queue
[2023-03-21T09:02:17.750+0000] {logging_mixin.py:137} INFO - [2023-03-21T09:02:17.750+0000] {dagbag.py:532} INFO - Filling up the DagBag from /home/airflow/.local/lib/python3.7/site-packages/airflow/example_dags/example_latest_only_with_trigger.py
[2023-03-21T09:02:17.764+0000] {processor.py:753} INFO - DAG(s) dict_keys(['latest_only_with_trigger']) retrieved from /home/airflow/.local/lib/python3.7/site-packages/airflow/example_dags/example_latest_only_with_trigger.py
[2023-03-21T09:02:17.801+0000] {logging_mixin.py:137} INFO - [2023-03-21T09:02:17.801+0000] {dag.py:2693} INFO - Sync 1 DAGs
[2023-03-21T09:02:17.828+0000] {logging_mixin.py:137} INFO - [2023-03-21T09:02:17.828+0000] {dag.py:3444} INFO - Setting next_dagrun for latest_only_with_trigger to 2023-03-21T05:02:17.828047+00:00, run_after=2023-03-21T09:02:17.828047+00:00
[2023-03-21T09:02:17.852+0000] {processor.py:175} INFO - Processing /home/airflow/.local/lib/python3.7/site-packages/airflow/example_dags/example_latest_only_with_trigger.py took 0.107 seconds
[2023-03-21T09:02:48.575+0000] {processor.py:153} INFO - Started process (PID=773) to work on /home/airflow/.local/lib/python3.7/site-packages/airflow/example_dags/example_latest_only_with_trigger.py
[2023-03-21T09:02:48.576+0000] {processor.py:743} INFO - Processing file /home/airflow/.local/lib/python3.7/site-packages/airflow/example_dags/example_latest_only_with_trigger.py for tasks to queue
[2023-03-21T09:02:48.577+0000] {logging_mixin.py:137} INFO - [2023-03-21T09:02:48.577+0000] {dagbag.py:532} INFO - Filling up the DagBag from /home/airflow/.local/lib/python3.7/site-packages/airflow/example_dags/example_latest_only_with_trigger.py
[2023-03-21T09:02:48.588+0000] {processor.py:753} INFO - DAG(s) dict_keys(['latest_only_with_trigger']) retrieved from /home/airflow/.local/lib/python3.7/site-packages/airflow/example_dags/example_latest_only_with_trigger.py
[2023-03-21T09:02:48.612+0000] {logging_mixin.py:137} INFO - [2023-03-21T09:02:48.612+0000] {dag.py:2693} INFO - Sync 1 DAGs
[2023-03-21T09:02:48.636+0000] {logging_mixin.py:137} INFO - [2023-03-21T09:02:48.636+0000] {dag.py:3444} INFO - Setting next_dagrun for latest_only_with_trigger to 2023-03-21T05:02:48.636316+00:00, run_after=2023-03-21T09:02:48.636316+00:00
[2023-03-21T09:02:48.660+0000] {processor.py:175} INFO - Processing /home/airflow/.local/lib/python3.7/site-packages/airflow/example_dags/example_latest_only_with_trigger.py took 0.087 seconds
[2023-03-21T09:03:19.358+0000] {processor.py:153} INFO - Started process (PID=990) to work on /home/airflow/.local/lib/python3.7/site-packages/airflow/example_dags/example_latest_only_with_trigger.py
[2023-03-21T09:03:19.359+0000] {processor.py:743} INFO - Processing file /home/airflow/.local/lib/python3.7/site-packages/airflow/example_dags/example_latest_only_with_trigger.py for tasks to queue
[2023-03-21T09:03:19.359+0000] {logging_mixin.py:137} INFO - [2023-03-21T09:03:19.359+0000] {dagbag.py:532} INFO - Filling up the DagBag from /home/airflow/.local/lib/python3.7/site-packages/airflow/example_dags/example_latest_only_with_trigger.py
[2023-03-21T09:03:19.370+0000] {processor.py:753} INFO - DAG(s) dict_keys(['latest_only_with_trigger']) retrieved from /home/airflow/.local/lib/python3.7/site-packages/airflow/example_dags/example_latest_only_with_trigger.py
[2023-03-21T09:03:19.395+0000] {logging_mixin.py:137} INFO - [2023-03-21T09:03:19.394+0000] {dag.py:2693} INFO - Sync 1 DAGs
[2023-03-21T09:03:19.421+0000] {logging_mixin.py:137} INFO - [2023-03-21T09:03:19.421+0000] {dag.py:3444} INFO - Setting next_dagrun for latest_only_with_trigger to 2023-03-21T05:03:19.421524+00:00, run_after=2023-03-21T09:03:19.421524+00:00
[2023-03-21T09:03:19.443+0000] {processor.py:175} INFO - Processing /home/airflow/.local/lib/python3.7/site-packages/airflow/example_dags/example_latest_only_with_trigger.py took 0.087 seconds
[2023-03-21T09:03:50.106+0000] {processor.py:153} INFO - Started process (PID=1207) to work on /home/airflow/.local/lib/python3.7/site-packages/airflow/example_dags/example_latest_only_with_trigger.py
[2023-03-21T09:03:50.107+0000] {processor.py:743} INFO - Processing file /home/airflow/.local/lib/python3.7/site-packages/airflow/example_dags/example_latest_only_with_trigger.py for tasks to queue
[2023-03-21T09:03:50.108+0000] {logging_mixin.py:137} INFO - [2023-03-21T09:03:50.108+0000] {dagbag.py:532} INFO - Filling up the DagBag from /home/airflow/.local/lib/python3.7/site-packages/airflow/example_dags/example_latest_only_with_trigger.py
[2023-03-21T09:03:50.120+0000] {processor.py:753} INFO - DAG(s) dict_keys(['latest_only_with_trigger']) retrieved from /home/airflow/.local/lib/python3.7/site-packages/airflow/example_dags/example_latest_only_with_trigger.py
[2023-03-21T09:03:50.144+0000] {logging_mixin.py:137} INFO - [2023-03-21T09:03:50.144+0000] {dag.py:2693} INFO - Sync 1 DAGs
[2023-03-21T09:03:50.172+0000] {logging_mixin.py:137} INFO - [2023-03-21T09:03:50.172+0000] {dag.py:3444} INFO - Setting next_dagrun for latest_only_with_trigger to 2023-03-21T05:03:50.171986+00:00, run_after=2023-03-21T09:03:50.171986+00:00
[2023-03-21T09:03:50.196+0000] {processor.py:175} INFO - Processing /home/airflow/.local/lib/python3.7/site-packages/airflow/example_dags/example_latest_only_with_trigger.py took 0.092 seconds
[2023-03-21T09:04:20.762+0000] {processor.py:153} INFO - Started process (PID=1424) to work on /home/airflow/.local/lib/python3.7/site-packages/airflow/example_dags/example_latest_only_with_trigger.py
[2023-03-21T09:04:20.762+0000] {processor.py:743} INFO - Processing file /home/airflow/.local/lib/python3.7/site-packages/airflow/example_dags/example_latest_only_with_trigger.py for tasks to queue
[2023-03-21T09:04:20.763+0000] {logging_mixin.py:137} INFO - [2023-03-21T09:04:20.762+0000] {dagbag.py:532} INFO - Filling up the DagBag from /home/airflow/.local/lib/python3.7/site-packages/airflow/example_dags/example_latest_only_with_trigger.py
[2023-03-21T09:04:20.775+0000] {processor.py:753} INFO - DAG(s) dict_keys(['latest_only_with_trigger']) retrieved from /home/airflow/.local/lib/python3.7/site-packages/airflow/example_dags/example_latest_only_with_trigger.py
[2023-03-21T09:04:20.800+0000] {logging_mixin.py:137} INFO - [2023-03-21T09:04:20.799+0000] {dag.py:2693} INFO - Sync 1 DAGs
[2023-03-21T09:04:20.826+0000] {logging_mixin.py:137} INFO - [2023-03-21T09:04:20.826+0000] {dag.py:3444} INFO - Setting next_dagrun for latest_only_with_trigger to 2023-03-21T05:04:20.826216+00:00, run_after=2023-03-21T09:04:20.826216+00:00
[2023-03-21T09:04:20.850+0000] {processor.py:175} INFO - Processing /home/airflow/.local/lib/python3.7/site-packages/airflow/example_dags/example_latest_only_with_trigger.py took 0.091 seconds
[2023-03-21T09:04:51.606+0000] {processor.py:153} INFO - Started process (PID=1641) to work on /home/airflow/.local/lib/python3.7/site-packages/airflow/example_dags/example_latest_only_with_trigger.py
[2023-03-21T09:04:51.607+0000] {processor.py:743} INFO - Processing file /home/airflow/.local/lib/python3.7/site-packages/airflow/example_dags/example_latest_only_with_trigger.py for tasks to queue
[2023-03-21T09:04:51.607+0000] {logging_mixin.py:137} INFO - [2023-03-21T09:04:51.607+0000] {dagbag.py:532} INFO - Filling up the DagBag from /home/airflow/.local/lib/python3.7/site-packages/airflow/example_dags/example_latest_only_with_trigger.py
[2023-03-21T09:04:51.621+0000] {processor.py:753} INFO - DAG(s) dict_keys(['latest_only_with_trigger']) retrieved from /home/airflow/.local/lib/python3.7/site-packages/airflow/example_dags/example_latest_only_with_trigger.py
[2023-03-21T09:04:51.645+0000] {logging_mixin.py:137} INFO - [2023-03-21T09:04:51.645+0000] {dag.py:2693} INFO - Sync 1 DAGs
[2023-03-21T09:04:51.671+0000] {logging_mixin.py:137} INFO - [2023-03-21T09:04:51.671+0000] {dag.py:3444} INFO - Setting next_dagrun for latest_only_with_trigger to 2023-03-21T05:04:51.670903+00:00, run_after=2023-03-21T09:04:51.670903+00:00
[2023-03-21T09:04:51.695+0000] {processor.py:175} INFO - Processing /home/airflow/.local/lib/python3.7/site-packages/airflow/example_dags/example_latest_only_with_trigger.py took 0.092 seconds
