[2023-03-21T08:56:47.921+0000] {processor.py:153} INFO - Started process (PID=354) to work on /home/airflow/.local/lib/python3.7/site-packages/airflow/example_dags/example_external_task_marker_dag.py
[2023-03-21T08:56:47.922+0000] {processor.py:743} INFO - Processing file /home/airflow/.local/lib/python3.7/site-packages/airflow/example_dags/example_external_task_marker_dag.py for tasks to queue
[2023-03-21T08:56:47.923+0000] {logging_mixin.py:137} INFO - [2023-03-21T08:56:47.923+0000] {dagbag.py:532} INFO - Filling up the DagBag from /home/airflow/.local/lib/python3.7/site-packages/airflow/example_dags/example_external_task_marker_dag.py
[2023-03-21T08:56:47.937+0000] {processor.py:753} INFO - DAG(s) dict_keys(['example_external_task_marker_parent', 'example_external_task_marker_child']) retrieved from /home/airflow/.local/lib/python3.7/site-packages/airflow/example_dags/example_external_task_marker_dag.py
[2023-03-21T08:56:48.017+0000] {logging_mixin.py:137} INFO - [2023-03-21T08:56:48.017+0000] {dag.py:2693} INFO - Sync 2 DAGs
[2023-03-21T08:56:48.045+0000] {logging_mixin.py:137} INFO - [2023-03-21T08:56:48.045+0000] {dag.py:3444} INFO - Setting next_dagrun for example_external_task_marker_child to None, run_after=None
[2023-03-21T08:56:48.048+0000] {logging_mixin.py:137} INFO - [2023-03-21T08:56:48.048+0000] {dag.py:3444} INFO - Setting next_dagrun for example_external_task_marker_parent to None, run_after=None
[2023-03-21T08:56:48.075+0000] {processor.py:175} INFO - Processing /home/airflow/.local/lib/python3.7/site-packages/airflow/example_dags/example_external_task_marker_dag.py took 0.156 seconds
[2023-03-21T08:57:19.166+0000] {processor.py:153} INFO - Started process (PID=571) to work on /home/airflow/.local/lib/python3.7/site-packages/airflow/example_dags/example_external_task_marker_dag.py
[2023-03-21T08:57:19.167+0000] {processor.py:743} INFO - Processing file /home/airflow/.local/lib/python3.7/site-packages/airflow/example_dags/example_external_task_marker_dag.py for tasks to queue
[2023-03-21T08:57:19.168+0000] {logging_mixin.py:137} INFO - [2023-03-21T08:57:19.168+0000] {dagbag.py:532} INFO - Filling up the DagBag from /home/airflow/.local/lib/python3.7/site-packages/airflow/example_dags/example_external_task_marker_dag.py
[2023-03-21T08:57:19.180+0000] {processor.py:753} INFO - DAG(s) dict_keys(['example_external_task_marker_parent', 'example_external_task_marker_child']) retrieved from /home/airflow/.local/lib/python3.7/site-packages/airflow/example_dags/example_external_task_marker_dag.py
[2023-03-21T08:57:19.211+0000] {logging_mixin.py:137} INFO - [2023-03-21T08:57:19.211+0000] {dag.py:2693} INFO - Sync 2 DAGs
[2023-03-21T08:57:19.264+0000] {logging_mixin.py:137} INFO - [2023-03-21T08:57:19.263+0000] {dag.py:3444} INFO - Setting next_dagrun for example_external_task_marker_child to None, run_after=None
[2023-03-21T08:57:19.270+0000] {logging_mixin.py:137} INFO - [2023-03-21T08:57:19.270+0000] {dag.py:3444} INFO - Setting next_dagrun for example_external_task_marker_parent to None, run_after=None
[2023-03-21T08:57:19.299+0000] {processor.py:175} INFO - Processing /home/airflow/.local/lib/python3.7/site-packages/airflow/example_dags/example_external_task_marker_dag.py took 0.135 seconds
[2023-03-21T08:57:50.290+0000] {processor.py:153} INFO - Started process (PID=788) to work on /home/airflow/.local/lib/python3.7/site-packages/airflow/example_dags/example_external_task_marker_dag.py
[2023-03-21T08:57:50.292+0000] {processor.py:743} INFO - Processing file /home/airflow/.local/lib/python3.7/site-packages/airflow/example_dags/example_external_task_marker_dag.py for tasks to queue
[2023-03-21T08:57:50.293+0000] {logging_mixin.py:137} INFO - [2023-03-21T08:57:50.293+0000] {dagbag.py:532} INFO - Filling up the DagBag from /home/airflow/.local/lib/python3.7/site-packages/airflow/example_dags/example_external_task_marker_dag.py
[2023-03-21T08:57:50.306+0000] {processor.py:753} INFO - DAG(s) dict_keys(['example_external_task_marker_child', 'example_external_task_marker_parent']) retrieved from /home/airflow/.local/lib/python3.7/site-packages/airflow/example_dags/example_external_task_marker_dag.py
[2023-03-21T08:57:50.343+0000] {logging_mixin.py:137} INFO - [2023-03-21T08:57:50.342+0000] {dag.py:2693} INFO - Sync 2 DAGs
[2023-03-21T08:57:50.381+0000] {logging_mixin.py:137} INFO - [2023-03-21T08:57:50.381+0000] {dag.py:3444} INFO - Setting next_dagrun for example_external_task_marker_child to None, run_after=None
[2023-03-21T08:57:50.386+0000] {logging_mixin.py:137} INFO - [2023-03-21T08:57:50.386+0000] {dag.py:3444} INFO - Setting next_dagrun for example_external_task_marker_parent to None, run_after=None
[2023-03-21T08:57:50.412+0000] {processor.py:175} INFO - Processing /home/airflow/.local/lib/python3.7/site-packages/airflow/example_dags/example_external_task_marker_dag.py took 0.124 seconds
[2023-03-21T08:58:21.494+0000] {processor.py:153} INFO - Started process (PID=1005) to work on /home/airflow/.local/lib/python3.7/site-packages/airflow/example_dags/example_external_task_marker_dag.py
[2023-03-21T08:58:21.495+0000] {processor.py:743} INFO - Processing file /home/airflow/.local/lib/python3.7/site-packages/airflow/example_dags/example_external_task_marker_dag.py for tasks to queue
[2023-03-21T08:58:21.496+0000] {logging_mixin.py:137} INFO - [2023-03-21T08:58:21.496+0000] {dagbag.py:532} INFO - Filling up the DagBag from /home/airflow/.local/lib/python3.7/site-packages/airflow/example_dags/example_external_task_marker_dag.py
[2023-03-21T08:58:21.510+0000] {processor.py:753} INFO - DAG(s) dict_keys(['example_external_task_marker_parent', 'example_external_task_marker_child']) retrieved from /home/airflow/.local/lib/python3.7/site-packages/airflow/example_dags/example_external_task_marker_dag.py
[2023-03-21T08:58:21.541+0000] {logging_mixin.py:137} INFO - [2023-03-21T08:58:21.540+0000] {dag.py:2693} INFO - Sync 2 DAGs
[2023-03-21T08:58:21.574+0000] {logging_mixin.py:137} INFO - [2023-03-21T08:58:21.573+0000] {dag.py:3444} INFO - Setting next_dagrun for example_external_task_marker_child to None, run_after=None
[2023-03-21T08:58:21.578+0000] {logging_mixin.py:137} INFO - [2023-03-21T08:58:21.578+0000] {dag.py:3444} INFO - Setting next_dagrun for example_external_task_marker_parent to None, run_after=None
[2023-03-21T08:58:21.604+0000] {processor.py:175} INFO - Processing /home/airflow/.local/lib/python3.7/site-packages/airflow/example_dags/example_external_task_marker_dag.py took 0.113 seconds
[2023-03-21T08:58:52.594+0000] {processor.py:153} INFO - Started process (PID=1222) to work on /home/airflow/.local/lib/python3.7/site-packages/airflow/example_dags/example_external_task_marker_dag.py
[2023-03-21T08:58:52.595+0000] {processor.py:743} INFO - Processing file /home/airflow/.local/lib/python3.7/site-packages/airflow/example_dags/example_external_task_marker_dag.py for tasks to queue
[2023-03-21T08:58:52.595+0000] {logging_mixin.py:137} INFO - [2023-03-21T08:58:52.595+0000] {dagbag.py:532} INFO - Filling up the DagBag from /home/airflow/.local/lib/python3.7/site-packages/airflow/example_dags/example_external_task_marker_dag.py
[2023-03-21T08:58:52.609+0000] {processor.py:753} INFO - DAG(s) dict_keys(['example_external_task_marker_parent', 'example_external_task_marker_child']) retrieved from /home/airflow/.local/lib/python3.7/site-packages/airflow/example_dags/example_external_task_marker_dag.py
[2023-03-21T08:58:52.639+0000] {logging_mixin.py:137} INFO - [2023-03-21T08:58:52.639+0000] {dag.py:2693} INFO - Sync 2 DAGs
[2023-03-21T08:58:52.667+0000] {logging_mixin.py:137} INFO - [2023-03-21T08:58:52.667+0000] {dag.py:3444} INFO - Setting next_dagrun for example_external_task_marker_child to None, run_after=None
[2023-03-21T08:58:52.671+0000] {logging_mixin.py:137} INFO - [2023-03-21T08:58:52.671+0000] {dag.py:3444} INFO - Setting next_dagrun for example_external_task_marker_parent to None, run_after=None
[2023-03-21T08:58:52.692+0000] {processor.py:175} INFO - Processing /home/airflow/.local/lib/python3.7/site-packages/airflow/example_dags/example_external_task_marker_dag.py took 0.100 seconds
[2023-03-21T08:59:23.547+0000] {processor.py:153} INFO - Started process (PID=1439) to work on /home/airflow/.local/lib/python3.7/site-packages/airflow/example_dags/example_external_task_marker_dag.py
[2023-03-21T08:59:23.547+0000] {processor.py:743} INFO - Processing file /home/airflow/.local/lib/python3.7/site-packages/airflow/example_dags/example_external_task_marker_dag.py for tasks to queue
[2023-03-21T08:59:23.548+0000] {logging_mixin.py:137} INFO - [2023-03-21T08:59:23.548+0000] {dagbag.py:532} INFO - Filling up the DagBag from /home/airflow/.local/lib/python3.7/site-packages/airflow/example_dags/example_external_task_marker_dag.py
[2023-03-21T08:59:23.558+0000] {processor.py:753} INFO - DAG(s) dict_keys(['example_external_task_marker_child', 'example_external_task_marker_parent']) retrieved from /home/airflow/.local/lib/python3.7/site-packages/airflow/example_dags/example_external_task_marker_dag.py
[2023-03-21T08:59:23.584+0000] {logging_mixin.py:137} INFO - [2023-03-21T08:59:23.584+0000] {dag.py:2693} INFO - Sync 2 DAGs
[2023-03-21T08:59:23.610+0000] {logging_mixin.py:137} INFO - [2023-03-21T08:59:23.609+0000] {dag.py:3444} INFO - Setting next_dagrun for example_external_task_marker_child to None, run_after=None
[2023-03-21T08:59:23.613+0000] {logging_mixin.py:137} INFO - [2023-03-21T08:59:23.613+0000] {dag.py:3444} INFO - Setting next_dagrun for example_external_task_marker_parent to None, run_after=None
[2023-03-21T08:59:23.633+0000] {processor.py:175} INFO - Processing /home/airflow/.local/lib/python3.7/site-packages/airflow/example_dags/example_external_task_marker_dag.py took 0.089 seconds
[2023-03-21T08:59:54.815+0000] {processor.py:153} INFO - Started process (PID=1656) to work on /home/airflow/.local/lib/python3.7/site-packages/airflow/example_dags/example_external_task_marker_dag.py
[2023-03-21T08:59:54.817+0000] {processor.py:743} INFO - Processing file /home/airflow/.local/lib/python3.7/site-packages/airflow/example_dags/example_external_task_marker_dag.py for tasks to queue
[2023-03-21T08:59:54.818+0000] {logging_mixin.py:137} INFO - [2023-03-21T08:59:54.817+0000] {dagbag.py:532} INFO - Filling up the DagBag from /home/airflow/.local/lib/python3.7/site-packages/airflow/example_dags/example_external_task_marker_dag.py
[2023-03-21T08:59:54.832+0000] {processor.py:753} INFO - DAG(s) dict_keys(['example_external_task_marker_parent', 'example_external_task_marker_child']) retrieved from /home/airflow/.local/lib/python3.7/site-packages/airflow/example_dags/example_external_task_marker_dag.py
[2023-03-21T08:59:54.866+0000] {logging_mixin.py:137} INFO - [2023-03-21T08:59:54.865+0000] {dag.py:2693} INFO - Sync 2 DAGs
[2023-03-21T08:59:54.892+0000] {logging_mixin.py:137} INFO - [2023-03-21T08:59:54.891+0000] {dag.py:3444} INFO - Setting next_dagrun for example_external_task_marker_child to None, run_after=None
[2023-03-21T08:59:54.895+0000] {logging_mixin.py:137} INFO - [2023-03-21T08:59:54.895+0000] {dag.py:3444} INFO - Setting next_dagrun for example_external_task_marker_parent to None, run_after=None
[2023-03-21T08:59:54.916+0000] {processor.py:175} INFO - Processing /home/airflow/.local/lib/python3.7/site-packages/airflow/example_dags/example_external_task_marker_dag.py took 0.104 seconds
[2023-03-21T09:00:25.076+0000] {processor.py:153} INFO - Started process (PID=1873) to work on /home/airflow/.local/lib/python3.7/site-packages/airflow/example_dags/example_external_task_marker_dag.py
[2023-03-21T09:00:25.077+0000] {processor.py:743} INFO - Processing file /home/airflow/.local/lib/python3.7/site-packages/airflow/example_dags/example_external_task_marker_dag.py for tasks to queue
[2023-03-21T09:00:25.078+0000] {logging_mixin.py:137} INFO - [2023-03-21T09:00:25.078+0000] {dagbag.py:532} INFO - Filling up the DagBag from /home/airflow/.local/lib/python3.7/site-packages/airflow/example_dags/example_external_task_marker_dag.py
[2023-03-21T09:00:25.089+0000] {processor.py:753} INFO - DAG(s) dict_keys(['example_external_task_marker_child', 'example_external_task_marker_parent']) retrieved from /home/airflow/.local/lib/python3.7/site-packages/airflow/example_dags/example_external_task_marker_dag.py
[2023-03-21T09:00:25.152+0000] {logging_mixin.py:137} INFO - [2023-03-21T09:00:25.152+0000] {dag.py:2693} INFO - Sync 2 DAGs
[2023-03-21T09:00:25.191+0000] {logging_mixin.py:137} INFO - [2023-03-21T09:00:25.190+0000] {dag.py:3444} INFO - Setting next_dagrun for example_external_task_marker_child to None, run_after=None
[2023-03-21T09:00:25.195+0000] {logging_mixin.py:137} INFO - [2023-03-21T09:00:25.195+0000] {dag.py:3444} INFO - Setting next_dagrun for example_external_task_marker_parent to None, run_after=None
[2023-03-21T09:00:25.218+0000] {processor.py:175} INFO - Processing /home/airflow/.local/lib/python3.7/site-packages/airflow/example_dags/example_external_task_marker_dag.py took 0.144 seconds
[2023-03-21T09:01:47.097+0000] {processor.py:153} INFO - Started process (PID=354) to work on /home/airflow/.local/lib/python3.7/site-packages/airflow/example_dags/example_external_task_marker_dag.py
[2023-03-21T09:01:47.098+0000] {processor.py:743} INFO - Processing file /home/airflow/.local/lib/python3.7/site-packages/airflow/example_dags/example_external_task_marker_dag.py for tasks to queue
[2023-03-21T09:01:47.099+0000] {logging_mixin.py:137} INFO - [2023-03-21T09:01:47.099+0000] {dagbag.py:532} INFO - Filling up the DagBag from /home/airflow/.local/lib/python3.7/site-packages/airflow/example_dags/example_external_task_marker_dag.py
[2023-03-21T09:01:47.111+0000] {processor.py:753} INFO - DAG(s) dict_keys(['example_external_task_marker_child', 'example_external_task_marker_parent']) retrieved from /home/airflow/.local/lib/python3.7/site-packages/airflow/example_dags/example_external_task_marker_dag.py
[2023-03-21T09:01:47.149+0000] {logging_mixin.py:137} INFO - [2023-03-21T09:01:47.148+0000] {dag.py:2693} INFO - Sync 2 DAGs
[2023-03-21T09:01:47.187+0000] {logging_mixin.py:137} INFO - [2023-03-21T09:01:47.187+0000] {dag.py:3444} INFO - Setting next_dagrun for example_external_task_marker_child to None, run_after=None
[2023-03-21T09:01:47.192+0000] {logging_mixin.py:137} INFO - [2023-03-21T09:01:47.191+0000] {dag.py:3444} INFO - Setting next_dagrun for example_external_task_marker_parent to None, run_after=None
[2023-03-21T09:01:47.214+0000] {processor.py:175} INFO - Processing /home/airflow/.local/lib/python3.7/site-packages/airflow/example_dags/example_external_task_marker_dag.py took 0.120 seconds
[2023-03-21T09:02:17.955+0000] {processor.py:153} INFO - Started process (PID=571) to work on /home/airflow/.local/lib/python3.7/site-packages/airflow/example_dags/example_external_task_marker_dag.py
[2023-03-21T09:02:17.955+0000] {processor.py:743} INFO - Processing file /home/airflow/.local/lib/python3.7/site-packages/airflow/example_dags/example_external_task_marker_dag.py for tasks to queue
[2023-03-21T09:02:17.956+0000] {logging_mixin.py:137} INFO - [2023-03-21T09:02:17.956+0000] {dagbag.py:532} INFO - Filling up the DagBag from /home/airflow/.local/lib/python3.7/site-packages/airflow/example_dags/example_external_task_marker_dag.py
[2023-03-21T09:02:17.967+0000] {processor.py:753} INFO - DAG(s) dict_keys(['example_external_task_marker_parent', 'example_external_task_marker_child']) retrieved from /home/airflow/.local/lib/python3.7/site-packages/airflow/example_dags/example_external_task_marker_dag.py
[2023-03-21T09:02:17.995+0000] {logging_mixin.py:137} INFO - [2023-03-21T09:02:17.994+0000] {dag.py:2693} INFO - Sync 2 DAGs
[2023-03-21T09:02:18.019+0000] {logging_mixin.py:137} INFO - [2023-03-21T09:02:18.019+0000] {dag.py:3444} INFO - Setting next_dagrun for example_external_task_marker_child to None, run_after=None
[2023-03-21T09:02:18.023+0000] {logging_mixin.py:137} INFO - [2023-03-21T09:02:18.023+0000] {dag.py:3444} INFO - Setting next_dagrun for example_external_task_marker_parent to None, run_after=None
[2023-03-21T09:02:18.043+0000] {processor.py:175} INFO - Processing /home/airflow/.local/lib/python3.7/site-packages/airflow/example_dags/example_external_task_marker_dag.py took 0.091 seconds
[2023-03-21T09:02:48.791+0000] {processor.py:153} INFO - Started process (PID=788) to work on /home/airflow/.local/lib/python3.7/site-packages/airflow/example_dags/example_external_task_marker_dag.py
[2023-03-21T09:02:48.792+0000] {processor.py:743} INFO - Processing file /home/airflow/.local/lib/python3.7/site-packages/airflow/example_dags/example_external_task_marker_dag.py for tasks to queue
[2023-03-21T09:02:48.793+0000] {logging_mixin.py:137} INFO - [2023-03-21T09:02:48.793+0000] {dagbag.py:532} INFO - Filling up the DagBag from /home/airflow/.local/lib/python3.7/site-packages/airflow/example_dags/example_external_task_marker_dag.py
[2023-03-21T09:02:48.806+0000] {processor.py:753} INFO - DAG(s) dict_keys(['example_external_task_marker_parent', 'example_external_task_marker_child']) retrieved from /home/airflow/.local/lib/python3.7/site-packages/airflow/example_dags/example_external_task_marker_dag.py
[2023-03-21T09:02:48.834+0000] {logging_mixin.py:137} INFO - [2023-03-21T09:02:48.834+0000] {dag.py:2693} INFO - Sync 2 DAGs
[2023-03-21T09:02:48.860+0000] {logging_mixin.py:137} INFO - [2023-03-21T09:02:48.860+0000] {dag.py:3444} INFO - Setting next_dagrun for example_external_task_marker_child to None, run_after=None
[2023-03-21T09:02:48.865+0000] {logging_mixin.py:137} INFO - [2023-03-21T09:02:48.865+0000] {dag.py:3444} INFO - Setting next_dagrun for example_external_task_marker_parent to None, run_after=None
[2023-03-21T09:02:48.884+0000] {processor.py:175} INFO - Processing /home/airflow/.local/lib/python3.7/site-packages/airflow/example_dags/example_external_task_marker_dag.py took 0.095 seconds
[2023-03-21T09:03:19.593+0000] {processor.py:153} INFO - Started process (PID=1005) to work on /home/airflow/.local/lib/python3.7/site-packages/airflow/example_dags/example_external_task_marker_dag.py
[2023-03-21T09:03:19.593+0000] {processor.py:743} INFO - Processing file /home/airflow/.local/lib/python3.7/site-packages/airflow/example_dags/example_external_task_marker_dag.py for tasks to queue
[2023-03-21T09:03:19.594+0000] {logging_mixin.py:137} INFO - [2023-03-21T09:03:19.594+0000] {dagbag.py:532} INFO - Filling up the DagBag from /home/airflow/.local/lib/python3.7/site-packages/airflow/example_dags/example_external_task_marker_dag.py
[2023-03-21T09:03:19.605+0000] {processor.py:753} INFO - DAG(s) dict_keys(['example_external_task_marker_parent', 'example_external_task_marker_child']) retrieved from /home/airflow/.local/lib/python3.7/site-packages/airflow/example_dags/example_external_task_marker_dag.py
[2023-03-21T09:03:19.637+0000] {logging_mixin.py:137} INFO - [2023-03-21T09:03:19.637+0000] {dag.py:2693} INFO - Sync 2 DAGs
[2023-03-21T09:03:19.664+0000] {logging_mixin.py:137} INFO - [2023-03-21T09:03:19.664+0000] {dag.py:3444} INFO - Setting next_dagrun for example_external_task_marker_child to None, run_after=None
[2023-03-21T09:03:19.668+0000] {logging_mixin.py:137} INFO - [2023-03-21T09:03:19.668+0000] {dag.py:3444} INFO - Setting next_dagrun for example_external_task_marker_parent to None, run_after=None
[2023-03-21T09:03:19.692+0000] {processor.py:175} INFO - Processing /home/airflow/.local/lib/python3.7/site-packages/airflow/example_dags/example_external_task_marker_dag.py took 0.102 seconds
[2023-03-21T09:03:50.316+0000] {processor.py:153} INFO - Started process (PID=1222) to work on /home/airflow/.local/lib/python3.7/site-packages/airflow/example_dags/example_external_task_marker_dag.py
[2023-03-21T09:03:50.317+0000] {processor.py:743} INFO - Processing file /home/airflow/.local/lib/python3.7/site-packages/airflow/example_dags/example_external_task_marker_dag.py for tasks to queue
[2023-03-21T09:03:50.318+0000] {logging_mixin.py:137} INFO - [2023-03-21T09:03:50.318+0000] {dagbag.py:532} INFO - Filling up the DagBag from /home/airflow/.local/lib/python3.7/site-packages/airflow/example_dags/example_external_task_marker_dag.py
[2023-03-21T09:03:50.329+0000] {processor.py:753} INFO - DAG(s) dict_keys(['example_external_task_marker_parent', 'example_external_task_marker_child']) retrieved from /home/airflow/.local/lib/python3.7/site-packages/airflow/example_dags/example_external_task_marker_dag.py
[2023-03-21T09:03:50.356+0000] {logging_mixin.py:137} INFO - [2023-03-21T09:03:50.356+0000] {dag.py:2693} INFO - Sync 2 DAGs
[2023-03-21T09:03:50.382+0000] {logging_mixin.py:137} INFO - [2023-03-21T09:03:50.382+0000] {dag.py:3444} INFO - Setting next_dagrun for example_external_task_marker_child to None, run_after=None
[2023-03-21T09:03:50.386+0000] {logging_mixin.py:137} INFO - [2023-03-21T09:03:50.386+0000] {dag.py:3444} INFO - Setting next_dagrun for example_external_task_marker_parent to None, run_after=None
[2023-03-21T09:03:50.408+0000] {processor.py:175} INFO - Processing /home/airflow/.local/lib/python3.7/site-packages/airflow/example_dags/example_external_task_marker_dag.py took 0.094 seconds
[2023-03-21T09:04:20.944+0000] {processor.py:153} INFO - Started process (PID=1439) to work on /home/airflow/.local/lib/python3.7/site-packages/airflow/example_dags/example_external_task_marker_dag.py
[2023-03-21T09:04:20.945+0000] {processor.py:743} INFO - Processing file /home/airflow/.local/lib/python3.7/site-packages/airflow/example_dags/example_external_task_marker_dag.py for tasks to queue
[2023-03-21T09:04:20.945+0000] {logging_mixin.py:137} INFO - [2023-03-21T09:04:20.945+0000] {dagbag.py:532} INFO - Filling up the DagBag from /home/airflow/.local/lib/python3.7/site-packages/airflow/example_dags/example_external_task_marker_dag.py
[2023-03-21T09:04:20.957+0000] {processor.py:753} INFO - DAG(s) dict_keys(['example_external_task_marker_parent', 'example_external_task_marker_child']) retrieved from /home/airflow/.local/lib/python3.7/site-packages/airflow/example_dags/example_external_task_marker_dag.py
[2023-03-21T09:04:20.983+0000] {logging_mixin.py:137} INFO - [2023-03-21T09:04:20.983+0000] {dag.py:2693} INFO - Sync 2 DAGs
[2023-03-21T09:04:21.009+0000] {logging_mixin.py:137} INFO - [2023-03-21T09:04:21.009+0000] {dag.py:3444} INFO - Setting next_dagrun for example_external_task_marker_child to None, run_after=None
[2023-03-21T09:04:21.013+0000] {logging_mixin.py:137} INFO - [2023-03-21T09:04:21.013+0000] {dag.py:3444} INFO - Setting next_dagrun for example_external_task_marker_parent to None, run_after=None
[2023-03-21T09:04:21.032+0000] {processor.py:175} INFO - Processing /home/airflow/.local/lib/python3.7/site-packages/airflow/example_dags/example_external_task_marker_dag.py took 0.091 seconds
[2023-03-21T09:04:51.817+0000] {processor.py:153} INFO - Started process (PID=1656) to work on /home/airflow/.local/lib/python3.7/site-packages/airflow/example_dags/example_external_task_marker_dag.py
[2023-03-21T09:04:51.818+0000] {processor.py:743} INFO - Processing file /home/airflow/.local/lib/python3.7/site-packages/airflow/example_dags/example_external_task_marker_dag.py for tasks to queue
[2023-03-21T09:04:51.819+0000] {logging_mixin.py:137} INFO - [2023-03-21T09:04:51.819+0000] {dagbag.py:532} INFO - Filling up the DagBag from /home/airflow/.local/lib/python3.7/site-packages/airflow/example_dags/example_external_task_marker_dag.py
[2023-03-21T09:04:51.831+0000] {processor.py:753} INFO - DAG(s) dict_keys(['example_external_task_marker_parent', 'example_external_task_marker_child']) retrieved from /home/airflow/.local/lib/python3.7/site-packages/airflow/example_dags/example_external_task_marker_dag.py
[2023-03-21T09:04:51.858+0000] {logging_mixin.py:137} INFO - [2023-03-21T09:04:51.858+0000] {dag.py:2693} INFO - Sync 2 DAGs
[2023-03-21T09:04:51.886+0000] {logging_mixin.py:137} INFO - [2023-03-21T09:04:51.885+0000] {dag.py:3444} INFO - Setting next_dagrun for example_external_task_marker_child to None, run_after=None
[2023-03-21T09:04:51.889+0000] {logging_mixin.py:137} INFO - [2023-03-21T09:04:51.889+0000] {dag.py:3444} INFO - Setting next_dagrun for example_external_task_marker_parent to None, run_after=None
[2023-03-21T09:04:51.908+0000] {processor.py:175} INFO - Processing /home/airflow/.local/lib/python3.7/site-packages/airflow/example_dags/example_external_task_marker_dag.py took 0.093 seconds
