[2023-03-21T08:56:46.129+0000] {processor.py:153} INFO - Started process (PID=224) to work on /home/airflow/.local/lib/python3.7/site-packages/airflow/example_dags/example_datasets.py
[2023-03-21T08:56:46.129+0000] {processor.py:743} INFO - Processing file /home/airflow/.local/lib/python3.7/site-packages/airflow/example_dags/example_datasets.py for tasks to queue
[2023-03-21T08:56:46.130+0000] {logging_mixin.py:137} INFO - [2023-03-21T08:56:46.130+0000] {dagbag.py:532} INFO - Filling up the DagBag from /home/airflow/.local/lib/python3.7/site-packages/airflow/example_dags/example_datasets.py
[2023-03-21T08:56:46.143+0000] {processor.py:753} INFO - DAG(s) dict_keys(['dataset_consumes_1', 'dataset_consumes_1_and_2', 'dataset_consumes_unknown_never_scheduled', 'dataset_produces_1', 'dataset_produces_2', 'dataset_consumes_1_never_scheduled']) retrieved from /home/airflow/.local/lib/python3.7/site-packages/airflow/example_dags/example_datasets.py
[2023-03-21T08:56:46.244+0000] {logging_mixin.py:137} INFO - [2023-03-21T08:56:46.243+0000] {dag.py:2693} INFO - Sync 6 DAGs
[2023-03-21T08:56:46.273+0000] {logging_mixin.py:137} INFO - [2023-03-21T08:56:46.273+0000] {dag.py:3444} INFO - Setting next_dagrun for dataset_consumes_1 to None, run_after=None
[2023-03-21T08:56:46.276+0000] {logging_mixin.py:137} INFO - [2023-03-21T08:56:46.276+0000] {dag.py:3444} INFO - Setting next_dagrun for dataset_consumes_1_and_2 to None, run_after=None
[2023-03-21T08:56:46.278+0000] {logging_mixin.py:137} INFO - [2023-03-21T08:56:46.278+0000] {dag.py:3444} INFO - Setting next_dagrun for dataset_consumes_1_never_scheduled to None, run_after=None
[2023-03-21T08:56:46.279+0000] {logging_mixin.py:137} INFO - [2023-03-21T08:56:46.279+0000] {dag.py:3444} INFO - Setting next_dagrun for dataset_consumes_unknown_never_scheduled to None, run_after=None
[2023-03-21T08:56:46.282+0000] {logging_mixin.py:137} INFO - [2023-03-21T08:56:46.282+0000] {dag.py:3444} INFO - Setting next_dagrun for dataset_produces_1 to 2023-03-20T00:00:00+00:00, run_after=2023-03-21T00:00:00+00:00
[2023-03-21T08:56:46.284+0000] {logging_mixin.py:137} INFO - [2023-03-21T08:56:46.284+0000] {dag.py:3444} INFO - Setting next_dagrun for dataset_produces_2 to None, run_after=None
[2023-03-21T08:56:46.333+0000] {processor.py:175} INFO - Processing /home/airflow/.local/lib/python3.7/site-packages/airflow/example_dags/example_datasets.py took 0.207 seconds
[2023-03-21T08:57:17.420+0000] {processor.py:153} INFO - Started process (PID=446) to work on /home/airflow/.local/lib/python3.7/site-packages/airflow/example_dags/example_datasets.py
[2023-03-21T08:57:17.421+0000] {processor.py:743} INFO - Processing file /home/airflow/.local/lib/python3.7/site-packages/airflow/example_dags/example_datasets.py for tasks to queue
[2023-03-21T08:57:17.422+0000] {logging_mixin.py:137} INFO - [2023-03-21T08:57:17.421+0000] {dagbag.py:532} INFO - Filling up the DagBag from /home/airflow/.local/lib/python3.7/site-packages/airflow/example_dags/example_datasets.py
[2023-03-21T08:57:17.435+0000] {processor.py:753} INFO - DAG(s) dict_keys(['dataset_consumes_1_and_2', 'dataset_produces_1', 'dataset_consumes_1_never_scheduled', 'dataset_consumes_1', 'dataset_consumes_unknown_never_scheduled', 'dataset_produces_2']) retrieved from /home/airflow/.local/lib/python3.7/site-packages/airflow/example_dags/example_datasets.py
[2023-03-21T08:57:17.495+0000] {logging_mixin.py:137} INFO - [2023-03-21T08:57:17.495+0000] {dag.py:2693} INFO - Sync 6 DAGs
[2023-03-21T08:57:17.526+0000] {logging_mixin.py:137} INFO - [2023-03-21T08:57:17.526+0000] {dag.py:3444} INFO - Setting next_dagrun for dataset_consumes_1 to None, run_after=None
[2023-03-21T08:57:17.531+0000] {logging_mixin.py:137} INFO - [2023-03-21T08:57:17.530+0000] {dag.py:3444} INFO - Setting next_dagrun for dataset_consumes_1_and_2 to None, run_after=None
[2023-03-21T08:57:17.532+0000] {logging_mixin.py:137} INFO - [2023-03-21T08:57:17.532+0000] {dag.py:3444} INFO - Setting next_dagrun for dataset_consumes_1_never_scheduled to None, run_after=None
[2023-03-21T08:57:17.534+0000] {logging_mixin.py:137} INFO - [2023-03-21T08:57:17.534+0000] {dag.py:3444} INFO - Setting next_dagrun for dataset_consumes_unknown_never_scheduled to None, run_after=None
[2023-03-21T08:57:17.536+0000] {logging_mixin.py:137} INFO - [2023-03-21T08:57:17.536+0000] {dag.py:3444} INFO - Setting next_dagrun for dataset_produces_1 to 2023-03-20T00:00:00+00:00, run_after=2023-03-21T00:00:00+00:00
[2023-03-21T08:57:17.538+0000] {logging_mixin.py:137} INFO - [2023-03-21T08:57:17.538+0000] {dag.py:3444} INFO - Setting next_dagrun for dataset_produces_2 to None, run_after=None
[2023-03-21T08:57:17.579+0000] {processor.py:175} INFO - Processing /home/airflow/.local/lib/python3.7/site-packages/airflow/example_dags/example_datasets.py took 0.162 seconds
[2023-03-21T08:57:48.450+0000] {processor.py:153} INFO - Started process (PID=658) to work on /home/airflow/.local/lib/python3.7/site-packages/airflow/example_dags/example_datasets.py
[2023-03-21T08:57:48.451+0000] {processor.py:743} INFO - Processing file /home/airflow/.local/lib/python3.7/site-packages/airflow/example_dags/example_datasets.py for tasks to queue
[2023-03-21T08:57:48.452+0000] {logging_mixin.py:137} INFO - [2023-03-21T08:57:48.452+0000] {dagbag.py:532} INFO - Filling up the DagBag from /home/airflow/.local/lib/python3.7/site-packages/airflow/example_dags/example_datasets.py
[2023-03-21T08:57:48.466+0000] {processor.py:753} INFO - DAG(s) dict_keys(['dataset_produces_1', 'dataset_consumes_unknown_never_scheduled', 'dataset_consumes_1_and_2', 'dataset_consumes_1', 'dataset_consumes_1_never_scheduled', 'dataset_produces_2']) retrieved from /home/airflow/.local/lib/python3.7/site-packages/airflow/example_dags/example_datasets.py
[2023-03-21T08:57:48.514+0000] {logging_mixin.py:137} INFO - [2023-03-21T08:57:48.513+0000] {dag.py:2693} INFO - Sync 6 DAGs
[2023-03-21T08:57:48.542+0000] {logging_mixin.py:137} INFO - [2023-03-21T08:57:48.542+0000] {dag.py:3444} INFO - Setting next_dagrun for dataset_consumes_1 to None, run_after=None
[2023-03-21T08:57:48.546+0000] {logging_mixin.py:137} INFO - [2023-03-21T08:57:48.546+0000] {dag.py:3444} INFO - Setting next_dagrun for dataset_consumes_1_and_2 to None, run_after=None
[2023-03-21T08:57:48.548+0000] {logging_mixin.py:137} INFO - [2023-03-21T08:57:48.548+0000] {dag.py:3444} INFO - Setting next_dagrun for dataset_consumes_1_never_scheduled to None, run_after=None
[2023-03-21T08:57:48.550+0000] {logging_mixin.py:137} INFO - [2023-03-21T08:57:48.550+0000] {dag.py:3444} INFO - Setting next_dagrun for dataset_consumes_unknown_never_scheduled to None, run_after=None
[2023-03-21T08:57:48.552+0000] {logging_mixin.py:137} INFO - [2023-03-21T08:57:48.552+0000] {dag.py:3444} INFO - Setting next_dagrun for dataset_produces_1 to 2023-03-20T00:00:00+00:00, run_after=2023-03-21T00:00:00+00:00
[2023-03-21T08:57:48.554+0000] {logging_mixin.py:137} INFO - [2023-03-21T08:57:48.554+0000] {dag.py:3444} INFO - Setting next_dagrun for dataset_produces_2 to None, run_after=None
[2023-03-21T08:57:48.594+0000] {processor.py:175} INFO - Processing /home/airflow/.local/lib/python3.7/site-packages/airflow/example_dags/example_datasets.py took 0.146 seconds
[2023-03-21T08:58:19.633+0000] {processor.py:153} INFO - Started process (PID=877) to work on /home/airflow/.local/lib/python3.7/site-packages/airflow/example_dags/example_datasets.py
[2023-03-21T08:58:19.634+0000] {processor.py:743} INFO - Processing file /home/airflow/.local/lib/python3.7/site-packages/airflow/example_dags/example_datasets.py for tasks to queue
[2023-03-21T08:58:19.635+0000] {logging_mixin.py:137} INFO - [2023-03-21T08:58:19.635+0000] {dagbag.py:532} INFO - Filling up the DagBag from /home/airflow/.local/lib/python3.7/site-packages/airflow/example_dags/example_datasets.py
[2023-03-21T08:58:19.650+0000] {processor.py:753} INFO - DAG(s) dict_keys(['dataset_consumes_1', 'dataset_consumes_unknown_never_scheduled', 'dataset_consumes_1_and_2', 'dataset_produces_2', 'dataset_produces_1', 'dataset_consumes_1_never_scheduled']) retrieved from /home/airflow/.local/lib/python3.7/site-packages/airflow/example_dags/example_datasets.py
[2023-03-21T08:58:19.697+0000] {logging_mixin.py:137} INFO - [2023-03-21T08:58:19.697+0000] {dag.py:2693} INFO - Sync 6 DAGs
[2023-03-21T08:58:19.726+0000] {logging_mixin.py:137} INFO - [2023-03-21T08:58:19.726+0000] {dag.py:3444} INFO - Setting next_dagrun for dataset_consumes_1 to None, run_after=None
[2023-03-21T08:58:19.732+0000] {logging_mixin.py:137} INFO - [2023-03-21T08:58:19.731+0000] {dag.py:3444} INFO - Setting next_dagrun for dataset_consumes_1_and_2 to None, run_after=None
[2023-03-21T08:58:19.733+0000] {logging_mixin.py:137} INFO - [2023-03-21T08:58:19.733+0000] {dag.py:3444} INFO - Setting next_dagrun for dataset_consumes_1_never_scheduled to None, run_after=None
[2023-03-21T08:58:19.735+0000] {logging_mixin.py:137} INFO - [2023-03-21T08:58:19.735+0000] {dag.py:3444} INFO - Setting next_dagrun for dataset_consumes_unknown_never_scheduled to None, run_after=None
[2023-03-21T08:58:19.738+0000] {logging_mixin.py:137} INFO - [2023-03-21T08:58:19.738+0000] {dag.py:3444} INFO - Setting next_dagrun for dataset_produces_1 to 2023-03-20T00:00:00+00:00, run_after=2023-03-21T00:00:00+00:00
[2023-03-21T08:58:19.740+0000] {logging_mixin.py:137} INFO - [2023-03-21T08:58:19.740+0000] {dag.py:3444} INFO - Setting next_dagrun for dataset_produces_2 to None, run_after=None
[2023-03-21T08:58:19.788+0000] {processor.py:175} INFO - Processing /home/airflow/.local/lib/python3.7/site-packages/airflow/example_dags/example_datasets.py took 0.156 seconds
[2023-03-21T08:58:50.802+0000] {processor.py:153} INFO - Started process (PID=1092) to work on /home/airflow/.local/lib/python3.7/site-packages/airflow/example_dags/example_datasets.py
[2023-03-21T08:58:50.803+0000] {processor.py:743} INFO - Processing file /home/airflow/.local/lib/python3.7/site-packages/airflow/example_dags/example_datasets.py for tasks to queue
[2023-03-21T08:58:50.803+0000] {logging_mixin.py:137} INFO - [2023-03-21T08:58:50.803+0000] {dagbag.py:532} INFO - Filling up the DagBag from /home/airflow/.local/lib/python3.7/site-packages/airflow/example_dags/example_datasets.py
[2023-03-21T08:58:50.824+0000] {processor.py:753} INFO - DAG(s) dict_keys(['dataset_consumes_1_never_scheduled', 'dataset_consumes_1_and_2', 'dataset_consumes_1', 'dataset_produces_1', 'dataset_produces_2', 'dataset_consumes_unknown_never_scheduled']) retrieved from /home/airflow/.local/lib/python3.7/site-packages/airflow/example_dags/example_datasets.py
[2023-03-21T08:58:50.875+0000] {logging_mixin.py:137} INFO - [2023-03-21T08:58:50.875+0000] {dag.py:2693} INFO - Sync 6 DAGs
[2023-03-21T08:58:50.910+0000] {logging_mixin.py:137} INFO - [2023-03-21T08:58:50.910+0000] {dag.py:3444} INFO - Setting next_dagrun for dataset_consumes_1 to None, run_after=None
[2023-03-21T08:58:50.915+0000] {logging_mixin.py:137} INFO - [2023-03-21T08:58:50.915+0000] {dag.py:3444} INFO - Setting next_dagrun for dataset_consumes_1_and_2 to None, run_after=None
[2023-03-21T08:58:50.917+0000] {logging_mixin.py:137} INFO - [2023-03-21T08:58:50.917+0000] {dag.py:3444} INFO - Setting next_dagrun for dataset_consumes_1_never_scheduled to None, run_after=None
[2023-03-21T08:58:50.919+0000] {logging_mixin.py:137} INFO - [2023-03-21T08:58:50.919+0000] {dag.py:3444} INFO - Setting next_dagrun for dataset_consumes_unknown_never_scheduled to None, run_after=None
[2023-03-21T08:58:50.922+0000] {logging_mixin.py:137} INFO - [2023-03-21T08:58:50.922+0000] {dag.py:3444} INFO - Setting next_dagrun for dataset_produces_1 to 2023-03-20T00:00:00+00:00, run_after=2023-03-21T00:00:00+00:00
[2023-03-21T08:58:50.924+0000] {logging_mixin.py:137} INFO - [2023-03-21T08:58:50.923+0000] {dag.py:3444} INFO - Setting next_dagrun for dataset_produces_2 to None, run_after=None
[2023-03-21T08:58:50.982+0000] {processor.py:175} INFO - Processing /home/airflow/.local/lib/python3.7/site-packages/airflow/example_dags/example_datasets.py took 0.183 seconds
[2023-03-21T08:59:21.778+0000] {processor.py:153} INFO - Started process (PID=1314) to work on /home/airflow/.local/lib/python3.7/site-packages/airflow/example_dags/example_datasets.py
[2023-03-21T08:59:21.779+0000] {processor.py:743} INFO - Processing file /home/airflow/.local/lib/python3.7/site-packages/airflow/example_dags/example_datasets.py for tasks to queue
[2023-03-21T08:59:21.780+0000] {logging_mixin.py:137} INFO - [2023-03-21T08:59:21.780+0000] {dagbag.py:532} INFO - Filling up the DagBag from /home/airflow/.local/lib/python3.7/site-packages/airflow/example_dags/example_datasets.py
[2023-03-21T08:59:21.797+0000] {processor.py:753} INFO - DAG(s) dict_keys(['dataset_produces_1', 'dataset_consumes_1_never_scheduled', 'dataset_consumes_1_and_2', 'dataset_produces_2', 'dataset_consumes_unknown_never_scheduled', 'dataset_consumes_1']) retrieved from /home/airflow/.local/lib/python3.7/site-packages/airflow/example_dags/example_datasets.py
[2023-03-21T08:59:21.849+0000] {logging_mixin.py:137} INFO - [2023-03-21T08:59:21.849+0000] {dag.py:2693} INFO - Sync 6 DAGs
[2023-03-21T08:59:21.878+0000] {logging_mixin.py:137} INFO - [2023-03-21T08:59:21.878+0000] {dag.py:3444} INFO - Setting next_dagrun for dataset_consumes_1 to None, run_after=None
[2023-03-21T08:59:21.882+0000] {logging_mixin.py:137} INFO - [2023-03-21T08:59:21.882+0000] {dag.py:3444} INFO - Setting next_dagrun for dataset_consumes_1_and_2 to None, run_after=None
[2023-03-21T08:59:21.884+0000] {logging_mixin.py:137} INFO - [2023-03-21T08:59:21.884+0000] {dag.py:3444} INFO - Setting next_dagrun for dataset_consumes_1_never_scheduled to None, run_after=None
[2023-03-21T08:59:21.886+0000] {logging_mixin.py:137} INFO - [2023-03-21T08:59:21.885+0000] {dag.py:3444} INFO - Setting next_dagrun for dataset_consumes_unknown_never_scheduled to None, run_after=None
[2023-03-21T08:59:21.890+0000] {logging_mixin.py:137} INFO - [2023-03-21T08:59:21.889+0000] {dag.py:3444} INFO - Setting next_dagrun for dataset_produces_1 to 2023-03-20T00:00:00+00:00, run_after=2023-03-21T00:00:00+00:00
[2023-03-21T08:59:21.891+0000] {logging_mixin.py:137} INFO - [2023-03-21T08:59:21.891+0000] {dag.py:3444} INFO - Setting next_dagrun for dataset_produces_2 to None, run_after=None
[2023-03-21T08:59:21.937+0000] {processor.py:175} INFO - Processing /home/airflow/.local/lib/python3.7/site-packages/airflow/example_dags/example_datasets.py took 0.162 seconds
[2023-03-21T08:59:52.907+0000] {processor.py:153} INFO - Started process (PID=1533) to work on /home/airflow/.local/lib/python3.7/site-packages/airflow/example_dags/example_datasets.py
[2023-03-21T08:59:52.907+0000] {processor.py:743} INFO - Processing file /home/airflow/.local/lib/python3.7/site-packages/airflow/example_dags/example_datasets.py for tasks to queue
[2023-03-21T08:59:52.908+0000] {logging_mixin.py:137} INFO - [2023-03-21T08:59:52.908+0000] {dagbag.py:532} INFO - Filling up the DagBag from /home/airflow/.local/lib/python3.7/site-packages/airflow/example_dags/example_datasets.py
[2023-03-21T08:59:52.926+0000] {processor.py:753} INFO - DAG(s) dict_keys(['dataset_consumes_1_never_scheduled', 'dataset_produces_2', 'dataset_consumes_1', 'dataset_consumes_1_and_2', 'dataset_consumes_unknown_never_scheduled', 'dataset_produces_1']) retrieved from /home/airflow/.local/lib/python3.7/site-packages/airflow/example_dags/example_datasets.py
[2023-03-21T08:59:52.980+0000] {logging_mixin.py:137} INFO - [2023-03-21T08:59:52.980+0000] {dag.py:2693} INFO - Sync 6 DAGs
[2023-03-21T08:59:53.008+0000] {logging_mixin.py:137} INFO - [2023-03-21T08:59:53.008+0000] {dag.py:3444} INFO - Setting next_dagrun for dataset_consumes_1 to None, run_after=None
[2023-03-21T08:59:53.011+0000] {logging_mixin.py:137} INFO - [2023-03-21T08:59:53.011+0000] {dag.py:3444} INFO - Setting next_dagrun for dataset_consumes_1_and_2 to None, run_after=None
[2023-03-21T08:59:53.013+0000] {logging_mixin.py:137} INFO - [2023-03-21T08:59:53.013+0000] {dag.py:3444} INFO - Setting next_dagrun for dataset_consumes_1_never_scheduled to None, run_after=None
[2023-03-21T08:59:53.015+0000] {logging_mixin.py:137} INFO - [2023-03-21T08:59:53.015+0000] {dag.py:3444} INFO - Setting next_dagrun for dataset_consumes_unknown_never_scheduled to None, run_after=None
[2023-03-21T08:59:53.018+0000] {logging_mixin.py:137} INFO - [2023-03-21T08:59:53.018+0000] {dag.py:3444} INFO - Setting next_dagrun for dataset_produces_1 to 2023-03-20T00:00:00+00:00, run_after=2023-03-21T00:00:00+00:00
[2023-03-21T08:59:53.019+0000] {logging_mixin.py:137} INFO - [2023-03-21T08:59:53.019+0000] {dag.py:3444} INFO - Setting next_dagrun for dataset_produces_2 to None, run_after=None
[2023-03-21T08:59:53.064+0000] {processor.py:175} INFO - Processing /home/airflow/.local/lib/python3.7/site-packages/airflow/example_dags/example_datasets.py took 0.160 seconds
[2023-03-21T09:00:23.096+0000] {processor.py:153} INFO - Started process (PID=1743) to work on /home/airflow/.local/lib/python3.7/site-packages/airflow/example_dags/example_datasets.py
[2023-03-21T09:00:23.097+0000] {processor.py:743} INFO - Processing file /home/airflow/.local/lib/python3.7/site-packages/airflow/example_dags/example_datasets.py for tasks to queue
[2023-03-21T09:00:23.098+0000] {logging_mixin.py:137} INFO - [2023-03-21T09:00:23.098+0000] {dagbag.py:532} INFO - Filling up the DagBag from /home/airflow/.local/lib/python3.7/site-packages/airflow/example_dags/example_datasets.py
[2023-03-21T09:00:23.111+0000] {processor.py:753} INFO - DAG(s) dict_keys(['dataset_consumes_1', 'dataset_consumes_1_and_2', 'dataset_produces_1', 'dataset_produces_2', 'dataset_consumes_1_never_scheduled', 'dataset_consumes_unknown_never_scheduled']) retrieved from /home/airflow/.local/lib/python3.7/site-packages/airflow/example_dags/example_datasets.py
[2023-03-21T09:00:23.155+0000] {logging_mixin.py:137} INFO - [2023-03-21T09:00:23.155+0000] {dag.py:2693} INFO - Sync 6 DAGs
[2023-03-21T09:00:23.185+0000] {logging_mixin.py:137} INFO - [2023-03-21T09:00:23.185+0000] {dag.py:3444} INFO - Setting next_dagrun for dataset_consumes_1 to None, run_after=None
[2023-03-21T09:00:23.189+0000] {logging_mixin.py:137} INFO - [2023-03-21T09:00:23.189+0000] {dag.py:3444} INFO - Setting next_dagrun for dataset_consumes_1_and_2 to None, run_after=None
[2023-03-21T09:00:23.191+0000] {logging_mixin.py:137} INFO - [2023-03-21T09:00:23.190+0000] {dag.py:3444} INFO - Setting next_dagrun for dataset_consumes_1_never_scheduled to None, run_after=None
[2023-03-21T09:00:23.192+0000] {logging_mixin.py:137} INFO - [2023-03-21T09:00:23.192+0000] {dag.py:3444} INFO - Setting next_dagrun for dataset_consumes_unknown_never_scheduled to None, run_after=None
[2023-03-21T09:00:23.195+0000] {logging_mixin.py:137} INFO - [2023-03-21T09:00:23.195+0000] {dag.py:3444} INFO - Setting next_dagrun for dataset_produces_1 to 2023-03-20T00:00:00+00:00, run_after=2023-03-21T00:00:00+00:00
[2023-03-21T09:00:23.196+0000] {logging_mixin.py:137} INFO - [2023-03-21T09:00:23.196+0000] {dag.py:3444} INFO - Setting next_dagrun for dataset_produces_2 to None, run_after=None
[2023-03-21T09:00:23.238+0000] {processor.py:175} INFO - Processing /home/airflow/.local/lib/python3.7/site-packages/airflow/example_dags/example_datasets.py took 0.144 seconds
[2023-03-21T09:01:45.338+0000] {processor.py:153} INFO - Started process (PID=224) to work on /home/airflow/.local/lib/python3.7/site-packages/airflow/example_dags/example_datasets.py
[2023-03-21T09:01:45.339+0000] {processor.py:743} INFO - Processing file /home/airflow/.local/lib/python3.7/site-packages/airflow/example_dags/example_datasets.py for tasks to queue
[2023-03-21T09:01:45.339+0000] {logging_mixin.py:137} INFO - [2023-03-21T09:01:45.339+0000] {dagbag.py:532} INFO - Filling up the DagBag from /home/airflow/.local/lib/python3.7/site-packages/airflow/example_dags/example_datasets.py
[2023-03-21T09:01:45.354+0000] {processor.py:753} INFO - DAG(s) dict_keys(['dataset_consumes_1', 'dataset_consumes_1_never_scheduled', 'dataset_consumes_1_and_2', 'dataset_produces_2', 'dataset_produces_1', 'dataset_consumes_unknown_never_scheduled']) retrieved from /home/airflow/.local/lib/python3.7/site-packages/airflow/example_dags/example_datasets.py
[2023-03-21T09:01:45.449+0000] {logging_mixin.py:137} INFO - [2023-03-21T09:01:45.449+0000] {dag.py:2693} INFO - Sync 6 DAGs
[2023-03-21T09:01:45.474+0000] {logging_mixin.py:137} INFO - [2023-03-21T09:01:45.473+0000] {dag.py:3444} INFO - Setting next_dagrun for dataset_consumes_1 to None, run_after=None
[2023-03-21T09:01:45.477+0000] {logging_mixin.py:137} INFO - [2023-03-21T09:01:45.477+0000] {dag.py:3444} INFO - Setting next_dagrun for dataset_consumes_1_and_2 to None, run_after=None
[2023-03-21T09:01:45.479+0000] {logging_mixin.py:137} INFO - [2023-03-21T09:01:45.479+0000] {dag.py:3444} INFO - Setting next_dagrun for dataset_consumes_1_never_scheduled to None, run_after=None
[2023-03-21T09:01:45.480+0000] {logging_mixin.py:137} INFO - [2023-03-21T09:01:45.480+0000] {dag.py:3444} INFO - Setting next_dagrun for dataset_consumes_unknown_never_scheduled to None, run_after=None
[2023-03-21T09:01:45.485+0000] {logging_mixin.py:137} INFO - [2023-03-21T09:01:45.485+0000] {dag.py:3444} INFO - Setting next_dagrun for dataset_produces_1 to 2023-03-20T00:00:00+00:00, run_after=2023-03-21T00:00:00+00:00
[2023-03-21T09:01:45.487+0000] {logging_mixin.py:137} INFO - [2023-03-21T09:01:45.487+0000] {dag.py:3444} INFO - Setting next_dagrun for dataset_produces_2 to None, run_after=None
[2023-03-21T09:01:45.533+0000] {processor.py:175} INFO - Processing /home/airflow/.local/lib/python3.7/site-packages/airflow/example_dags/example_datasets.py took 0.197 seconds
[2023-03-21T09:02:16.335+0000] {processor.py:153} INFO - Started process (PID=446) to work on /home/airflow/.local/lib/python3.7/site-packages/airflow/example_dags/example_datasets.py
[2023-03-21T09:02:16.336+0000] {processor.py:743} INFO - Processing file /home/airflow/.local/lib/python3.7/site-packages/airflow/example_dags/example_datasets.py for tasks to queue
[2023-03-21T09:02:16.336+0000] {logging_mixin.py:137} INFO - [2023-03-21T09:02:16.336+0000] {dagbag.py:532} INFO - Filling up the DagBag from /home/airflow/.local/lib/python3.7/site-packages/airflow/example_dags/example_datasets.py
[2023-03-21T09:02:16.351+0000] {processor.py:753} INFO - DAG(s) dict_keys(['dataset_produces_2', 'dataset_consumes_unknown_never_scheduled', 'dataset_consumes_1_never_scheduled', 'dataset_consumes_1', 'dataset_produces_1', 'dataset_consumes_1_and_2']) retrieved from /home/airflow/.local/lib/python3.7/site-packages/airflow/example_dags/example_datasets.py
[2023-03-21T09:02:16.401+0000] {logging_mixin.py:137} INFO - [2023-03-21T09:02:16.401+0000] {dag.py:2693} INFO - Sync 6 DAGs
[2023-03-21T09:02:16.436+0000] {logging_mixin.py:137} INFO - [2023-03-21T09:02:16.436+0000] {dag.py:3444} INFO - Setting next_dagrun for dataset_consumes_1 to None, run_after=None
[2023-03-21T09:02:16.440+0000] {logging_mixin.py:137} INFO - [2023-03-21T09:02:16.440+0000] {dag.py:3444} INFO - Setting next_dagrun for dataset_consumes_1_and_2 to None, run_after=None
[2023-03-21T09:02:16.442+0000] {logging_mixin.py:137} INFO - [2023-03-21T09:02:16.442+0000] {dag.py:3444} INFO - Setting next_dagrun for dataset_consumes_1_never_scheduled to None, run_after=None
[2023-03-21T09:02:16.444+0000] {logging_mixin.py:137} INFO - [2023-03-21T09:02:16.444+0000] {dag.py:3444} INFO - Setting next_dagrun for dataset_consumes_unknown_never_scheduled to None, run_after=None
[2023-03-21T09:02:16.448+0000] {logging_mixin.py:137} INFO - [2023-03-21T09:02:16.447+0000] {dag.py:3444} INFO - Setting next_dagrun for dataset_produces_1 to 2023-03-20T00:00:00+00:00, run_after=2023-03-21T00:00:00+00:00
[2023-03-21T09:02:16.449+0000] {logging_mixin.py:137} INFO - [2023-03-21T09:02:16.449+0000] {dag.py:3444} INFO - Setting next_dagrun for dataset_produces_2 to None, run_after=None
[2023-03-21T09:02:16.498+0000] {processor.py:175} INFO - Processing /home/airflow/.local/lib/python3.7/site-packages/airflow/example_dags/example_datasets.py took 0.166 seconds
[2023-03-21T09:02:47.163+0000] {processor.py:153} INFO - Started process (PID=658) to work on /home/airflow/.local/lib/python3.7/site-packages/airflow/example_dags/example_datasets.py
[2023-03-21T09:02:47.163+0000] {processor.py:743} INFO - Processing file /home/airflow/.local/lib/python3.7/site-packages/airflow/example_dags/example_datasets.py for tasks to queue
[2023-03-21T09:02:47.164+0000] {logging_mixin.py:137} INFO - [2023-03-21T09:02:47.164+0000] {dagbag.py:532} INFO - Filling up the DagBag from /home/airflow/.local/lib/python3.7/site-packages/airflow/example_dags/example_datasets.py
[2023-03-21T09:02:47.178+0000] {processor.py:753} INFO - DAG(s) dict_keys(['dataset_consumes_unknown_never_scheduled', 'dataset_produces_1', 'dataset_produces_2', 'dataset_consumes_1', 'dataset_consumes_1_never_scheduled', 'dataset_consumes_1_and_2']) retrieved from /home/airflow/.local/lib/python3.7/site-packages/airflow/example_dags/example_datasets.py
[2023-03-21T09:02:47.223+0000] {logging_mixin.py:137} INFO - [2023-03-21T09:02:47.223+0000] {dag.py:2693} INFO - Sync 6 DAGs
[2023-03-21T09:02:47.250+0000] {logging_mixin.py:137} INFO - [2023-03-21T09:02:47.250+0000] {dag.py:3444} INFO - Setting next_dagrun for dataset_consumes_1 to None, run_after=None
[2023-03-21T09:02:47.254+0000] {logging_mixin.py:137} INFO - [2023-03-21T09:02:47.254+0000] {dag.py:3444} INFO - Setting next_dagrun for dataset_consumes_1_and_2 to None, run_after=None
[2023-03-21T09:02:47.255+0000] {logging_mixin.py:137} INFO - [2023-03-21T09:02:47.255+0000] {dag.py:3444} INFO - Setting next_dagrun for dataset_consumes_1_never_scheduled to None, run_after=None
[2023-03-21T09:02:47.256+0000] {logging_mixin.py:137} INFO - [2023-03-21T09:02:47.256+0000] {dag.py:3444} INFO - Setting next_dagrun for dataset_consumes_unknown_never_scheduled to None, run_after=None
[2023-03-21T09:02:47.259+0000] {logging_mixin.py:137} INFO - [2023-03-21T09:02:47.259+0000] {dag.py:3444} INFO - Setting next_dagrun for dataset_produces_1 to 2023-03-20T00:00:00+00:00, run_after=2023-03-21T00:00:00+00:00
[2023-03-21T09:02:47.261+0000] {logging_mixin.py:137} INFO - [2023-03-21T09:02:47.261+0000] {dag.py:3444} INFO - Setting next_dagrun for dataset_produces_2 to None, run_after=None
[2023-03-21T09:02:47.300+0000] {processor.py:175} INFO - Processing /home/airflow/.local/lib/python3.7/site-packages/airflow/example_dags/example_datasets.py took 0.140 seconds
[2023-03-21T09:03:17.995+0000] {processor.py:153} INFO - Started process (PID=875) to work on /home/airflow/.local/lib/python3.7/site-packages/airflow/example_dags/example_datasets.py
[2023-03-21T09:03:17.996+0000] {processor.py:743} INFO - Processing file /home/airflow/.local/lib/python3.7/site-packages/airflow/example_dags/example_datasets.py for tasks to queue
[2023-03-21T09:03:17.997+0000] {logging_mixin.py:137} INFO - [2023-03-21T09:03:17.997+0000] {dagbag.py:532} INFO - Filling up the DagBag from /home/airflow/.local/lib/python3.7/site-packages/airflow/example_dags/example_datasets.py
[2023-03-21T09:03:18.012+0000] {processor.py:753} INFO - DAG(s) dict_keys(['dataset_consumes_1_never_scheduled', 'dataset_consumes_unknown_never_scheduled', 'dataset_consumes_1_and_2', 'dataset_consumes_1', 'dataset_produces_1', 'dataset_produces_2']) retrieved from /home/airflow/.local/lib/python3.7/site-packages/airflow/example_dags/example_datasets.py
[2023-03-21T09:03:18.052+0000] {logging_mixin.py:137} INFO - [2023-03-21T09:03:18.052+0000] {dag.py:2693} INFO - Sync 6 DAGs
[2023-03-21T09:03:18.078+0000] {logging_mixin.py:137} INFO - [2023-03-21T09:03:18.078+0000] {dag.py:3444} INFO - Setting next_dagrun for dataset_consumes_1 to None, run_after=None
[2023-03-21T09:03:18.083+0000] {logging_mixin.py:137} INFO - [2023-03-21T09:03:18.083+0000] {dag.py:3444} INFO - Setting next_dagrun for dataset_consumes_1_and_2 to None, run_after=None
[2023-03-21T09:03:18.085+0000] {logging_mixin.py:137} INFO - [2023-03-21T09:03:18.084+0000] {dag.py:3444} INFO - Setting next_dagrun for dataset_consumes_1_never_scheduled to None, run_after=None
[2023-03-21T09:03:18.086+0000] {logging_mixin.py:137} INFO - [2023-03-21T09:03:18.086+0000] {dag.py:3444} INFO - Setting next_dagrun for dataset_consumes_unknown_never_scheduled to None, run_after=None
[2023-03-21T09:03:18.089+0000] {logging_mixin.py:137} INFO - [2023-03-21T09:03:18.089+0000] {dag.py:3444} INFO - Setting next_dagrun for dataset_produces_1 to 2023-03-20T00:00:00+00:00, run_after=2023-03-21T00:00:00+00:00
[2023-03-21T09:03:18.091+0000] {logging_mixin.py:137} INFO - [2023-03-21T09:03:18.091+0000] {dag.py:3444} INFO - Setting next_dagrun for dataset_produces_2 to None, run_after=None
[2023-03-21T09:03:18.130+0000] {processor.py:175} INFO - Processing /home/airflow/.local/lib/python3.7/site-packages/airflow/example_dags/example_datasets.py took 0.139 seconds
[2023-03-21T09:03:48.717+0000] {processor.py:153} INFO - Started process (PID=1092) to work on /home/airflow/.local/lib/python3.7/site-packages/airflow/example_dags/example_datasets.py
[2023-03-21T09:03:48.718+0000] {processor.py:743} INFO - Processing file /home/airflow/.local/lib/python3.7/site-packages/airflow/example_dags/example_datasets.py for tasks to queue
[2023-03-21T09:03:48.719+0000] {logging_mixin.py:137} INFO - [2023-03-21T09:03:48.719+0000] {dagbag.py:532} INFO - Filling up the DagBag from /home/airflow/.local/lib/python3.7/site-packages/airflow/example_dags/example_datasets.py
[2023-03-21T09:03:48.733+0000] {processor.py:753} INFO - DAG(s) dict_keys(['dataset_produces_1', 'dataset_consumes_1_and_2', 'dataset_consumes_1', 'dataset_consumes_1_never_scheduled', 'dataset_produces_2', 'dataset_consumes_unknown_never_scheduled']) retrieved from /home/airflow/.local/lib/python3.7/site-packages/airflow/example_dags/example_datasets.py
[2023-03-21T09:03:48.775+0000] {logging_mixin.py:137} INFO - [2023-03-21T09:03:48.775+0000] {dag.py:2693} INFO - Sync 6 DAGs
[2023-03-21T09:03:48.804+0000] {logging_mixin.py:137} INFO - [2023-03-21T09:03:48.803+0000] {dag.py:3444} INFO - Setting next_dagrun for dataset_consumes_1 to None, run_after=None
[2023-03-21T09:03:48.807+0000] {logging_mixin.py:137} INFO - [2023-03-21T09:03:48.807+0000] {dag.py:3444} INFO - Setting next_dagrun for dataset_consumes_1_and_2 to None, run_after=None
[2023-03-21T09:03:48.810+0000] {logging_mixin.py:137} INFO - [2023-03-21T09:03:48.809+0000] {dag.py:3444} INFO - Setting next_dagrun for dataset_consumes_1_never_scheduled to None, run_after=None
[2023-03-21T09:03:48.812+0000] {logging_mixin.py:137} INFO - [2023-03-21T09:03:48.811+0000] {dag.py:3444} INFO - Setting next_dagrun for dataset_consumes_unknown_never_scheduled to None, run_after=None
[2023-03-21T09:03:48.814+0000] {logging_mixin.py:137} INFO - [2023-03-21T09:03:48.814+0000] {dag.py:3444} INFO - Setting next_dagrun for dataset_produces_1 to 2023-03-20T00:00:00+00:00, run_after=2023-03-21T00:00:00+00:00
[2023-03-21T09:03:48.816+0000] {logging_mixin.py:137} INFO - [2023-03-21T09:03:48.816+0000] {dag.py:3444} INFO - Setting next_dagrun for dataset_produces_2 to None, run_after=None
[2023-03-21T09:03:48.855+0000] {processor.py:175} INFO - Processing /home/airflow/.local/lib/python3.7/site-packages/airflow/example_dags/example_datasets.py took 0.140 seconds
[2023-03-21T09:04:19.366+0000] {processor.py:153} INFO - Started process (PID=1309) to work on /home/airflow/.local/lib/python3.7/site-packages/airflow/example_dags/example_datasets.py
[2023-03-21T09:04:19.367+0000] {processor.py:743} INFO - Processing file /home/airflow/.local/lib/python3.7/site-packages/airflow/example_dags/example_datasets.py for tasks to queue
[2023-03-21T09:04:19.368+0000] {logging_mixin.py:137} INFO - [2023-03-21T09:04:19.367+0000] {dagbag.py:532} INFO - Filling up the DagBag from /home/airflow/.local/lib/python3.7/site-packages/airflow/example_dags/example_datasets.py
[2023-03-21T09:04:19.381+0000] {processor.py:753} INFO - DAG(s) dict_keys(['dataset_consumes_1', 'dataset_produces_2', 'dataset_consumes_unknown_never_scheduled', 'dataset_consumes_1_never_scheduled', 'dataset_consumes_1_and_2', 'dataset_produces_1']) retrieved from /home/airflow/.local/lib/python3.7/site-packages/airflow/example_dags/example_datasets.py
[2023-03-21T09:04:19.426+0000] {logging_mixin.py:137} INFO - [2023-03-21T09:04:19.426+0000] {dag.py:2693} INFO - Sync 6 DAGs
[2023-03-21T09:04:19.458+0000] {logging_mixin.py:137} INFO - [2023-03-21T09:04:19.458+0000] {dag.py:3444} INFO - Setting next_dagrun for dataset_consumes_1 to None, run_after=None
[2023-03-21T09:04:19.462+0000] {logging_mixin.py:137} INFO - [2023-03-21T09:04:19.462+0000] {dag.py:3444} INFO - Setting next_dagrun for dataset_consumes_1_and_2 to None, run_after=None
[2023-03-21T09:04:19.464+0000] {logging_mixin.py:137} INFO - [2023-03-21T09:04:19.463+0000] {dag.py:3444} INFO - Setting next_dagrun for dataset_consumes_1_never_scheduled to None, run_after=None
[2023-03-21T09:04:19.465+0000] {logging_mixin.py:137} INFO - [2023-03-21T09:04:19.465+0000] {dag.py:3444} INFO - Setting next_dagrun for dataset_consumes_unknown_never_scheduled to None, run_after=None
[2023-03-21T09:04:19.468+0000] {logging_mixin.py:137} INFO - [2023-03-21T09:04:19.468+0000] {dag.py:3444} INFO - Setting next_dagrun for dataset_produces_1 to 2023-03-20T00:00:00+00:00, run_after=2023-03-21T00:00:00+00:00
[2023-03-21T09:04:19.470+0000] {logging_mixin.py:137} INFO - [2023-03-21T09:04:19.470+0000] {dag.py:3444} INFO - Setting next_dagrun for dataset_produces_2 to None, run_after=None
[2023-03-21T09:04:19.512+0000] {processor.py:175} INFO - Processing /home/airflow/.local/lib/python3.7/site-packages/airflow/example_dags/example_datasets.py took 0.149 seconds
[2023-03-21T09:04:50.176+0000] {processor.py:153} INFO - Started process (PID=1526) to work on /home/airflow/.local/lib/python3.7/site-packages/airflow/example_dags/example_datasets.py
[2023-03-21T09:04:50.177+0000] {processor.py:743} INFO - Processing file /home/airflow/.local/lib/python3.7/site-packages/airflow/example_dags/example_datasets.py for tasks to queue
[2023-03-21T09:04:50.177+0000] {logging_mixin.py:137} INFO - [2023-03-21T09:04:50.177+0000] {dagbag.py:532} INFO - Filling up the DagBag from /home/airflow/.local/lib/python3.7/site-packages/airflow/example_dags/example_datasets.py
[2023-03-21T09:04:50.191+0000] {processor.py:753} INFO - DAG(s) dict_keys(['dataset_produces_1', 'dataset_consumes_1_never_scheduled', 'dataset_consumes_1_and_2', 'dataset_produces_2', 'dataset_consumes_unknown_never_scheduled', 'dataset_consumes_1']) retrieved from /home/airflow/.local/lib/python3.7/site-packages/airflow/example_dags/example_datasets.py
[2023-03-21T09:04:50.235+0000] {logging_mixin.py:137} INFO - [2023-03-21T09:04:50.235+0000] {dag.py:2693} INFO - Sync 6 DAGs
[2023-03-21T09:04:50.266+0000] {logging_mixin.py:137} INFO - [2023-03-21T09:04:50.266+0000] {dag.py:3444} INFO - Setting next_dagrun for dataset_consumes_1 to None, run_after=None
[2023-03-21T09:04:50.270+0000] {logging_mixin.py:137} INFO - [2023-03-21T09:04:50.270+0000] {dag.py:3444} INFO - Setting next_dagrun for dataset_consumes_1_and_2 to None, run_after=None
[2023-03-21T09:04:50.271+0000] {logging_mixin.py:137} INFO - [2023-03-21T09:04:50.271+0000] {dag.py:3444} INFO - Setting next_dagrun for dataset_consumes_1_never_scheduled to None, run_after=None
[2023-03-21T09:04:50.273+0000] {logging_mixin.py:137} INFO - [2023-03-21T09:04:50.273+0000] {dag.py:3444} INFO - Setting next_dagrun for dataset_consumes_unknown_never_scheduled to None, run_after=None
[2023-03-21T09:04:50.276+0000] {logging_mixin.py:137} INFO - [2023-03-21T09:04:50.276+0000] {dag.py:3444} INFO - Setting next_dagrun for dataset_produces_1 to 2023-03-20T00:00:00+00:00, run_after=2023-03-21T00:00:00+00:00
[2023-03-21T09:04:50.277+0000] {logging_mixin.py:137} INFO - [2023-03-21T09:04:50.277+0000] {dag.py:3444} INFO - Setting next_dagrun for dataset_produces_2 to None, run_after=None
[2023-03-21T09:04:50.319+0000] {processor.py:175} INFO - Processing /home/airflow/.local/lib/python3.7/site-packages/airflow/example_dags/example_datasets.py took 0.146 seconds
