[2023-03-21T08:56:46.032+0000] {processor.py:153} INFO - Started process (PID=219) to work on /home/airflow/.local/lib/python3.7/site-packages/airflow/example_dags/example_task_group.py
[2023-03-21T08:56:46.033+0000] {processor.py:743} INFO - Processing file /home/airflow/.local/lib/python3.7/site-packages/airflow/example_dags/example_task_group.py for tasks to queue
[2023-03-21T08:56:46.033+0000] {logging_mixin.py:137} INFO - [2023-03-21T08:56:46.033+0000] {dagbag.py:532} INFO - Filling up the DagBag from /home/airflow/.local/lib/python3.7/site-packages/airflow/example_dags/example_task_group.py
[2023-03-21T08:56:46.046+0000] {processor.py:753} INFO - DAG(s) dict_keys(['example_task_group']) retrieved from /home/airflow/.local/lib/python3.7/site-packages/airflow/example_dags/example_task_group.py
[2023-03-21T08:56:46.073+0000] {logging_mixin.py:137} INFO - [2023-03-21T08:56:46.072+0000] {dag.py:2693} INFO - Sync 1 DAGs
[2023-03-21T08:56:46.102+0000] {logging_mixin.py:137} INFO - [2023-03-21T08:56:46.102+0000] {dag.py:3444} INFO - Setting next_dagrun for example_task_group to 2023-03-20T08:56:46.102433+00:00, run_after=2023-03-21T08:56:46.102433+00:00
[2023-03-21T08:56:46.127+0000] {processor.py:175} INFO - Processing /home/airflow/.local/lib/python3.7/site-packages/airflow/example_dags/example_task_group.py took 0.097 seconds
[2023-03-21T08:57:17.280+0000] {processor.py:153} INFO - Started process (PID=436) to work on /home/airflow/.local/lib/python3.7/site-packages/airflow/example_dags/example_task_group.py
[2023-03-21T08:57:17.281+0000] {processor.py:743} INFO - Processing file /home/airflow/.local/lib/python3.7/site-packages/airflow/example_dags/example_task_group.py for tasks to queue
[2023-03-21T08:57:17.282+0000] {logging_mixin.py:137} INFO - [2023-03-21T08:57:17.282+0000] {dagbag.py:532} INFO - Filling up the DagBag from /home/airflow/.local/lib/python3.7/site-packages/airflow/example_dags/example_task_group.py
[2023-03-21T08:57:17.296+0000] {processor.py:753} INFO - DAG(s) dict_keys(['example_task_group']) retrieved from /home/airflow/.local/lib/python3.7/site-packages/airflow/example_dags/example_task_group.py
[2023-03-21T08:57:17.325+0000] {logging_mixin.py:137} INFO - [2023-03-21T08:57:17.324+0000] {dag.py:2693} INFO - Sync 1 DAGs
[2023-03-21T08:57:17.369+0000] {logging_mixin.py:137} INFO - [2023-03-21T08:57:17.369+0000] {dag.py:3444} INFO - Setting next_dagrun for example_task_group to 2023-03-20T08:57:17.369279+00:00, run_after=2023-03-21T08:57:17.369279+00:00
[2023-03-21T08:57:17.396+0000] {processor.py:175} INFO - Processing /home/airflow/.local/lib/python3.7/site-packages/airflow/example_dags/example_task_group.py took 0.118 seconds
[2023-03-21T08:57:48.363+0000] {processor.py:153} INFO - Started process (PID=653) to work on /home/airflow/.local/lib/python3.7/site-packages/airflow/example_dags/example_task_group.py
[2023-03-21T08:57:48.364+0000] {processor.py:743} INFO - Processing file /home/airflow/.local/lib/python3.7/site-packages/airflow/example_dags/example_task_group.py for tasks to queue
[2023-03-21T08:57:48.364+0000] {logging_mixin.py:137} INFO - [2023-03-21T08:57:48.364+0000] {dagbag.py:532} INFO - Filling up the DagBag from /home/airflow/.local/lib/python3.7/site-packages/airflow/example_dags/example_task_group.py
[2023-03-21T08:57:48.379+0000] {processor.py:753} INFO - DAG(s) dict_keys(['example_task_group']) retrieved from /home/airflow/.local/lib/python3.7/site-packages/airflow/example_dags/example_task_group.py
[2023-03-21T08:57:48.404+0000] {logging_mixin.py:137} INFO - [2023-03-21T08:57:48.404+0000] {dag.py:2693} INFO - Sync 1 DAGs
[2023-03-21T08:57:48.430+0000] {logging_mixin.py:137} INFO - [2023-03-21T08:57:48.430+0000] {dag.py:3444} INFO - Setting next_dagrun for example_task_group to 2023-03-20T08:57:48.430037+00:00, run_after=2023-03-21T08:57:48.430037+00:00
[2023-03-21T08:57:48.453+0000] {processor.py:175} INFO - Processing /home/airflow/.local/lib/python3.7/site-packages/airflow/example_dags/example_task_group.py took 0.093 seconds
[2023-03-21T08:58:19.516+0000] {processor.py:153} INFO - Started process (PID=870) to work on /home/airflow/.local/lib/python3.7/site-packages/airflow/example_dags/example_task_group.py
[2023-03-21T08:58:19.517+0000] {processor.py:743} INFO - Processing file /home/airflow/.local/lib/python3.7/site-packages/airflow/example_dags/example_task_group.py for tasks to queue
[2023-03-21T08:58:19.518+0000] {logging_mixin.py:137} INFO - [2023-03-21T08:58:19.518+0000] {dagbag.py:532} INFO - Filling up the DagBag from /home/airflow/.local/lib/python3.7/site-packages/airflow/example_dags/example_task_group.py
[2023-03-21T08:58:19.532+0000] {processor.py:753} INFO - DAG(s) dict_keys(['example_task_group']) retrieved from /home/airflow/.local/lib/python3.7/site-packages/airflow/example_dags/example_task_group.py
[2023-03-21T08:58:19.560+0000] {logging_mixin.py:137} INFO - [2023-03-21T08:58:19.560+0000] {dag.py:2693} INFO - Sync 1 DAGs
[2023-03-21T08:58:19.586+0000] {logging_mixin.py:137} INFO - [2023-03-21T08:58:19.586+0000] {dag.py:3444} INFO - Setting next_dagrun for example_task_group to 2023-03-20T08:58:19.585997+00:00, run_after=2023-03-21T08:58:19.585997+00:00
[2023-03-21T08:58:19.610+0000] {processor.py:175} INFO - Processing /home/airflow/.local/lib/python3.7/site-packages/airflow/example_dags/example_task_group.py took 0.097 seconds
[2023-03-21T08:58:50.676+0000] {processor.py:153} INFO - Started process (PID=1087) to work on /home/airflow/.local/lib/python3.7/site-packages/airflow/example_dags/example_task_group.py
[2023-03-21T08:58:50.677+0000] {processor.py:743} INFO - Processing file /home/airflow/.local/lib/python3.7/site-packages/airflow/example_dags/example_task_group.py for tasks to queue
[2023-03-21T08:58:50.678+0000] {logging_mixin.py:137} INFO - [2023-03-21T08:58:50.677+0000] {dagbag.py:532} INFO - Filling up the DagBag from /home/airflow/.local/lib/python3.7/site-packages/airflow/example_dags/example_task_group.py
[2023-03-21T08:58:50.694+0000] {processor.py:753} INFO - DAG(s) dict_keys(['example_task_group']) retrieved from /home/airflow/.local/lib/python3.7/site-packages/airflow/example_dags/example_task_group.py
[2023-03-21T08:58:50.727+0000] {logging_mixin.py:137} INFO - [2023-03-21T08:58:50.726+0000] {dag.py:2693} INFO - Sync 1 DAGs
[2023-03-21T08:58:50.770+0000] {logging_mixin.py:137} INFO - [2023-03-21T08:58:50.769+0000] {dag.py:3444} INFO - Setting next_dagrun for example_task_group to 2023-03-20T08:58:50.768834+00:00, run_after=2023-03-21T08:58:50.768834+00:00
[2023-03-21T08:58:50.804+0000] {processor.py:175} INFO - Processing /home/airflow/.local/lib/python3.7/site-packages/airflow/example_dags/example_task_group.py took 0.132 seconds
[2023-03-21T08:59:21.647+0000] {processor.py:153} INFO - Started process (PID=1304) to work on /home/airflow/.local/lib/python3.7/site-packages/airflow/example_dags/example_task_group.py
[2023-03-21T08:59:21.648+0000] {processor.py:743} INFO - Processing file /home/airflow/.local/lib/python3.7/site-packages/airflow/example_dags/example_task_group.py for tasks to queue
[2023-03-21T08:59:21.649+0000] {logging_mixin.py:137} INFO - [2023-03-21T08:59:21.649+0000] {dagbag.py:532} INFO - Filling up the DagBag from /home/airflow/.local/lib/python3.7/site-packages/airflow/example_dags/example_task_group.py
[2023-03-21T08:59:21.665+0000] {processor.py:753} INFO - DAG(s) dict_keys(['example_task_group']) retrieved from /home/airflow/.local/lib/python3.7/site-packages/airflow/example_dags/example_task_group.py
[2023-03-21T08:59:21.693+0000] {logging_mixin.py:137} INFO - [2023-03-21T08:59:21.692+0000] {dag.py:2693} INFO - Sync 1 DAGs
[2023-03-21T08:59:21.725+0000] {logging_mixin.py:137} INFO - [2023-03-21T08:59:21.725+0000] {dag.py:3444} INFO - Setting next_dagrun for example_task_group to 2023-03-20T08:59:21.725178+00:00, run_after=2023-03-21T08:59:21.725178+00:00
[2023-03-21T08:59:21.751+0000] {processor.py:175} INFO - Processing /home/airflow/.local/lib/python3.7/site-packages/airflow/example_dags/example_task_group.py took 0.108 seconds
[2023-03-21T08:59:52.642+0000] {processor.py:153} INFO - Started process (PID=1521) to work on /home/airflow/.local/lib/python3.7/site-packages/airflow/example_dags/example_task_group.py
[2023-03-21T08:59:52.643+0000] {processor.py:743} INFO - Processing file /home/airflow/.local/lib/python3.7/site-packages/airflow/example_dags/example_task_group.py for tasks to queue
[2023-03-21T08:59:52.643+0000] {logging_mixin.py:137} INFO - [2023-03-21T08:59:52.643+0000] {dagbag.py:532} INFO - Filling up the DagBag from /home/airflow/.local/lib/python3.7/site-packages/airflow/example_dags/example_task_group.py
[2023-03-21T08:59:52.659+0000] {processor.py:753} INFO - DAG(s) dict_keys(['example_task_group']) retrieved from /home/airflow/.local/lib/python3.7/site-packages/airflow/example_dags/example_task_group.py
[2023-03-21T08:59:52.693+0000] {logging_mixin.py:137} INFO - [2023-03-21T08:59:52.693+0000] {dag.py:2693} INFO - Sync 1 DAGs
[2023-03-21T08:59:52.721+0000] {logging_mixin.py:137} INFO - [2023-03-21T08:59:52.721+0000] {dag.py:3444} INFO - Setting next_dagrun for example_task_group to 2023-03-20T08:59:52.721191+00:00, run_after=2023-03-21T08:59:52.721191+00:00
[2023-03-21T08:59:52.747+0000] {processor.py:175} INFO - Processing /home/airflow/.local/lib/python3.7/site-packages/airflow/example_dags/example_task_group.py took 0.107 seconds
[2023-03-21T09:00:22.986+0000] {processor.py:153} INFO - Started process (PID=1738) to work on /home/airflow/.local/lib/python3.7/site-packages/airflow/example_dags/example_task_group.py
[2023-03-21T09:00:22.987+0000] {processor.py:743} INFO - Processing file /home/airflow/.local/lib/python3.7/site-packages/airflow/example_dags/example_task_group.py for tasks to queue
[2023-03-21T09:00:22.988+0000] {logging_mixin.py:137} INFO - [2023-03-21T09:00:22.988+0000] {dagbag.py:532} INFO - Filling up the DagBag from /home/airflow/.local/lib/python3.7/site-packages/airflow/example_dags/example_task_group.py
[2023-03-21T09:00:23.000+0000] {processor.py:753} INFO - DAG(s) dict_keys(['example_task_group']) retrieved from /home/airflow/.local/lib/python3.7/site-packages/airflow/example_dags/example_task_group.py
[2023-03-21T09:00:23.027+0000] {logging_mixin.py:137} INFO - [2023-03-21T09:00:23.026+0000] {dag.py:2693} INFO - Sync 1 DAGs
[2023-03-21T09:00:23.055+0000] {logging_mixin.py:137} INFO - [2023-03-21T09:00:23.055+0000] {dag.py:3444} INFO - Setting next_dagrun for example_task_group to 2023-03-20T09:00:23.054871+00:00, run_after=2023-03-21T09:00:23.054871+00:00
[2023-03-21T09:00:23.088+0000] {processor.py:175} INFO - Processing /home/airflow/.local/lib/python3.7/site-packages/airflow/example_dags/example_task_group.py took 0.104 seconds
[2023-03-21T09:01:45.206+0000] {processor.py:153} INFO - Started process (PID=219) to work on /home/airflow/.local/lib/python3.7/site-packages/airflow/example_dags/example_task_group.py
[2023-03-21T09:01:45.207+0000] {processor.py:743} INFO - Processing file /home/airflow/.local/lib/python3.7/site-packages/airflow/example_dags/example_task_group.py for tasks to queue
[2023-03-21T09:01:45.208+0000] {logging_mixin.py:137} INFO - [2023-03-21T09:01:45.208+0000] {dagbag.py:532} INFO - Filling up the DagBag from /home/airflow/.local/lib/python3.7/site-packages/airflow/example_dags/example_task_group.py
[2023-03-21T09:01:45.223+0000] {processor.py:753} INFO - DAG(s) dict_keys(['example_task_group']) retrieved from /home/airflow/.local/lib/python3.7/site-packages/airflow/example_dags/example_task_group.py
[2023-03-21T09:01:45.250+0000] {logging_mixin.py:137} INFO - [2023-03-21T09:01:45.250+0000] {dag.py:2693} INFO - Sync 1 DAGs
[2023-03-21T09:01:45.278+0000] {logging_mixin.py:137} INFO - [2023-03-21T09:01:45.278+0000] {dag.py:3444} INFO - Setting next_dagrun for example_task_group to 2023-03-20T09:01:45.278041+00:00, run_after=2023-03-21T09:01:45.278041+00:00
[2023-03-21T09:01:45.313+0000] {processor.py:175} INFO - Processing /home/airflow/.local/lib/python3.7/site-packages/airflow/example_dags/example_task_group.py took 0.109 seconds
[2023-03-21T09:02:16.221+0000] {processor.py:153} INFO - Started process (PID=436) to work on /home/airflow/.local/lib/python3.7/site-packages/airflow/example_dags/example_task_group.py
[2023-03-21T09:02:16.222+0000] {processor.py:743} INFO - Processing file /home/airflow/.local/lib/python3.7/site-packages/airflow/example_dags/example_task_group.py for tasks to queue
[2023-03-21T09:02:16.222+0000] {logging_mixin.py:137} INFO - [2023-03-21T09:02:16.222+0000] {dagbag.py:532} INFO - Filling up the DagBag from /home/airflow/.local/lib/python3.7/site-packages/airflow/example_dags/example_task_group.py
[2023-03-21T09:02:16.236+0000] {processor.py:753} INFO - DAG(s) dict_keys(['example_task_group']) retrieved from /home/airflow/.local/lib/python3.7/site-packages/airflow/example_dags/example_task_group.py
[2023-03-21T09:02:16.262+0000] {logging_mixin.py:137} INFO - [2023-03-21T09:02:16.262+0000] {dag.py:2693} INFO - Sync 1 DAGs
[2023-03-21T09:02:16.286+0000] {logging_mixin.py:137} INFO - [2023-03-21T09:02:16.286+0000] {dag.py:3444} INFO - Setting next_dagrun for example_task_group to 2023-03-20T09:02:16.286572+00:00, run_after=2023-03-21T09:02:16.286572+00:00
[2023-03-21T09:02:16.309+0000] {processor.py:175} INFO - Processing /home/airflow/.local/lib/python3.7/site-packages/airflow/example_dags/example_task_group.py took 0.091 seconds
[2023-03-21T09:02:47.048+0000] {processor.py:153} INFO - Started process (PID=653) to work on /home/airflow/.local/lib/python3.7/site-packages/airflow/example_dags/example_task_group.py
[2023-03-21T09:02:47.049+0000] {processor.py:743} INFO - Processing file /home/airflow/.local/lib/python3.7/site-packages/airflow/example_dags/example_task_group.py for tasks to queue
[2023-03-21T09:02:47.049+0000] {logging_mixin.py:137} INFO - [2023-03-21T09:02:47.049+0000] {dagbag.py:532} INFO - Filling up the DagBag from /home/airflow/.local/lib/python3.7/site-packages/airflow/example_dags/example_task_group.py
[2023-03-21T09:02:47.062+0000] {processor.py:753} INFO - DAG(s) dict_keys(['example_task_group']) retrieved from /home/airflow/.local/lib/python3.7/site-packages/airflow/example_dags/example_task_group.py
[2023-03-21T09:02:47.089+0000] {logging_mixin.py:137} INFO - [2023-03-21T09:02:47.089+0000] {dag.py:2693} INFO - Sync 1 DAGs
[2023-03-21T09:02:47.133+0000] {logging_mixin.py:137} INFO - [2023-03-21T09:02:47.133+0000] {dag.py:3444} INFO - Setting next_dagrun for example_task_group to 2023-03-20T09:02:47.131609+00:00, run_after=2023-03-21T09:02:47.131609+00:00
[2023-03-21T09:02:47.162+0000] {processor.py:175} INFO - Processing /home/airflow/.local/lib/python3.7/site-packages/airflow/example_dags/example_task_group.py took 0.116 seconds
[2023-03-21T09:03:17.870+0000] {processor.py:153} INFO - Started process (PID=870) to work on /home/airflow/.local/lib/python3.7/site-packages/airflow/example_dags/example_task_group.py
[2023-03-21T09:03:17.871+0000] {processor.py:743} INFO - Processing file /home/airflow/.local/lib/python3.7/site-packages/airflow/example_dags/example_task_group.py for tasks to queue
[2023-03-21T09:03:17.872+0000] {logging_mixin.py:137} INFO - [2023-03-21T09:03:17.871+0000] {dagbag.py:532} INFO - Filling up the DagBag from /home/airflow/.local/lib/python3.7/site-packages/airflow/example_dags/example_task_group.py
[2023-03-21T09:03:17.885+0000] {processor.py:753} INFO - DAG(s) dict_keys(['example_task_group']) retrieved from /home/airflow/.local/lib/python3.7/site-packages/airflow/example_dags/example_task_group.py
[2023-03-21T09:03:17.912+0000] {logging_mixin.py:137} INFO - [2023-03-21T09:03:17.912+0000] {dag.py:2693} INFO - Sync 1 DAGs
[2023-03-21T09:03:17.953+0000] {logging_mixin.py:137} INFO - [2023-03-21T09:03:17.953+0000] {dag.py:3444} INFO - Setting next_dagrun for example_task_group to 2023-03-20T09:03:17.952177+00:00, run_after=2023-03-21T09:03:17.952177+00:00
[2023-03-21T09:03:17.989+0000] {processor.py:175} INFO - Processing /home/airflow/.local/lib/python3.7/site-packages/airflow/example_dags/example_task_group.py took 0.123 seconds
[2023-03-21T09:03:48.620+0000] {processor.py:153} INFO - Started process (PID=1087) to work on /home/airflow/.local/lib/python3.7/site-packages/airflow/example_dags/example_task_group.py
[2023-03-21T09:03:48.621+0000] {processor.py:743} INFO - Processing file /home/airflow/.local/lib/python3.7/site-packages/airflow/example_dags/example_task_group.py for tasks to queue
[2023-03-21T09:03:48.621+0000] {logging_mixin.py:137} INFO - [2023-03-21T09:03:48.621+0000] {dagbag.py:532} INFO - Filling up the DagBag from /home/airflow/.local/lib/python3.7/site-packages/airflow/example_dags/example_task_group.py
[2023-03-21T09:03:48.635+0000] {processor.py:753} INFO - DAG(s) dict_keys(['example_task_group']) retrieved from /home/airflow/.local/lib/python3.7/site-packages/airflow/example_dags/example_task_group.py
[2023-03-21T09:03:48.661+0000] {logging_mixin.py:137} INFO - [2023-03-21T09:03:48.661+0000] {dag.py:2693} INFO - Sync 1 DAGs
[2023-03-21T09:03:48.710+0000] {logging_mixin.py:137} INFO - [2023-03-21T09:03:48.710+0000] {dag.py:3444} INFO - Setting next_dagrun for example_task_group to 2023-03-20T09:03:48.710122+00:00, run_after=2023-03-21T09:03:48.710122+00:00
[2023-03-21T09:03:48.732+0000] {processor.py:175} INFO - Processing /home/airflow/.local/lib/python3.7/site-packages/airflow/example_dags/example_task_group.py took 0.114 seconds
[2023-03-21T09:04:19.274+0000] {processor.py:153} INFO - Started process (PID=1304) to work on /home/airflow/.local/lib/python3.7/site-packages/airflow/example_dags/example_task_group.py
[2023-03-21T09:04:19.275+0000] {processor.py:743} INFO - Processing file /home/airflow/.local/lib/python3.7/site-packages/airflow/example_dags/example_task_group.py for tasks to queue
[2023-03-21T09:04:19.276+0000] {logging_mixin.py:137} INFO - [2023-03-21T09:04:19.275+0000] {dagbag.py:532} INFO - Filling up the DagBag from /home/airflow/.local/lib/python3.7/site-packages/airflow/example_dags/example_task_group.py
[2023-03-21T09:04:19.289+0000] {processor.py:753} INFO - DAG(s) dict_keys(['example_task_group']) retrieved from /home/airflow/.local/lib/python3.7/site-packages/airflow/example_dags/example_task_group.py
[2023-03-21T09:04:19.313+0000] {logging_mixin.py:137} INFO - [2023-03-21T09:04:19.313+0000] {dag.py:2693} INFO - Sync 1 DAGs
[2023-03-21T09:04:19.343+0000] {logging_mixin.py:137} INFO - [2023-03-21T09:04:19.343+0000] {dag.py:3444} INFO - Setting next_dagrun for example_task_group to 2023-03-20T09:04:19.342677+00:00, run_after=2023-03-21T09:04:19.342677+00:00
[2023-03-21T09:04:19.369+0000] {processor.py:175} INFO - Processing /home/airflow/.local/lib/python3.7/site-packages/airflow/example_dags/example_task_group.py took 0.098 seconds
[2023-03-21T09:04:50.059+0000] {processor.py:153} INFO - Started process (PID=1521) to work on /home/airflow/.local/lib/python3.7/site-packages/airflow/example_dags/example_task_group.py
[2023-03-21T09:04:50.060+0000] {processor.py:743} INFO - Processing file /home/airflow/.local/lib/python3.7/site-packages/airflow/example_dags/example_task_group.py for tasks to queue
[2023-03-21T09:04:50.060+0000] {logging_mixin.py:137} INFO - [2023-03-21T09:04:50.060+0000] {dagbag.py:532} INFO - Filling up the DagBag from /home/airflow/.local/lib/python3.7/site-packages/airflow/example_dags/example_task_group.py
[2023-03-21T09:04:50.074+0000] {processor.py:753} INFO - DAG(s) dict_keys(['example_task_group']) retrieved from /home/airflow/.local/lib/python3.7/site-packages/airflow/example_dags/example_task_group.py
[2023-03-21T09:04:50.099+0000] {logging_mixin.py:137} INFO - [2023-03-21T09:04:50.099+0000] {dag.py:2693} INFO - Sync 1 DAGs
[2023-03-21T09:04:50.127+0000] {logging_mixin.py:137} INFO - [2023-03-21T09:04:50.126+0000] {dag.py:3444} INFO - Setting next_dagrun for example_task_group to 2023-03-20T09:04:50.126664+00:00, run_after=2023-03-21T09:04:50.126664+00:00
[2023-03-21T09:04:50.150+0000] {processor.py:175} INFO - Processing /home/airflow/.local/lib/python3.7/site-packages/airflow/example_dags/example_task_group.py took 0.093 seconds
