[2023-03-21T08:56:47.224+0000] {processor.py:153} INFO - Started process (PID=299) to work on /home/airflow/.local/lib/python3.7/site-packages/airflow/example_dags/example_time_delta_sensor_async.py
[2023-03-21T08:56:47.225+0000] {processor.py:743} INFO - Processing file /home/airflow/.local/lib/python3.7/site-packages/airflow/example_dags/example_time_delta_sensor_async.py for tasks to queue
[2023-03-21T08:56:47.225+0000] {logging_mixin.py:137} INFO - [2023-03-21T08:56:47.225+0000] {dagbag.py:532} INFO - Filling up the DagBag from /home/airflow/.local/lib/python3.7/site-packages/airflow/example_dags/example_time_delta_sensor_async.py
[2023-03-21T08:56:47.236+0000] {processor.py:753} INFO - DAG(s) dict_keys(['example_time_delta_sensor_async']) retrieved from /home/airflow/.local/lib/python3.7/site-packages/airflow/example_dags/example_time_delta_sensor_async.py
[2023-03-21T08:56:47.259+0000] {logging_mixin.py:137} INFO - [2023-03-21T08:56:47.259+0000] {dag.py:2693} INFO - Sync 1 DAGs
[2023-03-21T08:56:47.286+0000] {logging_mixin.py:137} INFO - [2023-03-21T08:56:47.286+0000] {dag.py:3444} INFO - Setting next_dagrun for example_time_delta_sensor_async to None, run_after=None
[2023-03-21T08:56:47.309+0000] {processor.py:175} INFO - Processing /home/airflow/.local/lib/python3.7/site-packages/airflow/example_dags/example_time_delta_sensor_async.py took 0.087 seconds
[2023-03-21T08:57:18.386+0000] {processor.py:153} INFO - Started process (PID=516) to work on /home/airflow/.local/lib/python3.7/site-packages/airflow/example_dags/example_time_delta_sensor_async.py
[2023-03-21T08:57:18.388+0000] {processor.py:743} INFO - Processing file /home/airflow/.local/lib/python3.7/site-packages/airflow/example_dags/example_time_delta_sensor_async.py for tasks to queue
[2023-03-21T08:57:18.388+0000] {logging_mixin.py:137} INFO - [2023-03-21T08:57:18.388+0000] {dagbag.py:532} INFO - Filling up the DagBag from /home/airflow/.local/lib/python3.7/site-packages/airflow/example_dags/example_time_delta_sensor_async.py
[2023-03-21T08:57:18.399+0000] {processor.py:753} INFO - DAG(s) dict_keys(['example_time_delta_sensor_async']) retrieved from /home/airflow/.local/lib/python3.7/site-packages/airflow/example_dags/example_time_delta_sensor_async.py
[2023-03-21T08:57:18.426+0000] {logging_mixin.py:137} INFO - [2023-03-21T08:57:18.426+0000] {dag.py:2693} INFO - Sync 1 DAGs
[2023-03-21T08:57:18.453+0000] {logging_mixin.py:137} INFO - [2023-03-21T08:57:18.453+0000] {dag.py:3444} INFO - Setting next_dagrun for example_time_delta_sensor_async to None, run_after=None
[2023-03-21T08:57:18.487+0000] {processor.py:175} INFO - Processing /home/airflow/.local/lib/python3.7/site-packages/airflow/example_dags/example_time_delta_sensor_async.py took 0.103 seconds
[2023-03-21T08:57:49.537+0000] {processor.py:153} INFO - Started process (PID=733) to work on /home/airflow/.local/lib/python3.7/site-packages/airflow/example_dags/example_time_delta_sensor_async.py
[2023-03-21T08:57:49.538+0000] {processor.py:743} INFO - Processing file /home/airflow/.local/lib/python3.7/site-packages/airflow/example_dags/example_time_delta_sensor_async.py for tasks to queue
[2023-03-21T08:57:49.539+0000] {logging_mixin.py:137} INFO - [2023-03-21T08:57:49.539+0000] {dagbag.py:532} INFO - Filling up the DagBag from /home/airflow/.local/lib/python3.7/site-packages/airflow/example_dags/example_time_delta_sensor_async.py
[2023-03-21T08:57:49.553+0000] {processor.py:753} INFO - DAG(s) dict_keys(['example_time_delta_sensor_async']) retrieved from /home/airflow/.local/lib/python3.7/site-packages/airflow/example_dags/example_time_delta_sensor_async.py
[2023-03-21T08:57:49.580+0000] {logging_mixin.py:137} INFO - [2023-03-21T08:57:49.580+0000] {dag.py:2693} INFO - Sync 1 DAGs
[2023-03-21T08:57:49.610+0000] {logging_mixin.py:137} INFO - [2023-03-21T08:57:49.610+0000] {dag.py:3444} INFO - Setting next_dagrun for example_time_delta_sensor_async to None, run_after=None
[2023-03-21T08:57:49.645+0000] {processor.py:175} INFO - Processing /home/airflow/.local/lib/python3.7/site-packages/airflow/example_dags/example_time_delta_sensor_async.py took 0.112 seconds
[2023-03-21T08:58:20.756+0000] {processor.py:153} INFO - Started process (PID=950) to work on /home/airflow/.local/lib/python3.7/site-packages/airflow/example_dags/example_time_delta_sensor_async.py
[2023-03-21T08:58:20.757+0000] {processor.py:743} INFO - Processing file /home/airflow/.local/lib/python3.7/site-packages/airflow/example_dags/example_time_delta_sensor_async.py for tasks to queue
[2023-03-21T08:58:20.758+0000] {logging_mixin.py:137} INFO - [2023-03-21T08:58:20.757+0000] {dagbag.py:532} INFO - Filling up the DagBag from /home/airflow/.local/lib/python3.7/site-packages/airflow/example_dags/example_time_delta_sensor_async.py
[2023-03-21T08:58:20.776+0000] {processor.py:753} INFO - DAG(s) dict_keys(['example_time_delta_sensor_async']) retrieved from /home/airflow/.local/lib/python3.7/site-packages/airflow/example_dags/example_time_delta_sensor_async.py
[2023-03-21T08:58:20.809+0000] {logging_mixin.py:137} INFO - [2023-03-21T08:58:20.809+0000] {dag.py:2693} INFO - Sync 1 DAGs
[2023-03-21T08:58:20.843+0000] {logging_mixin.py:137} INFO - [2023-03-21T08:58:20.843+0000] {dag.py:3444} INFO - Setting next_dagrun for example_time_delta_sensor_async to None, run_after=None
[2023-03-21T08:58:20.874+0000] {processor.py:175} INFO - Processing /home/airflow/.local/lib/python3.7/site-packages/airflow/example_dags/example_time_delta_sensor_async.py took 0.123 seconds
[2023-03-21T08:58:51.865+0000] {processor.py:153} INFO - Started process (PID=1167) to work on /home/airflow/.local/lib/python3.7/site-packages/airflow/example_dags/example_time_delta_sensor_async.py
[2023-03-21T08:58:51.866+0000] {processor.py:743} INFO - Processing file /home/airflow/.local/lib/python3.7/site-packages/airflow/example_dags/example_time_delta_sensor_async.py for tasks to queue
[2023-03-21T08:58:51.867+0000] {logging_mixin.py:137} INFO - [2023-03-21T08:58:51.867+0000] {dagbag.py:532} INFO - Filling up the DagBag from /home/airflow/.local/lib/python3.7/site-packages/airflow/example_dags/example_time_delta_sensor_async.py
[2023-03-21T08:58:51.876+0000] {processor.py:753} INFO - DAG(s) dict_keys(['example_time_delta_sensor_async']) retrieved from /home/airflow/.local/lib/python3.7/site-packages/airflow/example_dags/example_time_delta_sensor_async.py
[2023-03-21T08:58:51.899+0000] {logging_mixin.py:137} INFO - [2023-03-21T08:58:51.899+0000] {dag.py:2693} INFO - Sync 1 DAGs
[2023-03-21T08:58:51.927+0000] {logging_mixin.py:137} INFO - [2023-03-21T08:58:51.927+0000] {dag.py:3444} INFO - Setting next_dagrun for example_time_delta_sensor_async to None, run_after=None
[2023-03-21T08:58:51.952+0000] {processor.py:175} INFO - Processing /home/airflow/.local/lib/python3.7/site-packages/airflow/example_dags/example_time_delta_sensor_async.py took 0.089 seconds
[2023-03-21T08:59:22.730+0000] {processor.py:153} INFO - Started process (PID=1384) to work on /home/airflow/.local/lib/python3.7/site-packages/airflow/example_dags/example_time_delta_sensor_async.py
[2023-03-21T08:59:22.731+0000] {processor.py:743} INFO - Processing file /home/airflow/.local/lib/python3.7/site-packages/airflow/example_dags/example_time_delta_sensor_async.py for tasks to queue
[2023-03-21T08:59:22.731+0000] {logging_mixin.py:137} INFO - [2023-03-21T08:59:22.731+0000] {dagbag.py:532} INFO - Filling up the DagBag from /home/airflow/.local/lib/python3.7/site-packages/airflow/example_dags/example_time_delta_sensor_async.py
[2023-03-21T08:59:22.743+0000] {processor.py:753} INFO - DAG(s) dict_keys(['example_time_delta_sensor_async']) retrieved from /home/airflow/.local/lib/python3.7/site-packages/airflow/example_dags/example_time_delta_sensor_async.py
[2023-03-21T08:59:22.768+0000] {logging_mixin.py:137} INFO - [2023-03-21T08:59:22.768+0000] {dag.py:2693} INFO - Sync 1 DAGs
[2023-03-21T08:59:22.797+0000] {logging_mixin.py:137} INFO - [2023-03-21T08:59:22.796+0000] {dag.py:3444} INFO - Setting next_dagrun for example_time_delta_sensor_async to None, run_after=None
[2023-03-21T08:59:22.826+0000] {processor.py:175} INFO - Processing /home/airflow/.local/lib/python3.7/site-packages/airflow/example_dags/example_time_delta_sensor_async.py took 0.098 seconds
[2023-03-21T08:59:54.102+0000] {processor.py:153} INFO - Started process (PID=1601) to work on /home/airflow/.local/lib/python3.7/site-packages/airflow/example_dags/example_time_delta_sensor_async.py
[2023-03-21T08:59:54.103+0000] {processor.py:743} INFO - Processing file /home/airflow/.local/lib/python3.7/site-packages/airflow/example_dags/example_time_delta_sensor_async.py for tasks to queue
[2023-03-21T08:59:54.104+0000] {logging_mixin.py:137} INFO - [2023-03-21T08:59:54.104+0000] {dagbag.py:532} INFO - Filling up the DagBag from /home/airflow/.local/lib/python3.7/site-packages/airflow/example_dags/example_time_delta_sensor_async.py
[2023-03-21T08:59:54.116+0000] {processor.py:753} INFO - DAG(s) dict_keys(['example_time_delta_sensor_async']) retrieved from /home/airflow/.local/lib/python3.7/site-packages/airflow/example_dags/example_time_delta_sensor_async.py
[2023-03-21T08:59:54.139+0000] {logging_mixin.py:137} INFO - [2023-03-21T08:59:54.139+0000] {dag.py:2693} INFO - Sync 1 DAGs
[2023-03-21T08:59:54.166+0000] {logging_mixin.py:137} INFO - [2023-03-21T08:59:54.166+0000] {dag.py:3444} INFO - Setting next_dagrun for example_time_delta_sensor_async to None, run_after=None
[2023-03-21T08:59:54.191+0000] {processor.py:175} INFO - Processing /home/airflow/.local/lib/python3.7/site-packages/airflow/example_dags/example_time_delta_sensor_async.py took 0.092 seconds
[2023-03-21T09:00:24.335+0000] {processor.py:153} INFO - Started process (PID=1818) to work on /home/airflow/.local/lib/python3.7/site-packages/airflow/example_dags/example_time_delta_sensor_async.py
[2023-03-21T09:00:24.336+0000] {processor.py:743} INFO - Processing file /home/airflow/.local/lib/python3.7/site-packages/airflow/example_dags/example_time_delta_sensor_async.py for tasks to queue
[2023-03-21T09:00:24.336+0000] {logging_mixin.py:137} INFO - [2023-03-21T09:00:24.336+0000] {dagbag.py:532} INFO - Filling up the DagBag from /home/airflow/.local/lib/python3.7/site-packages/airflow/example_dags/example_time_delta_sensor_async.py
[2023-03-21T09:00:24.348+0000] {processor.py:753} INFO - DAG(s) dict_keys(['example_time_delta_sensor_async']) retrieved from /home/airflow/.local/lib/python3.7/site-packages/airflow/example_dags/example_time_delta_sensor_async.py
[2023-03-21T09:00:24.373+0000] {logging_mixin.py:137} INFO - [2023-03-21T09:00:24.372+0000] {dag.py:2693} INFO - Sync 1 DAGs
[2023-03-21T09:00:24.401+0000] {logging_mixin.py:137} INFO - [2023-03-21T09:00:24.401+0000] {dag.py:3444} INFO - Setting next_dagrun for example_time_delta_sensor_async to None, run_after=None
[2023-03-21T09:00:24.425+0000] {processor.py:175} INFO - Processing /home/airflow/.local/lib/python3.7/site-packages/airflow/example_dags/example_time_delta_sensor_async.py took 0.092 seconds
[2023-03-21T09:01:46.367+0000] {processor.py:153} INFO - Started process (PID=299) to work on /home/airflow/.local/lib/python3.7/site-packages/airflow/example_dags/example_time_delta_sensor_async.py
[2023-03-21T09:01:46.368+0000] {processor.py:743} INFO - Processing file /home/airflow/.local/lib/python3.7/site-packages/airflow/example_dags/example_time_delta_sensor_async.py for tasks to queue
[2023-03-21T09:01:46.369+0000] {logging_mixin.py:137} INFO - [2023-03-21T09:01:46.369+0000] {dagbag.py:532} INFO - Filling up the DagBag from /home/airflow/.local/lib/python3.7/site-packages/airflow/example_dags/example_time_delta_sensor_async.py
[2023-03-21T09:01:46.380+0000] {processor.py:753} INFO - DAG(s) dict_keys(['example_time_delta_sensor_async']) retrieved from /home/airflow/.local/lib/python3.7/site-packages/airflow/example_dags/example_time_delta_sensor_async.py
[2023-03-21T09:01:46.407+0000] {logging_mixin.py:137} INFO - [2023-03-21T09:01:46.406+0000] {dag.py:2693} INFO - Sync 1 DAGs
[2023-03-21T09:01:46.439+0000] {logging_mixin.py:137} INFO - [2023-03-21T09:01:46.439+0000] {dag.py:3444} INFO - Setting next_dagrun for example_time_delta_sensor_async to None, run_after=None
[2023-03-21T09:01:46.464+0000] {processor.py:175} INFO - Processing /home/airflow/.local/lib/python3.7/site-packages/airflow/example_dags/example_time_delta_sensor_async.py took 0.100 seconds
[2023-03-21T09:02:17.264+0000] {processor.py:153} INFO - Started process (PID=516) to work on /home/airflow/.local/lib/python3.7/site-packages/airflow/example_dags/example_time_delta_sensor_async.py
[2023-03-21T09:02:17.265+0000] {processor.py:743} INFO - Processing file /home/airflow/.local/lib/python3.7/site-packages/airflow/example_dags/example_time_delta_sensor_async.py for tasks to queue
[2023-03-21T09:02:17.265+0000] {logging_mixin.py:137} INFO - [2023-03-21T09:02:17.265+0000] {dagbag.py:532} INFO - Filling up the DagBag from /home/airflow/.local/lib/python3.7/site-packages/airflow/example_dags/example_time_delta_sensor_async.py
[2023-03-21T09:02:17.275+0000] {processor.py:753} INFO - DAG(s) dict_keys(['example_time_delta_sensor_async']) retrieved from /home/airflow/.local/lib/python3.7/site-packages/airflow/example_dags/example_time_delta_sensor_async.py
[2023-03-21T09:02:17.298+0000] {logging_mixin.py:137} INFO - [2023-03-21T09:02:17.298+0000] {dag.py:2693} INFO - Sync 1 DAGs
[2023-03-21T09:02:17.324+0000] {logging_mixin.py:137} INFO - [2023-03-21T09:02:17.324+0000] {dag.py:3444} INFO - Setting next_dagrun for example_time_delta_sensor_async to None, run_after=None
[2023-03-21T09:02:17.348+0000] {processor.py:175} INFO - Processing /home/airflow/.local/lib/python3.7/site-packages/airflow/example_dags/example_time_delta_sensor_async.py took 0.086 seconds
[2023-03-21T09:02:48.068+0000] {processor.py:153} INFO - Started process (PID=733) to work on /home/airflow/.local/lib/python3.7/site-packages/airflow/example_dags/example_time_delta_sensor_async.py
[2023-03-21T09:02:48.069+0000] {processor.py:743} INFO - Processing file /home/airflow/.local/lib/python3.7/site-packages/airflow/example_dags/example_time_delta_sensor_async.py for tasks to queue
[2023-03-21T09:02:48.070+0000] {logging_mixin.py:137} INFO - [2023-03-21T09:02:48.070+0000] {dagbag.py:532} INFO - Filling up the DagBag from /home/airflow/.local/lib/python3.7/site-packages/airflow/example_dags/example_time_delta_sensor_async.py
[2023-03-21T09:02:48.080+0000] {processor.py:753} INFO - DAG(s) dict_keys(['example_time_delta_sensor_async']) retrieved from /home/airflow/.local/lib/python3.7/site-packages/airflow/example_dags/example_time_delta_sensor_async.py
[2023-03-21T09:02:48.104+0000] {logging_mixin.py:137} INFO - [2023-03-21T09:02:48.104+0000] {dag.py:2693} INFO - Sync 1 DAGs
[2023-03-21T09:02:48.130+0000] {logging_mixin.py:137} INFO - [2023-03-21T09:02:48.130+0000] {dag.py:3444} INFO - Setting next_dagrun for example_time_delta_sensor_async to None, run_after=None
[2023-03-21T09:02:48.155+0000] {processor.py:175} INFO - Processing /home/airflow/.local/lib/python3.7/site-packages/airflow/example_dags/example_time_delta_sensor_async.py took 0.090 seconds
[2023-03-21T09:03:18.877+0000] {processor.py:153} INFO - Started process (PID=950) to work on /home/airflow/.local/lib/python3.7/site-packages/airflow/example_dags/example_time_delta_sensor_async.py
[2023-03-21T09:03:18.877+0000] {processor.py:743} INFO - Processing file /home/airflow/.local/lib/python3.7/site-packages/airflow/example_dags/example_time_delta_sensor_async.py for tasks to queue
[2023-03-21T09:03:18.878+0000] {logging_mixin.py:137} INFO - [2023-03-21T09:03:18.878+0000] {dagbag.py:532} INFO - Filling up the DagBag from /home/airflow/.local/lib/python3.7/site-packages/airflow/example_dags/example_time_delta_sensor_async.py
[2023-03-21T09:03:18.890+0000] {processor.py:753} INFO - DAG(s) dict_keys(['example_time_delta_sensor_async']) retrieved from /home/airflow/.local/lib/python3.7/site-packages/airflow/example_dags/example_time_delta_sensor_async.py
[2023-03-21T09:03:18.915+0000] {logging_mixin.py:137} INFO - [2023-03-21T09:03:18.915+0000] {dag.py:2693} INFO - Sync 1 DAGs
[2023-03-21T09:03:18.940+0000] {logging_mixin.py:137} INFO - [2023-03-21T09:03:18.940+0000] {dag.py:3444} INFO - Setting next_dagrun for example_time_delta_sensor_async to None, run_after=None
[2023-03-21T09:03:18.966+0000] {processor.py:175} INFO - Processing /home/airflow/.local/lib/python3.7/site-packages/airflow/example_dags/example_time_delta_sensor_async.py took 0.092 seconds
[2023-03-21T09:03:49.619+0000] {processor.py:153} INFO - Started process (PID=1167) to work on /home/airflow/.local/lib/python3.7/site-packages/airflow/example_dags/example_time_delta_sensor_async.py
[2023-03-21T09:03:49.620+0000] {processor.py:743} INFO - Processing file /home/airflow/.local/lib/python3.7/site-packages/airflow/example_dags/example_time_delta_sensor_async.py for tasks to queue
[2023-03-21T09:03:49.620+0000] {logging_mixin.py:137} INFO - [2023-03-21T09:03:49.620+0000] {dagbag.py:532} INFO - Filling up the DagBag from /home/airflow/.local/lib/python3.7/site-packages/airflow/example_dags/example_time_delta_sensor_async.py
[2023-03-21T09:03:49.630+0000] {processor.py:753} INFO - DAG(s) dict_keys(['example_time_delta_sensor_async']) retrieved from /home/airflow/.local/lib/python3.7/site-packages/airflow/example_dags/example_time_delta_sensor_async.py
[2023-03-21T09:03:49.652+0000] {logging_mixin.py:137} INFO - [2023-03-21T09:03:49.652+0000] {dag.py:2693} INFO - Sync 1 DAGs
[2023-03-21T09:03:49.682+0000] {logging_mixin.py:137} INFO - [2023-03-21T09:03:49.682+0000] {dag.py:3444} INFO - Setting next_dagrun for example_time_delta_sensor_async to None, run_after=None
[2023-03-21T09:03:49.704+0000] {processor.py:175} INFO - Processing /home/airflow/.local/lib/python3.7/site-packages/airflow/example_dags/example_time_delta_sensor_async.py took 0.088 seconds
[2023-03-21T09:04:20.266+0000] {processor.py:153} INFO - Started process (PID=1384) to work on /home/airflow/.local/lib/python3.7/site-packages/airflow/example_dags/example_time_delta_sensor_async.py
[2023-03-21T09:04:20.267+0000] {processor.py:743} INFO - Processing file /home/airflow/.local/lib/python3.7/site-packages/airflow/example_dags/example_time_delta_sensor_async.py for tasks to queue
[2023-03-21T09:04:20.267+0000] {logging_mixin.py:137} INFO - [2023-03-21T09:04:20.267+0000] {dagbag.py:532} INFO - Filling up the DagBag from /home/airflow/.local/lib/python3.7/site-packages/airflow/example_dags/example_time_delta_sensor_async.py
[2023-03-21T09:04:20.280+0000] {processor.py:753} INFO - DAG(s) dict_keys(['example_time_delta_sensor_async']) retrieved from /home/airflow/.local/lib/python3.7/site-packages/airflow/example_dags/example_time_delta_sensor_async.py
[2023-03-21T09:04:20.308+0000] {logging_mixin.py:137} INFO - [2023-03-21T09:04:20.307+0000] {dag.py:2693} INFO - Sync 1 DAGs
[2023-03-21T09:04:20.337+0000] {logging_mixin.py:137} INFO - [2023-03-21T09:04:20.337+0000] {dag.py:3444} INFO - Setting next_dagrun for example_time_delta_sensor_async to None, run_after=None
[2023-03-21T09:04:20.362+0000] {processor.py:175} INFO - Processing /home/airflow/.local/lib/python3.7/site-packages/airflow/example_dags/example_time_delta_sensor_async.py took 0.099 seconds
[2023-03-21T09:04:51.095+0000] {processor.py:153} INFO - Started process (PID=1601) to work on /home/airflow/.local/lib/python3.7/site-packages/airflow/example_dags/example_time_delta_sensor_async.py
[2023-03-21T09:04:51.096+0000] {processor.py:743} INFO - Processing file /home/airflow/.local/lib/python3.7/site-packages/airflow/example_dags/example_time_delta_sensor_async.py for tasks to queue
[2023-03-21T09:04:51.096+0000] {logging_mixin.py:137} INFO - [2023-03-21T09:04:51.096+0000] {dagbag.py:532} INFO - Filling up the DagBag from /home/airflow/.local/lib/python3.7/site-packages/airflow/example_dags/example_time_delta_sensor_async.py
[2023-03-21T09:04:51.106+0000] {processor.py:753} INFO - DAG(s) dict_keys(['example_time_delta_sensor_async']) retrieved from /home/airflow/.local/lib/python3.7/site-packages/airflow/example_dags/example_time_delta_sensor_async.py
[2023-03-21T09:04:51.129+0000] {logging_mixin.py:137} INFO - [2023-03-21T09:04:51.129+0000] {dag.py:2693} INFO - Sync 1 DAGs
[2023-03-21T09:04:51.156+0000] {logging_mixin.py:137} INFO - [2023-03-21T09:04:51.155+0000] {dag.py:3444} INFO - Setting next_dagrun for example_time_delta_sensor_async to None, run_after=None
[2023-03-21T09:04:51.179+0000] {processor.py:175} INFO - Processing /home/airflow/.local/lib/python3.7/site-packages/airflow/example_dags/example_time_delta_sensor_async.py took 0.088 seconds
