[2023-03-21T08:56:47.404+0000] {processor.py:153} INFO - Started process (PID=314) to work on /home/airflow/.local/lib/python3.7/site-packages/airflow/example_dags/example_task_group_decorator.py
[2023-03-21T08:56:47.404+0000] {processor.py:743} INFO - Processing file /home/airflow/.local/lib/python3.7/site-packages/airflow/example_dags/example_task_group_decorator.py for tasks to queue
[2023-03-21T08:56:47.405+0000] {logging_mixin.py:137} INFO - [2023-03-21T08:56:47.405+0000] {dagbag.py:532} INFO - Filling up the DagBag from /home/airflow/.local/lib/python3.7/site-packages/airflow/example_dags/example_task_group_decorator.py
[2023-03-21T08:56:47.433+0000] {processor.py:753} INFO - DAG(s) dict_keys(['example_task_group_decorator']) retrieved from /home/airflow/.local/lib/python3.7/site-packages/airflow/example_dags/example_task_group_decorator.py
[2023-03-21T08:56:47.464+0000] {logging_mixin.py:137} INFO - [2023-03-21T08:56:47.464+0000] {dag.py:2693} INFO - Sync 1 DAGs
[2023-03-21T08:56:47.490+0000] {logging_mixin.py:137} INFO - [2023-03-21T08:56:47.490+0000] {dag.py:3444} INFO - Setting next_dagrun for example_task_group_decorator to 2023-03-20T08:56:47.490020+00:00, run_after=2023-03-21T08:56:47.490020+00:00
[2023-03-21T08:56:47.516+0000] {processor.py:175} INFO - Processing /home/airflow/.local/lib/python3.7/site-packages/airflow/example_dags/example_task_group_decorator.py took 0.114 seconds
[2023-03-21T08:57:18.597+0000] {processor.py:153} INFO - Started process (PID=531) to work on /home/airflow/.local/lib/python3.7/site-packages/airflow/example_dags/example_task_group_decorator.py
[2023-03-21T08:57:18.598+0000] {processor.py:743} INFO - Processing file /home/airflow/.local/lib/python3.7/site-packages/airflow/example_dags/example_task_group_decorator.py for tasks to queue
[2023-03-21T08:57:18.599+0000] {logging_mixin.py:137} INFO - [2023-03-21T08:57:18.598+0000] {dagbag.py:532} INFO - Filling up the DagBag from /home/airflow/.local/lib/python3.7/site-packages/airflow/example_dags/example_task_group_decorator.py
[2023-03-21T08:57:18.629+0000] {processor.py:753} INFO - DAG(s) dict_keys(['example_task_group_decorator']) retrieved from /home/airflow/.local/lib/python3.7/site-packages/airflow/example_dags/example_task_group_decorator.py
[2023-03-21T08:57:18.660+0000] {logging_mixin.py:137} INFO - [2023-03-21T08:57:18.660+0000] {dag.py:2693} INFO - Sync 1 DAGs
[2023-03-21T08:57:18.713+0000] {logging_mixin.py:137} INFO - [2023-03-21T08:57:18.712+0000] {dag.py:3444} INFO - Setting next_dagrun for example_task_group_decorator to 2023-03-20T08:57:18.712408+00:00, run_after=2023-03-21T08:57:18.712408+00:00
[2023-03-21T08:57:18.750+0000] {processor.py:175} INFO - Processing /home/airflow/.local/lib/python3.7/site-packages/airflow/example_dags/example_task_group_decorator.py took 0.156 seconds
[2023-03-21T08:57:49.755+0000] {processor.py:153} INFO - Started process (PID=748) to work on /home/airflow/.local/lib/python3.7/site-packages/airflow/example_dags/example_task_group_decorator.py
[2023-03-21T08:57:49.756+0000] {processor.py:743} INFO - Processing file /home/airflow/.local/lib/python3.7/site-packages/airflow/example_dags/example_task_group_decorator.py for tasks to queue
[2023-03-21T08:57:49.756+0000] {logging_mixin.py:137} INFO - [2023-03-21T08:57:49.756+0000] {dagbag.py:532} INFO - Filling up the DagBag from /home/airflow/.local/lib/python3.7/site-packages/airflow/example_dags/example_task_group_decorator.py
[2023-03-21T08:57:49.783+0000] {processor.py:753} INFO - DAG(s) dict_keys(['example_task_group_decorator']) retrieved from /home/airflow/.local/lib/python3.7/site-packages/airflow/example_dags/example_task_group_decorator.py
[2023-03-21T08:57:49.813+0000] {logging_mixin.py:137} INFO - [2023-03-21T08:57:49.812+0000] {dag.py:2693} INFO - Sync 1 DAGs
[2023-03-21T08:57:49.839+0000] {logging_mixin.py:137} INFO - [2023-03-21T08:57:49.839+0000] {dag.py:3444} INFO - Setting next_dagrun for example_task_group_decorator to 2023-03-20T08:57:49.839196+00:00, run_after=2023-03-21T08:57:49.839196+00:00
[2023-03-21T08:57:49.868+0000] {processor.py:175} INFO - Processing /home/airflow/.local/lib/python3.7/site-packages/airflow/example_dags/example_task_group_decorator.py took 0.115 seconds
[2023-03-21T08:58:20.991+0000] {processor.py:153} INFO - Started process (PID=965) to work on /home/airflow/.local/lib/python3.7/site-packages/airflow/example_dags/example_task_group_decorator.py
[2023-03-21T08:58:20.992+0000] {processor.py:743} INFO - Processing file /home/airflow/.local/lib/python3.7/site-packages/airflow/example_dags/example_task_group_decorator.py for tasks to queue
[2023-03-21T08:58:20.993+0000] {logging_mixin.py:137} INFO - [2023-03-21T08:58:20.992+0000] {dagbag.py:532} INFO - Filling up the DagBag from /home/airflow/.local/lib/python3.7/site-packages/airflow/example_dags/example_task_group_decorator.py
[2023-03-21T08:58:21.022+0000] {processor.py:753} INFO - DAG(s) dict_keys(['example_task_group_decorator']) retrieved from /home/airflow/.local/lib/python3.7/site-packages/airflow/example_dags/example_task_group_decorator.py
[2023-03-21T08:58:21.055+0000] {logging_mixin.py:137} INFO - [2023-03-21T08:58:21.054+0000] {dag.py:2693} INFO - Sync 1 DAGs
[2023-03-21T08:58:21.088+0000] {logging_mixin.py:137} INFO - [2023-03-21T08:58:21.087+0000] {dag.py:3444} INFO - Setting next_dagrun for example_task_group_decorator to 2023-03-20T08:58:21.087685+00:00, run_after=2023-03-21T08:58:21.087685+00:00
[2023-03-21T08:58:21.111+0000] {processor.py:175} INFO - Processing /home/airflow/.local/lib/python3.7/site-packages/airflow/example_dags/example_task_group_decorator.py took 0.122 seconds
[2023-03-21T08:58:52.069+0000] {processor.py:153} INFO - Started process (PID=1182) to work on /home/airflow/.local/lib/python3.7/site-packages/airflow/example_dags/example_task_group_decorator.py
[2023-03-21T08:58:52.070+0000] {processor.py:743} INFO - Processing file /home/airflow/.local/lib/python3.7/site-packages/airflow/example_dags/example_task_group_decorator.py for tasks to queue
[2023-03-21T08:58:52.071+0000] {logging_mixin.py:137} INFO - [2023-03-21T08:58:52.070+0000] {dagbag.py:532} INFO - Filling up the DagBag from /home/airflow/.local/lib/python3.7/site-packages/airflow/example_dags/example_task_group_decorator.py
[2023-03-21T08:58:52.096+0000] {processor.py:753} INFO - DAG(s) dict_keys(['example_task_group_decorator']) retrieved from /home/airflow/.local/lib/python3.7/site-packages/airflow/example_dags/example_task_group_decorator.py
[2023-03-21T08:58:52.125+0000] {logging_mixin.py:137} INFO - [2023-03-21T08:58:52.125+0000] {dag.py:2693} INFO - Sync 1 DAGs
[2023-03-21T08:58:52.150+0000] {logging_mixin.py:137} INFO - [2023-03-21T08:58:52.150+0000] {dag.py:3444} INFO - Setting next_dagrun for example_task_group_decorator to 2023-03-20T08:58:52.150134+00:00, run_after=2023-03-21T08:58:52.150134+00:00
[2023-03-21T08:58:52.174+0000] {processor.py:175} INFO - Processing /home/airflow/.local/lib/python3.7/site-packages/airflow/example_dags/example_task_group_decorator.py took 0.109 seconds
[2023-03-21T08:59:23.013+0000] {processor.py:153} INFO - Started process (PID=1399) to work on /home/airflow/.local/lib/python3.7/site-packages/airflow/example_dags/example_task_group_decorator.py
[2023-03-21T08:59:23.014+0000] {processor.py:743} INFO - Processing file /home/airflow/.local/lib/python3.7/site-packages/airflow/example_dags/example_task_group_decorator.py for tasks to queue
[2023-03-21T08:59:23.014+0000] {logging_mixin.py:137} INFO - [2023-03-21T08:59:23.014+0000] {dagbag.py:532} INFO - Filling up the DagBag from /home/airflow/.local/lib/python3.7/site-packages/airflow/example_dags/example_task_group_decorator.py
[2023-03-21T08:59:23.042+0000] {processor.py:753} INFO - DAG(s) dict_keys(['example_task_group_decorator']) retrieved from /home/airflow/.local/lib/python3.7/site-packages/airflow/example_dags/example_task_group_decorator.py
[2023-03-21T08:59:23.072+0000] {logging_mixin.py:137} INFO - [2023-03-21T08:59:23.072+0000] {dag.py:2693} INFO - Sync 1 DAGs
[2023-03-21T08:59:23.101+0000] {logging_mixin.py:137} INFO - [2023-03-21T08:59:23.101+0000] {dag.py:3444} INFO - Setting next_dagrun for example_task_group_decorator to 2023-03-20T08:59:23.101150+00:00, run_after=2023-03-21T08:59:23.101150+00:00
[2023-03-21T08:59:23.129+0000] {processor.py:175} INFO - Processing /home/airflow/.local/lib/python3.7/site-packages/airflow/example_dags/example_task_group_decorator.py took 0.118 seconds
[2023-03-21T08:59:54.260+0000] {processor.py:153} INFO - Started process (PID=1616) to work on /home/airflow/.local/lib/python3.7/site-packages/airflow/example_dags/example_task_group_decorator.py
[2023-03-21T08:59:54.261+0000] {processor.py:743} INFO - Processing file /home/airflow/.local/lib/python3.7/site-packages/airflow/example_dags/example_task_group_decorator.py for tasks to queue
[2023-03-21T08:59:54.262+0000] {logging_mixin.py:137} INFO - [2023-03-21T08:59:54.262+0000] {dagbag.py:532} INFO - Filling up the DagBag from /home/airflow/.local/lib/python3.7/site-packages/airflow/example_dags/example_task_group_decorator.py
[2023-03-21T08:59:54.289+0000] {processor.py:753} INFO - DAG(s) dict_keys(['example_task_group_decorator']) retrieved from /home/airflow/.local/lib/python3.7/site-packages/airflow/example_dags/example_task_group_decorator.py
[2023-03-21T08:59:54.319+0000] {logging_mixin.py:137} INFO - [2023-03-21T08:59:54.318+0000] {dag.py:2693} INFO - Sync 1 DAGs
[2023-03-21T08:59:54.345+0000] {logging_mixin.py:137} INFO - [2023-03-21T08:59:54.345+0000] {dag.py:3444} INFO - Setting next_dagrun for example_task_group_decorator to 2023-03-20T08:59:54.345517+00:00, run_after=2023-03-21T08:59:54.345517+00:00
[2023-03-21T08:59:54.371+0000] {processor.py:175} INFO - Processing /home/airflow/.local/lib/python3.7/site-packages/airflow/example_dags/example_task_group_decorator.py took 0.113 seconds
[2023-03-21T09:00:24.499+0000] {processor.py:153} INFO - Started process (PID=1833) to work on /home/airflow/.local/lib/python3.7/site-packages/airflow/example_dags/example_task_group_decorator.py
[2023-03-21T09:00:24.500+0000] {processor.py:743} INFO - Processing file /home/airflow/.local/lib/python3.7/site-packages/airflow/example_dags/example_task_group_decorator.py for tasks to queue
[2023-03-21T09:00:24.500+0000] {logging_mixin.py:137} INFO - [2023-03-21T09:00:24.500+0000] {dagbag.py:532} INFO - Filling up the DagBag from /home/airflow/.local/lib/python3.7/site-packages/airflow/example_dags/example_task_group_decorator.py
[2023-03-21T09:00:24.531+0000] {processor.py:753} INFO - DAG(s) dict_keys(['example_task_group_decorator']) retrieved from /home/airflow/.local/lib/python3.7/site-packages/airflow/example_dags/example_task_group_decorator.py
[2023-03-21T09:00:24.574+0000] {logging_mixin.py:137} INFO - [2023-03-21T09:00:24.573+0000] {dag.py:2693} INFO - Sync 1 DAGs
[2023-03-21T09:00:24.604+0000] {logging_mixin.py:137} INFO - [2023-03-21T09:00:24.604+0000] {dag.py:3444} INFO - Setting next_dagrun for example_task_group_decorator to 2023-03-20T09:00:24.604577+00:00, run_after=2023-03-21T09:00:24.604577+00:00
[2023-03-21T09:00:24.630+0000] {processor.py:175} INFO - Processing /home/airflow/.local/lib/python3.7/site-packages/airflow/example_dags/example_task_group_decorator.py took 0.133 seconds
[2023-03-21T09:01:46.560+0000] {processor.py:153} INFO - Started process (PID=314) to work on /home/airflow/.local/lib/python3.7/site-packages/airflow/example_dags/example_task_group_decorator.py
[2023-03-21T09:01:46.561+0000] {processor.py:743} INFO - Processing file /home/airflow/.local/lib/python3.7/site-packages/airflow/example_dags/example_task_group_decorator.py for tasks to queue
[2023-03-21T09:01:46.562+0000] {logging_mixin.py:137} INFO - [2023-03-21T09:01:46.562+0000] {dagbag.py:532} INFO - Filling up the DagBag from /home/airflow/.local/lib/python3.7/site-packages/airflow/example_dags/example_task_group_decorator.py
[2023-03-21T09:01:46.590+0000] {processor.py:753} INFO - DAG(s) dict_keys(['example_task_group_decorator']) retrieved from /home/airflow/.local/lib/python3.7/site-packages/airflow/example_dags/example_task_group_decorator.py
[2023-03-21T09:01:46.628+0000] {logging_mixin.py:137} INFO - [2023-03-21T09:01:46.628+0000] {dag.py:2693} INFO - Sync 1 DAGs
[2023-03-21T09:01:46.656+0000] {logging_mixin.py:137} INFO - [2023-03-21T09:01:46.655+0000] {dag.py:3444} INFO - Setting next_dagrun for example_task_group_decorator to 2023-03-20T09:01:46.655538+00:00, run_after=2023-03-21T09:01:46.655538+00:00
[2023-03-21T09:01:46.681+0000] {processor.py:175} INFO - Processing /home/airflow/.local/lib/python3.7/site-packages/airflow/example_dags/example_task_group_decorator.py took 0.123 seconds
[2023-03-21T09:02:17.454+0000] {processor.py:153} INFO - Started process (PID=531) to work on /home/airflow/.local/lib/python3.7/site-packages/airflow/example_dags/example_task_group_decorator.py
[2023-03-21T09:02:17.455+0000] {processor.py:743} INFO - Processing file /home/airflow/.local/lib/python3.7/site-packages/airflow/example_dags/example_task_group_decorator.py for tasks to queue
[2023-03-21T09:02:17.455+0000] {logging_mixin.py:137} INFO - [2023-03-21T09:02:17.455+0000] {dagbag.py:532} INFO - Filling up the DagBag from /home/airflow/.local/lib/python3.7/site-packages/airflow/example_dags/example_task_group_decorator.py
[2023-03-21T09:02:17.481+0000] {processor.py:753} INFO - DAG(s) dict_keys(['example_task_group_decorator']) retrieved from /home/airflow/.local/lib/python3.7/site-packages/airflow/example_dags/example_task_group_decorator.py
[2023-03-21T09:02:17.510+0000] {logging_mixin.py:137} INFO - [2023-03-21T09:02:17.510+0000] {dag.py:2693} INFO - Sync 1 DAGs
[2023-03-21T09:02:17.538+0000] {logging_mixin.py:137} INFO - [2023-03-21T09:02:17.537+0000] {dag.py:3444} INFO - Setting next_dagrun for example_task_group_decorator to 2023-03-20T09:02:17.537709+00:00, run_after=2023-03-21T09:02:17.537709+00:00
[2023-03-21T09:02:17.561+0000] {processor.py:175} INFO - Processing /home/airflow/.local/lib/python3.7/site-packages/airflow/example_dags/example_task_group_decorator.py took 0.109 seconds
[2023-03-21T09:02:48.286+0000] {processor.py:153} INFO - Started process (PID=748) to work on /home/airflow/.local/lib/python3.7/site-packages/airflow/example_dags/example_task_group_decorator.py
[2023-03-21T09:02:48.287+0000] {processor.py:743} INFO - Processing file /home/airflow/.local/lib/python3.7/site-packages/airflow/example_dags/example_task_group_decorator.py for tasks to queue
[2023-03-21T09:02:48.287+0000] {logging_mixin.py:137} INFO - [2023-03-21T09:02:48.287+0000] {dagbag.py:532} INFO - Filling up the DagBag from /home/airflow/.local/lib/python3.7/site-packages/airflow/example_dags/example_task_group_decorator.py
[2023-03-21T09:02:48.313+0000] {processor.py:753} INFO - DAG(s) dict_keys(['example_task_group_decorator']) retrieved from /home/airflow/.local/lib/python3.7/site-packages/airflow/example_dags/example_task_group_decorator.py
[2023-03-21T09:02:48.344+0000] {logging_mixin.py:137} INFO - [2023-03-21T09:02:48.344+0000] {dag.py:2693} INFO - Sync 1 DAGs
[2023-03-21T09:02:48.370+0000] {logging_mixin.py:137} INFO - [2023-03-21T09:02:48.370+0000] {dag.py:3444} INFO - Setting next_dagrun for example_task_group_decorator to 2023-03-20T09:02:48.369857+00:00, run_after=2023-03-21T09:02:48.369857+00:00
[2023-03-21T09:02:48.401+0000] {processor.py:175} INFO - Processing /home/airflow/.local/lib/python3.7/site-packages/airflow/example_dags/example_task_group_decorator.py took 0.117 seconds
[2023-03-21T09:03:19.097+0000] {processor.py:153} INFO - Started process (PID=965) to work on /home/airflow/.local/lib/python3.7/site-packages/airflow/example_dags/example_task_group_decorator.py
[2023-03-21T09:03:19.098+0000] {processor.py:743} INFO - Processing file /home/airflow/.local/lib/python3.7/site-packages/airflow/example_dags/example_task_group_decorator.py for tasks to queue
[2023-03-21T09:03:19.098+0000] {logging_mixin.py:137} INFO - [2023-03-21T09:03:19.098+0000] {dagbag.py:532} INFO - Filling up the DagBag from /home/airflow/.local/lib/python3.7/site-packages/airflow/example_dags/example_task_group_decorator.py
[2023-03-21T09:03:19.126+0000] {processor.py:753} INFO - DAG(s) dict_keys(['example_task_group_decorator']) retrieved from /home/airflow/.local/lib/python3.7/site-packages/airflow/example_dags/example_task_group_decorator.py
[2023-03-21T09:03:19.154+0000] {logging_mixin.py:137} INFO - [2023-03-21T09:03:19.153+0000] {dag.py:2693} INFO - Sync 1 DAGs
[2023-03-21T09:03:19.181+0000] {logging_mixin.py:137} INFO - [2023-03-21T09:03:19.181+0000] {dag.py:3444} INFO - Setting next_dagrun for example_task_group_decorator to 2023-03-20T09:03:19.181456+00:00, run_after=2023-03-21T09:03:19.181456+00:00
[2023-03-21T09:03:19.202+0000] {processor.py:175} INFO - Processing /home/airflow/.local/lib/python3.7/site-packages/airflow/example_dags/example_task_group_decorator.py took 0.107 seconds
[2023-03-21T09:03:49.833+0000] {processor.py:153} INFO - Started process (PID=1182) to work on /home/airflow/.local/lib/python3.7/site-packages/airflow/example_dags/example_task_group_decorator.py
[2023-03-21T09:03:49.834+0000] {processor.py:743} INFO - Processing file /home/airflow/.local/lib/python3.7/site-packages/airflow/example_dags/example_task_group_decorator.py for tasks to queue
[2023-03-21T09:03:49.835+0000] {logging_mixin.py:137} INFO - [2023-03-21T09:03:49.835+0000] {dagbag.py:532} INFO - Filling up the DagBag from /home/airflow/.local/lib/python3.7/site-packages/airflow/example_dags/example_task_group_decorator.py
[2023-03-21T09:03:49.860+0000] {processor.py:753} INFO - DAG(s) dict_keys(['example_task_group_decorator']) retrieved from /home/airflow/.local/lib/python3.7/site-packages/airflow/example_dags/example_task_group_decorator.py
[2023-03-21T09:03:49.889+0000] {logging_mixin.py:137} INFO - [2023-03-21T09:03:49.889+0000] {dag.py:2693} INFO - Sync 1 DAGs
[2023-03-21T09:03:49.915+0000] {logging_mixin.py:137} INFO - [2023-03-21T09:03:49.915+0000] {dag.py:3444} INFO - Setting next_dagrun for example_task_group_decorator to 2023-03-20T09:03:49.914930+00:00, run_after=2023-03-21T09:03:49.914930+00:00
[2023-03-21T09:03:49.938+0000] {processor.py:175} INFO - Processing /home/airflow/.local/lib/python3.7/site-packages/airflow/example_dags/example_task_group_decorator.py took 0.107 seconds
[2023-03-21T09:04:20.457+0000] {processor.py:153} INFO - Started process (PID=1399) to work on /home/airflow/.local/lib/python3.7/site-packages/airflow/example_dags/example_task_group_decorator.py
[2023-03-21T09:04:20.458+0000] {processor.py:743} INFO - Processing file /home/airflow/.local/lib/python3.7/site-packages/airflow/example_dags/example_task_group_decorator.py for tasks to queue
[2023-03-21T09:04:20.458+0000] {logging_mixin.py:137} INFO - [2023-03-21T09:04:20.458+0000] {dagbag.py:532} INFO - Filling up the DagBag from /home/airflow/.local/lib/python3.7/site-packages/airflow/example_dags/example_task_group_decorator.py
[2023-03-21T09:04:20.484+0000] {processor.py:753} INFO - DAG(s) dict_keys(['example_task_group_decorator']) retrieved from /home/airflow/.local/lib/python3.7/site-packages/airflow/example_dags/example_task_group_decorator.py
[2023-03-21T09:04:20.512+0000] {logging_mixin.py:137} INFO - [2023-03-21T09:04:20.511+0000] {dag.py:2693} INFO - Sync 1 DAGs
[2023-03-21T09:04:20.536+0000] {logging_mixin.py:137} INFO - [2023-03-21T09:04:20.536+0000] {dag.py:3444} INFO - Setting next_dagrun for example_task_group_decorator to 2023-03-20T09:04:20.536444+00:00, run_after=2023-03-21T09:04:20.536444+00:00
[2023-03-21T09:04:20.557+0000] {processor.py:175} INFO - Processing /home/airflow/.local/lib/python3.7/site-packages/airflow/example_dags/example_task_group_decorator.py took 0.102 seconds
[2023-03-21T09:04:51.287+0000] {processor.py:153} INFO - Started process (PID=1616) to work on /home/airflow/.local/lib/python3.7/site-packages/airflow/example_dags/example_task_group_decorator.py
[2023-03-21T09:04:51.288+0000] {processor.py:743} INFO - Processing file /home/airflow/.local/lib/python3.7/site-packages/airflow/example_dags/example_task_group_decorator.py for tasks to queue
[2023-03-21T09:04:51.288+0000] {logging_mixin.py:137} INFO - [2023-03-21T09:04:51.288+0000] {dagbag.py:532} INFO - Filling up the DagBag from /home/airflow/.local/lib/python3.7/site-packages/airflow/example_dags/example_task_group_decorator.py
[2023-03-21T09:04:51.313+0000] {processor.py:753} INFO - DAG(s) dict_keys(['example_task_group_decorator']) retrieved from /home/airflow/.local/lib/python3.7/site-packages/airflow/example_dags/example_task_group_decorator.py
[2023-03-21T09:04:51.342+0000] {logging_mixin.py:137} INFO - [2023-03-21T09:04:51.342+0000] {dag.py:2693} INFO - Sync 1 DAGs
[2023-03-21T09:04:51.369+0000] {logging_mixin.py:137} INFO - [2023-03-21T09:04:51.369+0000] {dag.py:3444} INFO - Setting next_dagrun for example_task_group_decorator to 2023-03-20T09:04:51.368818+00:00, run_after=2023-03-21T09:04:51.368818+00:00
[2023-03-21T09:04:51.396+0000] {processor.py:175} INFO - Processing /home/airflow/.local/lib/python3.7/site-packages/airflow/example_dags/example_task_group_decorator.py took 0.112 seconds
