[2023-03-21T08:56:46.975+0000] {processor.py:153} INFO - Started process (PID=279) to work on /home/airflow/.local/lib/python3.7/site-packages/airflow/example_dags/example_python_operator.py
[2023-03-21T08:56:46.975+0000] {processor.py:743} INFO - Processing file /home/airflow/.local/lib/python3.7/site-packages/airflow/example_dags/example_python_operator.py for tasks to queue
[2023-03-21T08:56:46.976+0000] {logging_mixin.py:137} INFO - [2023-03-21T08:56:46.976+0000] {dagbag.py:532} INFO - Filling up the DagBag from /home/airflow/.local/lib/python3.7/site-packages/airflow/example_dags/example_python_operator.py
[2023-03-21T08:56:46.993+0000] {logging_mixin.py:137} INFO - [2023-03-21T08:56:46.993+0000] {taskmixin.py:211} WARNING - Dependency <Task(_PythonDecoratedOperator): print_the_context>, log_sql_query already registered for DAG: example_python_operator
[2023-03-21T08:56:46.993+0000] {logging_mixin.py:137} INFO - [2023-03-21T08:56:46.993+0000] {taskmixin.py:211} WARNING - Dependency <Task(_PythonDecoratedOperator): log_sql_query>, print_the_context already registered for DAG: example_python_operator
[2023-03-21T08:56:46.994+0000] {logging_mixin.py:137} INFO - [2023-03-21T08:56:46.994+0000] {taskmixin.py:211} WARNING - Dependency <Task(_PythonDecoratedOperator): print_the_context>, log_sql_query already registered for DAG: example_python_operator
[2023-03-21T08:56:46.994+0000] {logging_mixin.py:137} INFO - [2023-03-21T08:56:46.994+0000] {taskmixin.py:211} WARNING - Dependency <Task(_PythonDecoratedOperator): log_sql_query>, print_the_context already registered for DAG: example_python_operator
[2023-03-21T08:56:46.995+0000] {logging_mixin.py:137} INFO - [2023-03-21T08:56:46.995+0000] {taskmixin.py:211} WARNING - Dependency <Task(_PythonDecoratedOperator): print_the_context>, log_sql_query already registered for DAG: example_python_operator
[2023-03-21T08:56:46.995+0000] {logging_mixin.py:137} INFO - [2023-03-21T08:56:46.995+0000] {taskmixin.py:211} WARNING - Dependency <Task(_PythonDecoratedOperator): log_sql_query>, print_the_context already registered for DAG: example_python_operator
[2023-03-21T08:56:46.995+0000] {logging_mixin.py:137} INFO - [2023-03-21T08:56:46.995+0000] {taskmixin.py:211} WARNING - Dependency <Task(_PythonDecoratedOperator): print_the_context>, log_sql_query already registered for DAG: example_python_operator
[2023-03-21T08:56:46.996+0000] {logging_mixin.py:137} INFO - [2023-03-21T08:56:46.996+0000] {taskmixin.py:211} WARNING - Dependency <Task(_PythonDecoratedOperator): log_sql_query>, print_the_context already registered for DAG: example_python_operator
[2023-03-21T08:56:47.001+0000] {processor.py:753} INFO - DAG(s) dict_keys(['example_python_operator']) retrieved from /home/airflow/.local/lib/python3.7/site-packages/airflow/example_dags/example_python_operator.py
[2023-03-21T08:56:47.071+0000] {logging_mixin.py:137} INFO - [2023-03-21T08:56:47.071+0000] {dag.py:2693} INFO - Sync 1 DAGs
[2023-03-21T08:56:47.098+0000] {logging_mixin.py:137} INFO - [2023-03-21T08:56:47.098+0000] {dag.py:3444} INFO - Setting next_dagrun for example_python_operator to None, run_after=None
[2023-03-21T08:56:47.123+0000] {processor.py:175} INFO - Processing /home/airflow/.local/lib/python3.7/site-packages/airflow/example_dags/example_python_operator.py took 0.151 seconds
[2023-03-21T08:57:18.134+0000] {processor.py:153} INFO - Started process (PID=496) to work on /home/airflow/.local/lib/python3.7/site-packages/airflow/example_dags/example_python_operator.py
[2023-03-21T08:57:18.135+0000] {processor.py:743} INFO - Processing file /home/airflow/.local/lib/python3.7/site-packages/airflow/example_dags/example_python_operator.py for tasks to queue
[2023-03-21T08:57:18.136+0000] {logging_mixin.py:137} INFO - [2023-03-21T08:57:18.136+0000] {dagbag.py:532} INFO - Filling up the DagBag from /home/airflow/.local/lib/python3.7/site-packages/airflow/example_dags/example_python_operator.py
[2023-03-21T08:57:18.152+0000] {logging_mixin.py:137} INFO - [2023-03-21T08:57:18.152+0000] {taskmixin.py:211} WARNING - Dependency <Task(_PythonDecoratedOperator): print_the_context>, log_sql_query already registered for DAG: example_python_operator
[2023-03-21T08:57:18.152+0000] {logging_mixin.py:137} INFO - [2023-03-21T08:57:18.152+0000] {taskmixin.py:211} WARNING - Dependency <Task(_PythonDecoratedOperator): log_sql_query>, print_the_context already registered for DAG: example_python_operator
[2023-03-21T08:57:18.153+0000] {logging_mixin.py:137} INFO - [2023-03-21T08:57:18.152+0000] {taskmixin.py:211} WARNING - Dependency <Task(_PythonDecoratedOperator): print_the_context>, log_sql_query already registered for DAG: example_python_operator
[2023-03-21T08:57:18.153+0000] {logging_mixin.py:137} INFO - [2023-03-21T08:57:18.153+0000] {taskmixin.py:211} WARNING - Dependency <Task(_PythonDecoratedOperator): log_sql_query>, print_the_context already registered for DAG: example_python_operator
[2023-03-21T08:57:18.153+0000] {logging_mixin.py:137} INFO - [2023-03-21T08:57:18.153+0000] {taskmixin.py:211} WARNING - Dependency <Task(_PythonDecoratedOperator): print_the_context>, log_sql_query already registered for DAG: example_python_operator
[2023-03-21T08:57:18.153+0000] {logging_mixin.py:137} INFO - [2023-03-21T08:57:18.153+0000] {taskmixin.py:211} WARNING - Dependency <Task(_PythonDecoratedOperator): log_sql_query>, print_the_context already registered for DAG: example_python_operator
[2023-03-21T08:57:18.154+0000] {logging_mixin.py:137} INFO - [2023-03-21T08:57:18.154+0000] {taskmixin.py:211} WARNING - Dependency <Task(_PythonDecoratedOperator): print_the_context>, log_sql_query already registered for DAG: example_python_operator
[2023-03-21T08:57:18.154+0000] {logging_mixin.py:137} INFO - [2023-03-21T08:57:18.154+0000] {taskmixin.py:211} WARNING - Dependency <Task(_PythonDecoratedOperator): log_sql_query>, print_the_context already registered for DAG: example_python_operator
[2023-03-21T08:57:18.161+0000] {processor.py:753} INFO - DAG(s) dict_keys(['example_python_operator']) retrieved from /home/airflow/.local/lib/python3.7/site-packages/airflow/example_dags/example_python_operator.py
[2023-03-21T08:57:18.191+0000] {logging_mixin.py:137} INFO - [2023-03-21T08:57:18.191+0000] {dag.py:2693} INFO - Sync 1 DAGs
[2023-03-21T08:57:18.218+0000] {logging_mixin.py:137} INFO - [2023-03-21T08:57:18.218+0000] {dag.py:3444} INFO - Setting next_dagrun for example_python_operator to None, run_after=None
[2023-03-21T08:57:18.241+0000] {processor.py:175} INFO - Processing /home/airflow/.local/lib/python3.7/site-packages/airflow/example_dags/example_python_operator.py took 0.110 seconds
[2023-03-21T08:57:49.268+0000] {processor.py:153} INFO - Started process (PID=713) to work on /home/airflow/.local/lib/python3.7/site-packages/airflow/example_dags/example_python_operator.py
[2023-03-21T08:57:49.269+0000] {processor.py:743} INFO - Processing file /home/airflow/.local/lib/python3.7/site-packages/airflow/example_dags/example_python_operator.py for tasks to queue
[2023-03-21T08:57:49.270+0000] {logging_mixin.py:137} INFO - [2023-03-21T08:57:49.270+0000] {dagbag.py:532} INFO - Filling up the DagBag from /home/airflow/.local/lib/python3.7/site-packages/airflow/example_dags/example_python_operator.py
[2023-03-21T08:57:49.289+0000] {logging_mixin.py:137} INFO - [2023-03-21T08:57:49.288+0000] {taskmixin.py:211} WARNING - Dependency <Task(_PythonDecoratedOperator): print_the_context>, log_sql_query already registered for DAG: example_python_operator
[2023-03-21T08:57:49.289+0000] {logging_mixin.py:137} INFO - [2023-03-21T08:57:49.289+0000] {taskmixin.py:211} WARNING - Dependency <Task(_PythonDecoratedOperator): log_sql_query>, print_the_context already registered for DAG: example_python_operator
[2023-03-21T08:57:49.289+0000] {logging_mixin.py:137} INFO - [2023-03-21T08:57:49.289+0000] {taskmixin.py:211} WARNING - Dependency <Task(_PythonDecoratedOperator): print_the_context>, log_sql_query already registered for DAG: example_python_operator
[2023-03-21T08:57:49.290+0000] {logging_mixin.py:137} INFO - [2023-03-21T08:57:49.290+0000] {taskmixin.py:211} WARNING - Dependency <Task(_PythonDecoratedOperator): log_sql_query>, print_the_context already registered for DAG: example_python_operator
[2023-03-21T08:57:49.290+0000] {logging_mixin.py:137} INFO - [2023-03-21T08:57:49.290+0000] {taskmixin.py:211} WARNING - Dependency <Task(_PythonDecoratedOperator): print_the_context>, log_sql_query already registered for DAG: example_python_operator
[2023-03-21T08:57:49.290+0000] {logging_mixin.py:137} INFO - [2023-03-21T08:57:49.290+0000] {taskmixin.py:211} WARNING - Dependency <Task(_PythonDecoratedOperator): log_sql_query>, print_the_context already registered for DAG: example_python_operator
[2023-03-21T08:57:49.291+0000] {logging_mixin.py:137} INFO - [2023-03-21T08:57:49.291+0000] {taskmixin.py:211} WARNING - Dependency <Task(_PythonDecoratedOperator): print_the_context>, log_sql_query already registered for DAG: example_python_operator
[2023-03-21T08:57:49.292+0000] {logging_mixin.py:137} INFO - [2023-03-21T08:57:49.292+0000] {taskmixin.py:211} WARNING - Dependency <Task(_PythonDecoratedOperator): log_sql_query>, print_the_context already registered for DAG: example_python_operator
[2023-03-21T08:57:49.299+0000] {processor.py:753} INFO - DAG(s) dict_keys(['example_python_operator']) retrieved from /home/airflow/.local/lib/python3.7/site-packages/airflow/example_dags/example_python_operator.py
[2023-03-21T08:57:49.332+0000] {logging_mixin.py:137} INFO - [2023-03-21T08:57:49.332+0000] {dag.py:2693} INFO - Sync 1 DAGs
[2023-03-21T08:57:49.360+0000] {logging_mixin.py:137} INFO - [2023-03-21T08:57:49.359+0000] {dag.py:3444} INFO - Setting next_dagrun for example_python_operator to None, run_after=None
[2023-03-21T08:57:49.384+0000] {processor.py:175} INFO - Processing /home/airflow/.local/lib/python3.7/site-packages/airflow/example_dags/example_python_operator.py took 0.120 seconds
[2023-03-21T08:58:20.326+0000] {processor.py:153} INFO - Started process (PID=930) to work on /home/airflow/.local/lib/python3.7/site-packages/airflow/example_dags/example_python_operator.py
[2023-03-21T08:58:20.326+0000] {processor.py:743} INFO - Processing file /home/airflow/.local/lib/python3.7/site-packages/airflow/example_dags/example_python_operator.py for tasks to queue
[2023-03-21T08:58:20.327+0000] {logging_mixin.py:137} INFO - [2023-03-21T08:58:20.327+0000] {dagbag.py:532} INFO - Filling up the DagBag from /home/airflow/.local/lib/python3.7/site-packages/airflow/example_dags/example_python_operator.py
[2023-03-21T08:58:20.343+0000] {logging_mixin.py:137} INFO - [2023-03-21T08:58:20.343+0000] {taskmixin.py:211} WARNING - Dependency <Task(_PythonDecoratedOperator): print_the_context>, log_sql_query already registered for DAG: example_python_operator
[2023-03-21T08:58:20.344+0000] {logging_mixin.py:137} INFO - [2023-03-21T08:58:20.344+0000] {taskmixin.py:211} WARNING - Dependency <Task(_PythonDecoratedOperator): log_sql_query>, print_the_context already registered for DAG: example_python_operator
[2023-03-21T08:58:20.344+0000] {logging_mixin.py:137} INFO - [2023-03-21T08:58:20.344+0000] {taskmixin.py:211} WARNING - Dependency <Task(_PythonDecoratedOperator): print_the_context>, log_sql_query already registered for DAG: example_python_operator
[2023-03-21T08:58:20.344+0000] {logging_mixin.py:137} INFO - [2023-03-21T08:58:20.344+0000] {taskmixin.py:211} WARNING - Dependency <Task(_PythonDecoratedOperator): log_sql_query>, print_the_context already registered for DAG: example_python_operator
[2023-03-21T08:58:20.345+0000] {logging_mixin.py:137} INFO - [2023-03-21T08:58:20.345+0000] {taskmixin.py:211} WARNING - Dependency <Task(_PythonDecoratedOperator): print_the_context>, log_sql_query already registered for DAG: example_python_operator
[2023-03-21T08:58:20.345+0000] {logging_mixin.py:137} INFO - [2023-03-21T08:58:20.345+0000] {taskmixin.py:211} WARNING - Dependency <Task(_PythonDecoratedOperator): log_sql_query>, print_the_context already registered for DAG: example_python_operator
[2023-03-21T08:58:20.346+0000] {logging_mixin.py:137} INFO - [2023-03-21T08:58:20.346+0000] {taskmixin.py:211} WARNING - Dependency <Task(_PythonDecoratedOperator): print_the_context>, log_sql_query already registered for DAG: example_python_operator
[2023-03-21T08:58:20.346+0000] {logging_mixin.py:137} INFO - [2023-03-21T08:58:20.346+0000] {taskmixin.py:211} WARNING - Dependency <Task(_PythonDecoratedOperator): log_sql_query>, print_the_context already registered for DAG: example_python_operator
[2023-03-21T08:58:20.354+0000] {processor.py:753} INFO - DAG(s) dict_keys(['example_python_operator']) retrieved from /home/airflow/.local/lib/python3.7/site-packages/airflow/example_dags/example_python_operator.py
[2023-03-21T08:58:20.386+0000] {logging_mixin.py:137} INFO - [2023-03-21T08:58:20.386+0000] {dag.py:2693} INFO - Sync 1 DAGs
[2023-03-21T08:58:20.417+0000] {logging_mixin.py:137} INFO - [2023-03-21T08:58:20.417+0000] {dag.py:3444} INFO - Setting next_dagrun for example_python_operator to None, run_after=None
[2023-03-21T08:58:20.451+0000] {processor.py:175} INFO - Processing /home/airflow/.local/lib/python3.7/site-packages/airflow/example_dags/example_python_operator.py took 0.129 seconds
[2023-03-21T08:58:51.577+0000] {processor.py:153} INFO - Started process (PID=1147) to work on /home/airflow/.local/lib/python3.7/site-packages/airflow/example_dags/example_python_operator.py
[2023-03-21T08:58:51.578+0000] {processor.py:743} INFO - Processing file /home/airflow/.local/lib/python3.7/site-packages/airflow/example_dags/example_python_operator.py for tasks to queue
[2023-03-21T08:58:51.579+0000] {logging_mixin.py:137} INFO - [2023-03-21T08:58:51.579+0000] {dagbag.py:532} INFO - Filling up the DagBag from /home/airflow/.local/lib/python3.7/site-packages/airflow/example_dags/example_python_operator.py
[2023-03-21T08:58:51.599+0000] {logging_mixin.py:137} INFO - [2023-03-21T08:58:51.598+0000] {taskmixin.py:211} WARNING - Dependency <Task(_PythonDecoratedOperator): print_the_context>, log_sql_query already registered for DAG: example_python_operator
[2023-03-21T08:58:51.599+0000] {logging_mixin.py:137} INFO - [2023-03-21T08:58:51.599+0000] {taskmixin.py:211} WARNING - Dependency <Task(_PythonDecoratedOperator): log_sql_query>, print_the_context already registered for DAG: example_python_operator
[2023-03-21T08:58:51.600+0000] {logging_mixin.py:137} INFO - [2023-03-21T08:58:51.599+0000] {taskmixin.py:211} WARNING - Dependency <Task(_PythonDecoratedOperator): print_the_context>, log_sql_query already registered for DAG: example_python_operator
[2023-03-21T08:58:51.600+0000] {logging_mixin.py:137} INFO - [2023-03-21T08:58:51.600+0000] {taskmixin.py:211} WARNING - Dependency <Task(_PythonDecoratedOperator): log_sql_query>, print_the_context already registered for DAG: example_python_operator
[2023-03-21T08:58:51.601+0000] {logging_mixin.py:137} INFO - [2023-03-21T08:58:51.600+0000] {taskmixin.py:211} WARNING - Dependency <Task(_PythonDecoratedOperator): print_the_context>, log_sql_query already registered for DAG: example_python_operator
[2023-03-21T08:58:51.601+0000] {logging_mixin.py:137} INFO - [2023-03-21T08:58:51.601+0000] {taskmixin.py:211} WARNING - Dependency <Task(_PythonDecoratedOperator): log_sql_query>, print_the_context already registered for DAG: example_python_operator
[2023-03-21T08:58:51.602+0000] {logging_mixin.py:137} INFO - [2023-03-21T08:58:51.601+0000] {taskmixin.py:211} WARNING - Dependency <Task(_PythonDecoratedOperator): print_the_context>, log_sql_query already registered for DAG: example_python_operator
[2023-03-21T08:58:51.602+0000] {logging_mixin.py:137} INFO - [2023-03-21T08:58:51.602+0000] {taskmixin.py:211} WARNING - Dependency <Task(_PythonDecoratedOperator): log_sql_query>, print_the_context already registered for DAG: example_python_operator
[2023-03-21T08:58:51.609+0000] {processor.py:753} INFO - DAG(s) dict_keys(['example_python_operator']) retrieved from /home/airflow/.local/lib/python3.7/site-packages/airflow/example_dags/example_python_operator.py
[2023-03-21T08:58:51.649+0000] {logging_mixin.py:137} INFO - [2023-03-21T08:58:51.649+0000] {dag.py:2693} INFO - Sync 1 DAGs
[2023-03-21T08:58:51.690+0000] {logging_mixin.py:137} INFO - [2023-03-21T08:58:51.689+0000] {dag.py:3444} INFO - Setting next_dagrun for example_python_operator to None, run_after=None
[2023-03-21T08:58:51.719+0000] {processor.py:175} INFO - Processing /home/airflow/.local/lib/python3.7/site-packages/airflow/example_dags/example_python_operator.py took 0.144 seconds
[2023-03-21T08:59:22.438+0000] {processor.py:153} INFO - Started process (PID=1366) to work on /home/airflow/.local/lib/python3.7/site-packages/airflow/example_dags/example_python_operator.py
[2023-03-21T08:59:22.439+0000] {processor.py:743} INFO - Processing file /home/airflow/.local/lib/python3.7/site-packages/airflow/example_dags/example_python_operator.py for tasks to queue
[2023-03-21T08:59:22.439+0000] {logging_mixin.py:137} INFO - [2023-03-21T08:59:22.439+0000] {dagbag.py:532} INFO - Filling up the DagBag from /home/airflow/.local/lib/python3.7/site-packages/airflow/example_dags/example_python_operator.py
[2023-03-21T08:59:22.454+0000] {logging_mixin.py:137} INFO - [2023-03-21T08:59:22.453+0000] {taskmixin.py:211} WARNING - Dependency <Task(_PythonDecoratedOperator): print_the_context>, log_sql_query already registered for DAG: example_python_operator
[2023-03-21T08:59:22.454+0000] {logging_mixin.py:137} INFO - [2023-03-21T08:59:22.454+0000] {taskmixin.py:211} WARNING - Dependency <Task(_PythonDecoratedOperator): log_sql_query>, print_the_context already registered for DAG: example_python_operator
[2023-03-21T08:59:22.455+0000] {logging_mixin.py:137} INFO - [2023-03-21T08:59:22.455+0000] {taskmixin.py:211} WARNING - Dependency <Task(_PythonDecoratedOperator): print_the_context>, log_sql_query already registered for DAG: example_python_operator
[2023-03-21T08:59:22.455+0000] {logging_mixin.py:137} INFO - [2023-03-21T08:59:22.455+0000] {taskmixin.py:211} WARNING - Dependency <Task(_PythonDecoratedOperator): log_sql_query>, print_the_context already registered for DAG: example_python_operator
[2023-03-21T08:59:22.455+0000] {logging_mixin.py:137} INFO - [2023-03-21T08:59:22.455+0000] {taskmixin.py:211} WARNING - Dependency <Task(_PythonDecoratedOperator): print_the_context>, log_sql_query already registered for DAG: example_python_operator
[2023-03-21T08:59:22.455+0000] {logging_mixin.py:137} INFO - [2023-03-21T08:59:22.455+0000] {taskmixin.py:211} WARNING - Dependency <Task(_PythonDecoratedOperator): log_sql_query>, print_the_context already registered for DAG: example_python_operator
[2023-03-21T08:59:22.456+0000] {logging_mixin.py:137} INFO - [2023-03-21T08:59:22.456+0000] {taskmixin.py:211} WARNING - Dependency <Task(_PythonDecoratedOperator): print_the_context>, log_sql_query already registered for DAG: example_python_operator
[2023-03-21T08:59:22.456+0000] {logging_mixin.py:137} INFO - [2023-03-21T08:59:22.456+0000] {taskmixin.py:211} WARNING - Dependency <Task(_PythonDecoratedOperator): log_sql_query>, print_the_context already registered for DAG: example_python_operator
[2023-03-21T08:59:22.462+0000] {processor.py:753} INFO - DAG(s) dict_keys(['example_python_operator']) retrieved from /home/airflow/.local/lib/python3.7/site-packages/airflow/example_dags/example_python_operator.py
[2023-03-21T08:59:22.492+0000] {logging_mixin.py:137} INFO - [2023-03-21T08:59:22.492+0000] {dag.py:2693} INFO - Sync 1 DAGs
[2023-03-21T08:59:22.525+0000] {logging_mixin.py:137} INFO - [2023-03-21T08:59:22.525+0000] {dag.py:3444} INFO - Setting next_dagrun for example_python_operator to None, run_after=None
[2023-03-21T08:59:22.546+0000] {processor.py:175} INFO - Processing /home/airflow/.local/lib/python3.7/site-packages/airflow/example_dags/example_python_operator.py took 0.111 seconds
[2023-03-21T08:59:53.808+0000] {processor.py:153} INFO - Started process (PID=1581) to work on /home/airflow/.local/lib/python3.7/site-packages/airflow/example_dags/example_python_operator.py
[2023-03-21T08:59:53.809+0000] {processor.py:743} INFO - Processing file /home/airflow/.local/lib/python3.7/site-packages/airflow/example_dags/example_python_operator.py for tasks to queue
[2023-03-21T08:59:53.809+0000] {logging_mixin.py:137} INFO - [2023-03-21T08:59:53.809+0000] {dagbag.py:532} INFO - Filling up the DagBag from /home/airflow/.local/lib/python3.7/site-packages/airflow/example_dags/example_python_operator.py
[2023-03-21T08:59:53.831+0000] {logging_mixin.py:137} INFO - [2023-03-21T08:59:53.831+0000] {taskmixin.py:211} WARNING - Dependency <Task(_PythonDecoratedOperator): print_the_context>, log_sql_query already registered for DAG: example_python_operator
[2023-03-21T08:59:53.832+0000] {logging_mixin.py:137} INFO - [2023-03-21T08:59:53.832+0000] {taskmixin.py:211} WARNING - Dependency <Task(_PythonDecoratedOperator): log_sql_query>, print_the_context already registered for DAG: example_python_operator
[2023-03-21T08:59:53.833+0000] {logging_mixin.py:137} INFO - [2023-03-21T08:59:53.832+0000] {taskmixin.py:211} WARNING - Dependency <Task(_PythonDecoratedOperator): print_the_context>, log_sql_query already registered for DAG: example_python_operator
[2023-03-21T08:59:53.833+0000] {logging_mixin.py:137} INFO - [2023-03-21T08:59:53.833+0000] {taskmixin.py:211} WARNING - Dependency <Task(_PythonDecoratedOperator): log_sql_query>, print_the_context already registered for DAG: example_python_operator
[2023-03-21T08:59:53.834+0000] {logging_mixin.py:137} INFO - [2023-03-21T08:59:53.834+0000] {taskmixin.py:211} WARNING - Dependency <Task(_PythonDecoratedOperator): print_the_context>, log_sql_query already registered for DAG: example_python_operator
[2023-03-21T08:59:53.834+0000] {logging_mixin.py:137} INFO - [2023-03-21T08:59:53.834+0000] {taskmixin.py:211} WARNING - Dependency <Task(_PythonDecoratedOperator): log_sql_query>, print_the_context already registered for DAG: example_python_operator
[2023-03-21T08:59:53.835+0000] {logging_mixin.py:137} INFO - [2023-03-21T08:59:53.835+0000] {taskmixin.py:211} WARNING - Dependency <Task(_PythonDecoratedOperator): print_the_context>, log_sql_query already registered for DAG: example_python_operator
[2023-03-21T08:59:53.835+0000] {logging_mixin.py:137} INFO - [2023-03-21T08:59:53.835+0000] {taskmixin.py:211} WARNING - Dependency <Task(_PythonDecoratedOperator): log_sql_query>, print_the_context already registered for DAG: example_python_operator
[2023-03-21T08:59:53.843+0000] {processor.py:753} INFO - DAG(s) dict_keys(['example_python_operator']) retrieved from /home/airflow/.local/lib/python3.7/site-packages/airflow/example_dags/example_python_operator.py
[2023-03-21T08:59:53.876+0000] {logging_mixin.py:137} INFO - [2023-03-21T08:59:53.876+0000] {dag.py:2693} INFO - Sync 1 DAGs
[2023-03-21T08:59:53.908+0000] {logging_mixin.py:137} INFO - [2023-03-21T08:59:53.907+0000] {dag.py:3444} INFO - Setting next_dagrun for example_python_operator to None, run_after=None
[2023-03-21T08:59:53.944+0000] {processor.py:175} INFO - Processing /home/airflow/.local/lib/python3.7/site-packages/airflow/example_dags/example_python_operator.py took 0.139 seconds
[2023-03-21T09:00:24.058+0000] {processor.py:153} INFO - Started process (PID=1800) to work on /home/airflow/.local/lib/python3.7/site-packages/airflow/example_dags/example_python_operator.py
[2023-03-21T09:00:24.059+0000] {processor.py:743} INFO - Processing file /home/airflow/.local/lib/python3.7/site-packages/airflow/example_dags/example_python_operator.py for tasks to queue
[2023-03-21T09:00:24.059+0000] {logging_mixin.py:137} INFO - [2023-03-21T09:00:24.059+0000] {dagbag.py:532} INFO - Filling up the DagBag from /home/airflow/.local/lib/python3.7/site-packages/airflow/example_dags/example_python_operator.py
[2023-03-21T09:00:24.078+0000] {logging_mixin.py:137} INFO - [2023-03-21T09:00:24.078+0000] {taskmixin.py:211} WARNING - Dependency <Task(_PythonDecoratedOperator): print_the_context>, log_sql_query already registered for DAG: example_python_operator
[2023-03-21T09:00:24.078+0000] {logging_mixin.py:137} INFO - [2023-03-21T09:00:24.078+0000] {taskmixin.py:211} WARNING - Dependency <Task(_PythonDecoratedOperator): log_sql_query>, print_the_context already registered for DAG: example_python_operator
[2023-03-21T09:00:24.079+0000] {logging_mixin.py:137} INFO - [2023-03-21T09:00:24.079+0000] {taskmixin.py:211} WARNING - Dependency <Task(_PythonDecoratedOperator): print_the_context>, log_sql_query already registered for DAG: example_python_operator
[2023-03-21T09:00:24.080+0000] {logging_mixin.py:137} INFO - [2023-03-21T09:00:24.080+0000] {taskmixin.py:211} WARNING - Dependency <Task(_PythonDecoratedOperator): log_sql_query>, print_the_context already registered for DAG: example_python_operator
[2023-03-21T09:00:24.081+0000] {logging_mixin.py:137} INFO - [2023-03-21T09:00:24.081+0000] {taskmixin.py:211} WARNING - Dependency <Task(_PythonDecoratedOperator): print_the_context>, log_sql_query already registered for DAG: example_python_operator
[2023-03-21T09:00:24.081+0000] {logging_mixin.py:137} INFO - [2023-03-21T09:00:24.081+0000] {taskmixin.py:211} WARNING - Dependency <Task(_PythonDecoratedOperator): log_sql_query>, print_the_context already registered for DAG: example_python_operator
[2023-03-21T09:00:24.082+0000] {logging_mixin.py:137} INFO - [2023-03-21T09:00:24.082+0000] {taskmixin.py:211} WARNING - Dependency <Task(_PythonDecoratedOperator): print_the_context>, log_sql_query already registered for DAG: example_python_operator
[2023-03-21T09:00:24.082+0000] {logging_mixin.py:137} INFO - [2023-03-21T09:00:24.082+0000] {taskmixin.py:211} WARNING - Dependency <Task(_PythonDecoratedOperator): log_sql_query>, print_the_context already registered for DAG: example_python_operator
[2023-03-21T09:00:24.088+0000] {processor.py:753} INFO - DAG(s) dict_keys(['example_python_operator']) retrieved from /home/airflow/.local/lib/python3.7/site-packages/airflow/example_dags/example_python_operator.py
[2023-03-21T09:00:24.116+0000] {logging_mixin.py:137} INFO - [2023-03-21T09:00:24.115+0000] {dag.py:2693} INFO - Sync 1 DAGs
[2023-03-21T09:00:24.144+0000] {logging_mixin.py:137} INFO - [2023-03-21T09:00:24.144+0000] {dag.py:3444} INFO - Setting next_dagrun for example_python_operator to None, run_after=None
[2023-03-21T09:00:24.180+0000] {processor.py:175} INFO - Processing /home/airflow/.local/lib/python3.7/site-packages/airflow/example_dags/example_python_operator.py took 0.124 seconds
[2023-03-21T09:01:46.059+0000] {processor.py:153} INFO - Started process (PID=279) to work on /home/airflow/.local/lib/python3.7/site-packages/airflow/example_dags/example_python_operator.py
[2023-03-21T09:01:46.060+0000] {processor.py:743} INFO - Processing file /home/airflow/.local/lib/python3.7/site-packages/airflow/example_dags/example_python_operator.py for tasks to queue
[2023-03-21T09:01:46.061+0000] {logging_mixin.py:137} INFO - [2023-03-21T09:01:46.061+0000] {dagbag.py:532} INFO - Filling up the DagBag from /home/airflow/.local/lib/python3.7/site-packages/airflow/example_dags/example_python_operator.py
[2023-03-21T09:01:46.077+0000] {logging_mixin.py:137} INFO - [2023-03-21T09:01:46.076+0000] {taskmixin.py:211} WARNING - Dependency <Task(_PythonDecoratedOperator): print_the_context>, log_sql_query already registered for DAG: example_python_operator
[2023-03-21T09:01:46.077+0000] {logging_mixin.py:137} INFO - [2023-03-21T09:01:46.077+0000] {taskmixin.py:211} WARNING - Dependency <Task(_PythonDecoratedOperator): log_sql_query>, print_the_context already registered for DAG: example_python_operator
[2023-03-21T09:01:46.077+0000] {logging_mixin.py:137} INFO - [2023-03-21T09:01:46.077+0000] {taskmixin.py:211} WARNING - Dependency <Task(_PythonDecoratedOperator): print_the_context>, log_sql_query already registered for DAG: example_python_operator
[2023-03-21T09:01:46.078+0000] {logging_mixin.py:137} INFO - [2023-03-21T09:01:46.078+0000] {taskmixin.py:211} WARNING - Dependency <Task(_PythonDecoratedOperator): log_sql_query>, print_the_context already registered for DAG: example_python_operator
[2023-03-21T09:01:46.078+0000] {logging_mixin.py:137} INFO - [2023-03-21T09:01:46.078+0000] {taskmixin.py:211} WARNING - Dependency <Task(_PythonDecoratedOperator): print_the_context>, log_sql_query already registered for DAG: example_python_operator
[2023-03-21T09:01:46.078+0000] {logging_mixin.py:137} INFO - [2023-03-21T09:01:46.078+0000] {taskmixin.py:211} WARNING - Dependency <Task(_PythonDecoratedOperator): log_sql_query>, print_the_context already registered for DAG: example_python_operator
[2023-03-21T09:01:46.079+0000] {logging_mixin.py:137} INFO - [2023-03-21T09:01:46.079+0000] {taskmixin.py:211} WARNING - Dependency <Task(_PythonDecoratedOperator): print_the_context>, log_sql_query already registered for DAG: example_python_operator
[2023-03-21T09:01:46.079+0000] {logging_mixin.py:137} INFO - [2023-03-21T09:01:46.079+0000] {taskmixin.py:211} WARNING - Dependency <Task(_PythonDecoratedOperator): log_sql_query>, print_the_context already registered for DAG: example_python_operator
[2023-03-21T09:01:46.086+0000] {processor.py:753} INFO - DAG(s) dict_keys(['example_python_operator']) retrieved from /home/airflow/.local/lib/python3.7/site-packages/airflow/example_dags/example_python_operator.py
[2023-03-21T09:01:46.154+0000] {logging_mixin.py:137} INFO - [2023-03-21T09:01:46.154+0000] {dag.py:2693} INFO - Sync 1 DAGs
[2023-03-21T09:01:46.187+0000] {logging_mixin.py:137} INFO - [2023-03-21T09:01:46.187+0000] {dag.py:3444} INFO - Setting next_dagrun for example_python_operator to None, run_after=None
[2023-03-21T09:01:46.221+0000] {processor.py:175} INFO - Processing /home/airflow/.local/lib/python3.7/site-packages/airflow/example_dags/example_python_operator.py took 0.164 seconds
[2023-03-21T09:02:17.025+0000] {processor.py:153} INFO - Started process (PID=496) to work on /home/airflow/.local/lib/python3.7/site-packages/airflow/example_dags/example_python_operator.py
[2023-03-21T09:02:17.025+0000] {processor.py:743} INFO - Processing file /home/airflow/.local/lib/python3.7/site-packages/airflow/example_dags/example_python_operator.py for tasks to queue
[2023-03-21T09:02:17.026+0000] {logging_mixin.py:137} INFO - [2023-03-21T09:02:17.025+0000] {dagbag.py:532} INFO - Filling up the DagBag from /home/airflow/.local/lib/python3.7/site-packages/airflow/example_dags/example_python_operator.py
[2023-03-21T09:02:17.042+0000] {logging_mixin.py:137} INFO - [2023-03-21T09:02:17.042+0000] {taskmixin.py:211} WARNING - Dependency <Task(_PythonDecoratedOperator): print_the_context>, log_sql_query already registered for DAG: example_python_operator
[2023-03-21T09:02:17.043+0000] {logging_mixin.py:137} INFO - [2023-03-21T09:02:17.043+0000] {taskmixin.py:211} WARNING - Dependency <Task(_PythonDecoratedOperator): log_sql_query>, print_the_context already registered for DAG: example_python_operator
[2023-03-21T09:02:17.043+0000] {logging_mixin.py:137} INFO - [2023-03-21T09:02:17.043+0000] {taskmixin.py:211} WARNING - Dependency <Task(_PythonDecoratedOperator): print_the_context>, log_sql_query already registered for DAG: example_python_operator
[2023-03-21T09:02:17.044+0000] {logging_mixin.py:137} INFO - [2023-03-21T09:02:17.043+0000] {taskmixin.py:211} WARNING - Dependency <Task(_PythonDecoratedOperator): log_sql_query>, print_the_context already registered for DAG: example_python_operator
[2023-03-21T09:02:17.044+0000] {logging_mixin.py:137} INFO - [2023-03-21T09:02:17.044+0000] {taskmixin.py:211} WARNING - Dependency <Task(_PythonDecoratedOperator): print_the_context>, log_sql_query already registered for DAG: example_python_operator
[2023-03-21T09:02:17.044+0000] {logging_mixin.py:137} INFO - [2023-03-21T09:02:17.044+0000] {taskmixin.py:211} WARNING - Dependency <Task(_PythonDecoratedOperator): log_sql_query>, print_the_context already registered for DAG: example_python_operator
[2023-03-21T09:02:17.045+0000] {logging_mixin.py:137} INFO - [2023-03-21T09:02:17.045+0000] {taskmixin.py:211} WARNING - Dependency <Task(_PythonDecoratedOperator): print_the_context>, log_sql_query already registered for DAG: example_python_operator
[2023-03-21T09:02:17.045+0000] {logging_mixin.py:137} INFO - [2023-03-21T09:02:17.045+0000] {taskmixin.py:211} WARNING - Dependency <Task(_PythonDecoratedOperator): log_sql_query>, print_the_context already registered for DAG: example_python_operator
[2023-03-21T09:02:17.051+0000] {processor.py:753} INFO - DAG(s) dict_keys(['example_python_operator']) retrieved from /home/airflow/.local/lib/python3.7/site-packages/airflow/example_dags/example_python_operator.py
[2023-03-21T09:02:17.079+0000] {logging_mixin.py:137} INFO - [2023-03-21T09:02:17.079+0000] {dag.py:2693} INFO - Sync 1 DAGs
[2023-03-21T09:02:17.104+0000] {logging_mixin.py:137} INFO - [2023-03-21T09:02:17.104+0000] {dag.py:3444} INFO - Setting next_dagrun for example_python_operator to None, run_after=None
[2023-03-21T09:02:17.125+0000] {processor.py:175} INFO - Processing /home/airflow/.local/lib/python3.7/site-packages/airflow/example_dags/example_python_operator.py took 0.103 seconds
[2023-03-21T09:02:47.816+0000] {processor.py:153} INFO - Started process (PID=713) to work on /home/airflow/.local/lib/python3.7/site-packages/airflow/example_dags/example_python_operator.py
[2023-03-21T09:02:47.817+0000] {processor.py:743} INFO - Processing file /home/airflow/.local/lib/python3.7/site-packages/airflow/example_dags/example_python_operator.py for tasks to queue
[2023-03-21T09:02:47.818+0000] {logging_mixin.py:137} INFO - [2023-03-21T09:02:47.818+0000] {dagbag.py:532} INFO - Filling up the DagBag from /home/airflow/.local/lib/python3.7/site-packages/airflow/example_dags/example_python_operator.py
[2023-03-21T09:02:47.835+0000] {logging_mixin.py:137} INFO - [2023-03-21T09:02:47.835+0000] {taskmixin.py:211} WARNING - Dependency <Task(_PythonDecoratedOperator): print_the_context>, log_sql_query already registered for DAG: example_python_operator
[2023-03-21T09:02:47.836+0000] {logging_mixin.py:137} INFO - [2023-03-21T09:02:47.835+0000] {taskmixin.py:211} WARNING - Dependency <Task(_PythonDecoratedOperator): log_sql_query>, print_the_context already registered for DAG: example_python_operator
[2023-03-21T09:02:47.836+0000] {logging_mixin.py:137} INFO - [2023-03-21T09:02:47.836+0000] {taskmixin.py:211} WARNING - Dependency <Task(_PythonDecoratedOperator): print_the_context>, log_sql_query already registered for DAG: example_python_operator
[2023-03-21T09:02:47.837+0000] {logging_mixin.py:137} INFO - [2023-03-21T09:02:47.836+0000] {taskmixin.py:211} WARNING - Dependency <Task(_PythonDecoratedOperator): log_sql_query>, print_the_context already registered for DAG: example_python_operator
[2023-03-21T09:02:47.837+0000] {logging_mixin.py:137} INFO - [2023-03-21T09:02:47.837+0000] {taskmixin.py:211} WARNING - Dependency <Task(_PythonDecoratedOperator): print_the_context>, log_sql_query already registered for DAG: example_python_operator
[2023-03-21T09:02:47.838+0000] {logging_mixin.py:137} INFO - [2023-03-21T09:02:47.837+0000] {taskmixin.py:211} WARNING - Dependency <Task(_PythonDecoratedOperator): log_sql_query>, print_the_context already registered for DAG: example_python_operator
[2023-03-21T09:02:47.838+0000] {logging_mixin.py:137} INFO - [2023-03-21T09:02:47.838+0000] {taskmixin.py:211} WARNING - Dependency <Task(_PythonDecoratedOperator): print_the_context>, log_sql_query already registered for DAG: example_python_operator
[2023-03-21T09:02:47.839+0000] {logging_mixin.py:137} INFO - [2023-03-21T09:02:47.839+0000] {taskmixin.py:211} WARNING - Dependency <Task(_PythonDecoratedOperator): log_sql_query>, print_the_context already registered for DAG: example_python_operator
[2023-03-21T09:02:47.845+0000] {processor.py:753} INFO - DAG(s) dict_keys(['example_python_operator']) retrieved from /home/airflow/.local/lib/python3.7/site-packages/airflow/example_dags/example_python_operator.py
[2023-03-21T09:02:47.874+0000] {logging_mixin.py:137} INFO - [2023-03-21T09:02:47.874+0000] {dag.py:2693} INFO - Sync 1 DAGs
[2023-03-21T09:02:47.899+0000] {logging_mixin.py:137} INFO - [2023-03-21T09:02:47.899+0000] {dag.py:3444} INFO - Setting next_dagrun for example_python_operator to None, run_after=None
[2023-03-21T09:02:47.925+0000] {processor.py:175} INFO - Processing /home/airflow/.local/lib/python3.7/site-packages/airflow/example_dags/example_python_operator.py took 0.112 seconds
[2023-03-21T09:03:18.633+0000] {processor.py:153} INFO - Started process (PID=930) to work on /home/airflow/.local/lib/python3.7/site-packages/airflow/example_dags/example_python_operator.py
[2023-03-21T09:03:18.634+0000] {processor.py:743} INFO - Processing file /home/airflow/.local/lib/python3.7/site-packages/airflow/example_dags/example_python_operator.py for tasks to queue
[2023-03-21T09:03:18.634+0000] {logging_mixin.py:137} INFO - [2023-03-21T09:03:18.634+0000] {dagbag.py:532} INFO - Filling up the DagBag from /home/airflow/.local/lib/python3.7/site-packages/airflow/example_dags/example_python_operator.py
[2023-03-21T09:03:18.650+0000] {logging_mixin.py:137} INFO - [2023-03-21T09:03:18.650+0000] {taskmixin.py:211} WARNING - Dependency <Task(_PythonDecoratedOperator): print_the_context>, log_sql_query already registered for DAG: example_python_operator
[2023-03-21T09:03:18.650+0000] {logging_mixin.py:137} INFO - [2023-03-21T09:03:18.650+0000] {taskmixin.py:211} WARNING - Dependency <Task(_PythonDecoratedOperator): log_sql_query>, print_the_context already registered for DAG: example_python_operator
[2023-03-21T09:03:18.651+0000] {logging_mixin.py:137} INFO - [2023-03-21T09:03:18.651+0000] {taskmixin.py:211} WARNING - Dependency <Task(_PythonDecoratedOperator): print_the_context>, log_sql_query already registered for DAG: example_python_operator
[2023-03-21T09:03:18.651+0000] {logging_mixin.py:137} INFO - [2023-03-21T09:03:18.651+0000] {taskmixin.py:211} WARNING - Dependency <Task(_PythonDecoratedOperator): log_sql_query>, print_the_context already registered for DAG: example_python_operator
[2023-03-21T09:03:18.652+0000] {logging_mixin.py:137} INFO - [2023-03-21T09:03:18.652+0000] {taskmixin.py:211} WARNING - Dependency <Task(_PythonDecoratedOperator): print_the_context>, log_sql_query already registered for DAG: example_python_operator
[2023-03-21T09:03:18.652+0000] {logging_mixin.py:137} INFO - [2023-03-21T09:03:18.652+0000] {taskmixin.py:211} WARNING - Dependency <Task(_PythonDecoratedOperator): log_sql_query>, print_the_context already registered for DAG: example_python_operator
[2023-03-21T09:03:18.652+0000] {logging_mixin.py:137} INFO - [2023-03-21T09:03:18.652+0000] {taskmixin.py:211} WARNING - Dependency <Task(_PythonDecoratedOperator): print_the_context>, log_sql_query already registered for DAG: example_python_operator
[2023-03-21T09:03:18.653+0000] {logging_mixin.py:137} INFO - [2023-03-21T09:03:18.653+0000] {taskmixin.py:211} WARNING - Dependency <Task(_PythonDecoratedOperator): log_sql_query>, print_the_context already registered for DAG: example_python_operator
[2023-03-21T09:03:18.660+0000] {processor.py:753} INFO - DAG(s) dict_keys(['example_python_operator']) retrieved from /home/airflow/.local/lib/python3.7/site-packages/airflow/example_dags/example_python_operator.py
[2023-03-21T09:03:18.688+0000] {logging_mixin.py:137} INFO - [2023-03-21T09:03:18.688+0000] {dag.py:2693} INFO - Sync 1 DAGs
[2023-03-21T09:03:18.714+0000] {logging_mixin.py:137} INFO - [2023-03-21T09:03:18.714+0000] {dag.py:3444} INFO - Setting next_dagrun for example_python_operator to None, run_after=None
[2023-03-21T09:03:18.736+0000] {processor.py:175} INFO - Processing /home/airflow/.local/lib/python3.7/site-packages/airflow/example_dags/example_python_operator.py took 0.105 seconds
[2023-03-21T09:03:49.378+0000] {processor.py:153} INFO - Started process (PID=1147) to work on /home/airflow/.local/lib/python3.7/site-packages/airflow/example_dags/example_python_operator.py
[2023-03-21T09:03:49.379+0000] {processor.py:743} INFO - Processing file /home/airflow/.local/lib/python3.7/site-packages/airflow/example_dags/example_python_operator.py for tasks to queue
[2023-03-21T09:03:49.380+0000] {logging_mixin.py:137} INFO - [2023-03-21T09:03:49.379+0000] {dagbag.py:532} INFO - Filling up the DagBag from /home/airflow/.local/lib/python3.7/site-packages/airflow/example_dags/example_python_operator.py
[2023-03-21T09:03:49.394+0000] {logging_mixin.py:137} INFO - [2023-03-21T09:03:49.394+0000] {taskmixin.py:211} WARNING - Dependency <Task(_PythonDecoratedOperator): print_the_context>, log_sql_query already registered for DAG: example_python_operator
[2023-03-21T09:03:49.394+0000] {logging_mixin.py:137} INFO - [2023-03-21T09:03:49.394+0000] {taskmixin.py:211} WARNING - Dependency <Task(_PythonDecoratedOperator): log_sql_query>, print_the_context already registered for DAG: example_python_operator
[2023-03-21T09:03:49.395+0000] {logging_mixin.py:137} INFO - [2023-03-21T09:03:49.395+0000] {taskmixin.py:211} WARNING - Dependency <Task(_PythonDecoratedOperator): print_the_context>, log_sql_query already registered for DAG: example_python_operator
[2023-03-21T09:03:49.395+0000] {logging_mixin.py:137} INFO - [2023-03-21T09:03:49.395+0000] {taskmixin.py:211} WARNING - Dependency <Task(_PythonDecoratedOperator): log_sql_query>, print_the_context already registered for DAG: example_python_operator
[2023-03-21T09:03:49.396+0000] {logging_mixin.py:137} INFO - [2023-03-21T09:03:49.395+0000] {taskmixin.py:211} WARNING - Dependency <Task(_PythonDecoratedOperator): print_the_context>, log_sql_query already registered for DAG: example_python_operator
[2023-03-21T09:03:49.396+0000] {logging_mixin.py:137} INFO - [2023-03-21T09:03:49.396+0000] {taskmixin.py:211} WARNING - Dependency <Task(_PythonDecoratedOperator): log_sql_query>, print_the_context already registered for DAG: example_python_operator
[2023-03-21T09:03:49.396+0000] {logging_mixin.py:137} INFO - [2023-03-21T09:03:49.396+0000] {taskmixin.py:211} WARNING - Dependency <Task(_PythonDecoratedOperator): print_the_context>, log_sql_query already registered for DAG: example_python_operator
[2023-03-21T09:03:49.396+0000] {logging_mixin.py:137} INFO - [2023-03-21T09:03:49.396+0000] {taskmixin.py:211} WARNING - Dependency <Task(_PythonDecoratedOperator): log_sql_query>, print_the_context already registered for DAG: example_python_operator
[2023-03-21T09:03:49.402+0000] {processor.py:753} INFO - DAG(s) dict_keys(['example_python_operator']) retrieved from /home/airflow/.local/lib/python3.7/site-packages/airflow/example_dags/example_python_operator.py
[2023-03-21T09:03:49.430+0000] {logging_mixin.py:137} INFO - [2023-03-21T09:03:49.430+0000] {dag.py:2693} INFO - Sync 1 DAGs
[2023-03-21T09:03:49.456+0000] {logging_mixin.py:137} INFO - [2023-03-21T09:03:49.456+0000] {dag.py:3444} INFO - Setting next_dagrun for example_python_operator to None, run_after=None
[2023-03-21T09:03:49.479+0000] {processor.py:175} INFO - Processing /home/airflow/.local/lib/python3.7/site-packages/airflow/example_dags/example_python_operator.py took 0.104 seconds
[2023-03-21T09:04:20.021+0000] {processor.py:153} INFO - Started process (PID=1364) to work on /home/airflow/.local/lib/python3.7/site-packages/airflow/example_dags/example_python_operator.py
[2023-03-21T09:04:20.021+0000] {processor.py:743} INFO - Processing file /home/airflow/.local/lib/python3.7/site-packages/airflow/example_dags/example_python_operator.py for tasks to queue
[2023-03-21T09:04:20.022+0000] {logging_mixin.py:137} INFO - [2023-03-21T09:04:20.022+0000] {dagbag.py:532} INFO - Filling up the DagBag from /home/airflow/.local/lib/python3.7/site-packages/airflow/example_dags/example_python_operator.py
[2023-03-21T09:04:20.037+0000] {logging_mixin.py:137} INFO - [2023-03-21T09:04:20.037+0000] {taskmixin.py:211} WARNING - Dependency <Task(_PythonDecoratedOperator): print_the_context>, log_sql_query already registered for DAG: example_python_operator
[2023-03-21T09:04:20.037+0000] {logging_mixin.py:137} INFO - [2023-03-21T09:04:20.037+0000] {taskmixin.py:211} WARNING - Dependency <Task(_PythonDecoratedOperator): log_sql_query>, print_the_context already registered for DAG: example_python_operator
[2023-03-21T09:04:20.038+0000] {logging_mixin.py:137} INFO - [2023-03-21T09:04:20.037+0000] {taskmixin.py:211} WARNING - Dependency <Task(_PythonDecoratedOperator): print_the_context>, log_sql_query already registered for DAG: example_python_operator
[2023-03-21T09:04:20.038+0000] {logging_mixin.py:137} INFO - [2023-03-21T09:04:20.038+0000] {taskmixin.py:211} WARNING - Dependency <Task(_PythonDecoratedOperator): log_sql_query>, print_the_context already registered for DAG: example_python_operator
[2023-03-21T09:04:20.038+0000] {logging_mixin.py:137} INFO - [2023-03-21T09:04:20.038+0000] {taskmixin.py:211} WARNING - Dependency <Task(_PythonDecoratedOperator): print_the_context>, log_sql_query already registered for DAG: example_python_operator
[2023-03-21T09:04:20.038+0000] {logging_mixin.py:137} INFO - [2023-03-21T09:04:20.038+0000] {taskmixin.py:211} WARNING - Dependency <Task(_PythonDecoratedOperator): log_sql_query>, print_the_context already registered for DAG: example_python_operator
[2023-03-21T09:04:20.039+0000] {logging_mixin.py:137} INFO - [2023-03-21T09:04:20.039+0000] {taskmixin.py:211} WARNING - Dependency <Task(_PythonDecoratedOperator): print_the_context>, log_sql_query already registered for DAG: example_python_operator
[2023-03-21T09:04:20.039+0000] {logging_mixin.py:137} INFO - [2023-03-21T09:04:20.039+0000] {taskmixin.py:211} WARNING - Dependency <Task(_PythonDecoratedOperator): log_sql_query>, print_the_context already registered for DAG: example_python_operator
[2023-03-21T09:04:20.046+0000] {processor.py:753} INFO - DAG(s) dict_keys(['example_python_operator']) retrieved from /home/airflow/.local/lib/python3.7/site-packages/airflow/example_dags/example_python_operator.py
[2023-03-21T09:04:20.074+0000] {logging_mixin.py:137} INFO - [2023-03-21T09:04:20.074+0000] {dag.py:2693} INFO - Sync 1 DAGs
[2023-03-21T09:04:20.100+0000] {logging_mixin.py:137} INFO - [2023-03-21T09:04:20.100+0000] {dag.py:3444} INFO - Setting next_dagrun for example_python_operator to None, run_after=None
[2023-03-21T09:04:20.124+0000] {processor.py:175} INFO - Processing /home/airflow/.local/lib/python3.7/site-packages/airflow/example_dags/example_python_operator.py took 0.106 seconds
[2023-03-21T09:04:50.830+0000] {processor.py:153} INFO - Started process (PID=1581) to work on /home/airflow/.local/lib/python3.7/site-packages/airflow/example_dags/example_python_operator.py
[2023-03-21T09:04:50.832+0000] {processor.py:743} INFO - Processing file /home/airflow/.local/lib/python3.7/site-packages/airflow/example_dags/example_python_operator.py for tasks to queue
[2023-03-21T09:04:50.832+0000] {logging_mixin.py:137} INFO - [2023-03-21T09:04:50.832+0000] {dagbag.py:532} INFO - Filling up the DagBag from /home/airflow/.local/lib/python3.7/site-packages/airflow/example_dags/example_python_operator.py
[2023-03-21T09:04:50.851+0000] {logging_mixin.py:137} INFO - [2023-03-21T09:04:50.851+0000] {taskmixin.py:211} WARNING - Dependency <Task(_PythonDecoratedOperator): print_the_context>, log_sql_query already registered for DAG: example_python_operator
[2023-03-21T09:04:50.851+0000] {logging_mixin.py:137} INFO - [2023-03-21T09:04:50.851+0000] {taskmixin.py:211} WARNING - Dependency <Task(_PythonDecoratedOperator): log_sql_query>, print_the_context already registered for DAG: example_python_operator
[2023-03-21T09:04:50.852+0000] {logging_mixin.py:137} INFO - [2023-03-21T09:04:50.852+0000] {taskmixin.py:211} WARNING - Dependency <Task(_PythonDecoratedOperator): print_the_context>, log_sql_query already registered for DAG: example_python_operator
[2023-03-21T09:04:50.852+0000] {logging_mixin.py:137} INFO - [2023-03-21T09:04:50.852+0000] {taskmixin.py:211} WARNING - Dependency <Task(_PythonDecoratedOperator): log_sql_query>, print_the_context already registered for DAG: example_python_operator
[2023-03-21T09:04:50.854+0000] {logging_mixin.py:137} INFO - [2023-03-21T09:04:50.853+0000] {taskmixin.py:211} WARNING - Dependency <Task(_PythonDecoratedOperator): print_the_context>, log_sql_query already registered for DAG: example_python_operator
[2023-03-21T09:04:50.854+0000] {logging_mixin.py:137} INFO - [2023-03-21T09:04:50.854+0000] {taskmixin.py:211} WARNING - Dependency <Task(_PythonDecoratedOperator): log_sql_query>, print_the_context already registered for DAG: example_python_operator
[2023-03-21T09:04:50.855+0000] {logging_mixin.py:137} INFO - [2023-03-21T09:04:50.855+0000] {taskmixin.py:211} WARNING - Dependency <Task(_PythonDecoratedOperator): print_the_context>, log_sql_query already registered for DAG: example_python_operator
[2023-03-21T09:04:50.855+0000] {logging_mixin.py:137} INFO - [2023-03-21T09:04:50.855+0000] {taskmixin.py:211} WARNING - Dependency <Task(_PythonDecoratedOperator): log_sql_query>, print_the_context already registered for DAG: example_python_operator
[2023-03-21T09:04:50.865+0000] {processor.py:753} INFO - DAG(s) dict_keys(['example_python_operator']) retrieved from /home/airflow/.local/lib/python3.7/site-packages/airflow/example_dags/example_python_operator.py
[2023-03-21T09:04:50.895+0000] {logging_mixin.py:137} INFO - [2023-03-21T09:04:50.894+0000] {dag.py:2693} INFO - Sync 1 DAGs
[2023-03-21T09:04:50.920+0000] {logging_mixin.py:137} INFO - [2023-03-21T09:04:50.920+0000] {dag.py:3444} INFO - Setting next_dagrun for example_python_operator to None, run_after=None
[2023-03-21T09:04:50.947+0000] {processor.py:175} INFO - Processing /home/airflow/.local/lib/python3.7/site-packages/airflow/example_dags/example_python_operator.py took 0.119 seconds
