[2023-03-21T08:56:47.110+0000] {processor.py:153} INFO - Started process (PID=289) to work on /home/airflow/.local/lib/python3.7/site-packages/airflow/example_dags/example_branch_operator.py
[2023-03-21T08:56:47.110+0000] {processor.py:743} INFO - Processing file /home/airflow/.local/lib/python3.7/site-packages/airflow/example_dags/example_branch_operator.py for tasks to queue
[2023-03-21T08:56:47.111+0000] {logging_mixin.py:137} INFO - [2023-03-21T08:56:47.111+0000] {dagbag.py:532} INFO - Filling up the DagBag from /home/airflow/.local/lib/python3.7/site-packages/airflow/example_dags/example_branch_operator.py
[2023-03-21T08:56:47.126+0000] {processor.py:753} INFO - DAG(s) dict_keys(['example_branch_operator']) retrieved from /home/airflow/.local/lib/python3.7/site-packages/airflow/example_dags/example_branch_operator.py
[2023-03-21T08:56:47.152+0000] {logging_mixin.py:137} INFO - [2023-03-21T08:56:47.152+0000] {dag.py:2693} INFO - Sync 1 DAGs
[2023-03-21T08:56:47.180+0000] {logging_mixin.py:137} INFO - [2023-03-21T08:56:47.179+0000] {dag.py:3444} INFO - Setting next_dagrun for example_branch_operator to 2023-03-20T00:00:00+00:00, run_after=2023-03-21T00:00:00+00:00
[2023-03-21T08:56:47.202+0000] {processor.py:175} INFO - Processing /home/airflow/.local/lib/python3.7/site-packages/airflow/example_dags/example_branch_operator.py took 0.095 seconds
[2023-03-21T08:57:18.263+0000] {processor.py:153} INFO - Started process (PID=506) to work on /home/airflow/.local/lib/python3.7/site-packages/airflow/example_dags/example_branch_operator.py
[2023-03-21T08:57:18.264+0000] {processor.py:743} INFO - Processing file /home/airflow/.local/lib/python3.7/site-packages/airflow/example_dags/example_branch_operator.py for tasks to queue
[2023-03-21T08:57:18.265+0000] {logging_mixin.py:137} INFO - [2023-03-21T08:57:18.265+0000] {dagbag.py:532} INFO - Filling up the DagBag from /home/airflow/.local/lib/python3.7/site-packages/airflow/example_dags/example_branch_operator.py
[2023-03-21T08:57:18.281+0000] {processor.py:753} INFO - DAG(s) dict_keys(['example_branch_operator']) retrieved from /home/airflow/.local/lib/python3.7/site-packages/airflow/example_dags/example_branch_operator.py
[2023-03-21T08:57:18.310+0000] {logging_mixin.py:137} INFO - [2023-03-21T08:57:18.310+0000] {dag.py:2693} INFO - Sync 1 DAGs
[2023-03-21T08:57:18.338+0000] {logging_mixin.py:137} INFO - [2023-03-21T08:57:18.338+0000] {dag.py:3444} INFO - Setting next_dagrun for example_branch_operator to 2023-03-20T00:00:00+00:00, run_after=2023-03-21T00:00:00+00:00
[2023-03-21T08:57:18.363+0000] {processor.py:175} INFO - Processing /home/airflow/.local/lib/python3.7/site-packages/airflow/example_dags/example_branch_operator.py took 0.102 seconds
[2023-03-21T08:57:49.407+0000] {processor.py:153} INFO - Started process (PID=723) to work on /home/airflow/.local/lib/python3.7/site-packages/airflow/example_dags/example_branch_operator.py
[2023-03-21T08:57:49.408+0000] {processor.py:743} INFO - Processing file /home/airflow/.local/lib/python3.7/site-packages/airflow/example_dags/example_branch_operator.py for tasks to queue
[2023-03-21T08:57:49.410+0000] {logging_mixin.py:137} INFO - [2023-03-21T08:57:49.409+0000] {dagbag.py:532} INFO - Filling up the DagBag from /home/airflow/.local/lib/python3.7/site-packages/airflow/example_dags/example_branch_operator.py
[2023-03-21T08:57:49.425+0000] {processor.py:753} INFO - DAG(s) dict_keys(['example_branch_operator']) retrieved from /home/airflow/.local/lib/python3.7/site-packages/airflow/example_dags/example_branch_operator.py
[2023-03-21T08:57:49.451+0000] {logging_mixin.py:137} INFO - [2023-03-21T08:57:49.451+0000] {dag.py:2693} INFO - Sync 1 DAGs
[2023-03-21T08:57:49.485+0000] {logging_mixin.py:137} INFO - [2023-03-21T08:57:49.485+0000] {dag.py:3444} INFO - Setting next_dagrun for example_branch_operator to 2023-03-20T00:00:00+00:00, run_after=2023-03-21T00:00:00+00:00
[2023-03-21T08:57:49.511+0000] {processor.py:175} INFO - Processing /home/airflow/.local/lib/python3.7/site-packages/airflow/example_dags/example_branch_operator.py took 0.107 seconds
[2023-03-21T08:58:20.487+0000] {processor.py:153} INFO - Started process (PID=940) to work on /home/airflow/.local/lib/python3.7/site-packages/airflow/example_dags/example_branch_operator.py
[2023-03-21T08:58:20.488+0000] {processor.py:743} INFO - Processing file /home/airflow/.local/lib/python3.7/site-packages/airflow/example_dags/example_branch_operator.py for tasks to queue
[2023-03-21T08:58:20.489+0000] {logging_mixin.py:137} INFO - [2023-03-21T08:58:20.488+0000] {dagbag.py:532} INFO - Filling up the DagBag from /home/airflow/.local/lib/python3.7/site-packages/airflow/example_dags/example_branch_operator.py
[2023-03-21T08:58:20.535+0000] {processor.py:753} INFO - DAG(s) dict_keys(['example_branch_operator']) retrieved from /home/airflow/.local/lib/python3.7/site-packages/airflow/example_dags/example_branch_operator.py
[2023-03-21T08:58:20.591+0000] {logging_mixin.py:137} INFO - [2023-03-21T08:58:20.590+0000] {dag.py:2693} INFO - Sync 1 DAGs
[2023-03-21T08:58:20.656+0000] {logging_mixin.py:137} INFO - [2023-03-21T08:58:20.656+0000] {dag.py:3444} INFO - Setting next_dagrun for example_branch_operator to 2023-03-20T00:00:00+00:00, run_after=2023-03-21T00:00:00+00:00
[2023-03-21T08:58:20.718+0000] {processor.py:175} INFO - Processing /home/airflow/.local/lib/python3.7/site-packages/airflow/example_dags/example_branch_operator.py took 0.237 seconds
[2023-03-21T08:58:51.742+0000] {processor.py:153} INFO - Started process (PID=1157) to work on /home/airflow/.local/lib/python3.7/site-packages/airflow/example_dags/example_branch_operator.py
[2023-03-21T08:58:51.744+0000] {processor.py:743} INFO - Processing file /home/airflow/.local/lib/python3.7/site-packages/airflow/example_dags/example_branch_operator.py for tasks to queue
[2023-03-21T08:58:51.744+0000] {logging_mixin.py:137} INFO - [2023-03-21T08:58:51.744+0000] {dagbag.py:532} INFO - Filling up the DagBag from /home/airflow/.local/lib/python3.7/site-packages/airflow/example_dags/example_branch_operator.py
[2023-03-21T08:58:51.759+0000] {processor.py:753} INFO - DAG(s) dict_keys(['example_branch_operator']) retrieved from /home/airflow/.local/lib/python3.7/site-packages/airflow/example_dags/example_branch_operator.py
[2023-03-21T08:58:51.787+0000] {logging_mixin.py:137} INFO - [2023-03-21T08:58:51.787+0000] {dag.py:2693} INFO - Sync 1 DAGs
[2023-03-21T08:58:51.816+0000] {logging_mixin.py:137} INFO - [2023-03-21T08:58:51.816+0000] {dag.py:3444} INFO - Setting next_dagrun for example_branch_operator to 2023-03-20T00:00:00+00:00, run_after=2023-03-21T00:00:00+00:00
[2023-03-21T08:58:51.842+0000] {processor.py:175} INFO - Processing /home/airflow/.local/lib/python3.7/site-packages/airflow/example_dags/example_branch_operator.py took 0.103 seconds
[2023-03-21T08:59:22.572+0000] {processor.py:153} INFO - Started process (PID=1374) to work on /home/airflow/.local/lib/python3.7/site-packages/airflow/example_dags/example_branch_operator.py
[2023-03-21T08:59:22.573+0000] {processor.py:743} INFO - Processing file /home/airflow/.local/lib/python3.7/site-packages/airflow/example_dags/example_branch_operator.py for tasks to queue
[2023-03-21T08:59:22.573+0000] {logging_mixin.py:137} INFO - [2023-03-21T08:59:22.573+0000] {dagbag.py:532} INFO - Filling up the DagBag from /home/airflow/.local/lib/python3.7/site-packages/airflow/example_dags/example_branch_operator.py
[2023-03-21T08:59:22.591+0000] {processor.py:753} INFO - DAG(s) dict_keys(['example_branch_operator']) retrieved from /home/airflow/.local/lib/python3.7/site-packages/airflow/example_dags/example_branch_operator.py
[2023-03-21T08:59:22.620+0000] {logging_mixin.py:137} INFO - [2023-03-21T08:59:22.620+0000] {dag.py:2693} INFO - Sync 1 DAGs
[2023-03-21T08:59:22.668+0000] {logging_mixin.py:137} INFO - [2023-03-21T08:59:22.668+0000] {dag.py:3444} INFO - Setting next_dagrun for example_branch_operator to 2023-03-20T00:00:00+00:00, run_after=2023-03-21T00:00:00+00:00
[2023-03-21T08:59:22.701+0000] {processor.py:175} INFO - Processing /home/airflow/.local/lib/python3.7/site-packages/airflow/example_dags/example_branch_operator.py took 0.132 seconds
[2023-03-21T08:59:53.968+0000] {processor.py:153} INFO - Started process (PID=1593) to work on /home/airflow/.local/lib/python3.7/site-packages/airflow/example_dags/example_branch_operator.py
[2023-03-21T08:59:53.969+0000] {processor.py:743} INFO - Processing file /home/airflow/.local/lib/python3.7/site-packages/airflow/example_dags/example_branch_operator.py for tasks to queue
[2023-03-21T08:59:53.970+0000] {logging_mixin.py:137} INFO - [2023-03-21T08:59:53.970+0000] {dagbag.py:532} INFO - Filling up the DagBag from /home/airflow/.local/lib/python3.7/site-packages/airflow/example_dags/example_branch_operator.py
[2023-03-21T08:59:53.989+0000] {processor.py:753} INFO - DAG(s) dict_keys(['example_branch_operator']) retrieved from /home/airflow/.local/lib/python3.7/site-packages/airflow/example_dags/example_branch_operator.py
[2023-03-21T08:59:54.018+0000] {logging_mixin.py:137} INFO - [2023-03-21T08:59:54.017+0000] {dag.py:2693} INFO - Sync 1 DAGs
[2023-03-21T08:59:54.045+0000] {logging_mixin.py:137} INFO - [2023-03-21T08:59:54.044+0000] {dag.py:3444} INFO - Setting next_dagrun for example_branch_operator to 2023-03-20T00:00:00+00:00, run_after=2023-03-21T00:00:00+00:00
[2023-03-21T08:59:54.074+0000] {processor.py:175} INFO - Processing /home/airflow/.local/lib/python3.7/site-packages/airflow/example_dags/example_branch_operator.py took 0.108 seconds
[2023-03-21T09:00:24.206+0000] {processor.py:153} INFO - Started process (PID=1810) to work on /home/airflow/.local/lib/python3.7/site-packages/airflow/example_dags/example_branch_operator.py
[2023-03-21T09:00:24.206+0000] {processor.py:743} INFO - Processing file /home/airflow/.local/lib/python3.7/site-packages/airflow/example_dags/example_branch_operator.py for tasks to queue
[2023-03-21T09:00:24.207+0000] {logging_mixin.py:137} INFO - [2023-03-21T09:00:24.207+0000] {dagbag.py:532} INFO - Filling up the DagBag from /home/airflow/.local/lib/python3.7/site-packages/airflow/example_dags/example_branch_operator.py
[2023-03-21T09:00:24.222+0000] {processor.py:753} INFO - DAG(s) dict_keys(['example_branch_operator']) retrieved from /home/airflow/.local/lib/python3.7/site-packages/airflow/example_dags/example_branch_operator.py
[2023-03-21T09:00:24.249+0000] {logging_mixin.py:137} INFO - [2023-03-21T09:00:24.249+0000] {dag.py:2693} INFO - Sync 1 DAGs
[2023-03-21T09:00:24.279+0000] {logging_mixin.py:137} INFO - [2023-03-21T09:00:24.279+0000] {dag.py:3444} INFO - Setting next_dagrun for example_branch_operator to 2023-03-20T00:00:00+00:00, run_after=2023-03-21T00:00:00+00:00
[2023-03-21T09:00:24.310+0000] {processor.py:175} INFO - Processing /home/airflow/.local/lib/python3.7/site-packages/airflow/example_dags/example_branch_operator.py took 0.107 seconds
[2023-03-21T09:01:46.246+0000] {processor.py:153} INFO - Started process (PID=289) to work on /home/airflow/.local/lib/python3.7/site-packages/airflow/example_dags/example_branch_operator.py
[2023-03-21T09:01:46.247+0000] {processor.py:743} INFO - Processing file /home/airflow/.local/lib/python3.7/site-packages/airflow/example_dags/example_branch_operator.py for tasks to queue
[2023-03-21T09:01:46.248+0000] {logging_mixin.py:137} INFO - [2023-03-21T09:01:46.248+0000] {dagbag.py:532} INFO - Filling up the DagBag from /home/airflow/.local/lib/python3.7/site-packages/airflow/example_dags/example_branch_operator.py
[2023-03-21T09:01:46.262+0000] {processor.py:753} INFO - DAG(s) dict_keys(['example_branch_operator']) retrieved from /home/airflow/.local/lib/python3.7/site-packages/airflow/example_dags/example_branch_operator.py
[2023-03-21T09:01:46.289+0000] {logging_mixin.py:137} INFO - [2023-03-21T09:01:46.288+0000] {dag.py:2693} INFO - Sync 1 DAGs
[2023-03-21T09:01:46.317+0000] {logging_mixin.py:137} INFO - [2023-03-21T09:01:46.317+0000] {dag.py:3444} INFO - Setting next_dagrun for example_branch_operator to 2023-03-20T00:00:00+00:00, run_after=2023-03-21T00:00:00+00:00
[2023-03-21T09:01:46.343+0000] {processor.py:175} INFO - Processing /home/airflow/.local/lib/python3.7/site-packages/airflow/example_dags/example_branch_operator.py took 0.099 seconds
[2023-03-21T09:02:17.150+0000] {processor.py:153} INFO - Started process (PID=506) to work on /home/airflow/.local/lib/python3.7/site-packages/airflow/example_dags/example_branch_operator.py
[2023-03-21T09:02:17.151+0000] {processor.py:743} INFO - Processing file /home/airflow/.local/lib/python3.7/site-packages/airflow/example_dags/example_branch_operator.py for tasks to queue
[2023-03-21T09:02:17.151+0000] {logging_mixin.py:137} INFO - [2023-03-21T09:02:17.151+0000] {dagbag.py:532} INFO - Filling up the DagBag from /home/airflow/.local/lib/python3.7/site-packages/airflow/example_dags/example_branch_operator.py
[2023-03-21T09:02:17.166+0000] {processor.py:753} INFO - DAG(s) dict_keys(['example_branch_operator']) retrieved from /home/airflow/.local/lib/python3.7/site-packages/airflow/example_dags/example_branch_operator.py
[2023-03-21T09:02:17.192+0000] {logging_mixin.py:137} INFO - [2023-03-21T09:02:17.192+0000] {dag.py:2693} INFO - Sync 1 DAGs
[2023-03-21T09:02:17.219+0000] {logging_mixin.py:137} INFO - [2023-03-21T09:02:17.219+0000] {dag.py:3444} INFO - Setting next_dagrun for example_branch_operator to 2023-03-20T00:00:00+00:00, run_after=2023-03-21T00:00:00+00:00
[2023-03-21T09:02:17.242+0000] {processor.py:175} INFO - Processing /home/airflow/.local/lib/python3.7/site-packages/airflow/example_dags/example_branch_operator.py took 0.095 seconds
[2023-03-21T09:02:47.948+0000] {processor.py:153} INFO - Started process (PID=723) to work on /home/airflow/.local/lib/python3.7/site-packages/airflow/example_dags/example_branch_operator.py
[2023-03-21T09:02:47.949+0000] {processor.py:743} INFO - Processing file /home/airflow/.local/lib/python3.7/site-packages/airflow/example_dags/example_branch_operator.py for tasks to queue
[2023-03-21T09:02:47.949+0000] {logging_mixin.py:137} INFO - [2023-03-21T09:02:47.949+0000] {dagbag.py:532} INFO - Filling up the DagBag from /home/airflow/.local/lib/python3.7/site-packages/airflow/example_dags/example_branch_operator.py
[2023-03-21T09:02:47.964+0000] {processor.py:753} INFO - DAG(s) dict_keys(['example_branch_operator']) retrieved from /home/airflow/.local/lib/python3.7/site-packages/airflow/example_dags/example_branch_operator.py
[2023-03-21T09:02:47.990+0000] {logging_mixin.py:137} INFO - [2023-03-21T09:02:47.990+0000] {dag.py:2693} INFO - Sync 1 DAGs
[2023-03-21T09:02:48.018+0000] {logging_mixin.py:137} INFO - [2023-03-21T09:02:48.017+0000] {dag.py:3444} INFO - Setting next_dagrun for example_branch_operator to 2023-03-20T00:00:00+00:00, run_after=2023-03-21T00:00:00+00:00
[2023-03-21T09:02:48.044+0000] {processor.py:175} INFO - Processing /home/airflow/.local/lib/python3.7/site-packages/airflow/example_dags/example_branch_operator.py took 0.099 seconds
[2023-03-21T09:03:18.761+0000] {processor.py:153} INFO - Started process (PID=940) to work on /home/airflow/.local/lib/python3.7/site-packages/airflow/example_dags/example_branch_operator.py
[2023-03-21T09:03:18.762+0000] {processor.py:743} INFO - Processing file /home/airflow/.local/lib/python3.7/site-packages/airflow/example_dags/example_branch_operator.py for tasks to queue
[2023-03-21T09:03:18.762+0000] {logging_mixin.py:137} INFO - [2023-03-21T09:03:18.762+0000] {dagbag.py:532} INFO - Filling up the DagBag from /home/airflow/.local/lib/python3.7/site-packages/airflow/example_dags/example_branch_operator.py
[2023-03-21T09:03:18.777+0000] {processor.py:753} INFO - DAG(s) dict_keys(['example_branch_operator']) retrieved from /home/airflow/.local/lib/python3.7/site-packages/airflow/example_dags/example_branch_operator.py
[2023-03-21T09:03:18.803+0000] {logging_mixin.py:137} INFO - [2023-03-21T09:03:18.803+0000] {dag.py:2693} INFO - Sync 1 DAGs
[2023-03-21T09:03:18.829+0000] {logging_mixin.py:137} INFO - [2023-03-21T09:03:18.829+0000] {dag.py:3444} INFO - Setting next_dagrun for example_branch_operator to 2023-03-20T00:00:00+00:00, run_after=2023-03-21T00:00:00+00:00
[2023-03-21T09:03:18.854+0000] {processor.py:175} INFO - Processing /home/airflow/.local/lib/python3.7/site-packages/airflow/example_dags/example_branch_operator.py took 0.095 seconds
[2023-03-21T09:03:49.503+0000] {processor.py:153} INFO - Started process (PID=1157) to work on /home/airflow/.local/lib/python3.7/site-packages/airflow/example_dags/example_branch_operator.py
[2023-03-21T09:03:49.504+0000] {processor.py:743} INFO - Processing file /home/airflow/.local/lib/python3.7/site-packages/airflow/example_dags/example_branch_operator.py for tasks to queue
[2023-03-21T09:03:49.504+0000] {logging_mixin.py:137} INFO - [2023-03-21T09:03:49.504+0000] {dagbag.py:532} INFO - Filling up the DagBag from /home/airflow/.local/lib/python3.7/site-packages/airflow/example_dags/example_branch_operator.py
[2023-03-21T09:03:49.520+0000] {processor.py:753} INFO - DAG(s) dict_keys(['example_branch_operator']) retrieved from /home/airflow/.local/lib/python3.7/site-packages/airflow/example_dags/example_branch_operator.py
[2023-03-21T09:03:49.546+0000] {logging_mixin.py:137} INFO - [2023-03-21T09:03:49.546+0000] {dag.py:2693} INFO - Sync 1 DAGs
[2023-03-21T09:03:49.574+0000] {logging_mixin.py:137} INFO - [2023-03-21T09:03:49.574+0000] {dag.py:3444} INFO - Setting next_dagrun for example_branch_operator to 2023-03-20T00:00:00+00:00, run_after=2023-03-21T00:00:00+00:00
[2023-03-21T09:03:49.595+0000] {processor.py:175} INFO - Processing /home/airflow/.local/lib/python3.7/site-packages/airflow/example_dags/example_branch_operator.py took 0.095 seconds
[2023-03-21T09:04:20.146+0000] {processor.py:153} INFO - Started process (PID=1374) to work on /home/airflow/.local/lib/python3.7/site-packages/airflow/example_dags/example_branch_operator.py
[2023-03-21T09:04:20.147+0000] {processor.py:743} INFO - Processing file /home/airflow/.local/lib/python3.7/site-packages/airflow/example_dags/example_branch_operator.py for tasks to queue
[2023-03-21T09:04:20.147+0000] {logging_mixin.py:137} INFO - [2023-03-21T09:04:20.147+0000] {dagbag.py:532} INFO - Filling up the DagBag from /home/airflow/.local/lib/python3.7/site-packages/airflow/example_dags/example_branch_operator.py
[2023-03-21T09:04:20.162+0000] {processor.py:753} INFO - DAG(s) dict_keys(['example_branch_operator']) retrieved from /home/airflow/.local/lib/python3.7/site-packages/airflow/example_dags/example_branch_operator.py
[2023-03-21T09:04:20.189+0000] {logging_mixin.py:137} INFO - [2023-03-21T09:04:20.189+0000] {dag.py:2693} INFO - Sync 1 DAGs
[2023-03-21T09:04:20.218+0000] {logging_mixin.py:137} INFO - [2023-03-21T09:04:20.218+0000] {dag.py:3444} INFO - Setting next_dagrun for example_branch_operator to 2023-03-20T00:00:00+00:00, run_after=2023-03-21T00:00:00+00:00
[2023-03-21T09:04:20.241+0000] {processor.py:175} INFO - Processing /home/airflow/.local/lib/python3.7/site-packages/airflow/example_dags/example_branch_operator.py took 0.097 seconds
[2023-03-21T09:04:50.971+0000] {processor.py:153} INFO - Started process (PID=1591) to work on /home/airflow/.local/lib/python3.7/site-packages/airflow/example_dags/example_branch_operator.py
[2023-03-21T09:04:50.972+0000] {processor.py:743} INFO - Processing file /home/airflow/.local/lib/python3.7/site-packages/airflow/example_dags/example_branch_operator.py for tasks to queue
[2023-03-21T09:04:50.973+0000] {logging_mixin.py:137} INFO - [2023-03-21T09:04:50.973+0000] {dagbag.py:532} INFO - Filling up the DagBag from /home/airflow/.local/lib/python3.7/site-packages/airflow/example_dags/example_branch_operator.py
[2023-03-21T09:04:50.988+0000] {processor.py:753} INFO - DAG(s) dict_keys(['example_branch_operator']) retrieved from /home/airflow/.local/lib/python3.7/site-packages/airflow/example_dags/example_branch_operator.py
[2023-03-21T09:04:51.017+0000] {logging_mixin.py:137} INFO - [2023-03-21T09:04:51.017+0000] {dag.py:2693} INFO - Sync 1 DAGs
[2023-03-21T09:04:51.049+0000] {logging_mixin.py:137} INFO - [2023-03-21T09:04:51.049+0000] {dag.py:3444} INFO - Setting next_dagrun for example_branch_operator to 2023-03-20T00:00:00+00:00, run_after=2023-03-21T00:00:00+00:00
[2023-03-21T09:04:51.072+0000] {processor.py:175} INFO - Processing /home/airflow/.local/lib/python3.7/site-packages/airflow/example_dags/example_branch_operator.py took 0.103 seconds
