[2023-03-21T08:56:47.268+0000] {processor.py:153} INFO - Started process (PID=304) to work on /home/airflow/.local/lib/python3.7/site-packages/airflow/example_dags/example_bash_operator.py
[2023-03-21T08:56:47.269+0000] {processor.py:743} INFO - Processing file /home/airflow/.local/lib/python3.7/site-packages/airflow/example_dags/example_bash_operator.py for tasks to queue
[2023-03-21T08:56:47.269+0000] {logging_mixin.py:137} INFO - [2023-03-21T08:56:47.269+0000] {dagbag.py:532} INFO - Filling up the DagBag from /home/airflow/.local/lib/python3.7/site-packages/airflow/example_dags/example_bash_operator.py
[2023-03-21T08:56:47.289+0000] {processor.py:753} INFO - DAG(s) dict_keys(['example_bash_operator']) retrieved from /home/airflow/.local/lib/python3.7/site-packages/airflow/example_dags/example_bash_operator.py
[2023-03-21T08:56:47.328+0000] {logging_mixin.py:137} INFO - [2023-03-21T08:56:47.328+0000] {dag.py:2693} INFO - Sync 1 DAGs
[2023-03-21T08:56:47.360+0000] {logging_mixin.py:137} INFO - [2023-03-21T08:56:47.360+0000] {dag.py:3444} INFO - Setting next_dagrun for example_bash_operator to 2023-03-20T00:00:00+00:00, run_after=2023-03-21T00:00:00+00:00
[2023-03-21T08:56:47.383+0000] {processor.py:175} INFO - Processing /home/airflow/.local/lib/python3.7/site-packages/airflow/example_dags/example_bash_operator.py took 0.117 seconds
[2023-03-21T08:57:18.418+0000] {processor.py:153} INFO - Started process (PID=521) to work on /home/airflow/.local/lib/python3.7/site-packages/airflow/example_dags/example_bash_operator.py
[2023-03-21T08:57:18.420+0000] {processor.py:743} INFO - Processing file /home/airflow/.local/lib/python3.7/site-packages/airflow/example_dags/example_bash_operator.py for tasks to queue
[2023-03-21T08:57:18.420+0000] {logging_mixin.py:137} INFO - [2023-03-21T08:57:18.420+0000] {dagbag.py:532} INFO - Filling up the DagBag from /home/airflow/.local/lib/python3.7/site-packages/airflow/example_dags/example_bash_operator.py
[2023-03-21T08:57:18.438+0000] {processor.py:753} INFO - DAG(s) dict_keys(['example_bash_operator']) retrieved from /home/airflow/.local/lib/python3.7/site-packages/airflow/example_dags/example_bash_operator.py
[2023-03-21T08:57:18.494+0000] {logging_mixin.py:137} INFO - [2023-03-21T08:57:18.493+0000] {dag.py:2693} INFO - Sync 1 DAGs
[2023-03-21T08:57:18.548+0000] {logging_mixin.py:137} INFO - [2023-03-21T08:57:18.548+0000] {dag.py:3444} INFO - Setting next_dagrun for example_bash_operator to 2023-03-20T00:00:00+00:00, run_after=2023-03-21T00:00:00+00:00
[2023-03-21T08:57:18.571+0000] {processor.py:175} INFO - Processing /home/airflow/.local/lib/python3.7/site-packages/airflow/example_dags/example_bash_operator.py took 0.156 seconds
[2023-03-21T08:57:49.598+0000] {processor.py:153} INFO - Started process (PID=738) to work on /home/airflow/.local/lib/python3.7/site-packages/airflow/example_dags/example_bash_operator.py
[2023-03-21T08:57:49.599+0000] {processor.py:743} INFO - Processing file /home/airflow/.local/lib/python3.7/site-packages/airflow/example_dags/example_bash_operator.py for tasks to queue
[2023-03-21T08:57:49.600+0000] {logging_mixin.py:137} INFO - [2023-03-21T08:57:49.600+0000] {dagbag.py:532} INFO - Filling up the DagBag from /home/airflow/.local/lib/python3.7/site-packages/airflow/example_dags/example_bash_operator.py
[2023-03-21T08:57:49.628+0000] {processor.py:753} INFO - DAG(s) dict_keys(['example_bash_operator']) retrieved from /home/airflow/.local/lib/python3.7/site-packages/airflow/example_dags/example_bash_operator.py
[2023-03-21T08:57:49.675+0000] {logging_mixin.py:137} INFO - [2023-03-21T08:57:49.675+0000] {dag.py:2693} INFO - Sync 1 DAGs
[2023-03-21T08:57:49.707+0000] {logging_mixin.py:137} INFO - [2023-03-21T08:57:49.706+0000] {dag.py:3444} INFO - Setting next_dagrun for example_bash_operator to 2023-03-20T00:00:00+00:00, run_after=2023-03-21T00:00:00+00:00
[2023-03-21T08:57:49.731+0000] {processor.py:175} INFO - Processing /home/airflow/.local/lib/python3.7/site-packages/airflow/example_dags/example_bash_operator.py took 0.135 seconds
[2023-03-21T08:58:20.820+0000] {processor.py:153} INFO - Started process (PID=955) to work on /home/airflow/.local/lib/python3.7/site-packages/airflow/example_dags/example_bash_operator.py
[2023-03-21T08:58:20.821+0000] {processor.py:743} INFO - Processing file /home/airflow/.local/lib/python3.7/site-packages/airflow/example_dags/example_bash_operator.py for tasks to queue
[2023-03-21T08:58:20.821+0000] {logging_mixin.py:137} INFO - [2023-03-21T08:58:20.821+0000] {dagbag.py:532} INFO - Filling up the DagBag from /home/airflow/.local/lib/python3.7/site-packages/airflow/example_dags/example_bash_operator.py
[2023-03-21T08:58:20.845+0000] {processor.py:753} INFO - DAG(s) dict_keys(['example_bash_operator']) retrieved from /home/airflow/.local/lib/python3.7/site-packages/airflow/example_dags/example_bash_operator.py
[2023-03-21T08:58:20.891+0000] {logging_mixin.py:137} INFO - [2023-03-21T08:58:20.891+0000] {dag.py:2693} INFO - Sync 1 DAGs
[2023-03-21T08:58:20.931+0000] {logging_mixin.py:137} INFO - [2023-03-21T08:58:20.931+0000] {dag.py:3444} INFO - Setting next_dagrun for example_bash_operator to 2023-03-20T00:00:00+00:00, run_after=2023-03-21T00:00:00+00:00
[2023-03-21T08:58:20.964+0000] {processor.py:175} INFO - Processing /home/airflow/.local/lib/python3.7/site-packages/airflow/example_dags/example_bash_operator.py took 0.147 seconds
[2023-03-21T08:58:51.927+0000] {processor.py:153} INFO - Started process (PID=1172) to work on /home/airflow/.local/lib/python3.7/site-packages/airflow/example_dags/example_bash_operator.py
[2023-03-21T08:58:51.928+0000] {processor.py:743} INFO - Processing file /home/airflow/.local/lib/python3.7/site-packages/airflow/example_dags/example_bash_operator.py for tasks to queue
[2023-03-21T08:58:51.929+0000] {logging_mixin.py:137} INFO - [2023-03-21T08:58:51.928+0000] {dagbag.py:532} INFO - Filling up the DagBag from /home/airflow/.local/lib/python3.7/site-packages/airflow/example_dags/example_bash_operator.py
[2023-03-21T08:58:51.948+0000] {processor.py:753} INFO - DAG(s) dict_keys(['example_bash_operator']) retrieved from /home/airflow/.local/lib/python3.7/site-packages/airflow/example_dags/example_bash_operator.py
[2023-03-21T08:58:51.991+0000] {logging_mixin.py:137} INFO - [2023-03-21T08:58:51.991+0000] {dag.py:2693} INFO - Sync 1 DAGs
[2023-03-21T08:58:52.020+0000] {logging_mixin.py:137} INFO - [2023-03-21T08:58:52.019+0000] {dag.py:3444} INFO - Setting next_dagrun for example_bash_operator to 2023-03-20T00:00:00+00:00, run_after=2023-03-21T00:00:00+00:00
[2023-03-21T08:58:52.044+0000] {processor.py:175} INFO - Processing /home/airflow/.local/lib/python3.7/site-packages/airflow/example_dags/example_bash_operator.py took 0.119 seconds
[2023-03-21T08:59:22.855+0000] {processor.py:153} INFO - Started process (PID=1391) to work on /home/airflow/.local/lib/python3.7/site-packages/airflow/example_dags/example_bash_operator.py
[2023-03-21T08:59:22.856+0000] {processor.py:743} INFO - Processing file /home/airflow/.local/lib/python3.7/site-packages/airflow/example_dags/example_bash_operator.py for tasks to queue
[2023-03-21T08:59:22.856+0000] {logging_mixin.py:137} INFO - [2023-03-21T08:59:22.856+0000] {dagbag.py:532} INFO - Filling up the DagBag from /home/airflow/.local/lib/python3.7/site-packages/airflow/example_dags/example_bash_operator.py
[2023-03-21T08:59:22.877+0000] {processor.py:753} INFO - DAG(s) dict_keys(['example_bash_operator']) retrieved from /home/airflow/.local/lib/python3.7/site-packages/airflow/example_dags/example_bash_operator.py
[2023-03-21T08:59:22.924+0000] {logging_mixin.py:137} INFO - [2023-03-21T08:59:22.924+0000] {dag.py:2693} INFO - Sync 1 DAGs
[2023-03-21T08:59:22.959+0000] {logging_mixin.py:137} INFO - [2023-03-21T08:59:22.959+0000] {dag.py:3444} INFO - Setting next_dagrun for example_bash_operator to 2023-03-20T00:00:00+00:00, run_after=2023-03-21T00:00:00+00:00
[2023-03-21T08:59:22.985+0000] {processor.py:175} INFO - Processing /home/airflow/.local/lib/python3.7/site-packages/airflow/example_dags/example_bash_operator.py took 0.132 seconds
[2023-03-21T08:59:54.121+0000] {processor.py:153} INFO - Started process (PID=1606) to work on /home/airflow/.local/lib/python3.7/site-packages/airflow/example_dags/example_bash_operator.py
[2023-03-21T08:59:54.122+0000] {processor.py:743} INFO - Processing file /home/airflow/.local/lib/python3.7/site-packages/airflow/example_dags/example_bash_operator.py for tasks to queue
[2023-03-21T08:59:54.123+0000] {logging_mixin.py:137} INFO - [2023-03-21T08:59:54.122+0000] {dagbag.py:532} INFO - Filling up the DagBag from /home/airflow/.local/lib/python3.7/site-packages/airflow/example_dags/example_bash_operator.py
[2023-03-21T08:59:54.142+0000] {processor.py:753} INFO - DAG(s) dict_keys(['example_bash_operator']) retrieved from /home/airflow/.local/lib/python3.7/site-packages/airflow/example_dags/example_bash_operator.py
[2023-03-21T08:59:54.181+0000] {logging_mixin.py:137} INFO - [2023-03-21T08:59:54.181+0000] {dag.py:2693} INFO - Sync 1 DAGs
[2023-03-21T08:59:54.210+0000] {logging_mixin.py:137} INFO - [2023-03-21T08:59:54.210+0000] {dag.py:3444} INFO - Setting next_dagrun for example_bash_operator to 2023-03-20T00:00:00+00:00, run_after=2023-03-21T00:00:00+00:00
[2023-03-21T08:59:54.237+0000] {processor.py:175} INFO - Processing /home/airflow/.local/lib/python3.7/site-packages/airflow/example_dags/example_bash_operator.py took 0.120 seconds
[2023-03-21T09:00:24.354+0000] {processor.py:153} INFO - Started process (PID=1823) to work on /home/airflow/.local/lib/python3.7/site-packages/airflow/example_dags/example_bash_operator.py
[2023-03-21T09:00:24.355+0000] {processor.py:743} INFO - Processing file /home/airflow/.local/lib/python3.7/site-packages/airflow/example_dags/example_bash_operator.py for tasks to queue
[2023-03-21T09:00:24.355+0000] {logging_mixin.py:137} INFO - [2023-03-21T09:00:24.355+0000] {dagbag.py:532} INFO - Filling up the DagBag from /home/airflow/.local/lib/python3.7/site-packages/airflow/example_dags/example_bash_operator.py
[2023-03-21T09:00:24.379+0000] {processor.py:753} INFO - DAG(s) dict_keys(['example_bash_operator']) retrieved from /home/airflow/.local/lib/python3.7/site-packages/airflow/example_dags/example_bash_operator.py
[2023-03-21T09:00:24.421+0000] {logging_mixin.py:137} INFO - [2023-03-21T09:00:24.421+0000] {dag.py:2693} INFO - Sync 1 DAGs
[2023-03-21T09:00:24.449+0000] {logging_mixin.py:137} INFO - [2023-03-21T09:00:24.449+0000] {dag.py:3444} INFO - Setting next_dagrun for example_bash_operator to 2023-03-20T00:00:00+00:00, run_after=2023-03-21T00:00:00+00:00
[2023-03-21T09:00:24.472+0000] {processor.py:175} INFO - Processing /home/airflow/.local/lib/python3.7/site-packages/airflow/example_dags/example_bash_operator.py took 0.121 seconds
[2023-03-21T09:01:46.400+0000] {processor.py:153} INFO - Started process (PID=304) to work on /home/airflow/.local/lib/python3.7/site-packages/airflow/example_dags/example_bash_operator.py
[2023-03-21T09:01:46.401+0000] {processor.py:743} INFO - Processing file /home/airflow/.local/lib/python3.7/site-packages/airflow/example_dags/example_bash_operator.py for tasks to queue
[2023-03-21T09:01:46.402+0000] {logging_mixin.py:137} INFO - [2023-03-21T09:01:46.402+0000] {dagbag.py:532} INFO - Filling up the DagBag from /home/airflow/.local/lib/python3.7/site-packages/airflow/example_dags/example_bash_operator.py
[2023-03-21T09:01:46.427+0000] {processor.py:753} INFO - DAG(s) dict_keys(['example_bash_operator']) retrieved from /home/airflow/.local/lib/python3.7/site-packages/airflow/example_dags/example_bash_operator.py
[2023-03-21T09:01:46.469+0000] {logging_mixin.py:137} INFO - [2023-03-21T09:01:46.469+0000] {dag.py:2693} INFO - Sync 1 DAGs
[2023-03-21T09:01:46.505+0000] {logging_mixin.py:137} INFO - [2023-03-21T09:01:46.505+0000] {dag.py:3444} INFO - Setting next_dagrun for example_bash_operator to 2023-03-20T00:00:00+00:00, run_after=2023-03-21T00:00:00+00:00
[2023-03-21T09:01:46.534+0000] {processor.py:175} INFO - Processing /home/airflow/.local/lib/python3.7/site-packages/airflow/example_dags/example_bash_operator.py took 0.136 seconds
[2023-03-21T09:02:17.319+0000] {processor.py:153} INFO - Started process (PID=521) to work on /home/airflow/.local/lib/python3.7/site-packages/airflow/example_dags/example_bash_operator.py
[2023-03-21T09:02:17.319+0000] {processor.py:743} INFO - Processing file /home/airflow/.local/lib/python3.7/site-packages/airflow/example_dags/example_bash_operator.py for tasks to queue
[2023-03-21T09:02:17.320+0000] {logging_mixin.py:137} INFO - [2023-03-21T09:02:17.320+0000] {dagbag.py:532} INFO - Filling up the DagBag from /home/airflow/.local/lib/python3.7/site-packages/airflow/example_dags/example_bash_operator.py
[2023-03-21T09:02:17.341+0000] {processor.py:753} INFO - DAG(s) dict_keys(['example_bash_operator']) retrieved from /home/airflow/.local/lib/python3.7/site-packages/airflow/example_dags/example_bash_operator.py
[2023-03-21T09:02:17.383+0000] {logging_mixin.py:137} INFO - [2023-03-21T09:02:17.383+0000] {dag.py:2693} INFO - Sync 1 DAGs
[2023-03-21T09:02:17.408+0000] {logging_mixin.py:137} INFO - [2023-03-21T09:02:17.408+0000] {dag.py:3444} INFO - Setting next_dagrun for example_bash_operator to 2023-03-20T00:00:00+00:00, run_after=2023-03-21T00:00:00+00:00
[2023-03-21T09:02:17.431+0000] {processor.py:175} INFO - Processing /home/airflow/.local/lib/python3.7/site-packages/airflow/example_dags/example_bash_operator.py took 0.114 seconds
[2023-03-21T09:02:48.145+0000] {processor.py:153} INFO - Started process (PID=738) to work on /home/airflow/.local/lib/python3.7/site-packages/airflow/example_dags/example_bash_operator.py
[2023-03-21T09:02:48.146+0000] {processor.py:743} INFO - Processing file /home/airflow/.local/lib/python3.7/site-packages/airflow/example_dags/example_bash_operator.py for tasks to queue
[2023-03-21T09:02:48.146+0000] {logging_mixin.py:137} INFO - [2023-03-21T09:02:48.146+0000] {dagbag.py:532} INFO - Filling up the DagBag from /home/airflow/.local/lib/python3.7/site-packages/airflow/example_dags/example_bash_operator.py
[2023-03-21T09:02:48.165+0000] {processor.py:753} INFO - DAG(s) dict_keys(['example_bash_operator']) retrieved from /home/airflow/.local/lib/python3.7/site-packages/airflow/example_dags/example_bash_operator.py
[2023-03-21T09:02:48.206+0000] {logging_mixin.py:137} INFO - [2023-03-21T09:02:48.206+0000] {dag.py:2693} INFO - Sync 1 DAGs
[2023-03-21T09:02:48.241+0000] {logging_mixin.py:137} INFO - [2023-03-21T09:02:48.241+0000] {dag.py:3444} INFO - Setting next_dagrun for example_bash_operator to 2023-03-20T00:00:00+00:00, run_after=2023-03-21T00:00:00+00:00
[2023-03-21T09:02:48.263+0000] {processor.py:175} INFO - Processing /home/airflow/.local/lib/python3.7/site-packages/airflow/example_dags/example_bash_operator.py took 0.121 seconds
[2023-03-21T09:03:18.958+0000] {processor.py:153} INFO - Started process (PID=955) to work on /home/airflow/.local/lib/python3.7/site-packages/airflow/example_dags/example_bash_operator.py
[2023-03-21T09:03:18.958+0000] {processor.py:743} INFO - Processing file /home/airflow/.local/lib/python3.7/site-packages/airflow/example_dags/example_bash_operator.py for tasks to queue
[2023-03-21T09:03:18.959+0000] {logging_mixin.py:137} INFO - [2023-03-21T09:03:18.959+0000] {dagbag.py:532} INFO - Filling up the DagBag from /home/airflow/.local/lib/python3.7/site-packages/airflow/example_dags/example_bash_operator.py
[2023-03-21T09:03:18.978+0000] {processor.py:753} INFO - DAG(s) dict_keys(['example_bash_operator']) retrieved from /home/airflow/.local/lib/python3.7/site-packages/airflow/example_dags/example_bash_operator.py
[2023-03-21T09:03:19.024+0000] {logging_mixin.py:137} INFO - [2023-03-21T09:03:19.024+0000] {dag.py:2693} INFO - Sync 1 DAGs
[2023-03-21T09:03:19.053+0000] {logging_mixin.py:137} INFO - [2023-03-21T09:03:19.053+0000] {dag.py:3444} INFO - Setting next_dagrun for example_bash_operator to 2023-03-20T00:00:00+00:00, run_after=2023-03-21T00:00:00+00:00
[2023-03-21T09:03:19.075+0000] {processor.py:175} INFO - Processing /home/airflow/.local/lib/python3.7/site-packages/airflow/example_dags/example_bash_operator.py took 0.120 seconds
[2023-03-21T09:03:49.692+0000] {processor.py:153} INFO - Started process (PID=1172) to work on /home/airflow/.local/lib/python3.7/site-packages/airflow/example_dags/example_bash_operator.py
[2023-03-21T09:03:49.693+0000] {processor.py:743} INFO - Processing file /home/airflow/.local/lib/python3.7/site-packages/airflow/example_dags/example_bash_operator.py for tasks to queue
[2023-03-21T09:03:49.694+0000] {logging_mixin.py:137} INFO - [2023-03-21T09:03:49.694+0000] {dagbag.py:532} INFO - Filling up the DagBag from /home/airflow/.local/lib/python3.7/site-packages/airflow/example_dags/example_bash_operator.py
[2023-03-21T09:03:49.713+0000] {processor.py:753} INFO - DAG(s) dict_keys(['example_bash_operator']) retrieved from /home/airflow/.local/lib/python3.7/site-packages/airflow/example_dags/example_bash_operator.py
[2023-03-21T09:03:49.758+0000] {logging_mixin.py:137} INFO - [2023-03-21T09:03:49.758+0000] {dag.py:2693} INFO - Sync 1 DAGs
[2023-03-21T09:03:49.786+0000] {logging_mixin.py:137} INFO - [2023-03-21T09:03:49.786+0000] {dag.py:3444} INFO - Setting next_dagrun for example_bash_operator to 2023-03-20T00:00:00+00:00, run_after=2023-03-21T00:00:00+00:00
[2023-03-21T09:03:49.810+0000] {processor.py:175} INFO - Processing /home/airflow/.local/lib/python3.7/site-packages/airflow/example_dags/example_bash_operator.py took 0.120 seconds
[2023-03-21T09:04:20.319+0000] {processor.py:153} INFO - Started process (PID=1389) to work on /home/airflow/.local/lib/python3.7/site-packages/airflow/example_dags/example_bash_operator.py
[2023-03-21T09:04:20.319+0000] {processor.py:743} INFO - Processing file /home/airflow/.local/lib/python3.7/site-packages/airflow/example_dags/example_bash_operator.py for tasks to queue
[2023-03-21T09:04:20.320+0000] {logging_mixin.py:137} INFO - [2023-03-21T09:04:20.319+0000] {dagbag.py:532} INFO - Filling up the DagBag from /home/airflow/.local/lib/python3.7/site-packages/airflow/example_dags/example_bash_operator.py
[2023-03-21T09:04:20.338+0000] {processor.py:753} INFO - DAG(s) dict_keys(['example_bash_operator']) retrieved from /home/airflow/.local/lib/python3.7/site-packages/airflow/example_dags/example_bash_operator.py
[2023-03-21T09:04:20.379+0000] {logging_mixin.py:137} INFO - [2023-03-21T09:04:20.379+0000] {dag.py:2693} INFO - Sync 1 DAGs
[2023-03-21T09:04:20.410+0000] {logging_mixin.py:137} INFO - [2023-03-21T09:04:20.409+0000] {dag.py:3444} INFO - Setting next_dagrun for example_bash_operator to 2023-03-20T00:00:00+00:00, run_after=2023-03-21T00:00:00+00:00
[2023-03-21T09:04:20.433+0000] {processor.py:175} INFO - Processing /home/airflow/.local/lib/python3.7/site-packages/airflow/example_dags/example_bash_operator.py took 0.116 seconds
[2023-03-21T09:04:51.151+0000] {processor.py:153} INFO - Started process (PID=1606) to work on /home/airflow/.local/lib/python3.7/site-packages/airflow/example_dags/example_bash_operator.py
[2023-03-21T09:04:51.152+0000] {processor.py:743} INFO - Processing file /home/airflow/.local/lib/python3.7/site-packages/airflow/example_dags/example_bash_operator.py for tasks to queue
[2023-03-21T09:04:51.152+0000] {logging_mixin.py:137} INFO - [2023-03-21T09:04:51.152+0000] {dagbag.py:532} INFO - Filling up the DagBag from /home/airflow/.local/lib/python3.7/site-packages/airflow/example_dags/example_bash_operator.py
[2023-03-21T09:04:51.170+0000] {processor.py:753} INFO - DAG(s) dict_keys(['example_bash_operator']) retrieved from /home/airflow/.local/lib/python3.7/site-packages/airflow/example_dags/example_bash_operator.py
[2023-03-21T09:04:51.209+0000] {logging_mixin.py:137} INFO - [2023-03-21T09:04:51.209+0000] {dag.py:2693} INFO - Sync 1 DAGs
[2023-03-21T09:04:51.240+0000] {logging_mixin.py:137} INFO - [2023-03-21T09:04:51.239+0000] {dag.py:3444} INFO - Setting next_dagrun for example_bash_operator to 2023-03-20T00:00:00+00:00, run_after=2023-03-21T00:00:00+00:00
[2023-03-21T09:04:51.264+0000] {processor.py:175} INFO - Processing /home/airflow/.local/lib/python3.7/site-packages/airflow/example_dags/example_bash_operator.py took 0.116 seconds
