[2023-03-21T08:56:46.874+0000] {processor.py:153} INFO - Started process (PID=274) to work on /home/airflow/.local/lib/python3.7/site-packages/airflow/example_dags/example_latest_only.py
[2023-03-21T08:56:46.874+0000] {processor.py:743} INFO - Processing file /home/airflow/.local/lib/python3.7/site-packages/airflow/example_dags/example_latest_only.py for tasks to queue
[2023-03-21T08:56:46.875+0000] {logging_mixin.py:137} INFO - [2023-03-21T08:56:46.875+0000] {dagbag.py:532} INFO - Filling up the DagBag from /home/airflow/.local/lib/python3.7/site-packages/airflow/example_dags/example_latest_only.py
[2023-03-21T08:56:46.887+0000] {processor.py:753} INFO - DAG(s) dict_keys(['latest_only']) retrieved from /home/airflow/.local/lib/python3.7/site-packages/airflow/example_dags/example_latest_only.py
[2023-03-21T08:56:46.909+0000] {logging_mixin.py:137} INFO - [2023-03-21T08:56:46.909+0000] {dag.py:2693} INFO - Sync 1 DAGs
[2023-03-21T08:56:46.942+0000] {logging_mixin.py:137} INFO - [2023-03-21T08:56:46.942+0000] {dag.py:3444} INFO - Setting next_dagrun for latest_only to 2023-03-21T04:56:46.941808+00:00, run_after=2023-03-21T08:56:46.941808+00:00
[2023-03-21T08:56:46.970+0000] {processor.py:175} INFO - Processing /home/airflow/.local/lib/python3.7/site-packages/airflow/example_dags/example_latest_only.py took 0.099 seconds
[2023-03-21T08:57:18.059+0000] {processor.py:153} INFO - Started process (PID=491) to work on /home/airflow/.local/lib/python3.7/site-packages/airflow/example_dags/example_latest_only.py
[2023-03-21T08:57:18.060+0000] {processor.py:743} INFO - Processing file /home/airflow/.local/lib/python3.7/site-packages/airflow/example_dags/example_latest_only.py for tasks to queue
[2023-03-21T08:57:18.061+0000] {logging_mixin.py:137} INFO - [2023-03-21T08:57:18.061+0000] {dagbag.py:532} INFO - Filling up the DagBag from /home/airflow/.local/lib/python3.7/site-packages/airflow/example_dags/example_latest_only.py
[2023-03-21T08:57:18.071+0000] {processor.py:753} INFO - DAG(s) dict_keys(['latest_only']) retrieved from /home/airflow/.local/lib/python3.7/site-packages/airflow/example_dags/example_latest_only.py
[2023-03-21T08:57:18.096+0000] {logging_mixin.py:137} INFO - [2023-03-21T08:57:18.096+0000] {dag.py:2693} INFO - Sync 1 DAGs
[2023-03-21T08:57:18.123+0000] {logging_mixin.py:137} INFO - [2023-03-21T08:57:18.123+0000] {dag.py:3444} INFO - Setting next_dagrun for latest_only to 2023-03-21T04:57:18.123287+00:00, run_after=2023-03-21T08:57:18.123287+00:00
[2023-03-21T08:57:18.148+0000] {processor.py:175} INFO - Processing /home/airflow/.local/lib/python3.7/site-packages/airflow/example_dags/example_latest_only.py took 0.091 seconds
[2023-03-21T08:57:49.207+0000] {processor.py:153} INFO - Started process (PID=708) to work on /home/airflow/.local/lib/python3.7/site-packages/airflow/example_dags/example_latest_only.py
[2023-03-21T08:57:49.208+0000] {processor.py:743} INFO - Processing file /home/airflow/.local/lib/python3.7/site-packages/airflow/example_dags/example_latest_only.py for tasks to queue
[2023-03-21T08:57:49.209+0000] {logging_mixin.py:137} INFO - [2023-03-21T08:57:49.209+0000] {dagbag.py:532} INFO - Filling up the DagBag from /home/airflow/.local/lib/python3.7/site-packages/airflow/example_dags/example_latest_only.py
[2023-03-21T08:57:49.222+0000] {processor.py:753} INFO - DAG(s) dict_keys(['latest_only']) retrieved from /home/airflow/.local/lib/python3.7/site-packages/airflow/example_dags/example_latest_only.py
[2023-03-21T08:57:49.253+0000] {logging_mixin.py:137} INFO - [2023-03-21T08:57:49.252+0000] {dag.py:2693} INFO - Sync 1 DAGs
[2023-03-21T08:57:49.284+0000] {logging_mixin.py:137} INFO - [2023-03-21T08:57:49.284+0000] {dag.py:3444} INFO - Setting next_dagrun for latest_only to 2023-03-21T04:57:49.284302+00:00, run_after=2023-03-21T08:57:49.284302+00:00
[2023-03-21T08:57:49.309+0000] {processor.py:175} INFO - Processing /home/airflow/.local/lib/python3.7/site-packages/airflow/example_dags/example_latest_only.py took 0.105 seconds
[2023-03-21T08:58:20.251+0000] {processor.py:153} INFO - Started process (PID=925) to work on /home/airflow/.local/lib/python3.7/site-packages/airflow/example_dags/example_latest_only.py
[2023-03-21T08:58:20.251+0000] {processor.py:743} INFO - Processing file /home/airflow/.local/lib/python3.7/site-packages/airflow/example_dags/example_latest_only.py for tasks to queue
[2023-03-21T08:58:20.252+0000] {logging_mixin.py:137} INFO - [2023-03-21T08:58:20.252+0000] {dagbag.py:532} INFO - Filling up the DagBag from /home/airflow/.local/lib/python3.7/site-packages/airflow/example_dags/example_latest_only.py
[2023-03-21T08:58:20.263+0000] {processor.py:753} INFO - DAG(s) dict_keys(['latest_only']) retrieved from /home/airflow/.local/lib/python3.7/site-packages/airflow/example_dags/example_latest_only.py
[2023-03-21T08:58:20.290+0000] {logging_mixin.py:137} INFO - [2023-03-21T08:58:20.289+0000] {dag.py:2693} INFO - Sync 1 DAGs
[2023-03-21T08:58:20.329+0000] {logging_mixin.py:137} INFO - [2023-03-21T08:58:20.328+0000] {dag.py:3444} INFO - Setting next_dagrun for latest_only to 2023-03-21T04:58:20.328777+00:00, run_after=2023-03-21T08:58:20.328777+00:00
[2023-03-21T08:58:20.354+0000] {processor.py:175} INFO - Processing /home/airflow/.local/lib/python3.7/site-packages/airflow/example_dags/example_latest_only.py took 0.105 seconds
[2023-03-21T08:58:51.515+0000] {processor.py:153} INFO - Started process (PID=1142) to work on /home/airflow/.local/lib/python3.7/site-packages/airflow/example_dags/example_latest_only.py
[2023-03-21T08:58:51.516+0000] {processor.py:743} INFO - Processing file /home/airflow/.local/lib/python3.7/site-packages/airflow/example_dags/example_latest_only.py for tasks to queue
[2023-03-21T08:58:51.517+0000] {logging_mixin.py:137} INFO - [2023-03-21T08:58:51.517+0000] {dagbag.py:532} INFO - Filling up the DagBag from /home/airflow/.local/lib/python3.7/site-packages/airflow/example_dags/example_latest_only.py
[2023-03-21T08:58:51.533+0000] {processor.py:753} INFO - DAG(s) dict_keys(['latest_only']) retrieved from /home/airflow/.local/lib/python3.7/site-packages/airflow/example_dags/example_latest_only.py
[2023-03-21T08:58:51.563+0000] {logging_mixin.py:137} INFO - [2023-03-21T08:58:51.563+0000] {dag.py:2693} INFO - Sync 1 DAGs
[2023-03-21T08:58:51.595+0000] {logging_mixin.py:137} INFO - [2023-03-21T08:58:51.594+0000] {dag.py:3444} INFO - Setting next_dagrun for latest_only to 2023-03-21T04:58:51.594416+00:00, run_after=2023-03-21T08:58:51.594416+00:00
[2023-03-21T08:58:51.623+0000] {processor.py:175} INFO - Processing /home/airflow/.local/lib/python3.7/site-packages/airflow/example_dags/example_latest_only.py took 0.112 seconds
[2023-03-21T08:59:22.333+0000] {processor.py:153} INFO - Started process (PID=1359) to work on /home/airflow/.local/lib/python3.7/site-packages/airflow/example_dags/example_latest_only.py
[2023-03-21T08:59:22.334+0000] {processor.py:743} INFO - Processing file /home/airflow/.local/lib/python3.7/site-packages/airflow/example_dags/example_latest_only.py for tasks to queue
[2023-03-21T08:59:22.334+0000] {logging_mixin.py:137} INFO - [2023-03-21T08:59:22.334+0000] {dagbag.py:532} INFO - Filling up the DagBag from /home/airflow/.local/lib/python3.7/site-packages/airflow/example_dags/example_latest_only.py
[2023-03-21T08:59:22.345+0000] {processor.py:753} INFO - DAG(s) dict_keys(['latest_only']) retrieved from /home/airflow/.local/lib/python3.7/site-packages/airflow/example_dags/example_latest_only.py
[2023-03-21T08:59:22.368+0000] {logging_mixin.py:137} INFO - [2023-03-21T08:59:22.368+0000] {dag.py:2693} INFO - Sync 1 DAGs
[2023-03-21T08:59:22.395+0000] {logging_mixin.py:137} INFO - [2023-03-21T08:59:22.395+0000] {dag.py:3444} INFO - Setting next_dagrun for latest_only to 2023-03-21T04:59:22.395266+00:00, run_after=2023-03-21T08:59:22.395266+00:00
[2023-03-21T08:59:22.420+0000] {processor.py:175} INFO - Processing /home/airflow/.local/lib/python3.7/site-packages/airflow/example_dags/example_latest_only.py took 0.089 seconds
[2023-03-21T08:59:53.631+0000] {processor.py:153} INFO - Started process (PID=1576) to work on /home/airflow/.local/lib/python3.7/site-packages/airflow/example_dags/example_latest_only.py
[2023-03-21T08:59:53.633+0000] {processor.py:743} INFO - Processing file /home/airflow/.local/lib/python3.7/site-packages/airflow/example_dags/example_latest_only.py for tasks to queue
[2023-03-21T08:59:53.634+0000] {logging_mixin.py:137} INFO - [2023-03-21T08:59:53.634+0000] {dagbag.py:532} INFO - Filling up the DagBag from /home/airflow/.local/lib/python3.7/site-packages/airflow/example_dags/example_latest_only.py
[2023-03-21T08:59:53.655+0000] {processor.py:753} INFO - DAG(s) dict_keys(['latest_only']) retrieved from /home/airflow/.local/lib/python3.7/site-packages/airflow/example_dags/example_latest_only.py
[2023-03-21T08:59:53.702+0000] {logging_mixin.py:137} INFO - [2023-03-21T08:59:53.702+0000] {dag.py:2693} INFO - Sync 1 DAGs
[2023-03-21T08:59:53.774+0000] {logging_mixin.py:137} INFO - [2023-03-21T08:59:53.774+0000] {dag.py:3444} INFO - Setting next_dagrun for latest_only to 2023-03-21T04:59:53.773499+00:00, run_after=2023-03-21T08:59:53.773499+00:00
[2023-03-21T08:59:53.810+0000] {processor.py:175} INFO - Processing /home/airflow/.local/lib/python3.7/site-packages/airflow/example_dags/example_latest_only.py took 0.182 seconds
[2023-03-21T09:00:23.950+0000] {processor.py:153} INFO - Started process (PID=1795) to work on /home/airflow/.local/lib/python3.7/site-packages/airflow/example_dags/example_latest_only.py
[2023-03-21T09:00:23.951+0000] {processor.py:743} INFO - Processing file /home/airflow/.local/lib/python3.7/site-packages/airflow/example_dags/example_latest_only.py for tasks to queue
[2023-03-21T09:00:23.951+0000] {logging_mixin.py:137} INFO - [2023-03-21T09:00:23.951+0000] {dagbag.py:532} INFO - Filling up the DagBag from /home/airflow/.local/lib/python3.7/site-packages/airflow/example_dags/example_latest_only.py
[2023-03-21T09:00:23.962+0000] {processor.py:753} INFO - DAG(s) dict_keys(['latest_only']) retrieved from /home/airflow/.local/lib/python3.7/site-packages/airflow/example_dags/example_latest_only.py
[2023-03-21T09:00:23.985+0000] {logging_mixin.py:137} INFO - [2023-03-21T09:00:23.985+0000] {dag.py:2693} INFO - Sync 1 DAGs
[2023-03-21T09:00:24.012+0000] {logging_mixin.py:137} INFO - [2023-03-21T09:00:24.012+0000] {dag.py:3444} INFO - Setting next_dagrun for latest_only to 2023-03-21T05:00:24.012367+00:00, run_after=2023-03-21T09:00:24.012367+00:00
[2023-03-21T09:00:24.035+0000] {processor.py:175} INFO - Processing /home/airflow/.local/lib/python3.7/site-packages/airflow/example_dags/example_latest_only.py took 0.087 seconds
[2023-03-21T09:01:45.997+0000] {processor.py:153} INFO - Started process (PID=274) to work on /home/airflow/.local/lib/python3.7/site-packages/airflow/example_dags/example_latest_only.py
[2023-03-21T09:01:45.998+0000] {processor.py:743} INFO - Processing file /home/airflow/.local/lib/python3.7/site-packages/airflow/example_dags/example_latest_only.py for tasks to queue
[2023-03-21T09:01:45.998+0000] {logging_mixin.py:137} INFO - [2023-03-21T09:01:45.998+0000] {dagbag.py:532} INFO - Filling up the DagBag from /home/airflow/.local/lib/python3.7/site-packages/airflow/example_dags/example_latest_only.py
[2023-03-21T09:01:46.011+0000] {processor.py:753} INFO - DAG(s) dict_keys(['latest_only']) retrieved from /home/airflow/.local/lib/python3.7/site-packages/airflow/example_dags/example_latest_only.py
[2023-03-21T09:01:46.046+0000] {logging_mixin.py:137} INFO - [2023-03-21T09:01:46.046+0000] {dag.py:2693} INFO - Sync 1 DAGs
[2023-03-21T09:01:46.072+0000] {logging_mixin.py:137} INFO - [2023-03-21T09:01:46.072+0000] {dag.py:3444} INFO - Setting next_dagrun for latest_only to 2023-03-21T05:01:46.072037+00:00, run_after=2023-03-21T09:01:46.072037+00:00
[2023-03-21T09:01:46.094+0000] {processor.py:175} INFO - Processing /home/airflow/.local/lib/python3.7/site-packages/airflow/example_dags/example_latest_only.py took 0.100 seconds
[2023-03-21T09:02:16.940+0000] {processor.py:153} INFO - Started process (PID=491) to work on /home/airflow/.local/lib/python3.7/site-packages/airflow/example_dags/example_latest_only.py
[2023-03-21T09:02:16.941+0000] {processor.py:743} INFO - Processing file /home/airflow/.local/lib/python3.7/site-packages/airflow/example_dags/example_latest_only.py for tasks to queue
[2023-03-21T09:02:16.941+0000] {logging_mixin.py:137} INFO - [2023-03-21T09:02:16.941+0000] {dagbag.py:532} INFO - Filling up the DagBag from /home/airflow/.local/lib/python3.7/site-packages/airflow/example_dags/example_latest_only.py
[2023-03-21T09:02:16.953+0000] {processor.py:753} INFO - DAG(s) dict_keys(['latest_only']) retrieved from /home/airflow/.local/lib/python3.7/site-packages/airflow/example_dags/example_latest_only.py
[2023-03-21T09:02:16.979+0000] {logging_mixin.py:137} INFO - [2023-03-21T09:02:16.979+0000] {dag.py:2693} INFO - Sync 1 DAGs
[2023-03-21T09:02:17.018+0000] {logging_mixin.py:137} INFO - [2023-03-21T09:02:17.017+0000] {dag.py:3444} INFO - Setting next_dagrun for latest_only to 2023-03-21T05:02:17.017660+00:00, run_after=2023-03-21T09:02:17.017660+00:00
[2023-03-21T09:02:17.042+0000] {processor.py:175} INFO - Processing /home/airflow/.local/lib/python3.7/site-packages/airflow/example_dags/example_latest_only.py took 0.104 seconds
[2023-03-21T09:02:47.785+0000] {processor.py:153} INFO - Started process (PID=708) to work on /home/airflow/.local/lib/python3.7/site-packages/airflow/example_dags/example_latest_only.py
[2023-03-21T09:02:47.786+0000] {processor.py:743} INFO - Processing file /home/airflow/.local/lib/python3.7/site-packages/airflow/example_dags/example_latest_only.py for tasks to queue
[2023-03-21T09:02:47.787+0000] {logging_mixin.py:137} INFO - [2023-03-21T09:02:47.787+0000] {dagbag.py:532} INFO - Filling up the DagBag from /home/airflow/.local/lib/python3.7/site-packages/airflow/example_dags/example_latest_only.py
[2023-03-21T09:02:47.800+0000] {processor.py:753} INFO - DAG(s) dict_keys(['latest_only']) retrieved from /home/airflow/.local/lib/python3.7/site-packages/airflow/example_dags/example_latest_only.py
[2023-03-21T09:02:47.825+0000] {logging_mixin.py:137} INFO - [2023-03-21T09:02:47.824+0000] {dag.py:2693} INFO - Sync 1 DAGs
[2023-03-21T09:02:47.852+0000] {logging_mixin.py:137} INFO - [2023-03-21T09:02:47.852+0000] {dag.py:3444} INFO - Setting next_dagrun for latest_only to 2023-03-21T05:02:47.851924+00:00, run_after=2023-03-21T09:02:47.851924+00:00
[2023-03-21T09:02:47.874+0000] {processor.py:175} INFO - Processing /home/airflow/.local/lib/python3.7/site-packages/airflow/example_dags/example_latest_only.py took 0.094 seconds
[2023-03-21T09:03:18.599+0000] {processor.py:153} INFO - Started process (PID=925) to work on /home/airflow/.local/lib/python3.7/site-packages/airflow/example_dags/example_latest_only.py
[2023-03-21T09:03:18.599+0000] {processor.py:743} INFO - Processing file /home/airflow/.local/lib/python3.7/site-packages/airflow/example_dags/example_latest_only.py for tasks to queue
[2023-03-21T09:03:18.600+0000] {logging_mixin.py:137} INFO - [2023-03-21T09:03:18.600+0000] {dagbag.py:532} INFO - Filling up the DagBag from /home/airflow/.local/lib/python3.7/site-packages/airflow/example_dags/example_latest_only.py
[2023-03-21T09:03:18.610+0000] {processor.py:753} INFO - DAG(s) dict_keys(['latest_only']) retrieved from /home/airflow/.local/lib/python3.7/site-packages/airflow/example_dags/example_latest_only.py
[2023-03-21T09:03:18.633+0000] {logging_mixin.py:137} INFO - [2023-03-21T09:03:18.633+0000] {dag.py:2693} INFO - Sync 1 DAGs
[2023-03-21T09:03:18.660+0000] {logging_mixin.py:137} INFO - [2023-03-21T09:03:18.660+0000] {dag.py:3444} INFO - Setting next_dagrun for latest_only to 2023-03-21T05:03:18.659864+00:00, run_after=2023-03-21T09:03:18.659864+00:00
[2023-03-21T09:03:18.683+0000] {processor.py:175} INFO - Processing /home/airflow/.local/lib/python3.7/site-packages/airflow/example_dags/example_latest_only.py took 0.086 seconds
[2023-03-21T09:03:49.327+0000] {processor.py:153} INFO - Started process (PID=1142) to work on /home/airflow/.local/lib/python3.7/site-packages/airflow/example_dags/example_latest_only.py
[2023-03-21T09:03:49.328+0000] {processor.py:743} INFO - Processing file /home/airflow/.local/lib/python3.7/site-packages/airflow/example_dags/example_latest_only.py for tasks to queue
[2023-03-21T09:03:49.329+0000] {logging_mixin.py:137} INFO - [2023-03-21T09:03:49.329+0000] {dagbag.py:532} INFO - Filling up the DagBag from /home/airflow/.local/lib/python3.7/site-packages/airflow/example_dags/example_latest_only.py
[2023-03-21T09:03:49.340+0000] {processor.py:753} INFO - DAG(s) dict_keys(['latest_only']) retrieved from /home/airflow/.local/lib/python3.7/site-packages/airflow/example_dags/example_latest_only.py
[2023-03-21T09:03:49.366+0000] {logging_mixin.py:137} INFO - [2023-03-21T09:03:49.366+0000] {dag.py:2693} INFO - Sync 1 DAGs
[2023-03-21T09:03:49.392+0000] {logging_mixin.py:137} INFO - [2023-03-21T09:03:49.392+0000] {dag.py:3444} INFO - Setting next_dagrun for latest_only to 2023-03-21T05:03:49.392013+00:00, run_after=2023-03-21T09:03:49.392013+00:00
[2023-03-21T09:03:49.415+0000] {processor.py:175} INFO - Processing /home/airflow/.local/lib/python3.7/site-packages/airflow/example_dags/example_latest_only.py took 0.090 seconds
[2023-03-21T09:04:19.966+0000] {processor.py:153} INFO - Started process (PID=1359) to work on /home/airflow/.local/lib/python3.7/site-packages/airflow/example_dags/example_latest_only.py
[2023-03-21T09:04:19.966+0000] {processor.py:743} INFO - Processing file /home/airflow/.local/lib/python3.7/site-packages/airflow/example_dags/example_latest_only.py for tasks to queue
[2023-03-21T09:04:19.967+0000] {logging_mixin.py:137} INFO - [2023-03-21T09:04:19.967+0000] {dagbag.py:532} INFO - Filling up the DagBag from /home/airflow/.local/lib/python3.7/site-packages/airflow/example_dags/example_latest_only.py
[2023-03-21T09:04:19.978+0000] {processor.py:753} INFO - DAG(s) dict_keys(['latest_only']) retrieved from /home/airflow/.local/lib/python3.7/site-packages/airflow/example_dags/example_latest_only.py
[2023-03-21T09:04:20.001+0000] {logging_mixin.py:137} INFO - [2023-03-21T09:04:20.001+0000] {dag.py:2693} INFO - Sync 1 DAGs
[2023-03-21T09:04:20.028+0000] {logging_mixin.py:137} INFO - [2023-03-21T09:04:20.027+0000] {dag.py:3444} INFO - Setting next_dagrun for latest_only to 2023-03-21T05:04:20.027691+00:00, run_after=2023-03-21T09:04:20.027691+00:00
[2023-03-21T09:04:20.050+0000] {processor.py:175} INFO - Processing /home/airflow/.local/lib/python3.7/site-packages/airflow/example_dags/example_latest_only.py took 0.087 seconds
[2023-03-21T09:04:50.787+0000] {processor.py:153} INFO - Started process (PID=1576) to work on /home/airflow/.local/lib/python3.7/site-packages/airflow/example_dags/example_latest_only.py
[2023-03-21T09:04:50.788+0000] {processor.py:743} INFO - Processing file /home/airflow/.local/lib/python3.7/site-packages/airflow/example_dags/example_latest_only.py for tasks to queue
[2023-03-21T09:04:50.789+0000] {logging_mixin.py:137} INFO - [2023-03-21T09:04:50.789+0000] {dagbag.py:532} INFO - Filling up the DagBag from /home/airflow/.local/lib/python3.7/site-packages/airflow/example_dags/example_latest_only.py
[2023-03-21T09:04:50.801+0000] {processor.py:753} INFO - DAG(s) dict_keys(['latest_only']) retrieved from /home/airflow/.local/lib/python3.7/site-packages/airflow/example_dags/example_latest_only.py
[2023-03-21T09:04:50.826+0000] {logging_mixin.py:137} INFO - [2023-03-21T09:04:50.826+0000] {dag.py:2693} INFO - Sync 1 DAGs
[2023-03-21T09:04:50.852+0000] {logging_mixin.py:137} INFO - [2023-03-21T09:04:50.852+0000] {dag.py:3444} INFO - Setting next_dagrun for latest_only to 2023-03-21T05:04:50.852629+00:00, run_after=2023-03-21T09:04:50.852629+00:00
[2023-03-21T09:04:50.876+0000] {processor.py:175} INFO - Processing /home/airflow/.local/lib/python3.7/site-packages/airflow/example_dags/example_latest_only.py took 0.091 seconds
