[2023-03-21T08:56:46.149+0000] {processor.py:153} INFO - Started process (PID=229) to work on /home/airflow/.local/lib/python3.7/site-packages/airflow/example_dags/example_complex.py
[2023-03-21T08:56:46.150+0000] {processor.py:743} INFO - Processing file /home/airflow/.local/lib/python3.7/site-packages/airflow/example_dags/example_complex.py for tasks to queue
[2023-03-21T08:56:46.150+0000] {logging_mixin.py:137} INFO - [2023-03-21T08:56:46.150+0000] {dagbag.py:532} INFO - Filling up the DagBag from /home/airflow/.local/lib/python3.7/site-packages/airflow/example_dags/example_complex.py
[2023-03-21T08:56:46.161+0000] {logging_mixin.py:137} INFO - [2023-03-21T08:56:46.161+0000] {taskmixin.py:211} WARNING - Dependency <Task(BashOperator): create_entry_group>, delete_entry_group already registered for DAG: example_complex
[2023-03-21T08:56:46.162+0000] {logging_mixin.py:137} INFO - [2023-03-21T08:56:46.162+0000] {taskmixin.py:211} WARNING - Dependency <Task(BashOperator): delete_entry_group>, create_entry_group already registered for DAG: example_complex
[2023-03-21T08:56:46.162+0000] {logging_mixin.py:137} INFO - [2023-03-21T08:56:46.162+0000] {taskmixin.py:211} WARNING - Dependency <Task(BashOperator): create_entry_gcs>, delete_entry already registered for DAG: example_complex
[2023-03-21T08:56:46.162+0000] {logging_mixin.py:137} INFO - [2023-03-21T08:56:46.162+0000] {taskmixin.py:211} WARNING - Dependency <Task(BashOperator): delete_entry>, create_entry_gcs already registered for DAG: example_complex
[2023-03-21T08:56:46.162+0000] {logging_mixin.py:137} INFO - [2023-03-21T08:56:46.162+0000] {taskmixin.py:211} WARNING - Dependency <Task(BashOperator): create_tag>, delete_tag already registered for DAG: example_complex
[2023-03-21T08:56:46.162+0000] {logging_mixin.py:137} INFO - [2023-03-21T08:56:46.162+0000] {taskmixin.py:211} WARNING - Dependency <Task(BashOperator): delete_tag>, create_tag already registered for DAG: example_complex
[2023-03-21T08:56:46.169+0000] {processor.py:753} INFO - DAG(s) dict_keys(['example_complex']) retrieved from /home/airflow/.local/lib/python3.7/site-packages/airflow/example_dags/example_complex.py
[2023-03-21T08:56:46.203+0000] {logging_mixin.py:137} INFO - [2023-03-21T08:56:46.203+0000] {dag.py:2693} INFO - Sync 1 DAGs
[2023-03-21T08:56:46.233+0000] {logging_mixin.py:137} INFO - [2023-03-21T08:56:46.233+0000] {dag.py:3444} INFO - Setting next_dagrun for example_complex to None, run_after=None
[2023-03-21T08:56:46.260+0000] {processor.py:175} INFO - Processing /home/airflow/.local/lib/python3.7/site-packages/airflow/example_dags/example_complex.py took 0.114 seconds
[2023-03-21T08:57:17.396+0000] {processor.py:153} INFO - Started process (PID=441) to work on /home/airflow/.local/lib/python3.7/site-packages/airflow/example_dags/example_complex.py
[2023-03-21T08:57:17.397+0000] {processor.py:743} INFO - Processing file /home/airflow/.local/lib/python3.7/site-packages/airflow/example_dags/example_complex.py for tasks to queue
[2023-03-21T08:57:17.397+0000] {logging_mixin.py:137} INFO - [2023-03-21T08:57:17.397+0000] {dagbag.py:532} INFO - Filling up the DagBag from /home/airflow/.local/lib/python3.7/site-packages/airflow/example_dags/example_complex.py
[2023-03-21T08:57:17.407+0000] {logging_mixin.py:137} INFO - [2023-03-21T08:57:17.407+0000] {taskmixin.py:211} WARNING - Dependency <Task(BashOperator): create_entry_group>, delete_entry_group already registered for DAG: example_complex
[2023-03-21T08:57:17.408+0000] {logging_mixin.py:137} INFO - [2023-03-21T08:57:17.407+0000] {taskmixin.py:211} WARNING - Dependency <Task(BashOperator): delete_entry_group>, create_entry_group already registered for DAG: example_complex
[2023-03-21T08:57:17.408+0000] {logging_mixin.py:137} INFO - [2023-03-21T08:57:17.408+0000] {taskmixin.py:211} WARNING - Dependency <Task(BashOperator): create_entry_gcs>, delete_entry already registered for DAG: example_complex
[2023-03-21T08:57:17.408+0000] {logging_mixin.py:137} INFO - [2023-03-21T08:57:17.408+0000] {taskmixin.py:211} WARNING - Dependency <Task(BashOperator): delete_entry>, create_entry_gcs already registered for DAG: example_complex
[2023-03-21T08:57:17.408+0000] {logging_mixin.py:137} INFO - [2023-03-21T08:57:17.408+0000] {taskmixin.py:211} WARNING - Dependency <Task(BashOperator): create_tag>, delete_tag already registered for DAG: example_complex
[2023-03-21T08:57:17.408+0000] {logging_mixin.py:137} INFO - [2023-03-21T08:57:17.408+0000] {taskmixin.py:211} WARNING - Dependency <Task(BashOperator): delete_tag>, create_tag already registered for DAG: example_complex
[2023-03-21T08:57:17.415+0000] {processor.py:753} INFO - DAG(s) dict_keys(['example_complex']) retrieved from /home/airflow/.local/lib/python3.7/site-packages/airflow/example_dags/example_complex.py
[2023-03-21T08:57:17.458+0000] {logging_mixin.py:137} INFO - [2023-03-21T08:57:17.458+0000] {dag.py:2693} INFO - Sync 1 DAGs
[2023-03-21T08:57:17.495+0000] {logging_mixin.py:137} INFO - [2023-03-21T08:57:17.495+0000] {dag.py:3444} INFO - Setting next_dagrun for example_complex to None, run_after=None
[2023-03-21T08:57:17.523+0000] {processor.py:175} INFO - Processing /home/airflow/.local/lib/python3.7/site-packages/airflow/example_dags/example_complex.py took 0.130 seconds
[2023-03-21T08:57:48.477+0000] {processor.py:153} INFO - Started process (PID=663) to work on /home/airflow/.local/lib/python3.7/site-packages/airflow/example_dags/example_complex.py
[2023-03-21T08:57:48.478+0000] {processor.py:743} INFO - Processing file /home/airflow/.local/lib/python3.7/site-packages/airflow/example_dags/example_complex.py for tasks to queue
[2023-03-21T08:57:48.478+0000] {logging_mixin.py:137} INFO - [2023-03-21T08:57:48.478+0000] {dagbag.py:532} INFO - Filling up the DagBag from /home/airflow/.local/lib/python3.7/site-packages/airflow/example_dags/example_complex.py
[2023-03-21T08:57:48.491+0000] {logging_mixin.py:137} INFO - [2023-03-21T08:57:48.490+0000] {taskmixin.py:211} WARNING - Dependency <Task(BashOperator): create_entry_group>, delete_entry_group already registered for DAG: example_complex
[2023-03-21T08:57:48.491+0000] {logging_mixin.py:137} INFO - [2023-03-21T08:57:48.491+0000] {taskmixin.py:211} WARNING - Dependency <Task(BashOperator): delete_entry_group>, create_entry_group already registered for DAG: example_complex
[2023-03-21T08:57:48.491+0000] {logging_mixin.py:137} INFO - [2023-03-21T08:57:48.491+0000] {taskmixin.py:211} WARNING - Dependency <Task(BashOperator): create_entry_gcs>, delete_entry already registered for DAG: example_complex
[2023-03-21T08:57:48.491+0000] {logging_mixin.py:137} INFO - [2023-03-21T08:57:48.491+0000] {taskmixin.py:211} WARNING - Dependency <Task(BashOperator): delete_entry>, create_entry_gcs already registered for DAG: example_complex
[2023-03-21T08:57:48.492+0000] {logging_mixin.py:137} INFO - [2023-03-21T08:57:48.492+0000] {taskmixin.py:211} WARNING - Dependency <Task(BashOperator): create_tag>, delete_tag already registered for DAG: example_complex
[2023-03-21T08:57:48.492+0000] {logging_mixin.py:137} INFO - [2023-03-21T08:57:48.492+0000] {taskmixin.py:211} WARNING - Dependency <Task(BashOperator): delete_tag>, create_tag already registered for DAG: example_complex
[2023-03-21T08:57:48.499+0000] {processor.py:753} INFO - DAG(s) dict_keys(['example_complex']) retrieved from /home/airflow/.local/lib/python3.7/site-packages/airflow/example_dags/example_complex.py
[2023-03-21T08:57:48.533+0000] {logging_mixin.py:137} INFO - [2023-03-21T08:57:48.532+0000] {dag.py:2693} INFO - Sync 1 DAGs
[2023-03-21T08:57:48.559+0000] {logging_mixin.py:137} INFO - [2023-03-21T08:57:48.559+0000] {dag.py:3444} INFO - Setting next_dagrun for example_complex to None, run_after=None
[2023-03-21T08:57:48.582+0000] {processor.py:175} INFO - Processing /home/airflow/.local/lib/python3.7/site-packages/airflow/example_dags/example_complex.py took 0.109 seconds
[2023-03-21T08:58:19.644+0000] {processor.py:153} INFO - Started process (PID=880) to work on /home/airflow/.local/lib/python3.7/site-packages/airflow/example_dags/example_complex.py
[2023-03-21T08:58:19.645+0000] {processor.py:743} INFO - Processing file /home/airflow/.local/lib/python3.7/site-packages/airflow/example_dags/example_complex.py for tasks to queue
[2023-03-21T08:58:19.646+0000] {logging_mixin.py:137} INFO - [2023-03-21T08:58:19.646+0000] {dagbag.py:532} INFO - Filling up the DagBag from /home/airflow/.local/lib/python3.7/site-packages/airflow/example_dags/example_complex.py
[2023-03-21T08:58:19.655+0000] {logging_mixin.py:137} INFO - [2023-03-21T08:58:19.655+0000] {taskmixin.py:211} WARNING - Dependency <Task(BashOperator): create_entry_group>, delete_entry_group already registered for DAG: example_complex
[2023-03-21T08:58:19.656+0000] {logging_mixin.py:137} INFO - [2023-03-21T08:58:19.656+0000] {taskmixin.py:211} WARNING - Dependency <Task(BashOperator): delete_entry_group>, create_entry_group already registered for DAG: example_complex
[2023-03-21T08:58:19.656+0000] {logging_mixin.py:137} INFO - [2023-03-21T08:58:19.656+0000] {taskmixin.py:211} WARNING - Dependency <Task(BashOperator): create_entry_gcs>, delete_entry already registered for DAG: example_complex
[2023-03-21T08:58:19.656+0000] {logging_mixin.py:137} INFO - [2023-03-21T08:58:19.656+0000] {taskmixin.py:211} WARNING - Dependency <Task(BashOperator): delete_entry>, create_entry_gcs already registered for DAG: example_complex
[2023-03-21T08:58:19.656+0000] {logging_mixin.py:137} INFO - [2023-03-21T08:58:19.656+0000] {taskmixin.py:211} WARNING - Dependency <Task(BashOperator): create_tag>, delete_tag already registered for DAG: example_complex
[2023-03-21T08:58:19.656+0000] {logging_mixin.py:137} INFO - [2023-03-21T08:58:19.656+0000] {taskmixin.py:211} WARNING - Dependency <Task(BashOperator): delete_tag>, create_tag already registered for DAG: example_complex
[2023-03-21T08:58:19.663+0000] {processor.py:753} INFO - DAG(s) dict_keys(['example_complex']) retrieved from /home/airflow/.local/lib/python3.7/site-packages/airflow/example_dags/example_complex.py
[2023-03-21T08:58:19.700+0000] {logging_mixin.py:137} INFO - [2023-03-21T08:58:19.700+0000] {dag.py:2693} INFO - Sync 1 DAGs
[2023-03-21T08:58:19.726+0000] {logging_mixin.py:137} INFO - [2023-03-21T08:58:19.726+0000] {dag.py:3444} INFO - Setting next_dagrun for example_complex to None, run_after=None
[2023-03-21T08:58:19.748+0000] {processor.py:175} INFO - Processing /home/airflow/.local/lib/python3.7/site-packages/airflow/example_dags/example_complex.py took 0.107 seconds
[2023-03-21T08:58:50.837+0000] {processor.py:153} INFO - Started process (PID=1097) to work on /home/airflow/.local/lib/python3.7/site-packages/airflow/example_dags/example_complex.py
[2023-03-21T08:58:50.837+0000] {processor.py:743} INFO - Processing file /home/airflow/.local/lib/python3.7/site-packages/airflow/example_dags/example_complex.py for tasks to queue
[2023-03-21T08:58:50.838+0000] {logging_mixin.py:137} INFO - [2023-03-21T08:58:50.838+0000] {dagbag.py:532} INFO - Filling up the DagBag from /home/airflow/.local/lib/python3.7/site-packages/airflow/example_dags/example_complex.py
[2023-03-21T08:58:50.849+0000] {logging_mixin.py:137} INFO - [2023-03-21T08:58:50.848+0000] {taskmixin.py:211} WARNING - Dependency <Task(BashOperator): create_entry_group>, delete_entry_group already registered for DAG: example_complex
[2023-03-21T08:58:50.849+0000] {logging_mixin.py:137} INFO - [2023-03-21T08:58:50.849+0000] {taskmixin.py:211} WARNING - Dependency <Task(BashOperator): delete_entry_group>, create_entry_group already registered for DAG: example_complex
[2023-03-21T08:58:50.849+0000] {logging_mixin.py:137} INFO - [2023-03-21T08:58:50.849+0000] {taskmixin.py:211} WARNING - Dependency <Task(BashOperator): create_entry_gcs>, delete_entry already registered for DAG: example_complex
[2023-03-21T08:58:50.849+0000] {logging_mixin.py:137} INFO - [2023-03-21T08:58:50.849+0000] {taskmixin.py:211} WARNING - Dependency <Task(BashOperator): delete_entry>, create_entry_gcs already registered for DAG: example_complex
[2023-03-21T08:58:50.850+0000] {logging_mixin.py:137} INFO - [2023-03-21T08:58:50.850+0000] {taskmixin.py:211} WARNING - Dependency <Task(BashOperator): create_tag>, delete_tag already registered for DAG: example_complex
[2023-03-21T08:58:50.850+0000] {logging_mixin.py:137} INFO - [2023-03-21T08:58:50.850+0000] {taskmixin.py:211} WARNING - Dependency <Task(BashOperator): delete_tag>, create_tag already registered for DAG: example_complex
[2023-03-21T08:58:50.857+0000] {processor.py:753} INFO - DAG(s) dict_keys(['example_complex']) retrieved from /home/airflow/.local/lib/python3.7/site-packages/airflow/example_dags/example_complex.py
[2023-03-21T08:58:50.903+0000] {logging_mixin.py:137} INFO - [2023-03-21T08:58:50.902+0000] {dag.py:2693} INFO - Sync 1 DAGs
[2023-03-21T08:58:50.931+0000] {logging_mixin.py:137} INFO - [2023-03-21T08:58:50.931+0000] {dag.py:3444} INFO - Setting next_dagrun for example_complex to None, run_after=None
[2023-03-21T08:58:50.965+0000] {processor.py:175} INFO - Processing /home/airflow/.local/lib/python3.7/site-packages/airflow/example_dags/example_complex.py took 0.131 seconds
[2023-03-21T08:59:21.743+0000] {processor.py:153} INFO - Started process (PID=1309) to work on /home/airflow/.local/lib/python3.7/site-packages/airflow/example_dags/example_complex.py
[2023-03-21T08:59:21.745+0000] {processor.py:743} INFO - Processing file /home/airflow/.local/lib/python3.7/site-packages/airflow/example_dags/example_complex.py for tasks to queue
[2023-03-21T08:59:21.745+0000] {logging_mixin.py:137} INFO - [2023-03-21T08:59:21.745+0000] {dagbag.py:532} INFO - Filling up the DagBag from /home/airflow/.local/lib/python3.7/site-packages/airflow/example_dags/example_complex.py
[2023-03-21T08:59:21.757+0000] {logging_mixin.py:137} INFO - [2023-03-21T08:59:21.757+0000] {taskmixin.py:211} WARNING - Dependency <Task(BashOperator): create_entry_group>, delete_entry_group already registered for DAG: example_complex
[2023-03-21T08:59:21.757+0000] {logging_mixin.py:137} INFO - [2023-03-21T08:59:21.757+0000] {taskmixin.py:211} WARNING - Dependency <Task(BashOperator): delete_entry_group>, create_entry_group already registered for DAG: example_complex
[2023-03-21T08:59:21.757+0000] {logging_mixin.py:137} INFO - [2023-03-21T08:59:21.757+0000] {taskmixin.py:211} WARNING - Dependency <Task(BashOperator): create_entry_gcs>, delete_entry already registered for DAG: example_complex
[2023-03-21T08:59:21.758+0000] {logging_mixin.py:137} INFO - [2023-03-21T08:59:21.758+0000] {taskmixin.py:211} WARNING - Dependency <Task(BashOperator): delete_entry>, create_entry_gcs already registered for DAG: example_complex
[2023-03-21T08:59:21.758+0000] {logging_mixin.py:137} INFO - [2023-03-21T08:59:21.758+0000] {taskmixin.py:211} WARNING - Dependency <Task(BashOperator): create_tag>, delete_tag already registered for DAG: example_complex
[2023-03-21T08:59:21.758+0000] {logging_mixin.py:137} INFO - [2023-03-21T08:59:21.758+0000] {taskmixin.py:211} WARNING - Dependency <Task(BashOperator): delete_tag>, create_tag already registered for DAG: example_complex
[2023-03-21T08:59:21.766+0000] {processor.py:753} INFO - DAG(s) dict_keys(['example_complex']) retrieved from /home/airflow/.local/lib/python3.7/site-packages/airflow/example_dags/example_complex.py
[2023-03-21T08:59:21.800+0000] {logging_mixin.py:137} INFO - [2023-03-21T08:59:21.800+0000] {dag.py:2693} INFO - Sync 1 DAGs
[2023-03-21T08:59:21.828+0000] {logging_mixin.py:137} INFO - [2023-03-21T08:59:21.828+0000] {dag.py:3444} INFO - Setting next_dagrun for example_complex to None, run_after=None
[2023-03-21T08:59:21.851+0000] {processor.py:175} INFO - Processing /home/airflow/.local/lib/python3.7/site-packages/airflow/example_dags/example_complex.py took 0.112 seconds
[2023-03-21T08:59:52.771+0000] {processor.py:153} INFO - Started process (PID=1528) to work on /home/airflow/.local/lib/python3.7/site-packages/airflow/example_dags/example_complex.py
[2023-03-21T08:59:52.772+0000] {processor.py:743} INFO - Processing file /home/airflow/.local/lib/python3.7/site-packages/airflow/example_dags/example_complex.py for tasks to queue
[2023-03-21T08:59:52.773+0000] {logging_mixin.py:137} INFO - [2023-03-21T08:59:52.772+0000] {dagbag.py:532} INFO - Filling up the DagBag from /home/airflow/.local/lib/python3.7/site-packages/airflow/example_dags/example_complex.py
[2023-03-21T08:59:52.785+0000] {logging_mixin.py:137} INFO - [2023-03-21T08:59:52.785+0000] {taskmixin.py:211} WARNING - Dependency <Task(BashOperator): create_entry_group>, delete_entry_group already registered for DAG: example_complex
[2023-03-21T08:59:52.786+0000] {logging_mixin.py:137} INFO - [2023-03-21T08:59:52.786+0000] {taskmixin.py:211} WARNING - Dependency <Task(BashOperator): delete_entry_group>, create_entry_group already registered for DAG: example_complex
[2023-03-21T08:59:52.786+0000] {logging_mixin.py:137} INFO - [2023-03-21T08:59:52.786+0000] {taskmixin.py:211} WARNING - Dependency <Task(BashOperator): create_entry_gcs>, delete_entry already registered for DAG: example_complex
[2023-03-21T08:59:52.786+0000] {logging_mixin.py:137} INFO - [2023-03-21T08:59:52.786+0000] {taskmixin.py:211} WARNING - Dependency <Task(BashOperator): delete_entry>, create_entry_gcs already registered for DAG: example_complex
[2023-03-21T08:59:52.786+0000] {logging_mixin.py:137} INFO - [2023-03-21T08:59:52.786+0000] {taskmixin.py:211} WARNING - Dependency <Task(BashOperator): create_tag>, delete_tag already registered for DAG: example_complex
[2023-03-21T08:59:52.786+0000] {logging_mixin.py:137} INFO - [2023-03-21T08:59:52.786+0000] {taskmixin.py:211} WARNING - Dependency <Task(BashOperator): delete_tag>, create_tag already registered for DAG: example_complex
[2023-03-21T08:59:52.794+0000] {processor.py:753} INFO - DAG(s) dict_keys(['example_complex']) retrieved from /home/airflow/.local/lib/python3.7/site-packages/airflow/example_dags/example_complex.py
[2023-03-21T08:59:52.831+0000] {logging_mixin.py:137} INFO - [2023-03-21T08:59:52.831+0000] {dag.py:2693} INFO - Sync 1 DAGs
[2023-03-21T08:59:52.858+0000] {logging_mixin.py:137} INFO - [2023-03-21T08:59:52.858+0000] {dag.py:3444} INFO - Setting next_dagrun for example_complex to None, run_after=None
[2023-03-21T08:59:52.883+0000] {processor.py:175} INFO - Processing /home/airflow/.local/lib/python3.7/site-packages/airflow/example_dags/example_complex.py took 0.115 seconds
[2023-03-21T09:00:23.112+0000] {processor.py:153} INFO - Started process (PID=1748) to work on /home/airflow/.local/lib/python3.7/site-packages/airflow/example_dags/example_complex.py
[2023-03-21T09:00:23.114+0000] {processor.py:743} INFO - Processing file /home/airflow/.local/lib/python3.7/site-packages/airflow/example_dags/example_complex.py for tasks to queue
[2023-03-21T09:00:23.114+0000] {logging_mixin.py:137} INFO - [2023-03-21T09:00:23.114+0000] {dagbag.py:532} INFO - Filling up the DagBag from /home/airflow/.local/lib/python3.7/site-packages/airflow/example_dags/example_complex.py
[2023-03-21T09:00:23.124+0000] {logging_mixin.py:137} INFO - [2023-03-21T09:00:23.124+0000] {taskmixin.py:211} WARNING - Dependency <Task(BashOperator): create_entry_group>, delete_entry_group already registered for DAG: example_complex
[2023-03-21T09:00:23.124+0000] {logging_mixin.py:137} INFO - [2023-03-21T09:00:23.124+0000] {taskmixin.py:211} WARNING - Dependency <Task(BashOperator): delete_entry_group>, create_entry_group already registered for DAG: example_complex
[2023-03-21T09:00:23.125+0000] {logging_mixin.py:137} INFO - [2023-03-21T09:00:23.125+0000] {taskmixin.py:211} WARNING - Dependency <Task(BashOperator): create_entry_gcs>, delete_entry already registered for DAG: example_complex
[2023-03-21T09:00:23.125+0000] {logging_mixin.py:137} INFO - [2023-03-21T09:00:23.125+0000] {taskmixin.py:211} WARNING - Dependency <Task(BashOperator): delete_entry>, create_entry_gcs already registered for DAG: example_complex
[2023-03-21T09:00:23.125+0000] {logging_mixin.py:137} INFO - [2023-03-21T09:00:23.125+0000] {taskmixin.py:211} WARNING - Dependency <Task(BashOperator): create_tag>, delete_tag already registered for DAG: example_complex
[2023-03-21T09:00:23.125+0000] {logging_mixin.py:137} INFO - [2023-03-21T09:00:23.125+0000] {taskmixin.py:211} WARNING - Dependency <Task(BashOperator): delete_tag>, create_tag already registered for DAG: example_complex
[2023-03-21T09:00:23.131+0000] {processor.py:753} INFO - DAG(s) dict_keys(['example_complex']) retrieved from /home/airflow/.local/lib/python3.7/site-packages/airflow/example_dags/example_complex.py
[2023-03-21T09:00:23.166+0000] {logging_mixin.py:137} INFO - [2023-03-21T09:00:23.166+0000] {dag.py:2693} INFO - Sync 1 DAGs
[2023-03-21T09:00:23.193+0000] {logging_mixin.py:137} INFO - [2023-03-21T09:00:23.193+0000] {dag.py:3444} INFO - Setting next_dagrun for example_complex to None, run_after=None
[2023-03-21T09:00:23.218+0000] {processor.py:175} INFO - Processing /home/airflow/.local/lib/python3.7/site-packages/airflow/example_dags/example_complex.py took 0.108 seconds
[2023-03-21T09:01:45.359+0000] {processor.py:153} INFO - Started process (PID=229) to work on /home/airflow/.local/lib/python3.7/site-packages/airflow/example_dags/example_complex.py
[2023-03-21T09:01:45.360+0000] {processor.py:743} INFO - Processing file /home/airflow/.local/lib/python3.7/site-packages/airflow/example_dags/example_complex.py for tasks to queue
[2023-03-21T09:01:45.360+0000] {logging_mixin.py:137} INFO - [2023-03-21T09:01:45.360+0000] {dagbag.py:532} INFO - Filling up the DagBag from /home/airflow/.local/lib/python3.7/site-packages/airflow/example_dags/example_complex.py
[2023-03-21T09:01:45.375+0000] {logging_mixin.py:137} INFO - [2023-03-21T09:01:45.375+0000] {taskmixin.py:211} WARNING - Dependency <Task(BashOperator): create_entry_group>, delete_entry_group already registered for DAG: example_complex
[2023-03-21T09:01:45.375+0000] {logging_mixin.py:137} INFO - [2023-03-21T09:01:45.375+0000] {taskmixin.py:211} WARNING - Dependency <Task(BashOperator): delete_entry_group>, create_entry_group already registered for DAG: example_complex
[2023-03-21T09:01:45.376+0000] {logging_mixin.py:137} INFO - [2023-03-21T09:01:45.375+0000] {taskmixin.py:211} WARNING - Dependency <Task(BashOperator): create_entry_gcs>, delete_entry already registered for DAG: example_complex
[2023-03-21T09:01:45.376+0000] {logging_mixin.py:137} INFO - [2023-03-21T09:01:45.376+0000] {taskmixin.py:211} WARNING - Dependency <Task(BashOperator): delete_entry>, create_entry_gcs already registered for DAG: example_complex
[2023-03-21T09:01:45.376+0000] {logging_mixin.py:137} INFO - [2023-03-21T09:01:45.376+0000] {taskmixin.py:211} WARNING - Dependency <Task(BashOperator): create_tag>, delete_tag already registered for DAG: example_complex
[2023-03-21T09:01:45.376+0000] {logging_mixin.py:137} INFO - [2023-03-21T09:01:45.376+0000] {taskmixin.py:211} WARNING - Dependency <Task(BashOperator): delete_tag>, create_tag already registered for DAG: example_complex
[2023-03-21T09:01:45.386+0000] {processor.py:753} INFO - DAG(s) dict_keys(['example_complex']) retrieved from /home/airflow/.local/lib/python3.7/site-packages/airflow/example_dags/example_complex.py
[2023-03-21T09:01:45.421+0000] {logging_mixin.py:137} INFO - [2023-03-21T09:01:45.421+0000] {dag.py:2693} INFO - Sync 1 DAGs
[2023-03-21T09:01:45.448+0000] {logging_mixin.py:137} INFO - [2023-03-21T09:01:45.448+0000] {dag.py:3444} INFO - Setting next_dagrun for example_complex to None, run_after=None
[2023-03-21T09:01:45.471+0000] {processor.py:175} INFO - Processing /home/airflow/.local/lib/python3.7/site-packages/airflow/example_dags/example_complex.py took 0.115 seconds
[2023-03-21T09:02:16.324+0000] {processor.py:153} INFO - Started process (PID=443) to work on /home/airflow/.local/lib/python3.7/site-packages/airflow/example_dags/example_complex.py
[2023-03-21T09:02:16.325+0000] {processor.py:743} INFO - Processing file /home/airflow/.local/lib/python3.7/site-packages/airflow/example_dags/example_complex.py for tasks to queue
[2023-03-21T09:02:16.326+0000] {logging_mixin.py:137} INFO - [2023-03-21T09:02:16.325+0000] {dagbag.py:532} INFO - Filling up the DagBag from /home/airflow/.local/lib/python3.7/site-packages/airflow/example_dags/example_complex.py
[2023-03-21T09:02:16.337+0000] {logging_mixin.py:137} INFO - [2023-03-21T09:02:16.337+0000] {taskmixin.py:211} WARNING - Dependency <Task(BashOperator): create_entry_group>, delete_entry_group already registered for DAG: example_complex
[2023-03-21T09:02:16.337+0000] {logging_mixin.py:137} INFO - [2023-03-21T09:02:16.337+0000] {taskmixin.py:211} WARNING - Dependency <Task(BashOperator): delete_entry_group>, create_entry_group already registered for DAG: example_complex
[2023-03-21T09:02:16.338+0000] {logging_mixin.py:137} INFO - [2023-03-21T09:02:16.338+0000] {taskmixin.py:211} WARNING - Dependency <Task(BashOperator): create_entry_gcs>, delete_entry already registered for DAG: example_complex
[2023-03-21T09:02:16.338+0000] {logging_mixin.py:137} INFO - [2023-03-21T09:02:16.338+0000] {taskmixin.py:211} WARNING - Dependency <Task(BashOperator): delete_entry>, create_entry_gcs already registered for DAG: example_complex
[2023-03-21T09:02:16.338+0000] {logging_mixin.py:137} INFO - [2023-03-21T09:02:16.338+0000] {taskmixin.py:211} WARNING - Dependency <Task(BashOperator): create_tag>, delete_tag already registered for DAG: example_complex
[2023-03-21T09:02:16.338+0000] {logging_mixin.py:137} INFO - [2023-03-21T09:02:16.338+0000] {taskmixin.py:211} WARNING - Dependency <Task(BashOperator): delete_tag>, create_tag already registered for DAG: example_complex
[2023-03-21T09:02:16.345+0000] {processor.py:753} INFO - DAG(s) dict_keys(['example_complex']) retrieved from /home/airflow/.local/lib/python3.7/site-packages/airflow/example_dags/example_complex.py
[2023-03-21T09:02:16.381+0000] {logging_mixin.py:137} INFO - [2023-03-21T09:02:16.381+0000] {dag.py:2693} INFO - Sync 1 DAGs
[2023-03-21T09:02:16.410+0000] {logging_mixin.py:137} INFO - [2023-03-21T09:02:16.409+0000] {dag.py:3444} INFO - Setting next_dagrun for example_complex to None, run_after=None
[2023-03-21T09:02:16.436+0000] {processor.py:175} INFO - Processing /home/airflow/.local/lib/python3.7/site-packages/airflow/example_dags/example_complex.py took 0.115 seconds
[2023-03-21T09:02:47.187+0000] {processor.py:153} INFO - Started process (PID=663) to work on /home/airflow/.local/lib/python3.7/site-packages/airflow/example_dags/example_complex.py
[2023-03-21T09:02:47.187+0000] {processor.py:743} INFO - Processing file /home/airflow/.local/lib/python3.7/site-packages/airflow/example_dags/example_complex.py for tasks to queue
[2023-03-21T09:02:47.188+0000] {logging_mixin.py:137} INFO - [2023-03-21T09:02:47.188+0000] {dagbag.py:532} INFO - Filling up the DagBag from /home/airflow/.local/lib/python3.7/site-packages/airflow/example_dags/example_complex.py
[2023-03-21T09:02:47.198+0000] {logging_mixin.py:137} INFO - [2023-03-21T09:02:47.198+0000] {taskmixin.py:211} WARNING - Dependency <Task(BashOperator): create_entry_group>, delete_entry_group already registered for DAG: example_complex
[2023-03-21T09:02:47.198+0000] {logging_mixin.py:137} INFO - [2023-03-21T09:02:47.198+0000] {taskmixin.py:211} WARNING - Dependency <Task(BashOperator): delete_entry_group>, create_entry_group already registered for DAG: example_complex
[2023-03-21T09:02:47.198+0000] {logging_mixin.py:137} INFO - [2023-03-21T09:02:47.198+0000] {taskmixin.py:211} WARNING - Dependency <Task(BashOperator): create_entry_gcs>, delete_entry already registered for DAG: example_complex
[2023-03-21T09:02:47.198+0000] {logging_mixin.py:137} INFO - [2023-03-21T09:02:47.198+0000] {taskmixin.py:211} WARNING - Dependency <Task(BashOperator): delete_entry>, create_entry_gcs already registered for DAG: example_complex
[2023-03-21T09:02:47.199+0000] {logging_mixin.py:137} INFO - [2023-03-21T09:02:47.198+0000] {taskmixin.py:211} WARNING - Dependency <Task(BashOperator): create_tag>, delete_tag already registered for DAG: example_complex
[2023-03-21T09:02:47.199+0000] {logging_mixin.py:137} INFO - [2023-03-21T09:02:47.199+0000] {taskmixin.py:211} WARNING - Dependency <Task(BashOperator): delete_tag>, create_tag already registered for DAG: example_complex
[2023-03-21T09:02:47.206+0000] {processor.py:753} INFO - DAG(s) dict_keys(['example_complex']) retrieved from /home/airflow/.local/lib/python3.7/site-packages/airflow/example_dags/example_complex.py
[2023-03-21T09:02:47.241+0000] {logging_mixin.py:137} INFO - [2023-03-21T09:02:47.241+0000] {dag.py:2693} INFO - Sync 1 DAGs
[2023-03-21T09:02:47.266+0000] {logging_mixin.py:137} INFO - [2023-03-21T09:02:47.266+0000] {dag.py:3444} INFO - Setting next_dagrun for example_complex to None, run_after=None
[2023-03-21T09:02:47.289+0000] {processor.py:175} INFO - Processing /home/airflow/.local/lib/python3.7/site-packages/airflow/example_dags/example_complex.py took 0.105 seconds
[2023-03-21T09:03:18.014+0000] {processor.py:153} INFO - Started process (PID=880) to work on /home/airflow/.local/lib/python3.7/site-packages/airflow/example_dags/example_complex.py
[2023-03-21T09:03:18.015+0000] {processor.py:743} INFO - Processing file /home/airflow/.local/lib/python3.7/site-packages/airflow/example_dags/example_complex.py for tasks to queue
[2023-03-21T09:03:18.016+0000] {logging_mixin.py:137} INFO - [2023-03-21T09:03:18.016+0000] {dagbag.py:532} INFO - Filling up the DagBag from /home/airflow/.local/lib/python3.7/site-packages/airflow/example_dags/example_complex.py
[2023-03-21T09:03:18.026+0000] {logging_mixin.py:137} INFO - [2023-03-21T09:03:18.026+0000] {taskmixin.py:211} WARNING - Dependency <Task(BashOperator): create_entry_group>, delete_entry_group already registered for DAG: example_complex
[2023-03-21T09:03:18.026+0000] {logging_mixin.py:137} INFO - [2023-03-21T09:03:18.026+0000] {taskmixin.py:211} WARNING - Dependency <Task(BashOperator): delete_entry_group>, create_entry_group already registered for DAG: example_complex
[2023-03-21T09:03:18.027+0000] {logging_mixin.py:137} INFO - [2023-03-21T09:03:18.026+0000] {taskmixin.py:211} WARNING - Dependency <Task(BashOperator): create_entry_gcs>, delete_entry already registered for DAG: example_complex
[2023-03-21T09:03:18.027+0000] {logging_mixin.py:137} INFO - [2023-03-21T09:03:18.027+0000] {taskmixin.py:211} WARNING - Dependency <Task(BashOperator): delete_entry>, create_entry_gcs already registered for DAG: example_complex
[2023-03-21T09:03:18.027+0000] {logging_mixin.py:137} INFO - [2023-03-21T09:03:18.027+0000] {taskmixin.py:211} WARNING - Dependency <Task(BashOperator): create_tag>, delete_tag already registered for DAG: example_complex
[2023-03-21T09:03:18.027+0000] {logging_mixin.py:137} INFO - [2023-03-21T09:03:18.027+0000] {taskmixin.py:211} WARNING - Dependency <Task(BashOperator): delete_tag>, create_tag already registered for DAG: example_complex
[2023-03-21T09:03:18.033+0000] {processor.py:753} INFO - DAG(s) dict_keys(['example_complex']) retrieved from /home/airflow/.local/lib/python3.7/site-packages/airflow/example_dags/example_complex.py
[2023-03-21T09:03:18.068+0000] {logging_mixin.py:137} INFO - [2023-03-21T09:03:18.068+0000] {dag.py:2693} INFO - Sync 1 DAGs
[2023-03-21T09:03:18.095+0000] {logging_mixin.py:137} INFO - [2023-03-21T09:03:18.095+0000] {dag.py:3444} INFO - Setting next_dagrun for example_complex to None, run_after=None
[2023-03-21T09:03:18.118+0000] {processor.py:175} INFO - Processing /home/airflow/.local/lib/python3.7/site-packages/airflow/example_dags/example_complex.py took 0.106 seconds
[2023-03-21T09:03:48.757+0000] {processor.py:153} INFO - Started process (PID=1097) to work on /home/airflow/.local/lib/python3.7/site-packages/airflow/example_dags/example_complex.py
[2023-03-21T09:03:48.758+0000] {processor.py:743} INFO - Processing file /home/airflow/.local/lib/python3.7/site-packages/airflow/example_dags/example_complex.py for tasks to queue
[2023-03-21T09:03:48.758+0000] {logging_mixin.py:137} INFO - [2023-03-21T09:03:48.758+0000] {dagbag.py:532} INFO - Filling up the DagBag from /home/airflow/.local/lib/python3.7/site-packages/airflow/example_dags/example_complex.py
[2023-03-21T09:03:48.769+0000] {logging_mixin.py:137} INFO - [2023-03-21T09:03:48.769+0000] {taskmixin.py:211} WARNING - Dependency <Task(BashOperator): create_entry_group>, delete_entry_group already registered for DAG: example_complex
[2023-03-21T09:03:48.769+0000] {logging_mixin.py:137} INFO - [2023-03-21T09:03:48.769+0000] {taskmixin.py:211} WARNING - Dependency <Task(BashOperator): delete_entry_group>, create_entry_group already registered for DAG: example_complex
[2023-03-21T09:03:48.769+0000] {logging_mixin.py:137} INFO - [2023-03-21T09:03:48.769+0000] {taskmixin.py:211} WARNING - Dependency <Task(BashOperator): create_entry_gcs>, delete_entry already registered for DAG: example_complex
[2023-03-21T09:03:48.769+0000] {logging_mixin.py:137} INFO - [2023-03-21T09:03:48.769+0000] {taskmixin.py:211} WARNING - Dependency <Task(BashOperator): delete_entry>, create_entry_gcs already registered for DAG: example_complex
[2023-03-21T09:03:48.770+0000] {logging_mixin.py:137} INFO - [2023-03-21T09:03:48.770+0000] {taskmixin.py:211} WARNING - Dependency <Task(BashOperator): create_tag>, delete_tag already registered for DAG: example_complex
[2023-03-21T09:03:48.770+0000] {logging_mixin.py:137} INFO - [2023-03-21T09:03:48.770+0000] {taskmixin.py:211} WARNING - Dependency <Task(BashOperator): delete_tag>, create_tag already registered for DAG: example_complex
[2023-03-21T09:03:48.776+0000] {processor.py:753} INFO - DAG(s) dict_keys(['example_complex']) retrieved from /home/airflow/.local/lib/python3.7/site-packages/airflow/example_dags/example_complex.py
[2023-03-21T09:03:48.812+0000] {logging_mixin.py:137} INFO - [2023-03-21T09:03:48.812+0000] {dag.py:2693} INFO - Sync 1 DAGs
[2023-03-21T09:03:48.839+0000] {logging_mixin.py:137} INFO - [2023-03-21T09:03:48.839+0000] {dag.py:3444} INFO - Setting next_dagrun for example_complex to None, run_after=None
[2023-03-21T09:03:48.864+0000] {processor.py:175} INFO - Processing /home/airflow/.local/lib/python3.7/site-packages/airflow/example_dags/example_complex.py took 0.109 seconds
[2023-03-21T09:04:19.393+0000] {processor.py:153} INFO - Started process (PID=1314) to work on /home/airflow/.local/lib/python3.7/site-packages/airflow/example_dags/example_complex.py
[2023-03-21T09:04:19.394+0000] {processor.py:743} INFO - Processing file /home/airflow/.local/lib/python3.7/site-packages/airflow/example_dags/example_complex.py for tasks to queue
[2023-03-21T09:04:19.395+0000] {logging_mixin.py:137} INFO - [2023-03-21T09:04:19.395+0000] {dagbag.py:532} INFO - Filling up the DagBag from /home/airflow/.local/lib/python3.7/site-packages/airflow/example_dags/example_complex.py
[2023-03-21T09:04:19.405+0000] {logging_mixin.py:137} INFO - [2023-03-21T09:04:19.405+0000] {taskmixin.py:211} WARNING - Dependency <Task(BashOperator): create_entry_group>, delete_entry_group already registered for DAG: example_complex
[2023-03-21T09:04:19.405+0000] {logging_mixin.py:137} INFO - [2023-03-21T09:04:19.405+0000] {taskmixin.py:211} WARNING - Dependency <Task(BashOperator): delete_entry_group>, create_entry_group already registered for DAG: example_complex
[2023-03-21T09:04:19.406+0000] {logging_mixin.py:137} INFO - [2023-03-21T09:04:19.406+0000] {taskmixin.py:211} WARNING - Dependency <Task(BashOperator): create_entry_gcs>, delete_entry already registered for DAG: example_complex
[2023-03-21T09:04:19.406+0000] {logging_mixin.py:137} INFO - [2023-03-21T09:04:19.406+0000] {taskmixin.py:211} WARNING - Dependency <Task(BashOperator): delete_entry>, create_entry_gcs already registered for DAG: example_complex
[2023-03-21T09:04:19.406+0000] {logging_mixin.py:137} INFO - [2023-03-21T09:04:19.406+0000] {taskmixin.py:211} WARNING - Dependency <Task(BashOperator): create_tag>, delete_tag already registered for DAG: example_complex
[2023-03-21T09:04:19.406+0000] {logging_mixin.py:137} INFO - [2023-03-21T09:04:19.406+0000] {taskmixin.py:211} WARNING - Dependency <Task(BashOperator): delete_tag>, create_tag already registered for DAG: example_complex
[2023-03-21T09:04:19.412+0000] {processor.py:753} INFO - DAG(s) dict_keys(['example_complex']) retrieved from /home/airflow/.local/lib/python3.7/site-packages/airflow/example_dags/example_complex.py
[2023-03-21T09:04:19.450+0000] {logging_mixin.py:137} INFO - [2023-03-21T09:04:19.450+0000] {dag.py:2693} INFO - Sync 1 DAGs
[2023-03-21T09:04:19.476+0000] {logging_mixin.py:137} INFO - [2023-03-21T09:04:19.476+0000] {dag.py:3444} INFO - Setting next_dagrun for example_complex to None, run_after=None
[2023-03-21T09:04:19.500+0000] {processor.py:175} INFO - Processing /home/airflow/.local/lib/python3.7/site-packages/airflow/example_dags/example_complex.py took 0.109 seconds
[2023-03-21T09:04:50.205+0000] {processor.py:153} INFO - Started process (PID=1531) to work on /home/airflow/.local/lib/python3.7/site-packages/airflow/example_dags/example_complex.py
[2023-03-21T09:04:50.206+0000] {processor.py:743} INFO - Processing file /home/airflow/.local/lib/python3.7/site-packages/airflow/example_dags/example_complex.py for tasks to queue
[2023-03-21T09:04:50.206+0000] {logging_mixin.py:137} INFO - [2023-03-21T09:04:50.206+0000] {dagbag.py:532} INFO - Filling up the DagBag from /home/airflow/.local/lib/python3.7/site-packages/airflow/example_dags/example_complex.py
[2023-03-21T09:04:50.217+0000] {logging_mixin.py:137} INFO - [2023-03-21T09:04:50.217+0000] {taskmixin.py:211} WARNING - Dependency <Task(BashOperator): create_entry_group>, delete_entry_group already registered for DAG: example_complex
[2023-03-21T09:04:50.217+0000] {logging_mixin.py:137} INFO - [2023-03-21T09:04:50.217+0000] {taskmixin.py:211} WARNING - Dependency <Task(BashOperator): delete_entry_group>, create_entry_group already registered for DAG: example_complex
[2023-03-21T09:04:50.217+0000] {logging_mixin.py:137} INFO - [2023-03-21T09:04:50.217+0000] {taskmixin.py:211} WARNING - Dependency <Task(BashOperator): create_entry_gcs>, delete_entry already registered for DAG: example_complex
[2023-03-21T09:04:50.217+0000] {logging_mixin.py:137} INFO - [2023-03-21T09:04:50.217+0000] {taskmixin.py:211} WARNING - Dependency <Task(BashOperator): delete_entry>, create_entry_gcs already registered for DAG: example_complex
[2023-03-21T09:04:50.218+0000] {logging_mixin.py:137} INFO - [2023-03-21T09:04:50.217+0000] {taskmixin.py:211} WARNING - Dependency <Task(BashOperator): create_tag>, delete_tag already registered for DAG: example_complex
[2023-03-21T09:04:50.218+0000] {logging_mixin.py:137} INFO - [2023-03-21T09:04:50.218+0000] {taskmixin.py:211} WARNING - Dependency <Task(BashOperator): delete_tag>, create_tag already registered for DAG: example_complex
[2023-03-21T09:04:50.225+0000] {processor.py:753} INFO - DAG(s) dict_keys(['example_complex']) retrieved from /home/airflow/.local/lib/python3.7/site-packages/airflow/example_dags/example_complex.py
[2023-03-21T09:04:50.258+0000] {logging_mixin.py:137} INFO - [2023-03-21T09:04:50.258+0000] {dag.py:2693} INFO - Sync 1 DAGs
[2023-03-21T09:04:50.284+0000] {logging_mixin.py:137} INFO - [2023-03-21T09:04:50.284+0000] {dag.py:3444} INFO - Setting next_dagrun for example_complex to None, run_after=None
[2023-03-21T09:04:50.306+0000] {processor.py:175} INFO - Processing /home/airflow/.local/lib/python3.7/site-packages/airflow/example_dags/example_complex.py took 0.103 seconds
