[2023-03-21T08:56:46.280+0000] {processor.py:153} INFO - Started process (PID=234) to work on /home/airflow/.local/lib/python3.7/site-packages/airflow/example_dags/example_skip_dag.py
[2023-03-21T08:56:46.281+0000] {processor.py:743} INFO - Processing file /home/airflow/.local/lib/python3.7/site-packages/airflow/example_dags/example_skip_dag.py for tasks to queue
[2023-03-21T08:56:46.281+0000] {logging_mixin.py:137} INFO - [2023-03-21T08:56:46.281+0000] {dagbag.py:532} INFO - Filling up the DagBag from /home/airflow/.local/lib/python3.7/site-packages/airflow/example_dags/example_skip_dag.py
[2023-03-21T08:56:46.293+0000] {processor.py:753} INFO - DAG(s) dict_keys(['example_skip_dag']) retrieved from /home/airflow/.local/lib/python3.7/site-packages/airflow/example_dags/example_skip_dag.py
[2023-03-21T08:56:46.317+0000] {logging_mixin.py:137} INFO - [2023-03-21T08:56:46.317+0000] {dag.py:2693} INFO - Sync 1 DAGs
[2023-03-21T08:56:46.347+0000] {logging_mixin.py:137} INFO - [2023-03-21T08:56:46.347+0000] {dag.py:3444} INFO - Setting next_dagrun for example_skip_dag to 2023-03-20T08:56:46.347429+00:00, run_after=2023-03-21T08:56:46.347429+00:00
[2023-03-21T08:56:46.374+0000] {processor.py:175} INFO - Processing /home/airflow/.local/lib/python3.7/site-packages/airflow/example_dags/example_skip_dag.py took 0.096 seconds
[2023-03-21T08:57:17.547+0000] {processor.py:153} INFO - Started process (PID=451) to work on /home/airflow/.local/lib/python3.7/site-packages/airflow/example_dags/example_skip_dag.py
[2023-03-21T08:57:17.548+0000] {processor.py:743} INFO - Processing file /home/airflow/.local/lib/python3.7/site-packages/airflow/example_dags/example_skip_dag.py for tasks to queue
[2023-03-21T08:57:17.549+0000] {logging_mixin.py:137} INFO - [2023-03-21T08:57:17.549+0000] {dagbag.py:532} INFO - Filling up the DagBag from /home/airflow/.local/lib/python3.7/site-packages/airflow/example_dags/example_skip_dag.py
[2023-03-21T08:57:17.561+0000] {processor.py:753} INFO - DAG(s) dict_keys(['example_skip_dag']) retrieved from /home/airflow/.local/lib/python3.7/site-packages/airflow/example_dags/example_skip_dag.py
[2023-03-21T08:57:17.588+0000] {logging_mixin.py:137} INFO - [2023-03-21T08:57:17.588+0000] {dag.py:2693} INFO - Sync 1 DAGs
[2023-03-21T08:57:17.617+0000] {logging_mixin.py:137} INFO - [2023-03-21T08:57:17.617+0000] {dag.py:3444} INFO - Setting next_dagrun for example_skip_dag to 2023-03-20T08:57:17.617223+00:00, run_after=2023-03-21T08:57:17.617223+00:00
[2023-03-21T08:57:17.642+0000] {processor.py:175} INFO - Processing /home/airflow/.local/lib/python3.7/site-packages/airflow/example_dags/example_skip_dag.py took 0.097 seconds
[2023-03-21T08:57:48.604+0000] {processor.py:153} INFO - Started process (PID=670) to work on /home/airflow/.local/lib/python3.7/site-packages/airflow/example_dags/example_skip_dag.py
[2023-03-21T08:57:48.605+0000] {processor.py:743} INFO - Processing file /home/airflow/.local/lib/python3.7/site-packages/airflow/example_dags/example_skip_dag.py for tasks to queue
[2023-03-21T08:57:48.606+0000] {logging_mixin.py:137} INFO - [2023-03-21T08:57:48.605+0000] {dagbag.py:532} INFO - Filling up the DagBag from /home/airflow/.local/lib/python3.7/site-packages/airflow/example_dags/example_skip_dag.py
[2023-03-21T08:57:48.618+0000] {processor.py:753} INFO - DAG(s) dict_keys(['example_skip_dag']) retrieved from /home/airflow/.local/lib/python3.7/site-packages/airflow/example_dags/example_skip_dag.py
[2023-03-21T08:57:48.644+0000] {logging_mixin.py:137} INFO - [2023-03-21T08:57:48.644+0000] {dag.py:2693} INFO - Sync 1 DAGs
[2023-03-21T08:57:48.672+0000] {logging_mixin.py:137} INFO - [2023-03-21T08:57:48.672+0000] {dag.py:3444} INFO - Setting next_dagrun for example_skip_dag to 2023-03-20T08:57:48.670818+00:00, run_after=2023-03-21T08:57:48.670818+00:00
[2023-03-21T08:57:48.701+0000] {processor.py:175} INFO - Processing /home/airflow/.local/lib/python3.7/site-packages/airflow/example_dags/example_skip_dag.py took 0.099 seconds
[2023-03-21T08:58:19.770+0000] {processor.py:153} INFO - Started process (PID=885) to work on /home/airflow/.local/lib/python3.7/site-packages/airflow/example_dags/example_skip_dag.py
[2023-03-21T08:58:19.771+0000] {processor.py:743} INFO - Processing file /home/airflow/.local/lib/python3.7/site-packages/airflow/example_dags/example_skip_dag.py for tasks to queue
[2023-03-21T08:58:19.772+0000] {logging_mixin.py:137} INFO - [2023-03-21T08:58:19.772+0000] {dagbag.py:532} INFO - Filling up the DagBag from /home/airflow/.local/lib/python3.7/site-packages/airflow/example_dags/example_skip_dag.py
[2023-03-21T08:58:19.785+0000] {processor.py:753} INFO - DAG(s) dict_keys(['example_skip_dag']) retrieved from /home/airflow/.local/lib/python3.7/site-packages/airflow/example_dags/example_skip_dag.py
[2023-03-21T08:58:19.811+0000] {logging_mixin.py:137} INFO - [2023-03-21T08:58:19.811+0000] {dag.py:2693} INFO - Sync 1 DAGs
[2023-03-21T08:58:19.837+0000] {logging_mixin.py:137} INFO - [2023-03-21T08:58:19.837+0000] {dag.py:3444} INFO - Setting next_dagrun for example_skip_dag to 2023-03-20T08:58:19.837218+00:00, run_after=2023-03-21T08:58:19.837218+00:00
[2023-03-21T08:58:19.861+0000] {processor.py:175} INFO - Processing /home/airflow/.local/lib/python3.7/site-packages/airflow/example_dags/example_skip_dag.py took 0.093 seconds
[2023-03-21T08:58:50.990+0000] {processor.py:153} INFO - Started process (PID=1102) to work on /home/airflow/.local/lib/python3.7/site-packages/airflow/example_dags/example_skip_dag.py
[2023-03-21T08:58:50.991+0000] {processor.py:743} INFO - Processing file /home/airflow/.local/lib/python3.7/site-packages/airflow/example_dags/example_skip_dag.py for tasks to queue
[2023-03-21T08:58:50.991+0000] {logging_mixin.py:137} INFO - [2023-03-21T08:58:50.991+0000] {dagbag.py:532} INFO - Filling up the DagBag from /home/airflow/.local/lib/python3.7/site-packages/airflow/example_dags/example_skip_dag.py
[2023-03-21T08:58:51.005+0000] {processor.py:753} INFO - DAG(s) dict_keys(['example_skip_dag']) retrieved from /home/airflow/.local/lib/python3.7/site-packages/airflow/example_dags/example_skip_dag.py
[2023-03-21T08:58:51.032+0000] {logging_mixin.py:137} INFO - [2023-03-21T08:58:51.032+0000] {dag.py:2693} INFO - Sync 1 DAGs
[2023-03-21T08:58:51.068+0000] {logging_mixin.py:137} INFO - [2023-03-21T08:58:51.068+0000] {dag.py:3444} INFO - Setting next_dagrun for example_skip_dag to 2023-03-20T08:58:51.068152+00:00, run_after=2023-03-21T08:58:51.068152+00:00
[2023-03-21T08:58:51.096+0000] {processor.py:175} INFO - Processing /home/airflow/.local/lib/python3.7/site-packages/airflow/example_dags/example_skip_dag.py took 0.109 seconds
[2023-03-21T08:59:21.876+0000] {processor.py:153} INFO - Started process (PID=1319) to work on /home/airflow/.local/lib/python3.7/site-packages/airflow/example_dags/example_skip_dag.py
[2023-03-21T08:59:21.877+0000] {processor.py:743} INFO - Processing file /home/airflow/.local/lib/python3.7/site-packages/airflow/example_dags/example_skip_dag.py for tasks to queue
[2023-03-21T08:59:21.878+0000] {logging_mixin.py:137} INFO - [2023-03-21T08:59:21.878+0000] {dagbag.py:532} INFO - Filling up the DagBag from /home/airflow/.local/lib/python3.7/site-packages/airflow/example_dags/example_skip_dag.py
[2023-03-21T08:59:21.888+0000] {processor.py:753} INFO - DAG(s) dict_keys(['example_skip_dag']) retrieved from /home/airflow/.local/lib/python3.7/site-packages/airflow/example_dags/example_skip_dag.py
[2023-03-21T08:59:21.913+0000] {logging_mixin.py:137} INFO - [2023-03-21T08:59:21.913+0000] {dag.py:2693} INFO - Sync 1 DAGs
[2023-03-21T08:59:21.939+0000] {logging_mixin.py:137} INFO - [2023-03-21T08:59:21.938+0000] {dag.py:3444} INFO - Setting next_dagrun for example_skip_dag to 2023-03-20T08:59:21.938705+00:00, run_after=2023-03-21T08:59:21.938705+00:00
[2023-03-21T08:59:21.963+0000] {processor.py:175} INFO - Processing /home/airflow/.local/lib/python3.7/site-packages/airflow/example_dags/example_skip_dag.py took 0.089 seconds
[2023-03-21T08:59:52.909+0000] {processor.py:153} INFO - Started process (PID=1535) to work on /home/airflow/.local/lib/python3.7/site-packages/airflow/example_dags/example_skip_dag.py
[2023-03-21T08:59:52.910+0000] {processor.py:743} INFO - Processing file /home/airflow/.local/lib/python3.7/site-packages/airflow/example_dags/example_skip_dag.py for tasks to queue
[2023-03-21T08:59:52.911+0000] {logging_mixin.py:137} INFO - [2023-03-21T08:59:52.910+0000] {dagbag.py:532} INFO - Filling up the DagBag from /home/airflow/.local/lib/python3.7/site-packages/airflow/example_dags/example_skip_dag.py
[2023-03-21T08:59:52.926+0000] {processor.py:753} INFO - DAG(s) dict_keys(['example_skip_dag']) retrieved from /home/airflow/.local/lib/python3.7/site-packages/airflow/example_dags/example_skip_dag.py
[2023-03-21T08:59:52.958+0000] {logging_mixin.py:137} INFO - [2023-03-21T08:59:52.958+0000] {dag.py:2693} INFO - Sync 1 DAGs
[2023-03-21T08:59:52.984+0000] {logging_mixin.py:137} INFO - [2023-03-21T08:59:52.984+0000] {dag.py:3444} INFO - Setting next_dagrun for example_skip_dag to 2023-03-20T08:59:52.984457+00:00, run_after=2023-03-21T08:59:52.984457+00:00
[2023-03-21T08:59:53.008+0000] {processor.py:175} INFO - Processing /home/airflow/.local/lib/python3.7/site-packages/airflow/example_dags/example_skip_dag.py took 0.102 seconds
[2023-03-21T09:00:23.241+0000] {processor.py:153} INFO - Started process (PID=1753) to work on /home/airflow/.local/lib/python3.7/site-packages/airflow/example_dags/example_skip_dag.py
[2023-03-21T09:00:23.242+0000] {processor.py:743} INFO - Processing file /home/airflow/.local/lib/python3.7/site-packages/airflow/example_dags/example_skip_dag.py for tasks to queue
[2023-03-21T09:00:23.243+0000] {logging_mixin.py:137} INFO - [2023-03-21T09:00:23.243+0000] {dagbag.py:532} INFO - Filling up the DagBag from /home/airflow/.local/lib/python3.7/site-packages/airflow/example_dags/example_skip_dag.py
[2023-03-21T09:00:23.257+0000] {processor.py:753} INFO - DAG(s) dict_keys(['example_skip_dag']) retrieved from /home/airflow/.local/lib/python3.7/site-packages/airflow/example_dags/example_skip_dag.py
[2023-03-21T09:00:23.282+0000] {logging_mixin.py:137} INFO - [2023-03-21T09:00:23.281+0000] {dag.py:2693} INFO - Sync 1 DAGs
[2023-03-21T09:00:23.310+0000] {logging_mixin.py:137} INFO - [2023-03-21T09:00:23.310+0000] {dag.py:3444} INFO - Setting next_dagrun for example_skip_dag to 2023-03-20T09:00:23.310239+00:00, run_after=2023-03-21T09:00:23.310239+00:00
[2023-03-21T09:00:23.334+0000] {processor.py:175} INFO - Processing /home/airflow/.local/lib/python3.7/site-packages/airflow/example_dags/example_skip_dag.py took 0.096 seconds
[2023-03-21T09:01:45.497+0000] {processor.py:153} INFO - Started process (PID=234) to work on /home/airflow/.local/lib/python3.7/site-packages/airflow/example_dags/example_skip_dag.py
[2023-03-21T09:01:45.498+0000] {processor.py:743} INFO - Processing file /home/airflow/.local/lib/python3.7/site-packages/airflow/example_dags/example_skip_dag.py for tasks to queue
[2023-03-21T09:01:45.498+0000] {logging_mixin.py:137} INFO - [2023-03-21T09:01:45.498+0000] {dagbag.py:532} INFO - Filling up the DagBag from /home/airflow/.local/lib/python3.7/site-packages/airflow/example_dags/example_skip_dag.py
[2023-03-21T09:01:45.510+0000] {processor.py:753} INFO - DAG(s) dict_keys(['example_skip_dag']) retrieved from /home/airflow/.local/lib/python3.7/site-packages/airflow/example_dags/example_skip_dag.py
[2023-03-21T09:01:45.535+0000] {logging_mixin.py:137} INFO - [2023-03-21T09:01:45.535+0000] {dag.py:2693} INFO - Sync 1 DAGs
[2023-03-21T09:01:45.564+0000] {logging_mixin.py:137} INFO - [2023-03-21T09:01:45.563+0000] {dag.py:3444} INFO - Setting next_dagrun for example_skip_dag to 2023-03-20T09:01:45.563771+00:00, run_after=2023-03-21T09:01:45.563771+00:00
[2023-03-21T09:01:45.585+0000] {processor.py:175} INFO - Processing /home/airflow/.local/lib/python3.7/site-packages/airflow/example_dags/example_skip_dag.py took 0.091 seconds
[2023-03-21T09:02:16.460+0000] {processor.py:153} INFO - Started process (PID=451) to work on /home/airflow/.local/lib/python3.7/site-packages/airflow/example_dags/example_skip_dag.py
[2023-03-21T09:02:16.461+0000] {processor.py:743} INFO - Processing file /home/airflow/.local/lib/python3.7/site-packages/airflow/example_dags/example_skip_dag.py for tasks to queue
[2023-03-21T09:02:16.462+0000] {logging_mixin.py:137} INFO - [2023-03-21T09:02:16.462+0000] {dagbag.py:532} INFO - Filling up the DagBag from /home/airflow/.local/lib/python3.7/site-packages/airflow/example_dags/example_skip_dag.py
[2023-03-21T09:02:16.475+0000] {processor.py:753} INFO - DAG(s) dict_keys(['example_skip_dag']) retrieved from /home/airflow/.local/lib/python3.7/site-packages/airflow/example_dags/example_skip_dag.py
[2023-03-21T09:02:16.505+0000] {logging_mixin.py:137} INFO - [2023-03-21T09:02:16.504+0000] {dag.py:2693} INFO - Sync 1 DAGs
[2023-03-21T09:02:16.537+0000] {logging_mixin.py:137} INFO - [2023-03-21T09:02:16.537+0000] {dag.py:3444} INFO - Setting next_dagrun for example_skip_dag to 2023-03-20T09:02:16.537484+00:00, run_after=2023-03-21T09:02:16.537484+00:00
[2023-03-21T09:02:16.564+0000] {processor.py:175} INFO - Processing /home/airflow/.local/lib/python3.7/site-packages/airflow/example_dags/example_skip_dag.py took 0.106 seconds
[2023-03-21T09:02:47.311+0000] {processor.py:153} INFO - Started process (PID=670) to work on /home/airflow/.local/lib/python3.7/site-packages/airflow/example_dags/example_skip_dag.py
[2023-03-21T09:02:47.311+0000] {processor.py:743} INFO - Processing file /home/airflow/.local/lib/python3.7/site-packages/airflow/example_dags/example_skip_dag.py for tasks to queue
[2023-03-21T09:02:47.312+0000] {logging_mixin.py:137} INFO - [2023-03-21T09:02:47.312+0000] {dagbag.py:532} INFO - Filling up the DagBag from /home/airflow/.local/lib/python3.7/site-packages/airflow/example_dags/example_skip_dag.py
[2023-03-21T09:02:47.325+0000] {processor.py:753} INFO - DAG(s) dict_keys(['example_skip_dag']) retrieved from /home/airflow/.local/lib/python3.7/site-packages/airflow/example_dags/example_skip_dag.py
[2023-03-21T09:02:47.351+0000] {logging_mixin.py:137} INFO - [2023-03-21T09:02:47.350+0000] {dag.py:2693} INFO - Sync 1 DAGs
[2023-03-21T09:02:47.376+0000] {logging_mixin.py:137} INFO - [2023-03-21T09:02:47.376+0000] {dag.py:3444} INFO - Setting next_dagrun for example_skip_dag to 2023-03-20T09:02:47.376540+00:00, run_after=2023-03-21T09:02:47.376540+00:00
[2023-03-21T09:02:47.400+0000] {processor.py:175} INFO - Processing /home/airflow/.local/lib/python3.7/site-packages/airflow/example_dags/example_skip_dag.py took 0.091 seconds
[2023-03-21T09:03:18.141+0000] {processor.py:153} INFO - Started process (PID=887) to work on /home/airflow/.local/lib/python3.7/site-packages/airflow/example_dags/example_skip_dag.py
[2023-03-21T09:03:18.142+0000] {processor.py:743} INFO - Processing file /home/airflow/.local/lib/python3.7/site-packages/airflow/example_dags/example_skip_dag.py for tasks to queue
[2023-03-21T09:03:18.142+0000] {logging_mixin.py:137} INFO - [2023-03-21T09:03:18.142+0000] {dagbag.py:532} INFO - Filling up the DagBag from /home/airflow/.local/lib/python3.7/site-packages/airflow/example_dags/example_skip_dag.py
[2023-03-21T09:03:18.155+0000] {processor.py:753} INFO - DAG(s) dict_keys(['example_skip_dag']) retrieved from /home/airflow/.local/lib/python3.7/site-packages/airflow/example_dags/example_skip_dag.py
[2023-03-21T09:03:18.179+0000] {logging_mixin.py:137} INFO - [2023-03-21T09:03:18.178+0000] {dag.py:2693} INFO - Sync 1 DAGs
[2023-03-21T09:03:18.204+0000] {logging_mixin.py:137} INFO - [2023-03-21T09:03:18.204+0000] {dag.py:3444} INFO - Setting next_dagrun for example_skip_dag to 2023-03-20T09:03:18.204284+00:00, run_after=2023-03-21T09:03:18.204284+00:00
[2023-03-21T09:03:18.231+0000] {processor.py:175} INFO - Processing /home/airflow/.local/lib/python3.7/site-packages/airflow/example_dags/example_skip_dag.py took 0.093 seconds
[2023-03-21T09:03:48.879+0000] {processor.py:153} INFO - Started process (PID=1104) to work on /home/airflow/.local/lib/python3.7/site-packages/airflow/example_dags/example_skip_dag.py
[2023-03-21T09:03:48.879+0000] {processor.py:743} INFO - Processing file /home/airflow/.local/lib/python3.7/site-packages/airflow/example_dags/example_skip_dag.py for tasks to queue
[2023-03-21T09:03:48.880+0000] {logging_mixin.py:137} INFO - [2023-03-21T09:03:48.880+0000] {dagbag.py:532} INFO - Filling up the DagBag from /home/airflow/.local/lib/python3.7/site-packages/airflow/example_dags/example_skip_dag.py
[2023-03-21T09:03:48.891+0000] {processor.py:753} INFO - DAG(s) dict_keys(['example_skip_dag']) retrieved from /home/airflow/.local/lib/python3.7/site-packages/airflow/example_dags/example_skip_dag.py
[2023-03-21T09:03:48.914+0000] {logging_mixin.py:137} INFO - [2023-03-21T09:03:48.914+0000] {dag.py:2693} INFO - Sync 1 DAGs
[2023-03-21T09:03:48.939+0000] {logging_mixin.py:137} INFO - [2023-03-21T09:03:48.939+0000] {dag.py:3444} INFO - Setting next_dagrun for example_skip_dag to 2023-03-20T09:03:48.938876+00:00, run_after=2023-03-21T09:03:48.938876+00:00
[2023-03-21T09:03:48.961+0000] {processor.py:175} INFO - Processing /home/airflow/.local/lib/python3.7/site-packages/airflow/example_dags/example_skip_dag.py took 0.084 seconds
[2023-03-21T09:04:19.523+0000] {processor.py:153} INFO - Started process (PID=1321) to work on /home/airflow/.local/lib/python3.7/site-packages/airflow/example_dags/example_skip_dag.py
[2023-03-21T09:04:19.524+0000] {processor.py:743} INFO - Processing file /home/airflow/.local/lib/python3.7/site-packages/airflow/example_dags/example_skip_dag.py for tasks to queue
[2023-03-21T09:04:19.524+0000] {logging_mixin.py:137} INFO - [2023-03-21T09:04:19.524+0000] {dagbag.py:532} INFO - Filling up the DagBag from /home/airflow/.local/lib/python3.7/site-packages/airflow/example_dags/example_skip_dag.py
[2023-03-21T09:04:19.536+0000] {processor.py:753} INFO - DAG(s) dict_keys(['example_skip_dag']) retrieved from /home/airflow/.local/lib/python3.7/site-packages/airflow/example_dags/example_skip_dag.py
[2023-03-21T09:04:19.560+0000] {logging_mixin.py:137} INFO - [2023-03-21T09:04:19.560+0000] {dag.py:2693} INFO - Sync 1 DAGs
[2023-03-21T09:04:19.588+0000] {logging_mixin.py:137} INFO - [2023-03-21T09:04:19.588+0000] {dag.py:3444} INFO - Setting next_dagrun for example_skip_dag to 2023-03-20T09:04:19.588249+00:00, run_after=2023-03-21T09:04:19.588249+00:00
[2023-03-21T09:04:19.612+0000] {processor.py:175} INFO - Processing /home/airflow/.local/lib/python3.7/site-packages/airflow/example_dags/example_skip_dag.py took 0.092 seconds
[2023-03-21T09:04:50.328+0000] {processor.py:153} INFO - Started process (PID=1537) to work on /home/airflow/.local/lib/python3.7/site-packages/airflow/example_dags/example_skip_dag.py
[2023-03-21T09:04:50.328+0000] {processor.py:743} INFO - Processing file /home/airflow/.local/lib/python3.7/site-packages/airflow/example_dags/example_skip_dag.py for tasks to queue
[2023-03-21T09:04:50.329+0000] {logging_mixin.py:137} INFO - [2023-03-21T09:04:50.329+0000] {dagbag.py:532} INFO - Filling up the DagBag from /home/airflow/.local/lib/python3.7/site-packages/airflow/example_dags/example_skip_dag.py
[2023-03-21T09:04:50.341+0000] {processor.py:753} INFO - DAG(s) dict_keys(['example_skip_dag']) retrieved from /home/airflow/.local/lib/python3.7/site-packages/airflow/example_dags/example_skip_dag.py
[2023-03-21T09:04:50.366+0000] {logging_mixin.py:137} INFO - [2023-03-21T09:04:50.366+0000] {dag.py:2693} INFO - Sync 1 DAGs
[2023-03-21T09:04:50.393+0000] {logging_mixin.py:137} INFO - [2023-03-21T09:04:50.393+0000] {dag.py:3444} INFO - Setting next_dagrun for example_skip_dag to 2023-03-20T09:04:50.393341+00:00, run_after=2023-03-21T09:04:50.393341+00:00
[2023-03-21T09:04:50.419+0000] {processor.py:175} INFO - Processing /home/airflow/.local/lib/python3.7/site-packages/airflow/example_dags/example_skip_dag.py took 0.094 seconds
