[2023-03-21T08:56:47.467+0000] {processor.py:153} INFO - Started process (PID=319) to work on /home/airflow/.local/lib/python3.7/site-packages/airflow/example_dags/example_branch_python_dop_operator_3.py
[2023-03-21T08:56:47.467+0000] {processor.py:743} INFO - Processing file /home/airflow/.local/lib/python3.7/site-packages/airflow/example_dags/example_branch_python_dop_operator_3.py for tasks to queue
[2023-03-21T08:56:47.468+0000] {logging_mixin.py:137} INFO - [2023-03-21T08:56:47.468+0000] {dagbag.py:532} INFO - Filling up the DagBag from /home/airflow/.local/lib/python3.7/site-packages/airflow/example_dags/example_branch_python_dop_operator_3.py
[2023-03-21T08:56:47.492+0000] {processor.py:753} INFO - DAG(s) dict_keys(['example_branch_dop_operator_v3']) retrieved from /home/airflow/.local/lib/python3.7/site-packages/airflow/example_dags/example_branch_python_dop_operator_3.py
[2023-03-21T08:56:47.517+0000] {logging_mixin.py:137} INFO - [2023-03-21T08:56:47.517+0000] {dag.py:2693} INFO - Sync 1 DAGs
[2023-03-21T08:56:47.551+0000] {logging_mixin.py:137} INFO - [2023-03-21T08:56:47.550+0000] {dag.py:3444} INFO - Setting next_dagrun for example_branch_dop_operator_v3 to 2023-03-21T08:55:00+00:00, run_after=2023-03-21T08:56:00+00:00
[2023-03-21T08:56:47.573+0000] {processor.py:175} INFO - Processing /home/airflow/.local/lib/python3.7/site-packages/airflow/example_dags/example_branch_python_dop_operator_3.py took 0.109 seconds
[2023-03-21T08:57:18.693+0000] {processor.py:153} INFO - Started process (PID=536) to work on /home/airflow/.local/lib/python3.7/site-packages/airflow/example_dags/example_branch_python_dop_operator_3.py
[2023-03-21T08:57:18.696+0000] {processor.py:743} INFO - Processing file /home/airflow/.local/lib/python3.7/site-packages/airflow/example_dags/example_branch_python_dop_operator_3.py for tasks to queue
[2023-03-21T08:57:18.698+0000] {logging_mixin.py:137} INFO - [2023-03-21T08:57:18.698+0000] {dagbag.py:532} INFO - Filling up the DagBag from /home/airflow/.local/lib/python3.7/site-packages/airflow/example_dags/example_branch_python_dop_operator_3.py
[2023-03-21T08:57:18.735+0000] {processor.py:753} INFO - DAG(s) dict_keys(['example_branch_dop_operator_v3']) retrieved from /home/airflow/.local/lib/python3.7/site-packages/airflow/example_dags/example_branch_python_dop_operator_3.py
[2023-03-21T08:57:18.770+0000] {logging_mixin.py:137} INFO - [2023-03-21T08:57:18.770+0000] {dag.py:2693} INFO - Sync 1 DAGs
[2023-03-21T08:57:18.810+0000] {logging_mixin.py:137} INFO - [2023-03-21T08:57:18.810+0000] {dag.py:3444} INFO - Setting next_dagrun for example_branch_dop_operator_v3 to 2023-03-21T08:56:00+00:00, run_after=2023-03-21T08:57:00+00:00
[2023-03-21T08:57:18.834+0000] {processor.py:175} INFO - Processing /home/airflow/.local/lib/python3.7/site-packages/airflow/example_dags/example_branch_python_dop_operator_3.py took 0.153 seconds
[2023-03-21T08:57:49.814+0000] {processor.py:153} INFO - Started process (PID=753) to work on /home/airflow/.local/lib/python3.7/site-packages/airflow/example_dags/example_branch_python_dop_operator_3.py
[2023-03-21T08:57:49.815+0000] {processor.py:743} INFO - Processing file /home/airflow/.local/lib/python3.7/site-packages/airflow/example_dags/example_branch_python_dop_operator_3.py for tasks to queue
[2023-03-21T08:57:49.816+0000] {logging_mixin.py:137} INFO - [2023-03-21T08:57:49.816+0000] {dagbag.py:532} INFO - Filling up the DagBag from /home/airflow/.local/lib/python3.7/site-packages/airflow/example_dags/example_branch_python_dop_operator_3.py
[2023-03-21T08:57:49.839+0000] {processor.py:753} INFO - DAG(s) dict_keys(['example_branch_dop_operator_v3']) retrieved from /home/airflow/.local/lib/python3.7/site-packages/airflow/example_dags/example_branch_python_dop_operator_3.py
[2023-03-21T08:57:49.865+0000] {logging_mixin.py:137} INFO - [2023-03-21T08:57:49.865+0000] {dag.py:2693} INFO - Sync 1 DAGs
[2023-03-21T08:57:49.902+0000] {logging_mixin.py:137} INFO - [2023-03-21T08:57:49.902+0000] {dag.py:3444} INFO - Setting next_dagrun for example_branch_dop_operator_v3 to 2023-03-21T08:56:00+00:00, run_after=2023-03-21T08:57:00+00:00
[2023-03-21T08:57:49.931+0000] {processor.py:175} INFO - Processing /home/airflow/.local/lib/python3.7/site-packages/airflow/example_dags/example_branch_python_dop_operator_3.py took 0.119 seconds
[2023-03-21T08:58:21.061+0000] {processor.py:153} INFO - Started process (PID=970) to work on /home/airflow/.local/lib/python3.7/site-packages/airflow/example_dags/example_branch_python_dop_operator_3.py
[2023-03-21T08:58:21.062+0000] {processor.py:743} INFO - Processing file /home/airflow/.local/lib/python3.7/site-packages/airflow/example_dags/example_branch_python_dop_operator_3.py for tasks to queue
[2023-03-21T08:58:21.062+0000] {logging_mixin.py:137} INFO - [2023-03-21T08:58:21.062+0000] {dagbag.py:532} INFO - Filling up the DagBag from /home/airflow/.local/lib/python3.7/site-packages/airflow/example_dags/example_branch_python_dop_operator_3.py
[2023-03-21T08:58:21.083+0000] {processor.py:753} INFO - DAG(s) dict_keys(['example_branch_dop_operator_v3']) retrieved from /home/airflow/.local/lib/python3.7/site-packages/airflow/example_dags/example_branch_python_dop_operator_3.py
[2023-03-21T08:58:21.107+0000] {logging_mixin.py:137} INFO - [2023-03-21T08:58:21.107+0000] {dag.py:2693} INFO - Sync 1 DAGs
[2023-03-21T08:58:21.140+0000] {logging_mixin.py:137} INFO - [2023-03-21T08:58:21.140+0000] {dag.py:3444} INFO - Setting next_dagrun for example_branch_dop_operator_v3 to 2023-03-21T08:57:00+00:00, run_after=2023-03-21T08:58:00+00:00
[2023-03-21T08:58:21.165+0000] {processor.py:175} INFO - Processing /home/airflow/.local/lib/python3.7/site-packages/airflow/example_dags/example_branch_python_dop_operator_3.py took 0.106 seconds
[2023-03-21T08:58:52.112+0000] {processor.py:153} INFO - Started process (PID=1187) to work on /home/airflow/.local/lib/python3.7/site-packages/airflow/example_dags/example_branch_python_dop_operator_3.py
[2023-03-21T08:58:52.113+0000] {processor.py:743} INFO - Processing file /home/airflow/.local/lib/python3.7/site-packages/airflow/example_dags/example_branch_python_dop_operator_3.py for tasks to queue
[2023-03-21T08:58:52.114+0000] {logging_mixin.py:137} INFO - [2023-03-21T08:58:52.114+0000] {dagbag.py:532} INFO - Filling up the DagBag from /home/airflow/.local/lib/python3.7/site-packages/airflow/example_dags/example_branch_python_dop_operator_3.py
[2023-03-21T08:58:52.133+0000] {processor.py:753} INFO - DAG(s) dict_keys(['example_branch_dop_operator_v3']) retrieved from /home/airflow/.local/lib/python3.7/site-packages/airflow/example_dags/example_branch_python_dop_operator_3.py
[2023-03-21T08:58:52.157+0000] {logging_mixin.py:137} INFO - [2023-03-21T08:58:52.157+0000] {dag.py:2693} INFO - Sync 1 DAGs
[2023-03-21T08:58:52.189+0000] {logging_mixin.py:137} INFO - [2023-03-21T08:58:52.189+0000] {dag.py:3444} INFO - Setting next_dagrun for example_branch_dop_operator_v3 to 2023-03-21T08:57:00+00:00, run_after=2023-03-21T08:58:00+00:00
[2023-03-21T08:58:52.217+0000] {processor.py:175} INFO - Processing /home/airflow/.local/lib/python3.7/site-packages/airflow/example_dags/example_branch_python_dop_operator_3.py took 0.107 seconds
[2023-03-21T08:59:23.139+0000] {processor.py:153} INFO - Started process (PID=1406) to work on /home/airflow/.local/lib/python3.7/site-packages/airflow/example_dags/example_branch_python_dop_operator_3.py
[2023-03-21T08:59:23.140+0000] {processor.py:743} INFO - Processing file /home/airflow/.local/lib/python3.7/site-packages/airflow/example_dags/example_branch_python_dop_operator_3.py for tasks to queue
[2023-03-21T08:59:23.140+0000] {logging_mixin.py:137} INFO - [2023-03-21T08:59:23.140+0000] {dagbag.py:532} INFO - Filling up the DagBag from /home/airflow/.local/lib/python3.7/site-packages/airflow/example_dags/example_branch_python_dop_operator_3.py
[2023-03-21T08:59:23.161+0000] {processor.py:753} INFO - DAG(s) dict_keys(['example_branch_dop_operator_v3']) retrieved from /home/airflow/.local/lib/python3.7/site-packages/airflow/example_dags/example_branch_python_dop_operator_3.py
[2023-03-21T08:59:23.186+0000] {logging_mixin.py:137} INFO - [2023-03-21T08:59:23.185+0000] {dag.py:2693} INFO - Sync 1 DAGs
[2023-03-21T08:59:23.226+0000] {logging_mixin.py:137} INFO - [2023-03-21T08:59:23.226+0000] {dag.py:3444} INFO - Setting next_dagrun for example_branch_dop_operator_v3 to 2023-03-21T08:58:00+00:00, run_after=2023-03-21T08:59:00+00:00
[2023-03-21T08:59:23.263+0000] {processor.py:175} INFO - Processing /home/airflow/.local/lib/python3.7/site-packages/airflow/example_dags/example_branch_python_dop_operator_3.py took 0.126 seconds
[2023-03-21T08:59:54.347+0000] {processor.py:153} INFO - Started process (PID=1621) to work on /home/airflow/.local/lib/python3.7/site-packages/airflow/example_dags/example_branch_python_dop_operator_3.py
[2023-03-21T08:59:54.348+0000] {processor.py:743} INFO - Processing file /home/airflow/.local/lib/python3.7/site-packages/airflow/example_dags/example_branch_python_dop_operator_3.py for tasks to queue
[2023-03-21T08:59:54.349+0000] {logging_mixin.py:137} INFO - [2023-03-21T08:59:54.349+0000] {dagbag.py:532} INFO - Filling up the DagBag from /home/airflow/.local/lib/python3.7/site-packages/airflow/example_dags/example_branch_python_dop_operator_3.py
[2023-03-21T08:59:54.372+0000] {processor.py:753} INFO - DAG(s) dict_keys(['example_branch_dop_operator_v3']) retrieved from /home/airflow/.local/lib/python3.7/site-packages/airflow/example_dags/example_branch_python_dop_operator_3.py
[2023-03-21T08:59:54.408+0000] {logging_mixin.py:137} INFO - [2023-03-21T08:59:54.407+0000] {dag.py:2693} INFO - Sync 1 DAGs
[2023-03-21T08:59:54.445+0000] {logging_mixin.py:137} INFO - [2023-03-21T08:59:54.445+0000] {dag.py:3444} INFO - Setting next_dagrun for example_branch_dop_operator_v3 to 2023-03-21T08:58:00+00:00, run_after=2023-03-21T08:59:00+00:00
[2023-03-21T08:59:54.480+0000] {processor.py:175} INFO - Processing /home/airflow/.local/lib/python3.7/site-packages/airflow/example_dags/example_branch_python_dop_operator_3.py took 0.135 seconds
[2023-03-21T09:00:24.599+0000] {processor.py:153} INFO - Started process (PID=1838) to work on /home/airflow/.local/lib/python3.7/site-packages/airflow/example_dags/example_branch_python_dop_operator_3.py
[2023-03-21T09:00:24.600+0000] {processor.py:743} INFO - Processing file /home/airflow/.local/lib/python3.7/site-packages/airflow/example_dags/example_branch_python_dop_operator_3.py for tasks to queue
[2023-03-21T09:00:24.600+0000] {logging_mixin.py:137} INFO - [2023-03-21T09:00:24.600+0000] {dagbag.py:532} INFO - Filling up the DagBag from /home/airflow/.local/lib/python3.7/site-packages/airflow/example_dags/example_branch_python_dop_operator_3.py
[2023-03-21T09:00:24.623+0000] {processor.py:753} INFO - DAG(s) dict_keys(['example_branch_dop_operator_v3']) retrieved from /home/airflow/.local/lib/python3.7/site-packages/airflow/example_dags/example_branch_python_dop_operator_3.py
[2023-03-21T09:00:24.650+0000] {logging_mixin.py:137} INFO - [2023-03-21T09:00:24.650+0000] {dag.py:2693} INFO - Sync 1 DAGs
[2023-03-21T09:00:24.684+0000] {logging_mixin.py:137} INFO - [2023-03-21T09:00:24.684+0000] {dag.py:3444} INFO - Setting next_dagrun for example_branch_dop_operator_v3 to 2023-03-21T08:59:00+00:00, run_after=2023-03-21T09:00:00+00:00
[2023-03-21T09:00:24.716+0000] {processor.py:175} INFO - Processing /home/airflow/.local/lib/python3.7/site-packages/airflow/example_dags/example_branch_python_dop_operator_3.py took 0.119 seconds
[2023-03-21T09:01:46.649+0000] {processor.py:153} INFO - Started process (PID=319) to work on /home/airflow/.local/lib/python3.7/site-packages/airflow/example_dags/example_branch_python_dop_operator_3.py
[2023-03-21T09:01:46.650+0000] {processor.py:743} INFO - Processing file /home/airflow/.local/lib/python3.7/site-packages/airflow/example_dags/example_branch_python_dop_operator_3.py for tasks to queue
[2023-03-21T09:01:46.651+0000] {logging_mixin.py:137} INFO - [2023-03-21T09:01:46.651+0000] {dagbag.py:532} INFO - Filling up the DagBag from /home/airflow/.local/lib/python3.7/site-packages/airflow/example_dags/example_branch_python_dop_operator_3.py
[2023-03-21T09:01:46.674+0000] {processor.py:753} INFO - DAG(s) dict_keys(['example_branch_dop_operator_v3']) retrieved from /home/airflow/.local/lib/python3.7/site-packages/airflow/example_dags/example_branch_python_dop_operator_3.py
[2023-03-21T09:01:46.700+0000] {logging_mixin.py:137} INFO - [2023-03-21T09:01:46.700+0000] {dag.py:2693} INFO - Sync 1 DAGs
[2023-03-21T09:01:46.733+0000] {logging_mixin.py:137} INFO - [2023-03-21T09:01:46.733+0000] {dag.py:3444} INFO - Setting next_dagrun for example_branch_dop_operator_v3 to 2023-03-21T09:00:00+00:00, run_after=2023-03-21T09:01:00+00:00
[2023-03-21T09:01:46.758+0000] {processor.py:175} INFO - Processing /home/airflow/.local/lib/python3.7/site-packages/airflow/example_dags/example_branch_python_dop_operator_3.py took 0.111 seconds
[2023-03-21T09:02:17.498+0000] {processor.py:153} INFO - Started process (PID=536) to work on /home/airflow/.local/lib/python3.7/site-packages/airflow/example_dags/example_branch_python_dop_operator_3.py
[2023-03-21T09:02:17.499+0000] {processor.py:743} INFO - Processing file /home/airflow/.local/lib/python3.7/site-packages/airflow/example_dags/example_branch_python_dop_operator_3.py for tasks to queue
[2023-03-21T09:02:17.499+0000] {logging_mixin.py:137} INFO - [2023-03-21T09:02:17.499+0000] {dagbag.py:532} INFO - Filling up the DagBag from /home/airflow/.local/lib/python3.7/site-packages/airflow/example_dags/example_branch_python_dop_operator_3.py
[2023-03-21T09:02:17.523+0000] {processor.py:753} INFO - DAG(s) dict_keys(['example_branch_dop_operator_v3']) retrieved from /home/airflow/.local/lib/python3.7/site-packages/airflow/example_dags/example_branch_python_dop_operator_3.py
[2023-03-21T09:02:17.546+0000] {logging_mixin.py:137} INFO - [2023-03-21T09:02:17.546+0000] {dag.py:2693} INFO - Sync 1 DAGs
[2023-03-21T09:02:17.578+0000] {logging_mixin.py:137} INFO - [2023-03-21T09:02:17.578+0000] {dag.py:3444} INFO - Setting next_dagrun for example_branch_dop_operator_v3 to 2023-03-21T09:01:00+00:00, run_after=2023-03-21T09:02:00+00:00
[2023-03-21T09:02:17.601+0000] {processor.py:175} INFO - Processing /home/airflow/.local/lib/python3.7/site-packages/airflow/example_dags/example_branch_python_dop_operator_3.py took 0.105 seconds
[2023-03-21T09:02:48.320+0000] {processor.py:153} INFO - Started process (PID=753) to work on /home/airflow/.local/lib/python3.7/site-packages/airflow/example_dags/example_branch_python_dop_operator_3.py
[2023-03-21T09:02:48.321+0000] {processor.py:743} INFO - Processing file /home/airflow/.local/lib/python3.7/site-packages/airflow/example_dags/example_branch_python_dop_operator_3.py for tasks to queue
[2023-03-21T09:02:48.321+0000] {logging_mixin.py:137} INFO - [2023-03-21T09:02:48.321+0000] {dagbag.py:532} INFO - Filling up the DagBag from /home/airflow/.local/lib/python3.7/site-packages/airflow/example_dags/example_branch_python_dop_operator_3.py
[2023-03-21T09:02:48.344+0000] {processor.py:753} INFO - DAG(s) dict_keys(['example_branch_dop_operator_v3']) retrieved from /home/airflow/.local/lib/python3.7/site-packages/airflow/example_dags/example_branch_python_dop_operator_3.py
[2023-03-21T09:02:48.370+0000] {logging_mixin.py:137} INFO - [2023-03-21T09:02:48.369+0000] {dag.py:2693} INFO - Sync 1 DAGs
[2023-03-21T09:02:48.404+0000] {logging_mixin.py:137} INFO - [2023-03-21T09:02:48.403+0000] {dag.py:3444} INFO - Setting next_dagrun for example_branch_dop_operator_v3 to 2023-03-21T09:01:00+00:00, run_after=2023-03-21T09:02:00+00:00
[2023-03-21T09:02:48.431+0000] {processor.py:175} INFO - Processing /home/airflow/.local/lib/python3.7/site-packages/airflow/example_dags/example_branch_python_dop_operator_3.py took 0.113 seconds
[2023-03-21T09:03:19.126+0000] {processor.py:153} INFO - Started process (PID=970) to work on /home/airflow/.local/lib/python3.7/site-packages/airflow/example_dags/example_branch_python_dop_operator_3.py
[2023-03-21T09:03:19.126+0000] {processor.py:743} INFO - Processing file /home/airflow/.local/lib/python3.7/site-packages/airflow/example_dags/example_branch_python_dop_operator_3.py for tasks to queue
[2023-03-21T09:03:19.127+0000] {logging_mixin.py:137} INFO - [2023-03-21T09:03:19.127+0000] {dagbag.py:532} INFO - Filling up the DagBag from /home/airflow/.local/lib/python3.7/site-packages/airflow/example_dags/example_branch_python_dop_operator_3.py
[2023-03-21T09:03:19.148+0000] {processor.py:753} INFO - DAG(s) dict_keys(['example_branch_dop_operator_v3']) retrieved from /home/airflow/.local/lib/python3.7/site-packages/airflow/example_dags/example_branch_python_dop_operator_3.py
[2023-03-21T09:03:19.173+0000] {logging_mixin.py:137} INFO - [2023-03-21T09:03:19.173+0000] {dag.py:2693} INFO - Sync 1 DAGs
[2023-03-21T09:03:19.203+0000] {logging_mixin.py:137} INFO - [2023-03-21T09:03:19.203+0000] {dag.py:3444} INFO - Setting next_dagrun for example_branch_dop_operator_v3 to 2023-03-21T09:02:00+00:00, run_after=2023-03-21T09:03:00+00:00
[2023-03-21T09:03:19.227+0000] {processor.py:175} INFO - Processing /home/airflow/.local/lib/python3.7/site-packages/airflow/example_dags/example_branch_python_dop_operator_3.py took 0.104 seconds
[2023-03-21T09:03:49.861+0000] {processor.py:153} INFO - Started process (PID=1187) to work on /home/airflow/.local/lib/python3.7/site-packages/airflow/example_dags/example_branch_python_dop_operator_3.py
[2023-03-21T09:03:49.862+0000] {processor.py:743} INFO - Processing file /home/airflow/.local/lib/python3.7/site-packages/airflow/example_dags/example_branch_python_dop_operator_3.py for tasks to queue
[2023-03-21T09:03:49.863+0000] {logging_mixin.py:137} INFO - [2023-03-21T09:03:49.863+0000] {dagbag.py:532} INFO - Filling up the DagBag from /home/airflow/.local/lib/python3.7/site-packages/airflow/example_dags/example_branch_python_dop_operator_3.py
[2023-03-21T09:03:49.887+0000] {processor.py:753} INFO - DAG(s) dict_keys(['example_branch_dop_operator_v3']) retrieved from /home/airflow/.local/lib/python3.7/site-packages/airflow/example_dags/example_branch_python_dop_operator_3.py
[2023-03-21T09:03:49.914+0000] {logging_mixin.py:137} INFO - [2023-03-21T09:03:49.914+0000] {dag.py:2693} INFO - Sync 1 DAGs
[2023-03-21T09:03:49.948+0000] {logging_mixin.py:137} INFO - [2023-03-21T09:03:49.947+0000] {dag.py:3444} INFO - Setting next_dagrun for example_branch_dop_operator_v3 to 2023-03-21T09:02:00+00:00, run_after=2023-03-21T09:03:00+00:00
[2023-03-21T09:03:49.970+0000] {processor.py:175} INFO - Processing /home/airflow/.local/lib/python3.7/site-packages/airflow/example_dags/example_branch_python_dop_operator_3.py took 0.111 seconds
[2023-03-21T09:04:20.520+0000] {processor.py:153} INFO - Started process (PID=1404) to work on /home/airflow/.local/lib/python3.7/site-packages/airflow/example_dags/example_branch_python_dop_operator_3.py
[2023-03-21T09:04:20.520+0000] {processor.py:743} INFO - Processing file /home/airflow/.local/lib/python3.7/site-packages/airflow/example_dags/example_branch_python_dop_operator_3.py for tasks to queue
[2023-03-21T09:04:20.521+0000] {logging_mixin.py:137} INFO - [2023-03-21T09:04:20.521+0000] {dagbag.py:532} INFO - Filling up the DagBag from /home/airflow/.local/lib/python3.7/site-packages/airflow/example_dags/example_branch_python_dop_operator_3.py
[2023-03-21T09:04:20.543+0000] {processor.py:753} INFO - DAG(s) dict_keys(['example_branch_dop_operator_v3']) retrieved from /home/airflow/.local/lib/python3.7/site-packages/airflow/example_dags/example_branch_python_dop_operator_3.py
[2023-03-21T09:04:20.567+0000] {logging_mixin.py:137} INFO - [2023-03-21T09:04:20.567+0000] {dag.py:2693} INFO - Sync 1 DAGs
[2023-03-21T09:04:20.597+0000] {logging_mixin.py:137} INFO - [2023-03-21T09:04:20.597+0000] {dag.py:3444} INFO - Setting next_dagrun for example_branch_dop_operator_v3 to 2023-03-21T09:03:00+00:00, run_after=2023-03-21T09:04:00+00:00
[2023-03-21T09:04:20.623+0000] {processor.py:175} INFO - Processing /home/airflow/.local/lib/python3.7/site-packages/airflow/example_dags/example_branch_python_dop_operator_3.py took 0.106 seconds
[2023-03-21T09:04:51.337+0000] {processor.py:153} INFO - Started process (PID=1621) to work on /home/airflow/.local/lib/python3.7/site-packages/airflow/example_dags/example_branch_python_dop_operator_3.py
[2023-03-21T09:04:51.338+0000] {processor.py:743} INFO - Processing file /home/airflow/.local/lib/python3.7/site-packages/airflow/example_dags/example_branch_python_dop_operator_3.py for tasks to queue
[2023-03-21T09:04:51.339+0000] {logging_mixin.py:137} INFO - [2023-03-21T09:04:51.339+0000] {dagbag.py:532} INFO - Filling up the DagBag from /home/airflow/.local/lib/python3.7/site-packages/airflow/example_dags/example_branch_python_dop_operator_3.py
[2023-03-21T09:04:51.361+0000] {processor.py:753} INFO - DAG(s) dict_keys(['example_branch_dop_operator_v3']) retrieved from /home/airflow/.local/lib/python3.7/site-packages/airflow/example_dags/example_branch_python_dop_operator_3.py
[2023-03-21T09:04:51.386+0000] {logging_mixin.py:137} INFO - [2023-03-21T09:04:51.386+0000] {dag.py:2693} INFO - Sync 1 DAGs
[2023-03-21T09:04:51.420+0000] {logging_mixin.py:137} INFO - [2023-03-21T09:04:51.420+0000] {dag.py:3444} INFO - Setting next_dagrun for example_branch_dop_operator_v3 to 2023-03-21T09:03:00+00:00, run_after=2023-03-21T09:04:00+00:00
[2023-03-21T09:04:51.447+0000] {processor.py:175} INFO - Processing /home/airflow/.local/lib/python3.7/site-packages/airflow/example_dags/example_branch_python_dop_operator_3.py took 0.112 seconds
