[2023-03-21T08:56:46.519+0000] {processor.py:153} INFO - Started process (PID=249) to work on /home/airflow/.local/lib/python3.7/site-packages/airflow/example_dags/tutorial.py
[2023-03-21T08:56:46.520+0000] {processor.py:743} INFO - Processing file /home/airflow/.local/lib/python3.7/site-packages/airflow/example_dags/tutorial.py for tasks to queue
[2023-03-21T08:56:46.521+0000] {logging_mixin.py:137} INFO - [2023-03-21T08:56:46.521+0000] {dagbag.py:532} INFO - Filling up the DagBag from /home/airflow/.local/lib/python3.7/site-packages/airflow/example_dags/tutorial.py
[2023-03-21T08:56:46.548+0000] {processor.py:753} INFO - DAG(s) dict_keys(['tutorial']) retrieved from /home/airflow/.local/lib/python3.7/site-packages/airflow/example_dags/tutorial.py
[2023-03-21T08:56:46.582+0000] {logging_mixin.py:137} INFO - [2023-03-21T08:56:46.582+0000] {dag.py:2693} INFO - Sync 1 DAGs
[2023-03-21T08:56:46.627+0000] {logging_mixin.py:137} INFO - [2023-03-21T08:56:46.627+0000] {dag.py:3444} INFO - Setting next_dagrun for tutorial to 2023-03-20T08:56:46.624228+00:00, run_after=2023-03-21T08:56:46.624228+00:00
[2023-03-21T08:56:46.664+0000] {processor.py:175} INFO - Processing /home/airflow/.local/lib/python3.7/site-packages/airflow/example_dags/tutorial.py took 0.147 seconds
[2023-03-21T08:57:17.732+0000] {processor.py:153} INFO - Started process (PID=466) to work on /home/airflow/.local/lib/python3.7/site-packages/airflow/example_dags/tutorial.py
[2023-03-21T08:57:17.733+0000] {processor.py:743} INFO - Processing file /home/airflow/.local/lib/python3.7/site-packages/airflow/example_dags/tutorial.py for tasks to queue
[2023-03-21T08:57:17.734+0000] {logging_mixin.py:137} INFO - [2023-03-21T08:57:17.734+0000] {dagbag.py:532} INFO - Filling up the DagBag from /home/airflow/.local/lib/python3.7/site-packages/airflow/example_dags/tutorial.py
[2023-03-21T08:57:17.749+0000] {processor.py:753} INFO - DAG(s) dict_keys(['tutorial']) retrieved from /home/airflow/.local/lib/python3.7/site-packages/airflow/example_dags/tutorial.py
[2023-03-21T08:57:17.778+0000] {logging_mixin.py:137} INFO - [2023-03-21T08:57:17.778+0000] {dag.py:2693} INFO - Sync 1 DAGs
[2023-03-21T08:57:17.810+0000] {logging_mixin.py:137} INFO - [2023-03-21T08:57:17.810+0000] {dag.py:3444} INFO - Setting next_dagrun for tutorial to 2023-03-20T08:57:17.809732+00:00, run_after=2023-03-21T08:57:17.809732+00:00
[2023-03-21T08:57:17.837+0000] {processor.py:175} INFO - Processing /home/airflow/.local/lib/python3.7/site-packages/airflow/example_dags/tutorial.py took 0.108 seconds
[2023-03-21T08:57:48.754+0000] {processor.py:153} INFO - Started process (PID=683) to work on /home/airflow/.local/lib/python3.7/site-packages/airflow/example_dags/tutorial.py
[2023-03-21T08:57:48.755+0000] {processor.py:743} INFO - Processing file /home/airflow/.local/lib/python3.7/site-packages/airflow/example_dags/tutorial.py for tasks to queue
[2023-03-21T08:57:48.755+0000] {logging_mixin.py:137} INFO - [2023-03-21T08:57:48.755+0000] {dagbag.py:532} INFO - Filling up the DagBag from /home/airflow/.local/lib/python3.7/site-packages/airflow/example_dags/tutorial.py
[2023-03-21T08:57:48.767+0000] {processor.py:753} INFO - DAG(s) dict_keys(['tutorial']) retrieved from /home/airflow/.local/lib/python3.7/site-packages/airflow/example_dags/tutorial.py
[2023-03-21T08:57:48.792+0000] {logging_mixin.py:137} INFO - [2023-03-21T08:57:48.792+0000] {dag.py:2693} INFO - Sync 1 DAGs
[2023-03-21T08:57:48.857+0000] {logging_mixin.py:137} INFO - [2023-03-21T08:57:48.856+0000] {dag.py:3444} INFO - Setting next_dagrun for tutorial to 2023-03-20T08:57:48.856178+00:00, run_after=2023-03-21T08:57:48.856178+00:00
[2023-03-21T08:57:48.899+0000] {processor.py:175} INFO - Processing /home/airflow/.local/lib/python3.7/site-packages/airflow/example_dags/tutorial.py took 0.147 seconds
[2023-03-21T08:58:19.944+0000] {processor.py:153} INFO - Started process (PID=900) to work on /home/airflow/.local/lib/python3.7/site-packages/airflow/example_dags/tutorial.py
[2023-03-21T08:58:19.945+0000] {processor.py:743} INFO - Processing file /home/airflow/.local/lib/python3.7/site-packages/airflow/example_dags/tutorial.py for tasks to queue
[2023-03-21T08:58:19.946+0000] {logging_mixin.py:137} INFO - [2023-03-21T08:58:19.946+0000] {dagbag.py:532} INFO - Filling up the DagBag from /home/airflow/.local/lib/python3.7/site-packages/airflow/example_dags/tutorial.py
[2023-03-21T08:58:19.960+0000] {processor.py:753} INFO - DAG(s) dict_keys(['tutorial']) retrieved from /home/airflow/.local/lib/python3.7/site-packages/airflow/example_dags/tutorial.py
[2023-03-21T08:58:19.998+0000] {logging_mixin.py:137} INFO - [2023-03-21T08:58:19.998+0000] {dag.py:2693} INFO - Sync 1 DAGs
[2023-03-21T08:58:20.023+0000] {logging_mixin.py:137} INFO - [2023-03-21T08:58:20.023+0000] {dag.py:3444} INFO - Setting next_dagrun for tutorial to 2023-03-20T08:58:20.022960+00:00, run_after=2023-03-21T08:58:20.022960+00:00
[2023-03-21T08:58:20.047+0000] {processor.py:175} INFO - Processing /home/airflow/.local/lib/python3.7/site-packages/airflow/example_dags/tutorial.py took 0.108 seconds
[2023-03-21T08:58:51.152+0000] {processor.py:153} INFO - Started process (PID=1117) to work on /home/airflow/.local/lib/python3.7/site-packages/airflow/example_dags/tutorial.py
[2023-03-21T08:58:51.153+0000] {processor.py:743} INFO - Processing file /home/airflow/.local/lib/python3.7/site-packages/airflow/example_dags/tutorial.py for tasks to queue
[2023-03-21T08:58:51.153+0000] {logging_mixin.py:137} INFO - [2023-03-21T08:58:51.153+0000] {dagbag.py:532} INFO - Filling up the DagBag from /home/airflow/.local/lib/python3.7/site-packages/airflow/example_dags/tutorial.py
[2023-03-21T08:58:51.174+0000] {processor.py:753} INFO - DAG(s) dict_keys(['tutorial']) retrieved from /home/airflow/.local/lib/python3.7/site-packages/airflow/example_dags/tutorial.py
[2023-03-21T08:58:51.204+0000] {logging_mixin.py:137} INFO - [2023-03-21T08:58:51.204+0000] {dag.py:2693} INFO - Sync 1 DAGs
[2023-03-21T08:58:51.234+0000] {logging_mixin.py:137} INFO - [2023-03-21T08:58:51.234+0000] {dag.py:3444} INFO - Setting next_dagrun for tutorial to 2023-03-20T08:58:51.234161+00:00, run_after=2023-03-21T08:58:51.234161+00:00
[2023-03-21T08:58:51.258+0000] {processor.py:175} INFO - Processing /home/airflow/.local/lib/python3.7/site-packages/airflow/example_dags/tutorial.py took 0.108 seconds
[2023-03-21T08:59:22.084+0000] {processor.py:153} INFO - Started process (PID=1334) to work on /home/airflow/.local/lib/python3.7/site-packages/airflow/example_dags/tutorial.py
[2023-03-21T08:59:22.085+0000] {processor.py:743} INFO - Processing file /home/airflow/.local/lib/python3.7/site-packages/airflow/example_dags/tutorial.py for tasks to queue
[2023-03-21T08:59:22.085+0000] {logging_mixin.py:137} INFO - [2023-03-21T08:59:22.085+0000] {dagbag.py:532} INFO - Filling up the DagBag from /home/airflow/.local/lib/python3.7/site-packages/airflow/example_dags/tutorial.py
[2023-03-21T08:59:22.098+0000] {processor.py:753} INFO - DAG(s) dict_keys(['tutorial']) retrieved from /home/airflow/.local/lib/python3.7/site-packages/airflow/example_dags/tutorial.py
[2023-03-21T08:59:22.123+0000] {logging_mixin.py:137} INFO - [2023-03-21T08:59:22.123+0000] {dag.py:2693} INFO - Sync 1 DAGs
[2023-03-21T08:59:22.157+0000] {logging_mixin.py:137} INFO - [2023-03-21T08:59:22.156+0000] {dag.py:3444} INFO - Setting next_dagrun for tutorial to 2023-03-20T08:59:22.156337+00:00, run_after=2023-03-21T08:59:22.156337+00:00
[2023-03-21T08:59:22.182+0000] {processor.py:175} INFO - Processing /home/airflow/.local/lib/python3.7/site-packages/airflow/example_dags/tutorial.py took 0.100 seconds
[2023-03-21T08:59:53.164+0000] {processor.py:153} INFO - Started process (PID=1551) to work on /home/airflow/.local/lib/python3.7/site-packages/airflow/example_dags/tutorial.py
[2023-03-21T08:59:53.165+0000] {processor.py:743} INFO - Processing file /home/airflow/.local/lib/python3.7/site-packages/airflow/example_dags/tutorial.py for tasks to queue
[2023-03-21T08:59:53.166+0000] {logging_mixin.py:137} INFO - [2023-03-21T08:59:53.166+0000] {dagbag.py:532} INFO - Filling up the DagBag from /home/airflow/.local/lib/python3.7/site-packages/airflow/example_dags/tutorial.py
[2023-03-21T08:59:53.186+0000] {processor.py:753} INFO - DAG(s) dict_keys(['tutorial']) retrieved from /home/airflow/.local/lib/python3.7/site-packages/airflow/example_dags/tutorial.py
[2023-03-21T08:59:53.240+0000] {logging_mixin.py:137} INFO - [2023-03-21T08:59:53.240+0000] {dag.py:2693} INFO - Sync 1 DAGs
[2023-03-21T08:59:53.297+0000] {logging_mixin.py:137} INFO - [2023-03-21T08:59:53.297+0000] {dag.py:3444} INFO - Setting next_dagrun for tutorial to 2023-03-20T08:59:53.297344+00:00, run_after=2023-03-21T08:59:53.297344+00:00
[2023-03-21T08:59:53.334+0000] {processor.py:175} INFO - Processing /home/airflow/.local/lib/python3.7/site-packages/airflow/example_dags/tutorial.py took 0.174 seconds
[2023-03-21T09:00:23.382+0000] {processor.py:153} INFO - Started process (PID=1768) to work on /home/airflow/.local/lib/python3.7/site-packages/airflow/example_dags/tutorial.py
[2023-03-21T09:00:23.383+0000] {processor.py:743} INFO - Processing file /home/airflow/.local/lib/python3.7/site-packages/airflow/example_dags/tutorial.py for tasks to queue
[2023-03-21T09:00:23.384+0000] {logging_mixin.py:137} INFO - [2023-03-21T09:00:23.384+0000] {dagbag.py:532} INFO - Filling up the DagBag from /home/airflow/.local/lib/python3.7/site-packages/airflow/example_dags/tutorial.py
[2023-03-21T09:00:23.394+0000] {processor.py:753} INFO - DAG(s) dict_keys(['tutorial']) retrieved from /home/airflow/.local/lib/python3.7/site-packages/airflow/example_dags/tutorial.py
[2023-03-21T09:00:23.419+0000] {logging_mixin.py:137} INFO - [2023-03-21T09:00:23.419+0000] {dag.py:2693} INFO - Sync 1 DAGs
[2023-03-21T09:00:23.444+0000] {logging_mixin.py:137} INFO - [2023-03-21T09:00:23.444+0000] {dag.py:3444} INFO - Setting next_dagrun for tutorial to 2023-03-20T09:00:23.444544+00:00, run_after=2023-03-21T09:00:23.444544+00:00
[2023-03-21T09:00:23.473+0000] {processor.py:175} INFO - Processing /home/airflow/.local/lib/python3.7/site-packages/airflow/example_dags/tutorial.py took 0.094 seconds
[2023-03-21T09:01:45.685+0000] {processor.py:153} INFO - Started process (PID=249) to work on /home/airflow/.local/lib/python3.7/site-packages/airflow/example_dags/tutorial.py
[2023-03-21T09:01:45.686+0000] {processor.py:743} INFO - Processing file /home/airflow/.local/lib/python3.7/site-packages/airflow/example_dags/tutorial.py for tasks to queue
[2023-03-21T09:01:45.686+0000] {logging_mixin.py:137} INFO - [2023-03-21T09:01:45.686+0000] {dagbag.py:532} INFO - Filling up the DagBag from /home/airflow/.local/lib/python3.7/site-packages/airflow/example_dags/tutorial.py
[2023-03-21T09:01:45.698+0000] {processor.py:753} INFO - DAG(s) dict_keys(['tutorial']) retrieved from /home/airflow/.local/lib/python3.7/site-packages/airflow/example_dags/tutorial.py
[2023-03-21T09:01:45.723+0000] {logging_mixin.py:137} INFO - [2023-03-21T09:01:45.723+0000] {dag.py:2693} INFO - Sync 1 DAGs
[2023-03-21T09:01:45.750+0000] {logging_mixin.py:137} INFO - [2023-03-21T09:01:45.749+0000] {dag.py:3444} INFO - Setting next_dagrun for tutorial to 2023-03-20T09:01:45.749777+00:00, run_after=2023-03-21T09:01:45.749777+00:00
[2023-03-21T09:01:45.774+0000] {processor.py:175} INFO - Processing /home/airflow/.local/lib/python3.7/site-packages/airflow/example_dags/tutorial.py took 0.093 seconds
[2023-03-21T09:02:16.663+0000] {processor.py:153} INFO - Started process (PID=466) to work on /home/airflow/.local/lib/python3.7/site-packages/airflow/example_dags/tutorial.py
[2023-03-21T09:02:16.664+0000] {processor.py:743} INFO - Processing file /home/airflow/.local/lib/python3.7/site-packages/airflow/example_dags/tutorial.py for tasks to queue
[2023-03-21T09:02:16.665+0000] {logging_mixin.py:137} INFO - [2023-03-21T09:02:16.665+0000] {dagbag.py:532} INFO - Filling up the DagBag from /home/airflow/.local/lib/python3.7/site-packages/airflow/example_dags/tutorial.py
[2023-03-21T09:02:16.678+0000] {processor.py:753} INFO - DAG(s) dict_keys(['tutorial']) retrieved from /home/airflow/.local/lib/python3.7/site-packages/airflow/example_dags/tutorial.py
[2023-03-21T09:02:16.704+0000] {logging_mixin.py:137} INFO - [2023-03-21T09:02:16.704+0000] {dag.py:2693} INFO - Sync 1 DAGs
[2023-03-21T09:02:16.732+0000] {logging_mixin.py:137} INFO - [2023-03-21T09:02:16.732+0000] {dag.py:3444} INFO - Setting next_dagrun for tutorial to 2023-03-20T09:02:16.732104+00:00, run_after=2023-03-21T09:02:16.732104+00:00
[2023-03-21T09:02:16.755+0000] {processor.py:175} INFO - Processing /home/airflow/.local/lib/python3.7/site-packages/airflow/example_dags/tutorial.py took 0.095 seconds
[2023-03-21T09:02:47.448+0000] {processor.py:153} INFO - Started process (PID=683) to work on /home/airflow/.local/lib/python3.7/site-packages/airflow/example_dags/tutorial.py
[2023-03-21T09:02:47.448+0000] {processor.py:743} INFO - Processing file /home/airflow/.local/lib/python3.7/site-packages/airflow/example_dags/tutorial.py for tasks to queue
[2023-03-21T09:02:47.449+0000] {logging_mixin.py:137} INFO - [2023-03-21T09:02:47.449+0000] {dagbag.py:532} INFO - Filling up the DagBag from /home/airflow/.local/lib/python3.7/site-packages/airflow/example_dags/tutorial.py
[2023-03-21T09:02:47.461+0000] {processor.py:753} INFO - DAG(s) dict_keys(['tutorial']) retrieved from /home/airflow/.local/lib/python3.7/site-packages/airflow/example_dags/tutorial.py
[2023-03-21T09:02:47.485+0000] {logging_mixin.py:137} INFO - [2023-03-21T09:02:47.485+0000] {dag.py:2693} INFO - Sync 1 DAGs
[2023-03-21T09:02:47.511+0000] {logging_mixin.py:137} INFO - [2023-03-21T09:02:47.511+0000] {dag.py:3444} INFO - Setting next_dagrun for tutorial to 2023-03-20T09:02:47.511187+00:00, run_after=2023-03-21T09:02:47.511187+00:00
[2023-03-21T09:02:47.534+0000] {processor.py:175} INFO - Processing /home/airflow/.local/lib/python3.7/site-packages/airflow/example_dags/tutorial.py took 0.088 seconds
[2023-03-21T09:03:18.275+0000] {processor.py:153} INFO - Started process (PID=900) to work on /home/airflow/.local/lib/python3.7/site-packages/airflow/example_dags/tutorial.py
[2023-03-21T09:03:18.276+0000] {processor.py:743} INFO - Processing file /home/airflow/.local/lib/python3.7/site-packages/airflow/example_dags/tutorial.py for tasks to queue
[2023-03-21T09:03:18.277+0000] {logging_mixin.py:137} INFO - [2023-03-21T09:03:18.277+0000] {dagbag.py:532} INFO - Filling up the DagBag from /home/airflow/.local/lib/python3.7/site-packages/airflow/example_dags/tutorial.py
[2023-03-21T09:03:18.288+0000] {processor.py:753} INFO - DAG(s) dict_keys(['tutorial']) retrieved from /home/airflow/.local/lib/python3.7/site-packages/airflow/example_dags/tutorial.py
[2023-03-21T09:03:18.311+0000] {logging_mixin.py:137} INFO - [2023-03-21T09:03:18.311+0000] {dag.py:2693} INFO - Sync 1 DAGs
[2023-03-21T09:03:18.338+0000] {logging_mixin.py:137} INFO - [2023-03-21T09:03:18.338+0000] {dag.py:3444} INFO - Setting next_dagrun for tutorial to 2023-03-20T09:03:18.337975+00:00, run_after=2023-03-21T09:03:18.337975+00:00
[2023-03-21T09:03:18.362+0000] {processor.py:175} INFO - Processing /home/airflow/.local/lib/python3.7/site-packages/airflow/example_dags/tutorial.py took 0.089 seconds
[2023-03-21T09:03:49.013+0000] {processor.py:153} INFO - Started process (PID=1117) to work on /home/airflow/.local/lib/python3.7/site-packages/airflow/example_dags/tutorial.py
[2023-03-21T09:03:49.013+0000] {processor.py:743} INFO - Processing file /home/airflow/.local/lib/python3.7/site-packages/airflow/example_dags/tutorial.py for tasks to queue
[2023-03-21T09:03:49.014+0000] {logging_mixin.py:137} INFO - [2023-03-21T09:03:49.014+0000] {dagbag.py:532} INFO - Filling up the DagBag from /home/airflow/.local/lib/python3.7/site-packages/airflow/example_dags/tutorial.py
[2023-03-21T09:03:49.025+0000] {processor.py:753} INFO - DAG(s) dict_keys(['tutorial']) retrieved from /home/airflow/.local/lib/python3.7/site-packages/airflow/example_dags/tutorial.py
[2023-03-21T09:03:49.050+0000] {logging_mixin.py:137} INFO - [2023-03-21T09:03:49.050+0000] {dag.py:2693} INFO - Sync 1 DAGs
[2023-03-21T09:03:49.077+0000] {logging_mixin.py:137} INFO - [2023-03-21T09:03:49.077+0000] {dag.py:3444} INFO - Setting next_dagrun for tutorial to 2023-03-20T09:03:49.077385+00:00, run_after=2023-03-21T09:03:49.077385+00:00
[2023-03-21T09:03:49.101+0000] {processor.py:175} INFO - Processing /home/airflow/.local/lib/python3.7/site-packages/airflow/example_dags/tutorial.py took 0.091 seconds
[2023-03-21T09:04:19.665+0000] {processor.py:153} INFO - Started process (PID=1334) to work on /home/airflow/.local/lib/python3.7/site-packages/airflow/example_dags/tutorial.py
[2023-03-21T09:04:19.665+0000] {processor.py:743} INFO - Processing file /home/airflow/.local/lib/python3.7/site-packages/airflow/example_dags/tutorial.py for tasks to queue
[2023-03-21T09:04:19.666+0000] {logging_mixin.py:137} INFO - [2023-03-21T09:04:19.666+0000] {dagbag.py:532} INFO - Filling up the DagBag from /home/airflow/.local/lib/python3.7/site-packages/airflow/example_dags/tutorial.py
[2023-03-21T09:04:19.677+0000] {processor.py:753} INFO - DAG(s) dict_keys(['tutorial']) retrieved from /home/airflow/.local/lib/python3.7/site-packages/airflow/example_dags/tutorial.py
[2023-03-21T09:04:19.702+0000] {logging_mixin.py:137} INFO - [2023-03-21T09:04:19.701+0000] {dag.py:2693} INFO - Sync 1 DAGs
[2023-03-21T09:04:19.727+0000] {logging_mixin.py:137} INFO - [2023-03-21T09:04:19.726+0000] {dag.py:3444} INFO - Setting next_dagrun for tutorial to 2023-03-20T09:04:19.726654+00:00, run_after=2023-03-21T09:04:19.726654+00:00
[2023-03-21T09:04:19.749+0000] {processor.py:175} INFO - Processing /home/airflow/.local/lib/python3.7/site-packages/airflow/example_dags/tutorial.py took 0.087 seconds
[2023-03-21T09:04:50.461+0000] {processor.py:153} INFO - Started process (PID=1551) to work on /home/airflow/.local/lib/python3.7/site-packages/airflow/example_dags/tutorial.py
[2023-03-21T09:04:50.461+0000] {processor.py:743} INFO - Processing file /home/airflow/.local/lib/python3.7/site-packages/airflow/example_dags/tutorial.py for tasks to queue
[2023-03-21T09:04:50.462+0000] {logging_mixin.py:137} INFO - [2023-03-21T09:04:50.462+0000] {dagbag.py:532} INFO - Filling up the DagBag from /home/airflow/.local/lib/python3.7/site-packages/airflow/example_dags/tutorial.py
[2023-03-21T09:04:50.474+0000] {processor.py:753} INFO - DAG(s) dict_keys(['tutorial']) retrieved from /home/airflow/.local/lib/python3.7/site-packages/airflow/example_dags/tutorial.py
[2023-03-21T09:04:50.499+0000] {logging_mixin.py:137} INFO - [2023-03-21T09:04:50.499+0000] {dag.py:2693} INFO - Sync 1 DAGs
[2023-03-21T09:04:50.527+0000] {logging_mixin.py:137} INFO - [2023-03-21T09:04:50.527+0000] {dag.py:3444} INFO - Setting next_dagrun for tutorial to 2023-03-20T09:04:50.526837+00:00, run_after=2023-03-21T09:04:50.526837+00:00
[2023-03-21T09:04:50.550+0000] {processor.py:175} INFO - Processing /home/airflow/.local/lib/python3.7/site-packages/airflow/example_dags/tutorial.py took 0.091 seconds
