[2023-03-21T08:56:48.168+0000] {processor.py:153} INFO - Started process (PID=379) to work on /home/airflow/.local/lib/python3.7/site-packages/airflow/example_dags/plugins/listener_plugin.py
[2023-03-21T08:56:48.169+0000] {processor.py:743} INFO - Processing file /home/airflow/.local/lib/python3.7/site-packages/airflow/example_dags/plugins/listener_plugin.py for tasks to queue
[2023-03-21T08:56:48.169+0000] {logging_mixin.py:137} INFO - [2023-03-21T08:56:48.169+0000] {dagbag.py:532} INFO - Filling up the DagBag from /home/airflow/.local/lib/python3.7/site-packages/airflow/example_dags/plugins/listener_plugin.py
[2023-03-21T08:56:48.171+0000] {processor.py:755} WARNING - No viable dags retrieved from /home/airflow/.local/lib/python3.7/site-packages/airflow/example_dags/plugins/listener_plugin.py
[2023-03-21T08:56:48.185+0000] {processor.py:175} INFO - Processing /home/airflow/.local/lib/python3.7/site-packages/airflow/example_dags/plugins/listener_plugin.py took 0.020 seconds
[2023-03-21T08:57:19.411+0000] {processor.py:153} INFO - Started process (PID=596) to work on /home/airflow/.local/lib/python3.7/site-packages/airflow/example_dags/plugins/listener_plugin.py
[2023-03-21T08:57:19.412+0000] {processor.py:743} INFO - Processing file /home/airflow/.local/lib/python3.7/site-packages/airflow/example_dags/plugins/listener_plugin.py for tasks to queue
[2023-03-21T08:57:19.412+0000] {logging_mixin.py:137} INFO - [2023-03-21T08:57:19.412+0000] {dagbag.py:532} INFO - Filling up the DagBag from /home/airflow/.local/lib/python3.7/site-packages/airflow/example_dags/plugins/listener_plugin.py
[2023-03-21T08:57:19.414+0000] {processor.py:755} WARNING - No viable dags retrieved from /home/airflow/.local/lib/python3.7/site-packages/airflow/example_dags/plugins/listener_plugin.py
[2023-03-21T08:57:19.429+0000] {processor.py:175} INFO - Processing /home/airflow/.local/lib/python3.7/site-packages/airflow/example_dags/plugins/listener_plugin.py took 0.021 seconds
[2023-03-21T08:57:50.551+0000] {processor.py:153} INFO - Started process (PID=813) to work on /home/airflow/.local/lib/python3.7/site-packages/airflow/example_dags/plugins/listener_plugin.py
[2023-03-21T08:57:50.552+0000] {processor.py:743} INFO - Processing file /home/airflow/.local/lib/python3.7/site-packages/airflow/example_dags/plugins/listener_plugin.py for tasks to queue
[2023-03-21T08:57:50.553+0000] {logging_mixin.py:137} INFO - [2023-03-21T08:57:50.553+0000] {dagbag.py:532} INFO - Filling up the DagBag from /home/airflow/.local/lib/python3.7/site-packages/airflow/example_dags/plugins/listener_plugin.py
[2023-03-21T08:57:50.556+0000] {processor.py:755} WARNING - No viable dags retrieved from /home/airflow/.local/lib/python3.7/site-packages/airflow/example_dags/plugins/listener_plugin.py
[2023-03-21T08:57:50.571+0000] {processor.py:175} INFO - Processing /home/airflow/.local/lib/python3.7/site-packages/airflow/example_dags/plugins/listener_plugin.py took 0.024 seconds
[2023-03-21T08:58:21.744+0000] {processor.py:153} INFO - Started process (PID=1032) to work on /home/airflow/.local/lib/python3.7/site-packages/airflow/example_dags/plugins/listener_plugin.py
[2023-03-21T08:58:21.744+0000] {processor.py:743} INFO - Processing file /home/airflow/.local/lib/python3.7/site-packages/airflow/example_dags/plugins/listener_plugin.py for tasks to queue
[2023-03-21T08:58:21.745+0000] {logging_mixin.py:137} INFO - [2023-03-21T08:58:21.745+0000] {dagbag.py:532} INFO - Filling up the DagBag from /home/airflow/.local/lib/python3.7/site-packages/airflow/example_dags/plugins/listener_plugin.py
[2023-03-21T08:58:21.746+0000] {processor.py:755} WARNING - No viable dags retrieved from /home/airflow/.local/lib/python3.7/site-packages/airflow/example_dags/plugins/listener_plugin.py
[2023-03-21T08:58:21.760+0000] {processor.py:175} INFO - Processing /home/airflow/.local/lib/python3.7/site-packages/airflow/example_dags/plugins/listener_plugin.py took 0.018 seconds
[2023-03-21T08:58:52.811+0000] {processor.py:153} INFO - Started process (PID=1247) to work on /home/airflow/.local/lib/python3.7/site-packages/airflow/example_dags/plugins/listener_plugin.py
[2023-03-21T08:58:52.812+0000] {processor.py:743} INFO - Processing file /home/airflow/.local/lib/python3.7/site-packages/airflow/example_dags/plugins/listener_plugin.py for tasks to queue
[2023-03-21T08:58:52.813+0000] {logging_mixin.py:137} INFO - [2023-03-21T08:58:52.812+0000] {dagbag.py:532} INFO - Filling up the DagBag from /home/airflow/.local/lib/python3.7/site-packages/airflow/example_dags/plugins/listener_plugin.py
[2023-03-21T08:58:52.815+0000] {processor.py:755} WARNING - No viable dags retrieved from /home/airflow/.local/lib/python3.7/site-packages/airflow/example_dags/plugins/listener_plugin.py
[2023-03-21T08:58:52.831+0000] {processor.py:175} INFO - Processing /home/airflow/.local/lib/python3.7/site-packages/airflow/example_dags/plugins/listener_plugin.py took 0.025 seconds
[2023-03-21T08:59:23.774+0000] {processor.py:153} INFO - Started process (PID=1466) to work on /home/airflow/.local/lib/python3.7/site-packages/airflow/example_dags/plugins/listener_plugin.py
[2023-03-21T08:59:23.774+0000] {processor.py:743} INFO - Processing file /home/airflow/.local/lib/python3.7/site-packages/airflow/example_dags/plugins/listener_plugin.py for tasks to queue
[2023-03-21T08:59:23.775+0000] {logging_mixin.py:137} INFO - [2023-03-21T08:59:23.775+0000] {dagbag.py:532} INFO - Filling up the DagBag from /home/airflow/.local/lib/python3.7/site-packages/airflow/example_dags/plugins/listener_plugin.py
[2023-03-21T08:59:23.776+0000] {processor.py:755} WARNING - No viable dags retrieved from /home/airflow/.local/lib/python3.7/site-packages/airflow/example_dags/plugins/listener_plugin.py
[2023-03-21T08:59:23.789+0000] {processor.py:175} INFO - Processing /home/airflow/.local/lib/python3.7/site-packages/airflow/example_dags/plugins/listener_plugin.py took 0.018 seconds
[2023-03-21T08:59:55.031+0000] {processor.py:153} INFO - Started process (PID=1681) to work on /home/airflow/.local/lib/python3.7/site-packages/airflow/example_dags/plugins/listener_plugin.py
[2023-03-21T08:59:55.032+0000] {processor.py:743} INFO - Processing file /home/airflow/.local/lib/python3.7/site-packages/airflow/example_dags/plugins/listener_plugin.py for tasks to queue
[2023-03-21T08:59:55.032+0000] {logging_mixin.py:137} INFO - [2023-03-21T08:59:55.032+0000] {dagbag.py:532} INFO - Filling up the DagBag from /home/airflow/.local/lib/python3.7/site-packages/airflow/example_dags/plugins/listener_plugin.py
[2023-03-21T08:59:55.034+0000] {processor.py:755} WARNING - No viable dags retrieved from /home/airflow/.local/lib/python3.7/site-packages/airflow/example_dags/plugins/listener_plugin.py
[2023-03-21T08:59:55.048+0000] {processor.py:175} INFO - Processing /home/airflow/.local/lib/python3.7/site-packages/airflow/example_dags/plugins/listener_plugin.py took 0.019 seconds
[2023-03-21T09:00:25.321+0000] {processor.py:153} INFO - Started process (PID=1898) to work on /home/airflow/.local/lib/python3.7/site-packages/airflow/example_dags/plugins/listener_plugin.py
[2023-03-21T09:00:25.321+0000] {processor.py:743} INFO - Processing file /home/airflow/.local/lib/python3.7/site-packages/airflow/example_dags/plugins/listener_plugin.py for tasks to queue
[2023-03-21T09:00:25.322+0000] {logging_mixin.py:137} INFO - [2023-03-21T09:00:25.321+0000] {dagbag.py:532} INFO - Filling up the DagBag from /home/airflow/.local/lib/python3.7/site-packages/airflow/example_dags/plugins/listener_plugin.py
[2023-03-21T09:00:25.323+0000] {processor.py:755} WARNING - No viable dags retrieved from /home/airflow/.local/lib/python3.7/site-packages/airflow/example_dags/plugins/listener_plugin.py
[2023-03-21T09:00:25.343+0000] {processor.py:175} INFO - Processing /home/airflow/.local/lib/python3.7/site-packages/airflow/example_dags/plugins/listener_plugin.py took 0.025 seconds
[2023-03-21T09:01:47.349+0000] {processor.py:153} INFO - Started process (PID=381) to work on /home/airflow/.local/lib/python3.7/site-packages/airflow/example_dags/plugins/listener_plugin.py
[2023-03-21T09:01:47.350+0000] {processor.py:743} INFO - Processing file /home/airflow/.local/lib/python3.7/site-packages/airflow/example_dags/plugins/listener_plugin.py for tasks to queue
[2023-03-21T09:01:47.351+0000] {logging_mixin.py:137} INFO - [2023-03-21T09:01:47.351+0000] {dagbag.py:532} INFO - Filling up the DagBag from /home/airflow/.local/lib/python3.7/site-packages/airflow/example_dags/plugins/listener_plugin.py
[2023-03-21T09:01:47.353+0000] {processor.py:755} WARNING - No viable dags retrieved from /home/airflow/.local/lib/python3.7/site-packages/airflow/example_dags/plugins/listener_plugin.py
[2023-03-21T09:01:47.366+0000] {processor.py:175} INFO - Processing /home/airflow/.local/lib/python3.7/site-packages/airflow/example_dags/plugins/listener_plugin.py took 0.020 seconds
[2023-03-21T09:02:18.174+0000] {processor.py:153} INFO - Started process (PID=598) to work on /home/airflow/.local/lib/python3.7/site-packages/airflow/example_dags/plugins/listener_plugin.py
[2023-03-21T09:02:18.175+0000] {processor.py:743} INFO - Processing file /home/airflow/.local/lib/python3.7/site-packages/airflow/example_dags/plugins/listener_plugin.py for tasks to queue
[2023-03-21T09:02:18.175+0000] {logging_mixin.py:137} INFO - [2023-03-21T09:02:18.175+0000] {dagbag.py:532} INFO - Filling up the DagBag from /home/airflow/.local/lib/python3.7/site-packages/airflow/example_dags/plugins/listener_plugin.py
[2023-03-21T09:02:18.177+0000] {processor.py:755} WARNING - No viable dags retrieved from /home/airflow/.local/lib/python3.7/site-packages/airflow/example_dags/plugins/listener_plugin.py
[2023-03-21T09:02:18.190+0000] {processor.py:175} INFO - Processing /home/airflow/.local/lib/python3.7/site-packages/airflow/example_dags/plugins/listener_plugin.py took 0.018 seconds
[2023-03-21T09:02:48.986+0000] {processor.py:153} INFO - Started process (PID=813) to work on /home/airflow/.local/lib/python3.7/site-packages/airflow/example_dags/plugins/listener_plugin.py
[2023-03-21T09:02:48.987+0000] {processor.py:743} INFO - Processing file /home/airflow/.local/lib/python3.7/site-packages/airflow/example_dags/plugins/listener_plugin.py for tasks to queue
[2023-03-21T09:02:48.988+0000] {logging_mixin.py:137} INFO - [2023-03-21T09:02:48.987+0000] {dagbag.py:532} INFO - Filling up the DagBag from /home/airflow/.local/lib/python3.7/site-packages/airflow/example_dags/plugins/listener_plugin.py
[2023-03-21T09:02:48.990+0000] {processor.py:755} WARNING - No viable dags retrieved from /home/airflow/.local/lib/python3.7/site-packages/airflow/example_dags/plugins/listener_plugin.py
[2023-03-21T09:02:49.003+0000] {processor.py:175} INFO - Processing /home/airflow/.local/lib/python3.7/site-packages/airflow/example_dags/plugins/listener_plugin.py took 0.020 seconds
[2023-03-21T09:03:19.793+0000] {processor.py:153} INFO - Started process (PID=1030) to work on /home/airflow/.local/lib/python3.7/site-packages/airflow/example_dags/plugins/listener_plugin.py
[2023-03-21T09:03:19.794+0000] {processor.py:743} INFO - Processing file /home/airflow/.local/lib/python3.7/site-packages/airflow/example_dags/plugins/listener_plugin.py for tasks to queue
[2023-03-21T09:03:19.794+0000] {logging_mixin.py:137} INFO - [2023-03-21T09:03:19.794+0000] {dagbag.py:532} INFO - Filling up the DagBag from /home/airflow/.local/lib/python3.7/site-packages/airflow/example_dags/plugins/listener_plugin.py
[2023-03-21T09:03:19.796+0000] {processor.py:755} WARNING - No viable dags retrieved from /home/airflow/.local/lib/python3.7/site-packages/airflow/example_dags/plugins/listener_plugin.py
[2023-03-21T09:03:19.809+0000] {processor.py:175} INFO - Processing /home/airflow/.local/lib/python3.7/site-packages/airflow/example_dags/plugins/listener_plugin.py took 0.019 seconds
[2023-03-21T09:03:50.515+0000] {processor.py:153} INFO - Started process (PID=1247) to work on /home/airflow/.local/lib/python3.7/site-packages/airflow/example_dags/plugins/listener_plugin.py
[2023-03-21T09:03:50.517+0000] {processor.py:743} INFO - Processing file /home/airflow/.local/lib/python3.7/site-packages/airflow/example_dags/plugins/listener_plugin.py for tasks to queue
[2023-03-21T09:03:50.517+0000] {logging_mixin.py:137} INFO - [2023-03-21T09:03:50.517+0000] {dagbag.py:532} INFO - Filling up the DagBag from /home/airflow/.local/lib/python3.7/site-packages/airflow/example_dags/plugins/listener_plugin.py
[2023-03-21T09:03:50.520+0000] {processor.py:755} WARNING - No viable dags retrieved from /home/airflow/.local/lib/python3.7/site-packages/airflow/example_dags/plugins/listener_plugin.py
[2023-03-21T09:03:50.532+0000] {processor.py:175} INFO - Processing /home/airflow/.local/lib/python3.7/site-packages/airflow/example_dags/plugins/listener_plugin.py took 0.019 seconds
[2023-03-21T09:04:21.146+0000] {processor.py:153} INFO - Started process (PID=1464) to work on /home/airflow/.local/lib/python3.7/site-packages/airflow/example_dags/plugins/listener_plugin.py
[2023-03-21T09:04:21.146+0000] {processor.py:743} INFO - Processing file /home/airflow/.local/lib/python3.7/site-packages/airflow/example_dags/plugins/listener_plugin.py for tasks to queue
[2023-03-21T09:04:21.146+0000] {logging_mixin.py:137} INFO - [2023-03-21T09:04:21.146+0000] {dagbag.py:532} INFO - Filling up the DagBag from /home/airflow/.local/lib/python3.7/site-packages/airflow/example_dags/plugins/listener_plugin.py
[2023-03-21T09:04:21.148+0000] {processor.py:755} WARNING - No viable dags retrieved from /home/airflow/.local/lib/python3.7/site-packages/airflow/example_dags/plugins/listener_plugin.py
[2023-03-21T09:04:21.161+0000] {processor.py:175} INFO - Processing /home/airflow/.local/lib/python3.7/site-packages/airflow/example_dags/plugins/listener_plugin.py took 0.018 seconds
[2023-03-21T09:04:52.009+0000] {processor.py:153} INFO - Started process (PID=1683) to work on /home/airflow/.local/lib/python3.7/site-packages/airflow/example_dags/plugins/listener_plugin.py
[2023-03-21T09:04:52.010+0000] {processor.py:743} INFO - Processing file /home/airflow/.local/lib/python3.7/site-packages/airflow/example_dags/plugins/listener_plugin.py for tasks to queue
[2023-03-21T09:04:52.011+0000] {logging_mixin.py:137} INFO - [2023-03-21T09:04:52.010+0000] {dagbag.py:532} INFO - Filling up the DagBag from /home/airflow/.local/lib/python3.7/site-packages/airflow/example_dags/plugins/listener_plugin.py
[2023-03-21T09:04:52.012+0000] {processor.py:755} WARNING - No viable dags retrieved from /home/airflow/.local/lib/python3.7/site-packages/airflow/example_dags/plugins/listener_plugin.py
[2023-03-21T09:04:52.029+0000] {processor.py:175} INFO - Processing /home/airflow/.local/lib/python3.7/site-packages/airflow/example_dags/plugins/listener_plugin.py took 0.022 seconds
